[0.294s] DEBUG:colcon:Command line arguments: ['/usr/bin/colcon', 'build']
[0.294s] DEBUG:colcon:Parsed command line arguments: Namespace(log_base=None, log_level=None, verb_name='build', build_base='build', install_base='install', merge_install=False, symlink_install=False, test_result_base=None, continue_on_error=False, executor='parallel', parallel_workers=6, event_handlers=None, ignore_user_meta=False, metas=['./colcon.meta'], base_paths=['.'], packages_ignore=None, packages_ignore_regex=None, paths=None, packages_up_to=None, packages_up_to_regex=None, packages_above=None, packages_above_and_dependencies=None, packages_above_depth=None, packages_select_by_dep=None, packages_skip_by_dep=None, packages_skip_up_to=None, packages_select_build_failed=False, packages_skip_build_finished=False, packages_select_test_failures=False, packages_skip_test_passed=False, packages_select=None, packages_skip=None, packages_select_regex=None, packages_skip_regex=None, packages_start=None, packages_end=None, cmake_args=None, cmake_target=None, cmake_target_skip_unavailable=False, cmake_clean_cache=False, cmake_clean_first=False, cmake_force_configure=False, ament_cmake_args=None, catkin_cmake_args=None, catkin_skip_building_tests=False, mixin_files=None, mixin=None, verb_parser=<colcon_mixin.mixin.mixin_argument.MixinArgumentDecorator object at 0xffffa1b3caf0>, verb_extension=<colcon_core.verb.build.BuildVerb object at 0xffffa1b3c640>, main=<bound method BuildVerb.main of <colcon_core.verb.build.BuildVerb object at 0xffffa1b3c640>>, mixin_verb=('build',))
[0.683s] Level 1:colcon.colcon_core.package_discovery:discover_packages(colcon_meta) check parameters
[0.684s] Level 1:colcon.colcon_core.package_discovery:discover_packages(recursive) check parameters
[0.684s] Level 1:colcon.colcon_core.package_discovery:discover_packages(ignore) check parameters
[0.684s] Level 1:colcon.colcon_core.package_discovery:discover_packages(path) check parameters
[0.684s] Level 1:colcon.colcon_core.package_discovery:discover_packages(colcon_meta) discover
[0.684s] Level 1:colcon.colcon_core.package_discovery:discover_packages(recursive) discover
[0.684s] INFO:colcon.colcon_core.package_discovery:Crawling recursively for packages in '/home/jetson/ros2_link_ws'
[0.684s] Level 1:colcon.colcon_core.package_identification:_identify(.) by extensions ['ignore', 'ignore_ament_install']
[0.685s] Level 1:colcon.colcon_core.package_identification:_identify(.) by extension 'ignore'
[0.685s] Level 1:colcon.colcon_core.package_identification:_identify(.) by extension 'ignore_ament_install'
[0.685s] Level 1:colcon.colcon_core.package_identification:_identify(.) by extensions ['colcon_pkg']
[0.685s] Level 1:colcon.colcon_core.package_identification:_identify(.) by extension 'colcon_pkg'
[0.685s] Level 1:colcon.colcon_core.package_identification:_identify(.) by extensions ['colcon_meta']
[0.685s] Level 1:colcon.colcon_core.package_identification:_identify(.) by extension 'colcon_meta'
[0.685s] Level 1:colcon.colcon_core.package_identification:_identify(.) by extensions ['ros']
[0.685s] Level 1:colcon.colcon_core.package_identification:_identify(.) by extension 'ros'
[0.715s] Level 1:colcon.colcon_core.package_identification:_identify(.) by extensions ['cmake', 'python']
[0.715s] Level 1:colcon.colcon_core.package_identification:_identify(.) by extension 'cmake'
[0.715s] Level 1:colcon.colcon_core.package_identification:_identify(.) by extension 'python'
[0.715s] Level 1:colcon.colcon_core.package_identification:_identify(.) by extensions ['python_setup_py']
[0.715s] Level 1:colcon.colcon_core.package_identification:_identify(.) by extension 'python_setup_py'
[0.716s] Level 1:colcon.colcon_core.package_identification:_identify(build) by extensions ['ignore', 'ignore_ament_install']
[0.716s] Level 1:colcon.colcon_core.package_identification:_identify(build) by extension 'ignore'
[0.716s] Level 1:colcon.colcon_core.package_identification:_identify(build) ignored
[0.716s] Level 1:colcon.colcon_core.package_identification:_identify(install) by extensions ['ignore', 'ignore_ament_install']
[0.717s] Level 1:colcon.colcon_core.package_identification:_identify(install) by extension 'ignore'
[0.717s] Level 1:colcon.colcon_core.package_identification:_identify(install) ignored
[0.717s] Level 1:colcon.colcon_core.package_identification:_identify(log) by extensions ['ignore', 'ignore_ament_install']
[0.717s] Level 1:colcon.colcon_core.package_identification:_identify(log) by extension 'ignore'
[0.717s] Level 1:colcon.colcon_core.package_identification:_identify(log) ignored
[0.717s] Level 1:colcon.colcon_core.package_identification:_identify(src) by extensions ['ignore', 'ignore_ament_install']
[0.718s] Level 1:colcon.colcon_core.package_identification:_identify(src) by extension 'ignore'
[0.718s] Level 1:colcon.colcon_core.package_identification:_identify(src) by extension 'ignore_ament_install'
[0.718s] Level 1:colcon.colcon_core.package_identification:_identify(src) by extensions ['colcon_pkg']
[0.718s] Level 1:colcon.colcon_core.package_identification:_identify(src) by extension 'colcon_pkg'
[0.718s] Level 1:colcon.colcon_core.package_identification:_identify(src) by extensions ['colcon_meta']
[0.718s] Level 1:colcon.colcon_core.package_identification:_identify(src) by extension 'colcon_meta'
[0.718s] Level 1:colcon.colcon_core.package_identification:_identify(src) by extensions ['ros']
[0.718s] Level 1:colcon.colcon_core.package_identification:_identify(src) by extension 'ros'
[0.718s] Level 1:colcon.colcon_core.package_identification:_identify(src) by extensions ['cmake', 'python']
[0.718s] Level 1:colcon.colcon_core.package_identification:_identify(src) by extension 'cmake'
[0.719s] Level 1:colcon.colcon_core.package_identification:_identify(src) by extension 'python'
[0.719s] Level 1:colcon.colcon_core.package_identification:_identify(src) by extensions ['python_setup_py']
[0.719s] Level 1:colcon.colcon_core.package_identification:_identify(src) by extension 'python_setup_py'
[0.719s] Level 1:colcon.colcon_core.package_identification:_identify(src/kari-drone-system) by extensions ['ignore', 'ignore_ament_install']
[0.719s] Level 1:colcon.colcon_core.package_identification:_identify(src/kari-drone-system) by extension 'ignore'
[0.719s] Level 1:colcon.colcon_core.package_identification:_identify(src/kari-drone-system) by extension 'ignore_ament_install'
[0.720s] Level 1:colcon.colcon_core.package_identification:_identify(src/kari-drone-system) by extensions ['colcon_pkg']
[0.720s] Level 1:colcon.colcon_core.package_identification:_identify(src/kari-drone-system) by extension 'colcon_pkg'
[0.720s] Level 1:colcon.colcon_core.package_identification:_identify(src/kari-drone-system) by extensions ['colcon_meta']
[0.720s] Level 1:colcon.colcon_core.package_identification:_identify(src/kari-drone-system) by extension 'colcon_meta'
[0.720s] Level 1:colcon.colcon_core.package_identification:_identify(src/kari-drone-system) by extensions ['ros']
[0.720s] Level 1:colcon.colcon_core.package_identification:_identify(src/kari-drone-system) by extension 'ros'
[0.726s] DEBUG:colcon.colcon_core.package_identification:Package 'src/kari-drone-system' with type 'ros.ament_cmake' and name 'kari-drone-system'
[0.727s] Level 1:colcon.colcon_core.package_identification:_identify(src/kari_UAV_siyi) by extensions ['ignore', 'ignore_ament_install']
[0.727s] Level 1:colcon.colcon_core.package_identification:_identify(src/kari_UAV_siyi) by extension 'ignore'
[0.727s] Level 1:colcon.colcon_core.package_identification:_identify(src/kari_UAV_siyi) by extension 'ignore_ament_install'
[0.727s] Level 1:colcon.colcon_core.package_identification:_identify(src/kari_UAV_siyi) by extensions ['colcon_pkg']
[0.727s] Level 1:colcon.colcon_core.package_identification:_identify(src/kari_UAV_siyi) by extension 'colcon_pkg'
[0.727s] Level 1:colcon.colcon_core.package_identification:_identify(src/kari_UAV_siyi) by extensions ['colcon_meta']
[0.727s] Level 1:colcon.colcon_core.package_identification:_identify(src/kari_UAV_siyi) by extension 'colcon_meta'
[0.728s] Level 1:colcon.colcon_core.package_identification:_identify(src/kari_UAV_siyi) by extensions ['ros']
[0.728s] Level 1:colcon.colcon_core.package_identification:_identify(src/kari_UAV_siyi) by extension 'ros'
[0.729s] DEBUG:colcon.colcon_core.package_identification:Package 'src/kari_UAV_siyi' with type 'ros.ament_python' and name 'kari_UAV_siyi'
[0.730s] Level 1:colcon.colcon_core.package_identification:_identify(src/px4_msgs) by extensions ['ignore', 'ignore_ament_install']
[0.730s] Level 1:colcon.colcon_core.package_identification:_identify(src/px4_msgs) by extension 'ignore'
[0.730s] Level 1:colcon.colcon_core.package_identification:_identify(src/px4_msgs) by extension 'ignore_ament_install'
[0.730s] Level 1:colcon.colcon_core.package_identification:_identify(src/px4_msgs) by extensions ['colcon_pkg']
[0.730s] Level 1:colcon.colcon_core.package_identification:_identify(src/px4_msgs) by extension 'colcon_pkg'
[0.730s] Level 1:colcon.colcon_core.package_identification:_identify(src/px4_msgs) by extensions ['colcon_meta']
[0.730s] Level 1:colcon.colcon_core.package_identification:_identify(src/px4_msgs) by extension 'colcon_meta'
[0.730s] Level 1:colcon.colcon_core.package_identification:_identify(src/px4_msgs) by extensions ['ros']
[0.731s] Level 1:colcon.colcon_core.package_identification:_identify(src/px4_msgs) by extension 'ros'
[0.732s] DEBUG:colcon.colcon_core.package_identification:Package 'src/px4_msgs' with type 'ros.ament_cmake' and name 'px4_msgs'
[0.732s] Level 1:colcon.colcon_core.package_identification:_identify(src/run_uav) by extensions ['ignore', 'ignore_ament_install']
[0.733s] Level 1:colcon.colcon_core.package_identification:_identify(src/run_uav) by extension 'ignore'
[0.733s] Level 1:colcon.colcon_core.package_identification:_identify(src/run_uav) by extension 'ignore_ament_install'
[0.733s] Level 1:colcon.colcon_core.package_identification:_identify(src/run_uav) by extensions ['colcon_pkg']
[0.733s] Level 1:colcon.colcon_core.package_identification:_identify(src/run_uav) by extension 'colcon_pkg'
[0.733s] Level 1:colcon.colcon_core.package_identification:_identify(src/run_uav) by extensions ['colcon_meta']
[0.733s] Level 1:colcon.colcon_core.package_identification:_identify(src/run_uav) by extension 'colcon_meta'
[0.733s] Level 1:colcon.colcon_core.package_identification:_identify(src/run_uav) by extensions ['ros']
[0.733s] Level 1:colcon.colcon_core.package_identification:_identify(src/run_uav) by extension 'ros'
[0.734s] DEBUG:colcon.colcon_core.package_identification:Package 'src/run_uav' with type 'ros.ament_python' and name 'run_uav'
[0.735s] Level 1:colcon.colcon_core.package_discovery:discover_packages(recursive) using defaults
[0.735s] Level 1:colcon.colcon_core.package_discovery:discover_packages(ignore) discover
[0.735s] Level 1:colcon.colcon_core.package_discovery:discover_packages(ignore) using defaults
[0.735s] Level 1:colcon.colcon_core.package_discovery:discover_packages(path) discover
[0.735s] Level 1:colcon.colcon_core.package_discovery:discover_packages(path) using defaults
[0.787s] Level 5:colcon.colcon_core.verb:set package 'kari-drone-system' build argument 'cmake_args' from command line to 'None'
[0.787s] Level 5:colcon.colcon_core.verb:set package 'kari-drone-system' build argument 'cmake_target' from command line to 'None'
[0.787s] Level 5:colcon.colcon_core.verb:set package 'kari-drone-system' build argument 'cmake_target_skip_unavailable' from command line to 'False'
[0.787s] Level 5:colcon.colcon_core.verb:set package 'kari-drone-system' build argument 'cmake_clean_cache' from command line to 'False'
[0.787s] Level 5:colcon.colcon_core.verb:set package 'kari-drone-system' build argument 'cmake_clean_first' from command line to 'False'
[0.787s] Level 5:colcon.colcon_core.verb:set package 'kari-drone-system' build argument 'cmake_force_configure' from command line to 'False'
[0.787s] Level 5:colcon.colcon_core.verb:set package 'kari-drone-system' build argument 'ament_cmake_args' from command line to 'None'
[0.787s] Level 5:colcon.colcon_core.verb:set package 'kari-drone-system' build argument 'catkin_cmake_args' from command line to 'None'
[0.787s] Level 5:colcon.colcon_core.verb:set package 'kari-drone-system' build argument 'catkin_skip_building_tests' from command line to 'False'
[0.787s] DEBUG:colcon.colcon_core.verb:Building package 'kari-drone-system' with the following arguments: {'ament_cmake_args': None, 'build_base': '/home/jetson/ros2_link_ws/build/kari-drone-system', 'catkin_cmake_args': None, 'catkin_skip_building_tests': False, 'cmake_args': None, 'cmake_clean_cache': False, 'cmake_clean_first': False, 'cmake_force_configure': False, 'cmake_target': None, 'cmake_target_skip_unavailable': False, 'install_base': '/home/jetson/ros2_link_ws/install/kari-drone-system', 'merge_install': False, 'path': '/home/jetson/ros2_link_ws/src/kari-drone-system', 'symlink_install': False, 'test_result_base': None}
[0.788s] Level 5:colcon.colcon_core.verb:set package 'kari_UAV_siyi' build argument 'cmake_args' from command line to 'None'
[0.788s] Level 5:colcon.colcon_core.verb:set package 'kari_UAV_siyi' build argument 'cmake_target' from command line to 'None'
[0.788s] Level 5:colcon.colcon_core.verb:set package 'kari_UAV_siyi' build argument 'cmake_target_skip_unavailable' from command line to 'False'
[0.788s] Level 5:colcon.colcon_core.verb:set package 'kari_UAV_siyi' build argument 'cmake_clean_cache' from command line to 'False'
[0.788s] Level 5:colcon.colcon_core.verb:set package 'kari_UAV_siyi' build argument 'cmake_clean_first' from command line to 'False'
[0.788s] Level 5:colcon.colcon_core.verb:set package 'kari_UAV_siyi' build argument 'cmake_force_configure' from command line to 'False'
[0.788s] Level 5:colcon.colcon_core.verb:set package 'kari_UAV_siyi' build argument 'ament_cmake_args' from command line to 'None'
[0.789s] Level 5:colcon.colcon_core.verb:set package 'kari_UAV_siyi' build argument 'catkin_cmake_args' from command line to 'None'
[0.789s] Level 5:colcon.colcon_core.verb:set package 'kari_UAV_siyi' build argument 'catkin_skip_building_tests' from command line to 'False'
[0.789s] DEBUG:colcon.colcon_core.verb:Building package 'kari_UAV_siyi' with the following arguments: {'ament_cmake_args': None, 'build_base': '/home/jetson/ros2_link_ws/build/kari_UAV_siyi', 'catkin_cmake_args': None, 'catkin_skip_building_tests': False, 'cmake_args': None, 'cmake_clean_cache': False, 'cmake_clean_first': False, 'cmake_force_configure': False, 'cmake_target': None, 'cmake_target_skip_unavailable': False, 'install_base': '/home/jetson/ros2_link_ws/install/kari_UAV_siyi', 'merge_install': False, 'path': '/home/jetson/ros2_link_ws/src/kari_UAV_siyi', 'symlink_install': False, 'test_result_base': None}
[0.789s] Level 5:colcon.colcon_core.verb:set package 'px4_msgs' build argument 'cmake_args' from command line to 'None'
[0.789s] Level 5:colcon.colcon_core.verb:set package 'px4_msgs' build argument 'cmake_target' from command line to 'None'
[0.789s] Level 5:colcon.colcon_core.verb:set package 'px4_msgs' build argument 'cmake_target_skip_unavailable' from command line to 'False'
[0.789s] Level 5:colcon.colcon_core.verb:set package 'px4_msgs' build argument 'cmake_clean_cache' from command line to 'False'
[0.790s] Level 5:colcon.colcon_core.verb:set package 'px4_msgs' build argument 'cmake_clean_first' from command line to 'False'
[0.790s] Level 5:colcon.colcon_core.verb:set package 'px4_msgs' build argument 'cmake_force_configure' from command line to 'False'
[0.790s] Level 5:colcon.colcon_core.verb:set package 'px4_msgs' build argument 'ament_cmake_args' from command line to 'None'
[0.790s] Level 5:colcon.colcon_core.verb:set package 'px4_msgs' build argument 'catkin_cmake_args' from command line to 'None'
[0.790s] Level 5:colcon.colcon_core.verb:set package 'px4_msgs' build argument 'catkin_skip_building_tests' from command line to 'False'
[0.790s] DEBUG:colcon.colcon_core.verb:Building package 'px4_msgs' with the following arguments: {'ament_cmake_args': None, 'build_base': '/home/jetson/ros2_link_ws/build/px4_msgs', 'catkin_cmake_args': None, 'catkin_skip_building_tests': False, 'cmake_args': None, 'cmake_clean_cache': False, 'cmake_clean_first': False, 'cmake_force_configure': False, 'cmake_target': None, 'cmake_target_skip_unavailable': False, 'install_base': '/home/jetson/ros2_link_ws/install/px4_msgs', 'merge_install': False, 'path': '/home/jetson/ros2_link_ws/src/px4_msgs', 'symlink_install': False, 'test_result_base': None}
[0.790s] Level 5:colcon.colcon_core.verb:set package 'run_uav' build argument 'cmake_args' from command line to 'None'
[0.791s] Level 5:colcon.colcon_core.verb:set package 'run_uav' build argument 'cmake_target' from command line to 'None'
[0.791s] Level 5:colcon.colcon_core.verb:set package 'run_uav' build argument 'cmake_target_skip_unavailable' from command line to 'False'
[0.791s] Level 5:colcon.colcon_core.verb:set package 'run_uav' build argument 'cmake_clean_cache' from command line to 'False'
[0.791s] Level 5:colcon.colcon_core.verb:set package 'run_uav' build argument 'cmake_clean_first' from command line to 'False'
[0.791s] Level 5:colcon.colcon_core.verb:set package 'run_uav' build argument 'cmake_force_configure' from command line to 'False'
[0.791s] Level 5:colcon.colcon_core.verb:set package 'run_uav' build argument 'ament_cmake_args' from command line to 'None'
[0.791s] Level 5:colcon.colcon_core.verb:set package 'run_uav' build argument 'catkin_cmake_args' from command line to 'None'
[0.791s] Level 5:colcon.colcon_core.verb:set package 'run_uav' build argument 'catkin_skip_building_tests' from command line to 'False'
[0.791s] DEBUG:colcon.colcon_core.verb:Building package 'run_uav' with the following arguments: {'ament_cmake_args': None, 'build_base': '/home/jetson/ros2_link_ws/build/run_uav', 'catkin_cmake_args': None, 'catkin_skip_building_tests': False, 'cmake_args': None, 'cmake_clean_cache': False, 'cmake_clean_first': False, 'cmake_force_configure': False, 'cmake_target': None, 'cmake_target_skip_unavailable': False, 'install_base': '/home/jetson/ros2_link_ws/install/run_uav', 'merge_install': False, 'path': '/home/jetson/ros2_link_ws/src/run_uav', 'symlink_install': False, 'test_result_base': None}
[0.791s] INFO:colcon.colcon_core.executor:Executing jobs using 'parallel' executor
[0.793s] DEBUG:colcon.colcon_parallel_executor.executor.parallel:run_until_complete
[0.794s] INFO:colcon.colcon_ros.task.ament_cmake.build:Building ROS package in '/home/jetson/ros2_link_ws/src/kari-drone-system' with build type 'ament_cmake'
[0.794s] INFO:colcon.colcon_cmake.task.cmake.build:Building CMake package in '/home/jetson/ros2_link_ws/src/kari-drone-system'
[0.802s] INFO:colcon.colcon_core.plugin_system:Skipping extension 'colcon_core.shell.bat': Not used on non-Windows systems
[0.803s] INFO:colcon.colcon_core.shell:Skip shell extension 'powershell' for command environment: Not usable outside of PowerShell
[0.803s] DEBUG:colcon.colcon_core.shell:Skip shell extension 'dsv' for command environment
[0.815s] INFO:colcon.colcon_ros.task.ament_python.build:Building ROS package in '/home/jetson/ros2_link_ws/src/kari_UAV_siyi' with build type 'ament_python'
[0.815s] Level 1:colcon.colcon_core.shell:create_environment_hook('kari_UAV_siyi', 'ament_prefix_path')
[0.816s] INFO:colcon.colcon_core.shell:Creating environment hook '/home/jetson/ros2_link_ws/install/kari_UAV_siyi/share/kari_UAV_siyi/hook/ament_prefix_path.ps1'
[0.817s] INFO:colcon.colcon_core.shell:Creating environment descriptor '/home/jetson/ros2_link_ws/install/kari_UAV_siyi/share/kari_UAV_siyi/hook/ament_prefix_path.dsv'
[0.819s] INFO:colcon.colcon_core.shell:Creating environment hook '/home/jetson/ros2_link_ws/install/kari_UAV_siyi/share/kari_UAV_siyi/hook/ament_prefix_path.sh'
[0.820s] INFO:colcon.colcon_core.shell:Skip shell extension 'powershell' for command environment: Not usable outside of PowerShell
[0.821s] DEBUG:colcon.colcon_core.shell:Skip shell extension 'dsv' for command environment
[0.828s] INFO:colcon.colcon_ros.task.ament_cmake.build:Building ROS package in '/home/jetson/ros2_link_ws/src/px4_msgs' with build type 'ament_cmake'
[0.828s] INFO:colcon.colcon_cmake.task.cmake.build:Building CMake package in '/home/jetson/ros2_link_ws/src/px4_msgs'
[0.829s] INFO:colcon.colcon_core.shell:Skip shell extension 'powershell' for command environment: Not usable outside of PowerShell
[0.829s] DEBUG:colcon.colcon_core.shell:Skip shell extension 'dsv' for command environment
[0.836s] INFO:colcon.colcon_ros.task.ament_python.build:Building ROS package in '/home/jetson/ros2_link_ws/src/run_uav' with build type 'ament_python'
[0.836s] Level 1:colcon.colcon_core.shell:create_environment_hook('run_uav', 'ament_prefix_path')
[0.837s] INFO:colcon.colcon_core.shell:Creating environment hook '/home/jetson/ros2_link_ws/install/run_uav/share/run_uav/hook/ament_prefix_path.ps1'
[0.838s] INFO:colcon.colcon_core.shell:Creating environment descriptor '/home/jetson/ros2_link_ws/install/run_uav/share/run_uav/hook/ament_prefix_path.dsv'
[0.839s] INFO:colcon.colcon_core.shell:Creating environment hook '/home/jetson/ros2_link_ws/install/run_uav/share/run_uav/hook/ament_prefix_path.sh'
[0.840s] INFO:colcon.colcon_core.shell:Skip shell extension 'powershell' for command environment: Not usable outside of PowerShell
[0.840s] DEBUG:colcon.colcon_core.shell:Skip shell extension 'dsv' for command environment
[0.855s] DEBUG:colcon.colcon_core.event_handler.log_command:Invoking command in '/home/jetson/ros2_link_ws/build/kari-drone-system': CMAKE_PREFIX_PATH=${CMAKE_PREFIX_PATH}:/home/jetson/ros2_link_ws/install/run_uav:/home/jetson/ros2_link_ws/install/kari_UAV_siyi:/opt/ros/humble /usr/bin/cmake --build /home/jetson/ros2_link_ws/build/kari-drone-system -- -j6 -l6
[1.442s] INFO:colcon.colcon_core.task.python.build:Building Python package in '/home/jetson/ros2_link_ws/src/kari_UAV_siyi'
[1.444s] INFO:colcon.colcon_core.shell:Skip shell extension 'powershell' for command environment: Not usable outside of PowerShell
[1.444s] DEBUG:colcon.colcon_core.shell:Skip shell extension 'dsv' for command environment
[1.459s] DEBUG:colcon.colcon_core.event_handler.log_command:Invoking command in '/home/jetson/ros2_link_ws/build/px4_msgs': CMAKE_PREFIX_PATH=${CMAKE_PREFIX_PATH}:/home/jetson/ros2_link_ws/install/run_uav:/home/jetson/ros2_link_ws/install/kari_UAV_siyi:/opt/ros/humble /usr/bin/cmake --build /home/jetson/ros2_link_ws/build/px4_msgs -- -j6 -l6
[1.995s] INFO:colcon.colcon_core.task.python.build:Building Python package in '/home/jetson/ros2_link_ws/src/run_uav'
[1.996s] INFO:colcon.colcon_core.shell:Skip shell extension 'powershell' for command environment: Not usable outside of PowerShell
[1.996s] DEBUG:colcon.colcon_core.shell:Skip shell extension 'dsv' for command environment
[2.006s] DEBUG:colcon.colcon_core.event_handler.log_command:Invoked command in '/home/jetson/ros2_link_ws/build/kari-drone-system' returned '0': CMAKE_PREFIX_PATH=${CMAKE_PREFIX_PATH}:/home/jetson/ros2_link_ws/install/run_uav:/home/jetson/ros2_link_ws/install/kari_UAV_siyi:/opt/ros/humble /usr/bin/cmake --build /home/jetson/ros2_link_ws/build/kari-drone-system -- -j6 -l6
[2.116s] DEBUG:colcon.colcon_core.event_handler.log_command:Invoking command in '/home/jetson/ros2_link_ws/build/kari-drone-system': CMAKE_PREFIX_PATH=${CMAKE_PREFIX_PATH}:/home/jetson/ros2_link_ws/install/run_uav:/home/jetson/ros2_link_ws/install/kari_UAV_siyi:/opt/ros/humble /usr/bin/cmake --install /home/jetson/ros2_link_ws/build/kari-drone-system
[3.080s] DEBUG:colcon.colcon_core.event_handler.log_command:Invoking command in '/home/jetson/ros2_link_ws/src/kari_UAV_siyi': PYTHONPATH=/home/jetson/ros2_link_ws/build/kari_UAV_siyi/prefix_override:/usr/lib/python3/dist-packages/colcon_core/task/python/colcon_distutils_commands:/home/jetson/ros2_link_ws/install/kari_UAV_siyi/lib/python3.10/site-packages:${PYTHONPATH} /usr/bin/python3 -W ignore:setup.py install is deprecated setup.py egg_info --egg-base ../../build/kari_UAV_siyi build --build-base /home/jetson/ros2_link_ws/build/kari_UAV_siyi/build install --record /home/jetson/ros2_link_ws/build/kari_UAV_siyi/install.log --single-version-externally-managed install_data
[3.171s] DEBUG:colcon.colcon_core.event_handler.log_command:Invoking command in '/home/jetson/ros2_link_ws/src/run_uav': PYTHONPATH=/home/jetson/ros2_link_ws/build/run_uav/prefix_override:/usr/lib/python3/dist-packages/colcon_core/task/python/colcon_distutils_commands:/home/jetson/ros2_link_ws/install/run_uav/lib/python3.10/site-packages:${PYTHONPATH} /usr/bin/python3 -W ignore:setup.py install is deprecated setup.py egg_info --egg-base ../../build/run_uav build --build-base /home/jetson/ros2_link_ws/build/run_uav/build install --record /home/jetson/ros2_link_ws/build/run_uav/install.log --single-version-externally-managed install_data
[3.392s] DEBUG:colcon.colcon_core.event_handler.log_command:Invoked command in '/home/jetson/ros2_link_ws/build/px4_msgs' returned '0': CMAKE_PREFIX_PATH=${CMAKE_PREFIX_PATH}:/home/jetson/ros2_link_ws/install/run_uav:/home/jetson/ros2_link_ws/install/kari_UAV_siyi:/opt/ros/humble /usr/bin/cmake --build /home/jetson/ros2_link_ws/build/px4_msgs -- -j6 -l6
[3.860s] Level 1:colcon.colcon_core.environment:checking '/home/jetson/ros2_link_ws/install/kari_UAV_siyi' for CMake module files
[3.868s] Level 1:colcon.colcon_core.environment:checking '/home/jetson/ros2_link_ws/install/kari_UAV_siyi' for CMake config files
[3.880s] Level 1:colcon.colcon_core.environment:checking '/home/jetson/ros2_link_ws/install/kari_UAV_siyi/lib'
[3.882s] Level 1:colcon.colcon_core.environment:checking '/home/jetson/ros2_link_ws/install/kari_UAV_siyi/bin'
[3.882s] Level 1:colcon.colcon_core.environment:checking '/home/jetson/ros2_link_ws/install/kari_UAV_siyi/lib/pkgconfig/kari_UAV_siyi.pc'
[3.883s] Level 1:colcon.colcon_core.environment:checking '/home/jetson/ros2_link_ws/install/kari_UAV_siyi/lib/python3.10/site-packages'
[3.885s] Level 1:colcon.colcon_core.shell:create_environment_hook('kari_UAV_siyi', 'pythonpath')
[3.886s] INFO:colcon.colcon_core.shell:Creating environment hook '/home/jetson/ros2_link_ws/install/kari_UAV_siyi/share/kari_UAV_siyi/hook/pythonpath.ps1'
[3.894s] INFO:colcon.colcon_core.shell:Creating environment descriptor '/home/jetson/ros2_link_ws/install/kari_UAV_siyi/share/kari_UAV_siyi/hook/pythonpath.dsv'
[3.896s] INFO:colcon.colcon_core.shell:Creating environment hook '/home/jetson/ros2_link_ws/install/kari_UAV_siyi/share/kari_UAV_siyi/hook/pythonpath.sh'
[3.900s] Level 1:colcon.colcon_core.environment:checking '/home/jetson/ros2_link_ws/install/kari_UAV_siyi/bin'
[3.901s] Level 1:colcon.colcon_core.environment:create_environment_scripts_only(kari_UAV_siyi)
[3.902s] INFO:colcon.colcon_core.shell:Creating package script '/home/jetson/ros2_link_ws/install/kari_UAV_siyi/share/kari_UAV_siyi/package.ps1'
[3.906s] INFO:colcon.colcon_core.shell:Creating package descriptor '/home/jetson/ros2_link_ws/install/kari_UAV_siyi/share/kari_UAV_siyi/package.dsv'
[3.910s] INFO:colcon.colcon_core.shell:Creating package script '/home/jetson/ros2_link_ws/install/kari_UAV_siyi/share/kari_UAV_siyi/package.sh'
[3.915s] INFO:colcon.colcon_core.shell:Creating package script '/home/jetson/ros2_link_ws/install/kari_UAV_siyi/share/kari_UAV_siyi/package.bash'
[3.918s] INFO:colcon.colcon_core.shell:Creating package script '/home/jetson/ros2_link_ws/install/kari_UAV_siyi/share/kari_UAV_siyi/package.zsh'
[3.921s] Level 1:colcon.colcon_core.environment:create_file_with_runtime_dependencies(/home/jetson/ros2_link_ws/install/kari_UAV_siyi/share/colcon-core/packages/kari_UAV_siyi)
[4.018s] DEBUG:colcon.colcon_core.event_handler.log_command:Invoked command in '/home/jetson/ros2_link_ws/src/kari_UAV_siyi' returned '0': PYTHONPATH=/home/jetson/ros2_link_ws/build/kari_UAV_siyi/prefix_override:/usr/lib/python3/dist-packages/colcon_core/task/python/colcon_distutils_commands:/home/jetson/ros2_link_ws/install/kari_UAV_siyi/lib/python3.10/site-packages:${PYTHONPATH} /usr/bin/python3 -W ignore:setup.py install is deprecated setup.py egg_info --egg-base ../../build/kari_UAV_siyi build --build-base /home/jetson/ros2_link_ws/build/kari_UAV_siyi/build install --record /home/jetson/ros2_link_ws/build/kari_UAV_siyi/install.log --single-version-externally-managed install_data
[4.048s] Level 1:colcon.colcon_core.environment:checking '/home/jetson/ros2_link_ws/install/run_uav' for CMake module files
[4.052s] Level 1:colcon.colcon_core.environment:checking '/home/jetson/ros2_link_ws/install/run_uav' for CMake config files
[4.057s] Level 1:colcon.colcon_core.environment:checking '/home/jetson/ros2_link_ws/install/run_uav/lib'
[4.059s] Level 1:colcon.colcon_core.environment:checking '/home/jetson/ros2_link_ws/install/run_uav/bin'
[4.059s] Level 1:colcon.colcon_core.environment:checking '/home/jetson/ros2_link_ws/install/run_uav/lib/pkgconfig/run_uav.pc'
[4.060s] Level 1:colcon.colcon_core.environment:checking '/home/jetson/ros2_link_ws/install/run_uav/lib/python3.10/site-packages'
[4.060s] Level 1:colcon.colcon_core.shell:create_environment_hook('run_uav', 'pythonpath')
[4.061s] INFO:colcon.colcon_core.shell:Creating environment hook '/home/jetson/ros2_link_ws/install/run_uav/share/run_uav/hook/pythonpath.ps1'
[4.064s] INFO:colcon.colcon_core.shell:Creating environment descriptor '/home/jetson/ros2_link_ws/install/run_uav/share/run_uav/hook/pythonpath.dsv'
[4.066s] INFO:colcon.colcon_core.shell:Creating environment hook '/home/jetson/ros2_link_ws/install/run_uav/share/run_uav/hook/pythonpath.sh'
[4.069s] Level 1:colcon.colcon_core.environment:checking '/home/jetson/ros2_link_ws/install/run_uav/bin'
[4.069s] Level 1:colcon.colcon_core.environment:create_environment_scripts_only(run_uav)
[4.070s] INFO:colcon.colcon_core.shell:Creating package script '/home/jetson/ros2_link_ws/install/run_uav/share/run_uav/package.ps1'
[4.080s] INFO:colcon.colcon_core.shell:Creating package descriptor '/home/jetson/ros2_link_ws/install/run_uav/share/run_uav/package.dsv'
[4.083s] INFO:colcon.colcon_core.shell:Creating package script '/home/jetson/ros2_link_ws/install/run_uav/share/run_uav/package.sh'
[4.085s] INFO:colcon.colcon_core.shell:Creating package script '/home/jetson/ros2_link_ws/install/run_uav/share/run_uav/package.bash'
[4.088s] INFO:colcon.colcon_core.shell:Creating package script '/home/jetson/ros2_link_ws/install/run_uav/share/run_uav/package.zsh'
[4.093s] Level 1:colcon.colcon_core.environment:create_file_with_runtime_dependencies(/home/jetson/ros2_link_ws/install/run_uav/share/colcon-core/packages/run_uav)
[4.524s] DEBUG:colcon.colcon_core.event_handler.log_command:Invoked command in '/home/jetson/ros2_link_ws/src/run_uav' returned '0': PYTHONPATH=/home/jetson/ros2_link_ws/build/run_uav/prefix_override:/usr/lib/python3/dist-packages/colcon_core/task/python/colcon_distutils_commands:/home/jetson/ros2_link_ws/install/run_uav/lib/python3.10/site-packages:${PYTHONPATH} /usr/bin/python3 -W ignore:setup.py install is deprecated setup.py egg_info --egg-base ../../build/run_uav build --build-base /home/jetson/ros2_link_ws/build/run_uav/build install --record /home/jetson/ros2_link_ws/build/run_uav/install.log --single-version-externally-managed install_data
[4.784s] Level 1:colcon.colcon_core.environment:create_environment_scripts_only(kari-drone-system)
[4.785s] Level 1:colcon.colcon_core.environment:checking '/home/jetson/ros2_link_ws/install/kari-drone-system' for CMake module files
[4.789s] Level 1:colcon.colcon_core.environment:checking '/home/jetson/ros2_link_ws/install/kari-drone-system' for CMake config files
[5.298s] Level 1:colcon.colcon_core.shell:create_environment_hook('kari-drone-system', 'cmake_prefix_path')
[5.299s] INFO:colcon.colcon_core.shell:Creating environment hook '/home/jetson/ros2_link_ws/install/kari-drone-system/share/kari-drone-system/hook/cmake_prefix_path.ps1'
[5.301s] INFO:colcon.colcon_core.shell:Creating environment descriptor '/home/jetson/ros2_link_ws/install/kari-drone-system/share/kari-drone-system/hook/cmake_prefix_path.dsv'
[5.302s] INFO:colcon.colcon_core.shell:Creating environment hook '/home/jetson/ros2_link_ws/install/kari-drone-system/share/kari-drone-system/hook/cmake_prefix_path.sh'
[5.305s] Level 1:colcon.colcon_core.environment:checking '/home/jetson/ros2_link_ws/install/kari-drone-system/bin'
[5.306s] Level 1:colcon.colcon_core.environment:checking '/home/jetson/ros2_link_ws/install/kari-drone-system/lib/pkgconfig/kari-drone-system.pc'
[5.306s] Level 1:colcon.colcon_core.environment:checking '/home/jetson/ros2_link_ws/install/kari-drone-system/lib/python3.10/site-packages'
[5.307s] Level 1:colcon.colcon_core.environment:checking '/home/jetson/ros2_link_ws/install/kari-drone-system/bin'
[5.308s] INFO:colcon.colcon_core.shell:Creating package script '/home/jetson/ros2_link_ws/install/kari-drone-system/share/kari-drone-system/package.ps1'
[5.310s] INFO:colcon.colcon_core.shell:Creating package descriptor '/home/jetson/ros2_link_ws/install/kari-drone-system/share/kari-drone-system/package.dsv'
[5.312s] INFO:colcon.colcon_core.shell:Creating package script '/home/jetson/ros2_link_ws/install/kari-drone-system/share/kari-drone-system/package.sh'
[5.320s] INFO:colcon.colcon_core.shell:Creating package script '/home/jetson/ros2_link_ws/install/kari-drone-system/share/kari-drone-system/package.bash'
[5.322s] INFO:colcon.colcon_core.shell:Creating package script '/home/jetson/ros2_link_ws/install/kari-drone-system/share/kari-drone-system/package.zsh'
[5.324s] Level 1:colcon.colcon_core.environment:create_file_with_runtime_dependencies(/home/jetson/ros2_link_ws/install/kari-drone-system/share/colcon-core/packages/kari-drone-system)
[5.377s] Level 1:colcon.colcon_core.environment:create_environment_scripts_only(kari-drone-system)
[5.378s] Level 1:colcon.colcon_core.environment:checking '/home/jetson/ros2_link_ws/install/kari-drone-system' for CMake module files
[5.381s] Level 1:colcon.colcon_core.environment:checking '/home/jetson/ros2_link_ws/install/kari-drone-system' for CMake config files
[5.745s] DEBUG:colcon.colcon_core.event_handler.log_command:Invoked command in '/home/jetson/ros2_link_ws/build/kari-drone-system' returned '0': CMAKE_PREFIX_PATH=${CMAKE_PREFIX_PATH}:/home/jetson/ros2_link_ws/install/run_uav:/home/jetson/ros2_link_ws/install/kari_UAV_siyi:/opt/ros/humble /usr/bin/cmake --install /home/jetson/ros2_link_ws/build/kari-drone-system
[5.772s] Level 1:colcon.colcon_core.shell:create_environment_hook('kari-drone-system', 'cmake_prefix_path')
[5.773s] INFO:colcon.colcon_core.shell:Creating environment hook '/home/jetson/ros2_link_ws/install/kari-drone-system/share/kari-drone-system/hook/cmake_prefix_path.ps1'
[5.774s] INFO:colcon.colcon_core.shell:Creating environment descriptor '/home/jetson/ros2_link_ws/install/kari-drone-system/share/kari-drone-system/hook/cmake_prefix_path.dsv'
[5.775s] INFO:colcon.colcon_core.shell:Creating environment hook '/home/jetson/ros2_link_ws/install/kari-drone-system/share/kari-drone-system/hook/cmake_prefix_path.sh'
[5.777s] Level 1:colcon.colcon_core.environment:checking '/home/jetson/ros2_link_ws/install/kari-drone-system/bin'
[5.777s] Level 1:colcon.colcon_core.environment:checking '/home/jetson/ros2_link_ws/install/kari-drone-system/lib/pkgconfig/kari-drone-system.pc'
[5.777s] Level 1:colcon.colcon_core.environment:checking '/home/jetson/ros2_link_ws/install/kari-drone-system/lib/python3.10/site-packages'
[5.778s] Level 1:colcon.colcon_core.environment:checking '/home/jetson/ros2_link_ws/install/kari-drone-system/bin'
[5.778s] INFO:colcon.colcon_core.shell:Creating package script '/home/jetson/ros2_link_ws/install/kari-drone-system/share/kari-drone-system/package.ps1'
[5.779s] INFO:colcon.colcon_core.shell:Creating package descriptor '/home/jetson/ros2_link_ws/install/kari-drone-system/share/kari-drone-system/package.dsv'
[5.781s] INFO:colcon.colcon_core.shell:Creating package script '/home/jetson/ros2_link_ws/install/kari-drone-system/share/kari-drone-system/package.sh'
[5.782s] INFO:colcon.colcon_core.shell:Creating package script '/home/jetson/ros2_link_ws/install/kari-drone-system/share/kari-drone-system/package.bash'
[5.783s] INFO:colcon.colcon_core.shell:Creating package script '/home/jetson/ros2_link_ws/install/kari-drone-system/share/kari-drone-system/package.zsh'
[5.784s] Level 1:colcon.colcon_core.environment:create_file_with_runtime_dependencies(/home/jetson/ros2_link_ws/install/kari-drone-system/share/colcon-core/packages/kari-drone-system)
[11.261s] DEBUG:colcon.colcon_core.event_handler.log_command:Invoking command in '/home/jetson/ros2_link_ws/build/px4_msgs': CMAKE_PREFIX_PATH=${CMAKE_PREFIX_PATH}:/home/jetson/ros2_link_ws/install/run_uav:/home/jetson/ros2_link_ws/install/kari_UAV_siyi:/opt/ros/humble /usr/bin/cmake --install /home/jetson/ros2_link_ws/build/px4_msgs
[11.878s] Level 1:colcon.colcon_core.environment:create_environment_scripts_only(px4_msgs)
[11.879s] Level 1:colcon.colcon_core.environment:checking '/home/jetson/ros2_link_ws/install/px4_msgs' for CMake module files
[11.880s] DEBUG:colcon.colcon_core.event_handler.log_command:Invoked command in '/home/jetson/ros2_link_ws/build/px4_msgs' returned '0': CMAKE_PREFIX_PATH=${CMAKE_PREFIX_PATH}:/home/jetson/ros2_link_ws/install/run_uav:/home/jetson/ros2_link_ws/install/kari_UAV_siyi:/opt/ros/humble /usr/bin/cmake --install /home/jetson/ros2_link_ws/build/px4_msgs
[11.881s] Level 1:colcon.colcon_core.environment:checking '/home/jetson/ros2_link_ws/install/px4_msgs' for CMake config files
[11.891s] Level 1:colcon.colcon_core.shell:create_environment_hook('px4_msgs', 'cmake_prefix_path')
[11.891s] INFO:colcon.colcon_core.shell:Creating environment hook '/home/jetson/ros2_link_ws/install/px4_msgs/share/px4_msgs/hook/cmake_prefix_path.ps1'
[11.893s] INFO:colcon.colcon_core.shell:Creating environment descriptor '/home/jetson/ros2_link_ws/install/px4_msgs/share/px4_msgs/hook/cmake_prefix_path.dsv'
[11.894s] INFO:colcon.colcon_core.shell:Creating environment hook '/home/jetson/ros2_link_ws/install/px4_msgs/share/px4_msgs/hook/cmake_prefix_path.sh'
[11.895s] Level 1:colcon.colcon_core.environment:checking '/home/jetson/ros2_link_ws/install/px4_msgs/lib'
[11.895s] Level 1:colcon.colcon_core.shell:create_environment_hook('px4_msgs', 'ld_library_path_lib')
[11.896s] INFO:colcon.colcon_core.shell:Creating environment hook '/home/jetson/ros2_link_ws/install/px4_msgs/share/px4_msgs/hook/ld_library_path_lib.ps1'
[11.898s] INFO:colcon.colcon_core.shell:Creating environment descriptor '/home/jetson/ros2_link_ws/install/px4_msgs/share/px4_msgs/hook/ld_library_path_lib.dsv'
[11.899s] INFO:colcon.colcon_core.shell:Creating environment hook '/home/jetson/ros2_link_ws/install/px4_msgs/share/px4_msgs/hook/ld_library_path_lib.sh'
[11.900s] Level 1:colcon.colcon_core.environment:checking '/home/jetson/ros2_link_ws/install/px4_msgs/bin'
[11.900s] Level 1:colcon.colcon_core.environment:checking '/home/jetson/ros2_link_ws/install/px4_msgs/lib/pkgconfig/px4_msgs.pc'
[11.900s] Level 1:colcon.colcon_core.environment:checking '/home/jetson/ros2_link_ws/install/px4_msgs/lib/python3.10/site-packages'
[11.901s] Level 1:colcon.colcon_core.environment:checking '/home/jetson/ros2_link_ws/install/px4_msgs/bin'
[11.902s] INFO:colcon.colcon_core.shell:Creating package script '/home/jetson/ros2_link_ws/install/px4_msgs/share/px4_msgs/package.ps1'
[11.903s] INFO:colcon.colcon_core.shell:Creating package descriptor '/home/jetson/ros2_link_ws/install/px4_msgs/share/px4_msgs/package.dsv'
[11.905s] INFO:colcon.colcon_core.shell:Creating package script '/home/jetson/ros2_link_ws/install/px4_msgs/share/px4_msgs/package.sh'
[11.906s] INFO:colcon.colcon_core.shell:Creating package script '/home/jetson/ros2_link_ws/install/px4_msgs/share/px4_msgs/package.bash'
[11.907s] INFO:colcon.colcon_core.shell:Creating package script '/home/jetson/ros2_link_ws/install/px4_msgs/share/px4_msgs/package.zsh'
[11.907s] Level 1:colcon.colcon_core.environment:create_file_with_runtime_dependencies(/home/jetson/ros2_link_ws/install/px4_msgs/share/colcon-core/packages/px4_msgs)
[19.705s] Level 1:colcon.colcon_core.environment:create_environment_scripts_only(px4_msgs)
[19.706s] Level 1:colcon.colcon_core.environment:checking '/home/jetson/ros2_link_ws/install/px4_msgs' for CMake module files
[19.708s] Level 1:colcon.colcon_core.environment:checking '/home/jetson/ros2_link_ws/install/px4_msgs' for CMake config files
[19.716s] Level 1:colcon.colcon_core.shell:create_environment_hook('px4_msgs', 'cmake_prefix_path')
[19.717s] INFO:colcon.colcon_core.shell:Creating environment hook '/home/jetson/ros2_link_ws/install/px4_msgs/share/px4_msgs/hook/cmake_prefix_path.ps1'
[19.718s] INFO:colcon.colcon_core.shell:Creating environment descriptor '/home/jetson/ros2_link_ws/install/px4_msgs/share/px4_msgs/hook/cmake_prefix_path.dsv'
[19.719s] INFO:colcon.colcon_core.shell:Creating environment hook '/home/jetson/ros2_link_ws/install/px4_msgs/share/px4_msgs/hook/cmake_prefix_path.sh'
[19.721s] Level 1:colcon.colcon_core.environment:checking '/home/jetson/ros2_link_ws/install/px4_msgs/lib'
[19.721s] Level 1:colcon.colcon_core.shell:create_environment_hook('px4_msgs', 'ld_library_path_lib')
[19.722s] INFO:colcon.colcon_core.shell:Creating environment hook '/home/jetson/ros2_link_ws/install/px4_msgs/share/px4_msgs/hook/ld_library_path_lib.ps1'
[19.723s] INFO:colcon.colcon_core.shell:Creating environment descriptor '/home/jetson/ros2_link_ws/install/px4_msgs/share/px4_msgs/hook/ld_library_path_lib.dsv'
[19.724s] INFO:colcon.colcon_core.shell:Creating environment hook '/home/jetson/ros2_link_ws/install/px4_msgs/share/px4_msgs/hook/ld_library_path_lib.sh'
[19.724s] Level 1:colcon.colcon_core.environment:checking '/home/jetson/ros2_link_ws/install/px4_msgs/bin'
[19.725s] Level 1:colcon.colcon_core.environment:checking '/home/jetson/ros2_link_ws/install/px4_msgs/lib/pkgconfig/px4_msgs.pc'
[19.725s] Level 1:colcon.colcon_core.environment:checking '/home/jetson/ros2_link_ws/install/px4_msgs/lib/python3.10/site-packages'
[19.725s] Level 1:colcon.colcon_core.environment:checking '/home/jetson/ros2_link_ws/install/px4_msgs/bin'
[19.726s] INFO:colcon.colcon_core.shell:Creating package script '/home/jetson/ros2_link_ws/install/px4_msgs/share/px4_msgs/package.ps1'
[19.727s] INFO:colcon.colcon_core.shell:Creating package descriptor '/home/jetson/ros2_link_ws/install/px4_msgs/share/px4_msgs/package.dsv'
[19.729s] INFO:colcon.colcon_core.shell:Creating package script '/home/jetson/ros2_link_ws/install/px4_msgs/share/px4_msgs/package.sh'
[19.730s] INFO:colcon.colcon_core.shell:Creating package script '/home/jetson/ros2_link_ws/install/px4_msgs/share/px4_msgs/package.bash'
[19.730s] INFO:colcon.colcon_core.shell:Creating package script '/home/jetson/ros2_link_ws/install/px4_msgs/share/px4_msgs/package.zsh'
[19.731s] Level 1:colcon.colcon_core.environment:create_file_with_runtime_dependencies(/home/jetson/ros2_link_ws/install/px4_msgs/share/colcon-core/packages/px4_msgs)
[19.732s] DEBUG:colcon.colcon_parallel_executor.executor.parallel:closing loop
[19.733s] DEBUG:colcon.colcon_parallel_executor.executor.parallel:loop closed
[19.733s] DEBUG:colcon.colcon_parallel_executor.executor.parallel:run_until_complete finished with '0'
[19.733s] DEBUG:colcon.colcon_core.event_reactor:joining thread
[19.755s] INFO:colcon.colcon_core.plugin_system:Skipping extension 'colcon_notification.desktop_notification.notify_send': Could not find 'notify-send'
[19.755s] INFO:colcon.colcon_core.plugin_system:Skipping extension 'colcon_notification.desktop_notification.terminal_notifier': Not used on non-Darwin systems
[19.755s] INFO:colcon.colcon_core.plugin_system:Skipping extension 'colcon_notification.desktop_notification.win32': Not used on non-Windows systems
[19.756s] INFO:colcon.colcon_notification.desktop_notification:Sending desktop notification using 'notify2'
[19.764s] DEBUG:colcon.colcon_notification.desktop_notification.notify2:Failed to initialize notify2: org.freedesktop.DBus.Error.Spawn.ExecFailed: /usr/bin/dbus-launch terminated abnormally without any error message
[19.765s] DEBUG:colcon.colcon_core.event_reactor:joined thread
[19.766s] INFO:colcon.colcon_core.shell:Creating prefix script '/home/jetson/ros2_link_ws/install/local_setup.ps1'
[19.769s] INFO:colcon.colcon_core.shell:Creating prefix util module '/home/jetson/ros2_link_ws/install/_local_setup_util_ps1.py'
[19.772s] INFO:colcon.colcon_core.shell:Creating prefix chain script '/home/jetson/ros2_link_ws/install/setup.ps1'
[19.775s] INFO:colcon.colcon_core.shell:Creating prefix script '/home/jetson/ros2_link_ws/install/local_setup.sh'
[19.777s] INFO:colcon.colcon_core.shell:Creating prefix util module '/home/jetson/ros2_link_ws/install/_local_setup_util_sh.py'
[19.778s] INFO:colcon.colcon_core.shell:Creating prefix chain script '/home/jetson/ros2_link_ws/install/setup.sh'
[19.781s] INFO:colcon.colcon_core.shell:Creating prefix script '/home/jetson/ros2_link_ws/install/local_setup.bash'
[19.782s] INFO:colcon.colcon_core.shell:Creating prefix chain script '/home/jetson/ros2_link_ws/install/setup.bash'
[19.784s] INFO:colcon.colcon_core.shell:Creating prefix script '/home/jetson/ros2_link_ws/install/local_setup.zsh'
[19.786s] INFO:colcon.colcon_core.shell:Creating prefix chain script '/home/jetson/ros2_link_ws/install/setup.zsh'
