[2.318s] Invoking command in '/home/ros2mc/ros2_link_ws/src/run_uav': PYTHONPATH=/home/ros2mc/ros2_link_ws/build/run_uav/prefix_override:/usr/lib/python3/dist-packages/colcon_core/task/python/colcon_distutils_commands:/home/ros2mc/ros2_link_ws/install/run_uav/lib/python3.10/site-packages:${PYTHONPATH} /usr/bin/python3 -W ignore:setup.py install is deprecated setup.py egg_info --egg-base ../../build/run_uav build --build-base /home/ros2mc/ros2_link_ws/build/run_uav/build install --record /home/ros2mc/ros2_link_ws/build/run_uav/install.log --single-version-externally-managed install_data
[2.834s] running egg_info
[2.837s] writing ../../build/run_uav/run_uav.egg-info/PKG-INFO
[2.838s] writing dependency_links to ../../build/run_uav/run_uav.egg-info/dependency_links.txt
[2.839s] writing entry points to ../../build/run_uav/run_uav.egg-info/entry_points.txt
[2.840s] writing requirements to ../../build/run_uav/run_uav.egg-info/requires.txt
[2.840s] writing top-level names to ../../build/run_uav/run_uav.egg-info/top_level.txt
[2.845s] reading manifest file '../../build/run_uav/run_uav.egg-info/SOURCES.txt'
[2.847s] writing manifest file '../../build/run_uav/run_uav.egg-info/SOURCES.txt'
[2.847s] running build
[2.848s] running build_py
[2.849s] running install
[2.850s] running install_lib
[2.853s] running install_data
[2.853s] running install_egg_info
[2.858s] removing '/home/ros2mc/ros2_link_ws/install/run_uav/lib/python3.10/site-packages/run_uav-0.0.0-py3.10.egg-info' (and everything under it)
[2.859s] Copying ../../build/run_uav/run_uav.egg-info to /home/ros2mc/ros2_link_ws/install/run_uav/lib/python3.10/site-packages/run_uav-0.0.0-py3.10.egg-info
[2.861s] running install_scripts
[2.921s] writing list of installed files to '/home/ros2mc/ros2_link_ws/build/run_uav/install.log'
[3.016s] Invoked command in '/home/ros2mc/ros2_link_ws/src/run_uav' returned '0': PYTHONPATH=/home/ros2mc/ros2_link_ws/build/run_uav/prefix_override:/usr/lib/python3/dist-packages/colcon_core/task/python/colcon_distutils_commands:/home/ros2mc/ros2_link_ws/install/run_uav/lib/python3.10/site-packages:${PYTHONPATH} /usr/bin/python3 -W ignore:setup.py install is deprecated setup.py egg_info --egg-base ../../build/run_uav build --build-base /home/ros2mc/ros2_link_ws/build/run_uav/build install --record /home/ros2mc/ros2_link_ws/build/run_uav/install.log --single-version-externally-managed install_data
