[2.795s] Invoking command in '/home/jetson/ros2_link_ws/src/kari_UAV_siyi': PYTHONPATH=/home/jetson/ros2_link_ws/build/kari_UAV_siyi/prefix_override:/usr/lib/python3/dist-packages/colcon_core/task/python/colcon_distutils_commands:/home/jetson/ros2_link_ws/install/kari_UAV_siyi/lib/python3.10/site-packages:${PYTHONPATH} /usr/bin/python3 -W ignore:setup.py install is deprecated setup.py egg_info --egg-base ../../build/kari_UAV_siyi build --build-base /home/jetson/ros2_link_ws/build/kari_UAV_siyi/build install --record /home/jetson/ros2_link_ws/build/kari_UAV_siyi/install.log --single-version-externally-managed install_data
[3.952s] running egg_info
[3.956s] writing ../../build/kari_UAV_siyi/kari_UAV_siyi.egg-info/PKG-INFO
[3.957s] writing dependency_links to ../../build/kari_UAV_siyi/kari_UAV_siyi.egg-info/dependency_links.txt
[3.958s] writing entry points to ../../build/kari_UAV_siyi/kari_UAV_siyi.egg-info/entry_points.txt
[3.958s] writing requirements to ../../build/kari_UAV_siyi/kari_UAV_siyi.egg-info/requires.txt
[3.959s] writing top-level names to ../../build/kari_UAV_siyi/kari_UAV_siyi.egg-info/top_level.txt
[3.967s] reading manifest file '../../build/kari_UAV_siyi/kari_UAV_siyi.egg-info/SOURCES.txt'
[3.970s] writing manifest file '../../build/kari_UAV_siyi/kari_UAV_siyi.egg-info/SOURCES.txt'
[3.973s] running build
[3.973s] running build_py
[3.974s] copying kari_UAV_siyi/UAV_siyi_stream.py -> /home/jetson/ros2_link_ws/build/kari_UAV_siyi/build/lib/kari_UAV_siyi
[3.982s] running install
[3.983s] running install_lib
[3.987s] copying /home/jetson/ros2_link_ws/build/kari_UAV_siyi/build/lib/kari_UAV_siyi/UAV_siyi_stream.py -> /home/jetson/ros2_link_ws/install/kari_UAV_siyi/lib/python3.10/site-packages/kari_UAV_siyi
[3.992s] byte-compiling /home/jetson/ros2_link_ws/install/kari_UAV_siyi/lib/python3.10/site-packages/kari_UAV_siyi/UAV_siyi_stream.py to UAV_siyi_stream.cpython-310.pyc
[3.992s] running install_data
[3.992s] running install_egg_info
[4.003s] removing '/home/jetson/ros2_link_ws/install/kari_UAV_siyi/lib/python3.10/site-packages/kari_UAV_siyi-0.0.0-py3.10.egg-info' (and everything under it)
[4.010s] Copying ../../build/kari_UAV_siyi/kari_UAV_siyi.egg-info to /home/jetson/ros2_link_ws/install/kari_UAV_siyi/lib/python3.10/site-packages/kari_UAV_siyi-0.0.0-py3.10.egg-info
[4.015s] running install_scripts
[4.035s] Installing siyi_control_node script to /home/jetson/ros2_link_ws/install/kari_UAV_siyi/lib/kari_UAV_siyi
[4.035s] Installing siyi_stream_node script to /home/jetson/ros2_link_ws/install/kari_UAV_siyi/lib/kari_UAV_siyi
[4.035s] writing list of installed files to '/home/jetson/ros2_link_ws/build/kari_UAV_siyi/install.log'
[4.037s] Invoked command in '/home/jetson/ros2_link_ws/src/kari_UAV_siyi' returned '0': PYTHONPATH=/home/jetson/ros2_link_ws/build/kari_UAV_siyi/prefix_override:/usr/lib/python3/dist-packages/colcon_core/task/python/colcon_distutils_commands:/home/jetson/ros2_link_ws/install/kari_UAV_siyi/lib/python3.10/site-packages:${PYTHONPATH} /usr/bin/python3 -W ignore:setup.py install is deprecated setup.py egg_info --egg-base ../../build/kari_UAV_siyi build --build-base /home/jetson/ros2_link_ws/build/kari_UAV_siyi/build install --record /home/jetson/ros2_link_ws/build/kari_UAV_siyi/install.log --single-version-externally-managed install_data
