[2.145s] Invoking command in '/home/jetson/ros2_link_ws/src/kari_UAV_siyi': PYTHONPATH=/home/jetson/ros2_link_ws/build/kari_UAV_siyi/prefix_override:/usr/lib/python3/dist-packages/colcon_core/task/python/colcon_distutils_commands:/home/jetson/ros2_link_ws/install/kari_UAV_siyi/lib/python3.10/site-packages:${PYTHONPATH} /usr/bin/python3 -W ignore:setup.py install is deprecated setup.py egg_info --egg-base ../../build/kari_UAV_siyi build --build-base /home/jetson/ros2_link_ws/build/kari_UAV_siyi/build install --record /home/jetson/ros2_link_ws/build/kari_UAV_siyi/install.log --single-version-externally-managed install_data
[2.934s] running egg_info
[2.938s] writing ../../build/kari_UAV_siyi/kari_UAV_siyi.egg-info/PKG-INFO
[2.939s] writing dependency_links to ../../build/kari_UAV_siyi/kari_UAV_siyi.egg-info/dependency_links.txt
[2.939s] writing entry points to ../../build/kari_UAV_siyi/kari_UAV_siyi.egg-info/entry_points.txt
[2.939s] writing requirements to ../../build/kari_UAV_siyi/kari_UAV_siyi.egg-info/requires.txt
[2.941s] writing top-level names to ../../build/kari_UAV_siyi/kari_UAV_siyi.egg-info/top_level.txt
[2.948s] reading manifest file '../../build/kari_UAV_siyi/kari_UAV_siyi.egg-info/SOURCES.txt'
[2.950s] writing manifest file '../../build/kari_UAV_siyi/kari_UAV_siyi.egg-info/SOURCES.txt'
[2.951s] running build
[2.951s] running build_py
[2.954s] copying kari_UAV_siyi/UAV_siyi_stream.py -> /home/jetson/ros2_link_ws/build/kari_UAV_siyi/build/lib/kari_UAV_siyi
[2.959s] running install
[2.959s] running install_lib
[2.968s] copying /home/jetson/ros2_link_ws/build/kari_UAV_siyi/build/lib/kari_UAV_siyi/UAV_siyi_stream.py -> /home/jetson/ros2_link_ws/install/kari_UAV_siyi/lib/python3.10/site-packages/kari_UAV_siyi
[2.980s] byte-compiling /home/jetson/ros2_link_ws/install/kari_UAV_siyi/lib/python3.10/site-packages/kari_UAV_siyi/UAV_siyi_stream.py to UAV_siyi_stream.cpython-310.pyc
[2.987s] running install_data
[2.988s] running install_egg_info
[2.991s] removing '/home/jetson/ros2_link_ws/install/kari_UAV_siyi/lib/python3.10/site-packages/kari_UAV_siyi-0.0.0-py3.10.egg-info' (and everything under it)
[3.004s] Copying ../../build/kari_UAV_siyi/kari_UAV_siyi.egg-info to /home/jetson/ros2_link_ws/install/kari_UAV_siyi/lib/python3.10/site-packages/kari_UAV_siyi-0.0.0-py3.10.egg-info
[3.004s] running install_scripts
[3.134s] Installing siyi_control_node script to /home/jetson/ros2_link_ws/install/kari_UAV_siyi/lib/kari_UAV_siyi
[3.136s] Installing siyi_stream_node script to /home/jetson/ros2_link_ws/install/kari_UAV_siyi/lib/kari_UAV_siyi
[3.139s] writing list of installed files to '/home/jetson/ros2_link_ws/build/kari_UAV_siyi/install.log'
[3.273s] Invoked command in '/home/jetson/ros2_link_ws/src/kari_UAV_siyi' returned '0': PYTHONPATH=/home/jetson/ros2_link_ws/build/kari_UAV_siyi/prefix_override:/usr/lib/python3/dist-packages/colcon_core/task/python/colcon_distutils_commands:/home/jetson/ros2_link_ws/install/kari_UAV_siyi/lib/python3.10/site-packages:${PYTHONPATH} /usr/bin/python3 -W ignore:setup.py install is deprecated setup.py egg_info --egg-base ../../build/kari_UAV_siyi build --build-base /home/jetson/ros2_link_ws/build/kari_UAV_siyi/build install --record /home/jetson/ros2_link_ws/build/kari_UAV_siyi/install.log --single-version-externally-managed install_data
