[0.012s] Invoking command in '/home/ros2mc/ros2_ws/build/px4_msgs': /usr/bin/cmake /home/ros2mc/ros2_ws/src/px4_msgs -DCMAKE_INSTALL_PREFIX=/home/ros2mc/ros2_ws/install/px4_msgs
[0.124s] -- The C compiler identification is GNU 11.4.0
[0.217s] -- The CXX compiler identification is GNU 11.4.0
[0.233s] -- Detecting C compiler ABI info
[0.349s] -- Detecting C compiler ABI info - done
[0.372s] -- Check for working C compiler: /usr/bin/cc - skipped
[0.375s] -- Detecting C compile features
[0.377s] -- Detecting C compile features - done
[0.385s] -- Detecting CXX compiler ABI info
[0.517s] -- Detecting CXX compiler ABI info - done
[0.541s] -- Check for working CXX compiler: /usr/bin/c++ - skipped
[0.541s] -- Detecting CXX compile features
[0.543s] -- Detecting CXX compile features - done
[0.565s] [31mCMake Error at CMakeLists.txt:11 (find_package):
[0.565s]   By not providing "Findament_cmake.cmake" in CMAKE_MODULE_PATH this project
[0.565s]   has asked CMake to find a package configuration file provided by
[0.565s]   "ament_cmake", but CMake did not find one.
[0.566s] 
[0.566s]   Could not find a package configuration file provided by "ament_cmake" with
[0.566s]   any of the following names:
[0.566s] 
[0.566s]     ament_cmakeConfig.cmake
[0.566s]     ament_cmake-config.cmake
[0.566s] 
[0.566s]   Add the installation prefix of "ament_cmake" to CMAKE_PREFIX_PATH or set
[0.567s]   "ament_cmake_DIR" to a directory containing one of the above files.  If
[0.567s]   "ament_cmake" provides a separate development package or SDK, be sure it
[0.567s]   has been installed.
[0.567s] 
[0.567s] [0m
[0.567s] -- Configuring incomplete, errors occurred!
[0.567s] See also "/home/ros2mc/ros2_ws/build/px4_msgs/CMakeFiles/CMakeOutput.log".
[0.573s] Invoked command in '/home/ros2mc/ros2_ws/build/px4_msgs' returned '1': /usr/bin/cmake /home/ros2mc/ros2_ws/src/px4_msgs -DCMAKE_INSTALL_PREFIX=/home/ros2mc/ros2_ws/install/px4_msgs
