[3.520s] Invoking command in '/home/jetson/ros2_link_ws/src/run_uav': PYTHONPATH=/home/jetson/ros2_link_ws/build/run_uav/prefix_override:/usr/lib/python3/dist-packages/colcon_core/task/python/colcon_distutils_commands:/home/jetson/ros2_link_ws/install/run_uav/lib/python3.10/site-packages:${PYTHONPATH} /usr/bin/python3 -W ignore:setup.py install is deprecated setup.py egg_info --egg-base ../../build/run_uav build --build-base /home/jetson/ros2_link_ws/build/run_uav/build install --record /home/jetson/ros2_link_ws/build/run_uav/install.log --single-version-externally-managed install_data
[4.449s] running egg_info
[4.450s] writing ../../build/run_uav/run_uav.egg-info/PKG-INFO
[4.450s] writing dependency_links to ../../build/run_uav/run_uav.egg-info/dependency_links.txt
[4.450s] writing entry points to ../../build/run_uav/run_uav.egg-info/entry_points.txt
[4.450s] writing requirements to ../../build/run_uav/run_uav.egg-info/requires.txt
[4.451s] writing top-level names to ../../build/run_uav/run_uav.egg-info/top_level.txt
[4.451s] reading manifest file '../../build/run_uav/run_uav.egg-info/SOURCES.txt'
[4.451s] writing manifest file '../../build/run_uav/run_uav.egg-info/SOURCES.txt'
[4.451s] running build
[4.451s] running build_py
[4.451s] running install
[4.452s] running install_lib
[4.452s] running install_data
[4.452s] running install_egg_info
[4.452s] removing '/home/jetson/ros2_link_ws/install/run_uav/lib/python3.10/site-packages/run_uav-0.0.0-py3.10.egg-info' (and everything under it)
[4.452s] Copying ../../build/run_uav/run_uav.egg-info to /home/jetson/ros2_link_ws/install/run_uav/lib/python3.10/site-packages/run_uav-0.0.0-py3.10.egg-info
[4.452s] running install_scripts
[4.452s] writing list of installed files to '/home/jetson/ros2_link_ws/build/run_uav/install.log'
[4.454s] Invoked command in '/home/jetson/ros2_link_ws/src/run_uav' returned '0': PYTHONPATH=/home/jetson/ros2_link_ws/build/run_uav/prefix_override:/usr/lib/python3/dist-packages/colcon_core/task/python/colcon_distutils_commands:/home/jetson/ros2_link_ws/install/run_uav/lib/python3.10/site-packages:${PYTHONPATH} /usr/bin/python3 -W ignore:setup.py install is deprecated setup.py egg_info --egg-base ../../build/run_uav build --build-base /home/jetson/ros2_link_ws/build/run_uav/build install --record /home/jetson/ros2_link_ws/build/run_uav/install.log --single-version-externally-managed install_data
