[0.308s] DEBUG:colcon:Command line arguments: ['/usr/bin/colcon', 'build']
[0.308s] DEBUG:colcon:Parsed command line arguments: Namespace(log_base=None, log_level=None, verb_name='build', build_base='build', install_base='install', merge_install=False, symlink_install=False, test_result_base=None, continue_on_error=False, executor='parallel', parallel_workers=6, event_handlers=None, ignore_user_meta=False, metas=['./colcon.meta'], base_paths=['.'], packages_ignore=None, packages_ignore_regex=None, paths=None, packages_up_to=None, packages_up_to_regex=None, packages_above=None, packages_above_and_dependencies=None, packages_above_depth=None, packages_select_by_dep=None, packages_skip_by_dep=None, packages_skip_up_to=None, packages_select_build_failed=False, packages_skip_build_finished=False, packages_select_test_failures=False, packages_skip_test_passed=False, packages_select=None, packages_skip=None, packages_select_regex=None, packages_skip_regex=None, packages_start=None, packages_end=None, allow_overriding=[], cmake_args=None, cmake_target=None, cmake_target_skip_unavailable=False, cmake_clean_cache=False, cmake_clean_first=False, cmake_force_configure=False, ament_cmake_args=None, catkin_cmake_args=None, catkin_skip_building_tests=False, verb_parser=<colcon_defaults.argument_parser.defaults.DefaultArgumentsDecorator object at 0xffffa3350160>, verb_extension=<colcon_core.verb.build.BuildVerb object at 0xffffa3323cd0>, main=<bound method BuildVerb.main of <colcon_core.verb.build.BuildVerb object at 0xffffa3323cd0>>)
[0.676s] Level 1:colcon.colcon_core.package_discovery:discover_packages(colcon_meta) check parameters
[0.676s] Level 1:colcon.colcon_core.package_discovery:discover_packages(recursive) check parameters
[0.676s] Level 1:colcon.colcon_core.package_discovery:discover_packages(ignore) check parameters
[0.677s] Level 1:colcon.colcon_core.package_discovery:discover_packages(path) check parameters
[0.677s] Level 1:colcon.colcon_core.package_discovery:discover_packages(colcon_meta) discover
[0.677s] Level 1:colcon.colcon_core.package_discovery:discover_packages(recursive) discover
[0.677s] INFO:colcon.colcon_core.package_discovery:Crawling recursively for packages in '/home/ros2mc/ros2_ws'
[0.677s] Level 1:colcon.colcon_core.package_identification:_identify(.) by extensions ['ignore', 'ignore_ament_install']
[0.677s] Level 1:colcon.colcon_core.package_identification:_identify(.) by extension 'ignore'
[0.677s] Level 1:colcon.colcon_core.package_identification:_identify(.) by extension 'ignore_ament_install'
[0.678s] Level 1:colcon.colcon_core.package_identification:_identify(.) by extensions ['colcon_pkg']
[0.678s] Level 1:colcon.colcon_core.package_identification:_identify(.) by extension 'colcon_pkg'
[0.678s] Level 1:colcon.colcon_core.package_identification:_identify(.) by extensions ['colcon_meta']
[0.678s] Level 1:colcon.colcon_core.package_identification:_identify(.) by extension 'colcon_meta'
[0.678s] Level 1:colcon.colcon_core.package_identification:_identify(.) by extensions ['ros']
[0.678s] Level 1:colcon.colcon_core.package_identification:_identify(.) by extension 'ros'
[0.714s] Level 1:colcon.colcon_core.package_identification:_identify(.) by extensions ['cmake', 'python']
[0.714s] Level 1:colcon.colcon_core.package_identification:_identify(.) by extension 'cmake'
[0.714s] Level 1:colcon.colcon_core.package_identification:_identify(.) by extension 'python'
[0.714s] Level 1:colcon.colcon_core.package_identification:_identify(.) by extensions ['python_setup_py']
[0.714s] Level 1:colcon.colcon_core.package_identification:_identify(.) by extension 'python_setup_py'
[0.715s] Level 1:colcon.colcon_core.package_identification:_identify(build) by extensions ['ignore', 'ignore_ament_install']
[0.715s] Level 1:colcon.colcon_core.package_identification:_identify(build) by extension 'ignore'
[0.715s] Level 1:colcon.colcon_core.package_identification:_identify(build) ignored
[0.716s] Level 1:colcon.colcon_core.package_identification:_identify(install) by extensions ['ignore', 'ignore_ament_install']
[0.716s] Level 1:colcon.colcon_core.package_identification:_identify(install) by extension 'ignore'
[0.716s] Level 1:colcon.colcon_core.package_identification:_identify(install) ignored
[0.717s] Level 1:colcon.colcon_core.package_identification:_identify(log) by extensions ['ignore', 'ignore_ament_install']
[0.717s] Level 1:colcon.colcon_core.package_identification:_identify(log) by extension 'ignore'
[0.717s] Level 1:colcon.colcon_core.package_identification:_identify(log) ignored
[0.717s] Level 1:colcon.colcon_core.package_identification:_identify(src) by extensions ['ignore', 'ignore_ament_install']
[0.717s] Level 1:colcon.colcon_core.package_identification:_identify(src) by extension 'ignore'
[0.717s] Level 1:colcon.colcon_core.package_identification:_identify(src) by extension 'ignore_ament_install'
[0.718s] Level 1:colcon.colcon_core.package_identification:_identify(src) by extensions ['colcon_pkg']
[0.718s] Level 1:colcon.colcon_core.package_identification:_identify(src) by extension 'colcon_pkg'
[0.718s] Level 1:colcon.colcon_core.package_identification:_identify(src) by extensions ['colcon_meta']
[0.718s] Level 1:colcon.colcon_core.package_identification:_identify(src) by extension 'colcon_meta'
[0.718s] Level 1:colcon.colcon_core.package_identification:_identify(src) by extensions ['ros']
[0.718s] Level 1:colcon.colcon_core.package_identification:_identify(src) by extension 'ros'
[0.718s] Level 1:colcon.colcon_core.package_identification:_identify(src) by extensions ['cmake', 'python']
[0.718s] Level 1:colcon.colcon_core.package_identification:_identify(src) by extension 'cmake'
[0.718s] Level 1:colcon.colcon_core.package_identification:_identify(src) by extension 'python'
[0.718s] Level 1:colcon.colcon_core.package_identification:_identify(src) by extensions ['python_setup_py']
[0.719s] Level 1:colcon.colcon_core.package_identification:_identify(src) by extension 'python_setup_py'
[0.719s] Level 1:colcon.colcon_core.package_identification:_identify(src/build) by extensions ['ignore', 'ignore_ament_install']
[0.719s] Level 1:colcon.colcon_core.package_identification:_identify(src/build) by extension 'ignore'
[0.719s] Level 1:colcon.colcon_core.package_identification:_identify(src/build) ignored
[0.720s] Level 1:colcon.colcon_core.package_identification:_identify(src/install) by extensions ['ignore', 'ignore_ament_install']
[0.720s] Level 1:colcon.colcon_core.package_identification:_identify(src/install) by extension 'ignore'
[0.720s] Level 1:colcon.colcon_core.package_identification:_identify(src/install) ignored
[0.721s] Level 1:colcon.colcon_core.package_identification:_identify(src/kari-drone-system) by extensions ['ignore', 'ignore_ament_install']
[0.721s] Level 1:colcon.colcon_core.package_identification:_identify(src/kari-drone-system) by extension 'ignore'
[0.721s] Level 1:colcon.colcon_core.package_identification:_identify(src/kari-drone-system) by extension 'ignore_ament_install'
[0.721s] Level 1:colcon.colcon_core.package_identification:_identify(src/kari-drone-system) by extensions ['colcon_pkg']
[0.721s] Level 1:colcon.colcon_core.package_identification:_identify(src/kari-drone-system) by extension 'colcon_pkg'
[0.721s] Level 1:colcon.colcon_core.package_identification:_identify(src/kari-drone-system) by extensions ['colcon_meta']
[0.721s] Level 1:colcon.colcon_core.package_identification:_identify(src/kari-drone-system) by extension 'colcon_meta'
[0.722s] Level 1:colcon.colcon_core.package_identification:_identify(src/kari-drone-system) by extensions ['ros']
[0.722s] Level 1:colcon.colcon_core.package_identification:_identify(src/kari-drone-system) by extension 'ros'
[0.728s] DEBUG:colcon.colcon_core.package_identification:Package 'src/kari-drone-system' with type 'ros.ament_cmake' and name 'kari-drone-system'
[0.728s] Level 1:colcon.colcon_core.package_identification:_identify(src/kari_UAV_siyi) by extensions ['ignore', 'ignore_ament_install']
[0.729s] Level 1:colcon.colcon_core.package_identification:_identify(src/kari_UAV_siyi) by extension 'ignore'
[0.729s] Level 1:colcon.colcon_core.package_identification:_identify(src/kari_UAV_siyi) by extension 'ignore_ament_install'
[0.729s] Level 1:colcon.colcon_core.package_identification:_identify(src/kari_UAV_siyi) by extensions ['colcon_pkg']
[0.729s] Level 1:colcon.colcon_core.package_identification:_identify(src/kari_UAV_siyi) by extension 'colcon_pkg'
[0.729s] Level 1:colcon.colcon_core.package_identification:_identify(src/kari_UAV_siyi) by extensions ['colcon_meta']
[0.729s] Level 1:colcon.colcon_core.package_identification:_identify(src/kari_UAV_siyi) by extension 'colcon_meta'
[0.729s] Level 1:colcon.colcon_core.package_identification:_identify(src/kari_UAV_siyi) by extensions ['ros']
[0.729s] Level 1:colcon.colcon_core.package_identification:_identify(src/kari_UAV_siyi) by extension 'ros'
[0.731s] DEBUG:colcon.colcon_core.package_identification:Package 'src/kari_UAV_siyi' with type 'ros.ament_python' and name 'kari_UAV_siyi'
[0.731s] Level 1:colcon.colcon_core.package_identification:_identify(src/log) by extensions ['ignore', 'ignore_ament_install']
[0.732s] Level 1:colcon.colcon_core.package_identification:_identify(src/log) by extension 'ignore'
[0.732s] Level 1:colcon.colcon_core.package_identification:_identify(src/log) ignored
[0.732s] Level 1:colcon.colcon_core.package_identification:_identify(src/px4_msgs) by extensions ['ignore', 'ignore_ament_install']
[0.733s] Level 1:colcon.colcon_core.package_identification:_identify(src/px4_msgs) by extension 'ignore'
[0.733s] Level 1:colcon.colcon_core.package_identification:_identify(src/px4_msgs) by extension 'ignore_ament_install'
[0.733s] Level 1:colcon.colcon_core.package_identification:_identify(src/px4_msgs) by extensions ['colcon_pkg']
[0.733s] Level 1:colcon.colcon_core.package_identification:_identify(src/px4_msgs) by extension 'colcon_pkg'
[0.733s] Level 1:colcon.colcon_core.package_identification:_identify(src/px4_msgs) by extensions ['colcon_meta']
[0.733s] Level 1:colcon.colcon_core.package_identification:_identify(src/px4_msgs) by extension 'colcon_meta'
[0.733s] Level 1:colcon.colcon_core.package_identification:_identify(src/px4_msgs) by extensions ['ros']
[0.733s] Level 1:colcon.colcon_core.package_identification:_identify(src/px4_msgs) by extension 'ros'
[0.735s] DEBUG:colcon.colcon_core.package_identification:Package 'src/px4_msgs' with type 'ros.ament_cmake' and name 'px4_msgs'
[0.736s] Level 1:colcon.colcon_core.package_discovery:discover_packages(recursive) using defaults
[0.736s] Level 1:colcon.colcon_core.package_discovery:discover_packages(ignore) discover
[0.736s] Level 1:colcon.colcon_core.package_discovery:discover_packages(ignore) using defaults
[0.736s] Level 1:colcon.colcon_core.package_discovery:discover_packages(path) discover
[0.736s] Level 1:colcon.colcon_core.package_discovery:discover_packages(path) using defaults
[0.785s] Level 1:colcon.colcon_core.package_discovery:discover_packages(prefix_path) check parameters
[0.785s] Level 1:colcon.colcon_core.package_discovery:discover_packages(prefix_path) discover
[0.791s] DEBUG:colcon.colcon_installed_package_information.package_discovery:Found 3 installed packages in /home/ros2mc/ros2_ws/install
[0.793s] DEBUG:colcon.colcon_installed_package_information.package_discovery:Found 180 installed packages in /opt/ros/humble
[0.795s] Level 1:colcon.colcon_core.package_discovery:discover_packages(prefix_path) using defaults
[0.893s] Level 5:colcon.colcon_core.verb:set package 'kari-drone-system' build argument 'cmake_args' from command line to 'None'
[0.894s] Level 5:colcon.colcon_core.verb:set package 'kari-drone-system' build argument 'cmake_target' from command line to 'None'
[0.894s] Level 5:colcon.colcon_core.verb:set package 'kari-drone-system' build argument 'cmake_target_skip_unavailable' from command line to 'False'
[0.894s] Level 5:colcon.colcon_core.verb:set package 'kari-drone-system' build argument 'cmake_clean_cache' from command line to 'False'
[0.894s] Level 5:colcon.colcon_core.verb:set package 'kari-drone-system' build argument 'cmake_clean_first' from command line to 'False'
[0.894s] Level 5:colcon.colcon_core.verb:set package 'kari-drone-system' build argument 'cmake_force_configure' from command line to 'False'
[0.894s] Level 5:colcon.colcon_core.verb:set package 'kari-drone-system' build argument 'ament_cmake_args' from command line to 'None'
[0.894s] Level 5:colcon.colcon_core.verb:set package 'kari-drone-system' build argument 'catkin_cmake_args' from command line to 'None'
[0.894s] Level 5:colcon.colcon_core.verb:set package 'kari-drone-system' build argument 'catkin_skip_building_tests' from command line to 'False'
[0.894s] DEBUG:colcon.colcon_core.verb:Building package 'kari-drone-system' with the following arguments: {'ament_cmake_args': None, 'build_base': '/home/ros2mc/ros2_ws/build/kari-drone-system', 'catkin_cmake_args': None, 'catkin_skip_building_tests': False, 'cmake_args': None, 'cmake_clean_cache': False, 'cmake_clean_first': False, 'cmake_force_configure': False, 'cmake_target': None, 'cmake_target_skip_unavailable': False, 'install_base': '/home/ros2mc/ros2_ws/install/kari-drone-system', 'merge_install': False, 'path': '/home/ros2mc/ros2_ws/src/kari-drone-system', 'symlink_install': False, 'test_result_base': None}
[0.895s] Level 5:colcon.colcon_core.verb:set package 'kari_UAV_siyi' build argument 'cmake_args' from command line to 'None'
[0.895s] Level 5:colcon.colcon_core.verb:set package 'kari_UAV_siyi' build argument 'cmake_target' from command line to 'None'
[0.895s] Level 5:colcon.colcon_core.verb:set package 'kari_UAV_siyi' build argument 'cmake_target_skip_unavailable' from command line to 'False'
[0.895s] Level 5:colcon.colcon_core.verb:set package 'kari_UAV_siyi' build argument 'cmake_clean_cache' from command line to 'False'
[0.895s] Level 5:colcon.colcon_core.verb:set package 'kari_UAV_siyi' build argument 'cmake_clean_first' from command line to 'False'
[0.895s] Level 5:colcon.colcon_core.verb:set package 'kari_UAV_siyi' build argument 'cmake_force_configure' from command line to 'False'
[0.895s] Level 5:colcon.colcon_core.verb:set package 'kari_UAV_siyi' build argument 'ament_cmake_args' from command line to 'None'
[0.895s] Level 5:colcon.colcon_core.verb:set package 'kari_UAV_siyi' build argument 'catkin_cmake_args' from command line to 'None'
[0.896s] Level 5:colcon.colcon_core.verb:set package 'kari_UAV_siyi' build argument 'catkin_skip_building_tests' from command line to 'False'
[0.896s] DEBUG:colcon.colcon_core.verb:Building package 'kari_UAV_siyi' with the following arguments: {'ament_cmake_args': None, 'build_base': '/home/ros2mc/ros2_ws/build/kari_UAV_siyi', 'catkin_cmake_args': None, 'catkin_skip_building_tests': False, 'cmake_args': None, 'cmake_clean_cache': False, 'cmake_clean_first': False, 'cmake_force_configure': False, 'cmake_target': None, 'cmake_target_skip_unavailable': False, 'install_base': '/home/ros2mc/ros2_ws/install/kari_UAV_siyi', 'merge_install': False, 'path': '/home/ros2mc/ros2_ws/src/kari_UAV_siyi', 'symlink_install': False, 'test_result_base': None}
[0.896s] Level 5:colcon.colcon_core.verb:set package 'px4_msgs' build argument 'cmake_args' from command line to 'None'
[0.896s] Level 5:colcon.colcon_core.verb:set package 'px4_msgs' build argument 'cmake_target' from command line to 'None'
[0.896s] Level 5:colcon.colcon_core.verb:set package 'px4_msgs' build argument 'cmake_target_skip_unavailable' from command line to 'False'
[0.896s] Level 5:colcon.colcon_core.verb:set package 'px4_msgs' build argument 'cmake_clean_cache' from command line to 'False'
[0.896s] Level 5:colcon.colcon_core.verb:set package 'px4_msgs' build argument 'cmake_clean_first' from command line to 'False'
[0.897s] Level 5:colcon.colcon_core.verb:set package 'px4_msgs' build argument 'cmake_force_configure' from command line to 'False'
[0.897s] Level 5:colcon.colcon_core.verb:set package 'px4_msgs' build argument 'ament_cmake_args' from command line to 'None'
[0.897s] Level 5:colcon.colcon_core.verb:set package 'px4_msgs' build argument 'catkin_cmake_args' from command line to 'None'
[0.897s] Level 5:colcon.colcon_core.verb:set package 'px4_msgs' build argument 'catkin_skip_building_tests' from command line to 'False'
[0.897s] DEBUG:colcon.colcon_core.verb:Building package 'px4_msgs' with the following arguments: {'ament_cmake_args': None, 'build_base': '/home/ros2mc/ros2_ws/build/px4_msgs', 'catkin_cmake_args': None, 'catkin_skip_building_tests': False, 'cmake_args': None, 'cmake_clean_cache': False, 'cmake_clean_first': False, 'cmake_force_configure': False, 'cmake_target': None, 'cmake_target_skip_unavailable': False, 'install_base': '/home/ros2mc/ros2_ws/install/px4_msgs', 'merge_install': False, 'path': '/home/ros2mc/ros2_ws/src/px4_msgs', 'symlink_install': False, 'test_result_base': None}
[0.897s] INFO:colcon.colcon_core.executor:Executing jobs using 'parallel' executor
[0.899s] DEBUG:colcon.colcon_parallel_executor.executor.parallel:run_until_complete
[0.900s] INFO:colcon.colcon_ros.task.ament_cmake.build:Building ROS package in '/home/ros2mc/ros2_ws/src/kari-drone-system' with build type 'ament_cmake'
[0.901s] INFO:colcon.colcon_cmake.task.cmake.build:Building CMake package in '/home/ros2mc/ros2_ws/src/kari-drone-system'
[0.910s] INFO:colcon.colcon_core.plugin_system:Skipping extension 'colcon_core.shell.bat': Not used on non-Windows systems
[0.910s] INFO:colcon.colcon_core.shell:Skip shell extension 'powershell' for command environment: Not usable outside of PowerShell
[0.910s] DEBUG:colcon.colcon_core.shell:Skip shell extension 'dsv' for command environment
[0.920s] INFO:colcon.colcon_ros.task.ament_python.build:Building ROS package in '/home/ros2mc/ros2_ws/src/kari_UAV_siyi' with build type 'ament_python'
[0.921s] Level 1:colcon.colcon_core.shell:create_environment_hook('kari_UAV_siyi', 'ament_prefix_path')
[0.921s] INFO:colcon.colcon_core.shell:Creating environment hook '/home/ros2mc/ros2_ws/install/kari_UAV_siyi/share/kari_UAV_siyi/hook/ament_prefix_path.ps1'
[0.925s] INFO:colcon.colcon_core.shell:Creating environment descriptor '/home/ros2mc/ros2_ws/install/kari_UAV_siyi/share/kari_UAV_siyi/hook/ament_prefix_path.dsv'
[0.926s] INFO:colcon.colcon_core.shell:Creating environment hook '/home/ros2mc/ros2_ws/install/kari_UAV_siyi/share/kari_UAV_siyi/hook/ament_prefix_path.sh'
[0.928s] INFO:colcon.colcon_core.shell:Skip shell extension 'powershell' for command environment: Not usable outside of PowerShell
[0.928s] DEBUG:colcon.colcon_core.shell:Skip shell extension 'dsv' for command environment
[0.937s] INFO:colcon.colcon_ros.task.ament_cmake.build:Building ROS package in '/home/ros2mc/ros2_ws/src/px4_msgs' with build type 'ament_cmake'
[0.938s] INFO:colcon.colcon_cmake.task.cmake.build:Building CMake package in '/home/ros2mc/ros2_ws/src/px4_msgs'
[0.938s] INFO:colcon.colcon_core.shell:Skip shell extension 'powershell' for command environment: Not usable outside of PowerShell
[0.939s] DEBUG:colcon.colcon_core.shell:Skip shell extension 'dsv' for command environment
[0.957s] DEBUG:colcon.colcon_core.event_handler.log_command:Invoking command in '/home/ros2mc/ros2_ws/build/kari-drone-system': CMAKE_PREFIX_PATH=${CMAKE_PREFIX_PATH}:/home/ros2mc/ros2_ws/install/kari_UAV_siyi:/opt/ros/humble /usr/bin/cmake --build /home/ros2mc/ros2_ws/build/kari-drone-system -- -j6 -l6
[1.575s] INFO:colcon.colcon_core.task.python.build:Building Python package in '/home/ros2mc/ros2_ws/src/kari_UAV_siyi'
[1.576s] INFO:colcon.colcon_core.shell:Skip shell extension 'powershell' for command environment: Not usable outside of PowerShell
[1.576s] DEBUG:colcon.colcon_core.shell:Skip shell extension 'dsv' for command environment
[1.589s] DEBUG:colcon.colcon_core.event_handler.log_command:Invoking command in '/home/ros2mc/ros2_ws/build/px4_msgs': CMAKE_PREFIX_PATH=${CMAKE_PREFIX_PATH}:/home/ros2mc/ros2_ws/install/kari_UAV_siyi:/opt/ros/humble /usr/bin/cmake --build /home/ros2mc/ros2_ws/build/px4_msgs -- -j6 -l6
[1.598s] DEBUG:colcon.colcon_core.event_handler.log_command:Invoked command in '/home/ros2mc/ros2_ws/build/kari-drone-system' returned '0': CMAKE_PREFIX_PATH=${CMAKE_PREFIX_PATH}:/home/ros2mc/ros2_ws/install/kari_UAV_siyi:/opt/ros/humble /usr/bin/cmake --build /home/ros2mc/ros2_ws/build/kari-drone-system -- -j6 -l6
[1.675s] DEBUG:colcon.colcon_core.event_handler.log_command:Invoking command in '/home/ros2mc/ros2_ws/build/kari-drone-system': CMAKE_PREFIX_PATH=${CMAKE_PREFIX_PATH}:/home/ros2mc/ros2_ws/install/kari_UAV_siyi:/opt/ros/humble /usr/bin/cmake --install /home/ros2mc/ros2_ws/build/kari-drone-system
[2.763s] DEBUG:colcon.colcon_core.event_handler.log_command:Invoking command in '/home/ros2mc/ros2_ws/src/kari_UAV_siyi': PYTHONPATH=/home/ros2mc/ros2_ws/build/kari_UAV_siyi/prefix_override:/usr/lib/python3/dist-packages/colcon_core/task/python/colcon_distutils_commands:/home/ros2mc/ros2_ws/install/kari_UAV_siyi/lib/python3.10/site-packages:${PYTHONPATH} /usr/bin/python3 -W ignore:setup.py install is deprecated setup.py egg_info --egg-base ../../build/kari_UAV_siyi build --build-base /home/ros2mc/ros2_ws/build/kari_UAV_siyi/build install --record /home/ros2mc/ros2_ws/build/kari_UAV_siyi/install.log --single-version-externally-managed install_data
[3.477s] Level 1:colcon.colcon_core.environment:checking '/home/ros2mc/ros2_ws/install/kari_UAV_siyi' for CMake module files
[3.486s] Level 1:colcon.colcon_core.environment:checking '/home/ros2mc/ros2_ws/install/kari_UAV_siyi' for CMake config files
[3.489s] Level 1:colcon.colcon_core.environment:checking '/home/ros2mc/ros2_ws/install/kari_UAV_siyi/lib'
[3.491s] Level 1:colcon.colcon_core.environment:checking '/home/ros2mc/ros2_ws/install/kari_UAV_siyi/bin'
[3.491s] Level 1:colcon.colcon_core.environment:checking '/home/ros2mc/ros2_ws/install/kari_UAV_siyi/lib/pkgconfig/kari_UAV_siyi.pc'
[3.491s] Level 1:colcon.colcon_core.environment:checking '/home/ros2mc/ros2_ws/install/kari_UAV_siyi/lib/python3.10/site-packages'
[3.492s] Level 1:colcon.colcon_core.shell:create_environment_hook('kari_UAV_siyi', 'pythonpath')
[3.493s] INFO:colcon.colcon_core.shell:Creating environment hook '/home/ros2mc/ros2_ws/install/kari_UAV_siyi/share/kari_UAV_siyi/hook/pythonpath.ps1'
[3.495s] INFO:colcon.colcon_core.shell:Creating environment descriptor '/home/ros2mc/ros2_ws/install/kari_UAV_siyi/share/kari_UAV_siyi/hook/pythonpath.dsv'
[3.496s] INFO:colcon.colcon_core.shell:Creating environment hook '/home/ros2mc/ros2_ws/install/kari_UAV_siyi/share/kari_UAV_siyi/hook/pythonpath.sh'
[3.498s] Level 1:colcon.colcon_core.environment:checking '/home/ros2mc/ros2_ws/install/kari_UAV_siyi/bin'
[3.500s] Level 1:colcon.colcon_core.environment:create_environment_scripts_only(kari_UAV_siyi)
[3.501s] INFO:colcon.colcon_core.shell:Creating package script '/home/ros2mc/ros2_ws/install/kari_UAV_siyi/share/kari_UAV_siyi/package.ps1'
[3.507s] INFO:colcon.colcon_core.shell:Creating package descriptor '/home/ros2mc/ros2_ws/install/kari_UAV_siyi/share/kari_UAV_siyi/package.dsv'
[3.513s] INFO:colcon.colcon_core.shell:Creating package script '/home/ros2mc/ros2_ws/install/kari_UAV_siyi/share/kari_UAV_siyi/package.sh'
[3.521s] INFO:colcon.colcon_core.shell:Creating package script '/home/ros2mc/ros2_ws/install/kari_UAV_siyi/share/kari_UAV_siyi/package.bash'
[3.529s] INFO:colcon.colcon_core.shell:Creating package script '/home/ros2mc/ros2_ws/install/kari_UAV_siyi/share/kari_UAV_siyi/package.zsh'
[3.535s] Level 1:colcon.colcon_core.environment:create_file_with_runtime_dependencies(/home/ros2mc/ros2_ws/install/kari_UAV_siyi/share/colcon-core/packages/kari_UAV_siyi)
[3.941s] DEBUG:colcon.colcon_core.event_handler.log_command:Invoked command in '/home/ros2mc/ros2_ws/src/kari_UAV_siyi' returned '0': PYTHONPATH=/home/ros2mc/ros2_ws/build/kari_UAV_siyi/prefix_override:/usr/lib/python3/dist-packages/colcon_core/task/python/colcon_distutils_commands:/home/ros2mc/ros2_ws/install/kari_UAV_siyi/lib/python3.10/site-packages:${PYTHONPATH} /usr/bin/python3 -W ignore:setup.py install is deprecated setup.py egg_info --egg-base ../../build/kari_UAV_siyi build --build-base /home/ros2mc/ros2_ws/build/kari_UAV_siyi/build install --record /home/ros2mc/ros2_ws/build/kari_UAV_siyi/install.log --single-version-externally-managed install_data
[4.111s] Level 1:colcon.colcon_core.environment:create_environment_scripts_only(kari-drone-system)
[4.112s] Level 1:colcon.colcon_core.environment:checking '/home/ros2mc/ros2_ws/install/kari-drone-system' for CMake module files
[4.116s] Level 1:colcon.colcon_core.environment:checking '/home/ros2mc/ros2_ws/install/kari-drone-system' for CMake config files
[4.501s] Level 1:colcon.colcon_core.shell:create_environment_hook('kari-drone-system', 'cmake_prefix_path')
[4.502s] INFO:colcon.colcon_core.shell:Creating environment hook '/home/ros2mc/ros2_ws/install/kari-drone-system/share/kari-drone-system/hook/cmake_prefix_path.ps1'
[4.504s] INFO:colcon.colcon_core.shell:Creating environment descriptor '/home/ros2mc/ros2_ws/install/kari-drone-system/share/kari-drone-system/hook/cmake_prefix_path.dsv'
[4.505s] INFO:colcon.colcon_core.shell:Creating environment hook '/home/ros2mc/ros2_ws/install/kari-drone-system/share/kari-drone-system/hook/cmake_prefix_path.sh'
[4.506s] Level 1:colcon.colcon_core.environment:checking '/home/ros2mc/ros2_ws/install/kari-drone-system/bin'
[4.506s] Level 1:colcon.colcon_core.environment:checking '/home/ros2mc/ros2_ws/install/kari-drone-system/lib/pkgconfig/kari-drone-system.pc'
[4.507s] Level 1:colcon.colcon_core.environment:checking '/home/ros2mc/ros2_ws/install/kari-drone-system/lib/python3.10/site-packages'
[4.508s] Level 1:colcon.colcon_core.environment:checking '/home/ros2mc/ros2_ws/install/kari-drone-system/bin'
[4.509s] INFO:colcon.colcon_core.shell:Creating package script '/home/ros2mc/ros2_ws/install/kari-drone-system/share/kari-drone-system/package.ps1'
[4.511s] INFO:colcon.colcon_core.shell:Creating package descriptor '/home/ros2mc/ros2_ws/install/kari-drone-system/share/kari-drone-system/package.dsv'
[4.513s] INFO:colcon.colcon_core.shell:Creating package script '/home/ros2mc/ros2_ws/install/kari-drone-system/share/kari-drone-system/package.sh'
[4.515s] INFO:colcon.colcon_core.shell:Creating package script '/home/ros2mc/ros2_ws/install/kari-drone-system/share/kari-drone-system/package.bash'
[4.516s] INFO:colcon.colcon_core.shell:Creating package script '/home/ros2mc/ros2_ws/install/kari-drone-system/share/kari-drone-system/package.zsh'
[4.517s] Level 1:colcon.colcon_core.environment:create_file_with_runtime_dependencies(/home/ros2mc/ros2_ws/install/kari-drone-system/share/colcon-core/packages/kari-drone-system)
[4.576s] Level 1:colcon.colcon_core.environment:create_environment_scripts_only(kari-drone-system)
[4.577s] Level 1:colcon.colcon_core.environment:checking '/home/ros2mc/ros2_ws/install/kari-drone-system' for CMake module files
[4.579s] Level 1:colcon.colcon_core.environment:checking '/home/ros2mc/ros2_ws/install/kari-drone-system' for CMake config files
[5.016s] DEBUG:colcon.colcon_core.event_handler.log_command:Invoked command in '/home/ros2mc/ros2_ws/build/kari-drone-system' returned '0': CMAKE_PREFIX_PATH=${CMAKE_PREFIX_PATH}:/home/ros2mc/ros2_ws/install/kari_UAV_siyi:/opt/ros/humble /usr/bin/cmake --install /home/ros2mc/ros2_ws/build/kari-drone-system
[5.029s] Level 1:colcon.colcon_core.shell:create_environment_hook('kari-drone-system', 'cmake_prefix_path')
[5.030s] INFO:colcon.colcon_core.shell:Creating environment hook '/home/ros2mc/ros2_ws/install/kari-drone-system/share/kari-drone-system/hook/cmake_prefix_path.ps1'
[5.032s] INFO:colcon.colcon_core.shell:Creating environment descriptor '/home/ros2mc/ros2_ws/install/kari-drone-system/share/kari-drone-system/hook/cmake_prefix_path.dsv'
[5.033s] INFO:colcon.colcon_core.shell:Creating environment hook '/home/ros2mc/ros2_ws/install/kari-drone-system/share/kari-drone-system/hook/cmake_prefix_path.sh'
[5.034s] Level 1:colcon.colcon_core.environment:checking '/home/ros2mc/ros2_ws/install/kari-drone-system/bin'
[5.034s] Level 1:colcon.colcon_core.environment:checking '/home/ros2mc/ros2_ws/install/kari-drone-system/lib/pkgconfig/kari-drone-system.pc'
[5.035s] Level 1:colcon.colcon_core.environment:checking '/home/ros2mc/ros2_ws/install/kari-drone-system/lib/python3.10/site-packages'
[5.035s] Level 1:colcon.colcon_core.environment:checking '/home/ros2mc/ros2_ws/install/kari-drone-system/bin'
[5.036s] INFO:colcon.colcon_core.shell:Creating package script '/home/ros2mc/ros2_ws/install/kari-drone-system/share/kari-drone-system/package.ps1'
[5.038s] INFO:colcon.colcon_core.shell:Creating package descriptor '/home/ros2mc/ros2_ws/install/kari-drone-system/share/kari-drone-system/package.dsv'
[5.039s] INFO:colcon.colcon_core.shell:Creating package script '/home/ros2mc/ros2_ws/install/kari-drone-system/share/kari-drone-system/package.sh'
[5.040s] INFO:colcon.colcon_core.shell:Creating package script '/home/ros2mc/ros2_ws/install/kari-drone-system/share/kari-drone-system/package.bash'
[5.041s] INFO:colcon.colcon_core.shell:Creating package script '/home/ros2mc/ros2_ws/install/kari-drone-system/share/kari-drone-system/package.zsh'
[5.042s] Level 1:colcon.colcon_core.environment:create_file_with_runtime_dependencies(/home/ros2mc/ros2_ws/install/kari-drone-system/share/colcon-core/packages/kari-drone-system)
[5.047s] DEBUG:colcon.colcon_core.event_handler.log_command:Invoked command in '/home/ros2mc/ros2_ws/build/px4_msgs' returned '0': CMAKE_PREFIX_PATH=${CMAKE_PREFIX_PATH}:/home/ros2mc/ros2_ws/install/kari_UAV_siyi:/opt/ros/humble /usr/bin/cmake --build /home/ros2mc/ros2_ws/build/px4_msgs -- -j6 -l6
[20.044s] DEBUG:colcon.colcon_core.event_handler.log_command:Invoking command in '/home/ros2mc/ros2_ws/build/px4_msgs': CMAKE_PREFIX_PATH=${CMAKE_PREFIX_PATH}:/home/ros2mc/ros2_ws/install/kari_UAV_siyi:/opt/ros/humble /usr/bin/cmake --install /home/ros2mc/ros2_ws/build/px4_msgs
[20.757s] Level 1:colcon.colcon_core.environment:create_environment_scripts_only(px4_msgs)
[20.758s] Level 1:colcon.colcon_core.environment:checking '/home/ros2mc/ros2_ws/install/px4_msgs' for CMake module files
[20.759s] DEBUG:colcon.colcon_core.event_handler.log_command:Invoked command in '/home/ros2mc/ros2_ws/build/px4_msgs' returned '0': CMAKE_PREFIX_PATH=${CMAKE_PREFIX_PATH}:/home/ros2mc/ros2_ws/install/kari_UAV_siyi:/opt/ros/humble /usr/bin/cmake --install /home/ros2mc/ros2_ws/build/px4_msgs
[20.760s] Level 1:colcon.colcon_core.environment:checking '/home/ros2mc/ros2_ws/install/px4_msgs' for CMake config files
[20.770s] Level 1:colcon.colcon_core.shell:create_environment_hook('px4_msgs', 'cmake_prefix_path')
[20.771s] INFO:colcon.colcon_core.shell:Creating environment hook '/home/ros2mc/ros2_ws/install/px4_msgs/share/px4_msgs/hook/cmake_prefix_path.ps1'
[20.772s] INFO:colcon.colcon_core.shell:Creating environment descriptor '/home/ros2mc/ros2_ws/install/px4_msgs/share/px4_msgs/hook/cmake_prefix_path.dsv'
[20.773s] INFO:colcon.colcon_core.shell:Creating environment hook '/home/ros2mc/ros2_ws/install/px4_msgs/share/px4_msgs/hook/cmake_prefix_path.sh'
[20.775s] Level 1:colcon.colcon_core.environment:checking '/home/ros2mc/ros2_ws/install/px4_msgs/lib'
[20.775s] Level 1:colcon.colcon_core.shell:create_environment_hook('px4_msgs', 'ld_library_path_lib')
[20.775s] INFO:colcon.colcon_core.shell:Creating environment hook '/home/ros2mc/ros2_ws/install/px4_msgs/share/px4_msgs/hook/ld_library_path_lib.ps1'
[20.776s] INFO:colcon.colcon_core.shell:Creating environment descriptor '/home/ros2mc/ros2_ws/install/px4_msgs/share/px4_msgs/hook/ld_library_path_lib.dsv'
[20.777s] INFO:colcon.colcon_core.shell:Creating environment hook '/home/ros2mc/ros2_ws/install/px4_msgs/share/px4_msgs/hook/ld_library_path_lib.sh'
[20.778s] Level 1:colcon.colcon_core.environment:checking '/home/ros2mc/ros2_ws/install/px4_msgs/bin'
[20.778s] Level 1:colcon.colcon_core.environment:checking '/home/ros2mc/ros2_ws/install/px4_msgs/lib/pkgconfig/px4_msgs.pc'
[20.778s] Level 1:colcon.colcon_core.environment:checking '/home/ros2mc/ros2_ws/install/px4_msgs/lib/python3.10/site-packages'
[20.779s] Level 1:colcon.colcon_core.environment:checking '/home/ros2mc/ros2_ws/install/px4_msgs/bin'
[20.780s] INFO:colcon.colcon_core.shell:Creating package script '/home/ros2mc/ros2_ws/install/px4_msgs/share/px4_msgs/package.ps1'
[20.781s] INFO:colcon.colcon_core.shell:Creating package descriptor '/home/ros2mc/ros2_ws/install/px4_msgs/share/px4_msgs/package.dsv'
[20.782s] INFO:colcon.colcon_core.shell:Creating package script '/home/ros2mc/ros2_ws/install/px4_msgs/share/px4_msgs/package.sh'
[20.783s] INFO:colcon.colcon_core.shell:Creating package script '/home/ros2mc/ros2_ws/install/px4_msgs/share/px4_msgs/package.bash'
[20.784s] INFO:colcon.colcon_core.shell:Creating package script '/home/ros2mc/ros2_ws/install/px4_msgs/share/px4_msgs/package.zsh'
[20.785s] Level 1:colcon.colcon_core.environment:create_file_with_runtime_dependencies(/home/ros2mc/ros2_ws/install/px4_msgs/share/colcon-core/packages/px4_msgs)
[28.479s] Level 1:colcon.colcon_core.environment:create_environment_scripts_only(px4_msgs)
[28.479s] Level 1:colcon.colcon_core.environment:checking '/home/ros2mc/ros2_ws/install/px4_msgs' for CMake module files
[28.481s] Level 1:colcon.colcon_core.environment:checking '/home/ros2mc/ros2_ws/install/px4_msgs' for CMake config files
[28.489s] Level 1:colcon.colcon_core.shell:create_environment_hook('px4_msgs', 'cmake_prefix_path')
[28.489s] INFO:colcon.colcon_core.shell:Creating environment hook '/home/ros2mc/ros2_ws/install/px4_msgs/share/px4_msgs/hook/cmake_prefix_path.ps1'
[28.491s] INFO:colcon.colcon_core.shell:Creating environment descriptor '/home/ros2mc/ros2_ws/install/px4_msgs/share/px4_msgs/hook/cmake_prefix_path.dsv'
[28.492s] INFO:colcon.colcon_core.shell:Creating environment hook '/home/ros2mc/ros2_ws/install/px4_msgs/share/px4_msgs/hook/cmake_prefix_path.sh'
[28.493s] Level 1:colcon.colcon_core.environment:checking '/home/ros2mc/ros2_ws/install/px4_msgs/lib'
[28.493s] Level 1:colcon.colcon_core.shell:create_environment_hook('px4_msgs', 'ld_library_path_lib')
[28.494s] INFO:colcon.colcon_core.shell:Creating environment hook '/home/ros2mc/ros2_ws/install/px4_msgs/share/px4_msgs/hook/ld_library_path_lib.ps1'
[28.495s] INFO:colcon.colcon_core.shell:Creating environment descriptor '/home/ros2mc/ros2_ws/install/px4_msgs/share/px4_msgs/hook/ld_library_path_lib.dsv'
[28.496s] INFO:colcon.colcon_core.shell:Creating environment hook '/home/ros2mc/ros2_ws/install/px4_msgs/share/px4_msgs/hook/ld_library_path_lib.sh'
[28.497s] Level 1:colcon.colcon_core.environment:checking '/home/ros2mc/ros2_ws/install/px4_msgs/bin'
[28.497s] Level 1:colcon.colcon_core.environment:checking '/home/ros2mc/ros2_ws/install/px4_msgs/lib/pkgconfig/px4_msgs.pc'
[28.498s] Level 1:colcon.colcon_core.environment:checking '/home/ros2mc/ros2_ws/install/px4_msgs/lib/python3.10/site-packages'
[28.498s] Level 1:colcon.colcon_core.environment:checking '/home/ros2mc/ros2_ws/install/px4_msgs/bin'
[28.499s] INFO:colcon.colcon_core.shell:Creating package script '/home/ros2mc/ros2_ws/install/px4_msgs/share/px4_msgs/package.ps1'
[28.500s] INFO:colcon.colcon_core.shell:Creating package descriptor '/home/ros2mc/ros2_ws/install/px4_msgs/share/px4_msgs/package.dsv'
[28.502s] INFO:colcon.colcon_core.shell:Creating package script '/home/ros2mc/ros2_ws/install/px4_msgs/share/px4_msgs/package.sh'
[28.503s] INFO:colcon.colcon_core.shell:Creating package script '/home/ros2mc/ros2_ws/install/px4_msgs/share/px4_msgs/package.bash'
[28.504s] INFO:colcon.colcon_core.shell:Creating package script '/home/ros2mc/ros2_ws/install/px4_msgs/share/px4_msgs/package.zsh'
[28.505s] Level 1:colcon.colcon_core.environment:create_file_with_runtime_dependencies(/home/ros2mc/ros2_ws/install/px4_msgs/share/colcon-core/packages/px4_msgs)
[28.506s] DEBUG:colcon.colcon_parallel_executor.executor.parallel:closing loop
[28.506s] DEBUG:colcon.colcon_parallel_executor.executor.parallel:loop closed
[28.507s] DEBUG:colcon.colcon_parallel_executor.executor.parallel:run_until_complete finished with '0'
[28.508s] DEBUG:colcon.colcon_core.event_reactor:joining thread
[28.523s] INFO:colcon.colcon_core.plugin_system:Skipping extension 'colcon_notification.desktop_notification.terminal_notifier': Not used on non-Darwin systems
[28.523s] INFO:colcon.colcon_core.plugin_system:Skipping extension 'colcon_notification.desktop_notification.win32': Not used on non-Windows systems
[28.524s] INFO:colcon.colcon_notification.desktop_notification:Sending desktop notification using 'notify2'
[28.580s] DEBUG:colcon.colcon_core.event_reactor:joined thread
[28.581s] INFO:colcon.colcon_core.shell:Creating prefix script '/home/ros2mc/ros2_ws/install/local_setup.ps1'
[28.584s] INFO:colcon.colcon_core.shell:Creating prefix util module '/home/ros2mc/ros2_ws/install/_local_setup_util_ps1.py'
[28.588s] INFO:colcon.colcon_core.shell:Creating prefix chain script '/home/ros2mc/ros2_ws/install/setup.ps1'
[28.592s] INFO:colcon.colcon_core.shell:Creating prefix script '/home/ros2mc/ros2_ws/install/local_setup.sh'
[28.593s] INFO:colcon.colcon_core.shell:Creating prefix util module '/home/ros2mc/ros2_ws/install/_local_setup_util_sh.py'
[28.595s] INFO:colcon.colcon_core.shell:Creating prefix chain script '/home/ros2mc/ros2_ws/install/setup.sh'
[28.598s] INFO:colcon.colcon_core.shell:Creating prefix script '/home/ros2mc/ros2_ws/install/local_setup.bash'
[28.600s] INFO:colcon.colcon_core.shell:Creating prefix chain script '/home/ros2mc/ros2_ws/install/setup.bash'
[28.604s] INFO:colcon.colcon_core.shell:Creating prefix script '/home/ros2mc/ros2_ws/install/local_setup.zsh'
[28.606s] INFO:colcon.colcon_core.shell:Creating prefix chain script '/home/ros2mc/ros2_ws/install/setup.zsh'
