[2.335s] Invoking command in '/home/jetson/ros2_link_ws/src/run_uav': PYTHONPATH=/home/jetson/ros2_link_ws/build/run_uav/prefix_override:/usr/lib/python3/dist-packages/colcon_core/task/python/colcon_distutils_commands:/home/jetson/ros2_link_ws/install/run_uav/lib/python3.10/site-packages:${PYTHONPATH} /usr/bin/python3 -W ignore:setup.py install is deprecated setup.py egg_info --egg-base ../../build/run_uav build --build-base /home/jetson/ros2_link_ws/build/run_uav/build install --record /home/jetson/ros2_link_ws/build/run_uav/install.log --single-version-externally-managed install_data
[3.346s] running egg_info
[3.353s] writing ../../build/run_uav/run_uav.egg-info/PKG-INFO
[3.353s] writing dependency_links to ../../build/run_uav/run_uav.egg-info/dependency_links.txt
[3.354s] writing entry points to ../../build/run_uav/run_uav.egg-info/entry_points.txt
[3.356s] writing requirements to ../../build/run_uav/run_uav.egg-info/requires.txt
[3.356s] writing top-level names to ../../build/run_uav/run_uav.egg-info/top_level.txt
[3.363s] reading manifest file '../../build/run_uav/run_uav.egg-info/SOURCES.txt'
[3.369s] writing manifest file '../../build/run_uav/run_uav.egg-info/SOURCES.txt'
[3.371s] running build
[3.371s] running build_py
[3.383s] running install
[3.383s] running install_lib
[3.387s] running install_data
[3.388s] copying launch/run_uav.py -> /home/jetson/ros2_link_ws/install/run_uav/share/run_uav
[3.390s] running install_egg_info
[3.398s] removing '/home/jetson/ros2_link_ws/install/run_uav/lib/python3.10/site-packages/run_uav-0.0.0-py3.10.egg-info' (and everything under it)
[3.401s] Copying ../../build/run_uav/run_uav.egg-info to /home/jetson/ros2_link_ws/install/run_uav/lib/python3.10/site-packages/run_uav-0.0.0-py3.10.egg-info
[3.410s] running install_scripts
[3.559s] writing list of installed files to '/home/jetson/ros2_link_ws/build/run_uav/install.log'
[3.688s] Invoked command in '/home/jetson/ros2_link_ws/src/run_uav' returned '0': PYTHONPATH=/home/jetson/ros2_link_ws/build/run_uav/prefix_override:/usr/lib/python3/dist-packages/colcon_core/task/python/colcon_distutils_commands:/home/jetson/ros2_link_ws/install/run_uav/lib/python3.10/site-packages:${PYTHONPATH} /usr/bin/python3 -W ignore:setup.py install is deprecated setup.py egg_info --egg-base ../../build/run_uav build --build-base /home/jetson/ros2_link_ws/build/run_uav/build install --record /home/jetson/ros2_link_ws/build/run_uav/install.log --single-version-externally-managed install_data
