[0.313s] DEBUG:colcon:Command line arguments: ['/usr/bin/colcon', 'build']
[0.313s] DEBUG:colcon:Parsed command line arguments: Namespace(log_base=None, log_level=None, verb_name='build', build_base='build', install_base='install', merge_install=False, symlink_install=False, test_result_base=None, continue_on_error=False, executor='parallel', parallel_workers=6, event_handlers=None, ignore_user_meta=False, metas=['./colcon.meta'], base_paths=['.'], packages_ignore=None, packages_ignore_regex=None, paths=None, packages_up_to=None, packages_up_to_regex=None, packages_above=None, packages_above_and_dependencies=None, packages_above_depth=None, packages_select_by_dep=None, packages_skip_by_dep=None, packages_skip_up_to=None, packages_select_build_failed=False, packages_skip_build_finished=False, packages_select_test_failures=False, packages_skip_test_passed=False, packages_select=None, packages_skip=None, packages_select_regex=None, packages_skip_regex=None, packages_start=None, packages_end=None, allow_overriding=[], cmake_args=None, cmake_target=None, cmake_target_skip_unavailable=False, cmake_clean_cache=False, cmake_clean_first=False, cmake_force_configure=False, ament_cmake_args=None, catkin_cmake_args=None, catkin_skip_building_tests=False, verb_parser=<colcon_defaults.argument_parser.defaults.DefaultArgumentsDecorator object at 0xffffa5083f40>, verb_extension=<colcon_core.verb.build.BuildVerb object at 0xffffa5083af0>, main=<bound method BuildVerb.main of <colcon_core.verb.build.BuildVerb object at 0xffffa5083af0>>)
[0.754s] Level 1:colcon.colcon_core.package_discovery:discover_packages(colcon_meta) check parameters
[0.755s] Level 1:colcon.colcon_core.package_discovery:discover_packages(recursive) check parameters
[0.755s] Level 1:colcon.colcon_core.package_discovery:discover_packages(ignore) check parameters
[0.755s] Level 1:colcon.colcon_core.package_discovery:discover_packages(path) check parameters
[0.755s] Level 1:colcon.colcon_core.package_discovery:discover_packages(colcon_meta) discover
[0.755s] Level 1:colcon.colcon_core.package_discovery:discover_packages(recursive) discover
[0.755s] INFO:colcon.colcon_core.package_discovery:Crawling recursively for packages in '/home/ros2mc/ros2_ws'
[0.755s] Level 1:colcon.colcon_core.package_identification:_identify(.) by extensions ['ignore', 'ignore_ament_install']
[0.755s] Level 1:colcon.colcon_core.package_identification:_identify(.) by extension 'ignore'
[0.756s] Level 1:colcon.colcon_core.package_identification:_identify(.) by extension 'ignore_ament_install'
[0.756s] Level 1:colcon.colcon_core.package_identification:_identify(.) by extensions ['colcon_pkg']
[0.756s] Level 1:colcon.colcon_core.package_identification:_identify(.) by extension 'colcon_pkg'
[0.756s] Level 1:colcon.colcon_core.package_identification:_identify(.) by extensions ['colcon_meta']
[0.756s] Level 1:colcon.colcon_core.package_identification:_identify(.) by extension 'colcon_meta'
[0.756s] Level 1:colcon.colcon_core.package_identification:_identify(.) by extensions ['ros']
[0.756s] Level 1:colcon.colcon_core.package_identification:_identify(.) by extension 'ros'
[0.787s] Level 1:colcon.colcon_core.package_identification:_identify(.) by extensions ['cmake', 'python']
[0.787s] Level 1:colcon.colcon_core.package_identification:_identify(.) by extension 'cmake'
[0.787s] Level 1:colcon.colcon_core.package_identification:_identify(.) by extension 'python'
[0.787s] Level 1:colcon.colcon_core.package_identification:_identify(.) by extensions ['python_setup_py']
[0.787s] Level 1:colcon.colcon_core.package_identification:_identify(.) by extension 'python_setup_py'
[0.788s] Level 1:colcon.colcon_core.package_identification:_identify(build) by extensions ['ignore', 'ignore_ament_install']
[0.788s] Level 1:colcon.colcon_core.package_identification:_identify(build) by extension 'ignore'
[0.788s] Level 1:colcon.colcon_core.package_identification:_identify(build) ignored
[0.788s] Level 1:colcon.colcon_core.package_identification:_identify(install) by extensions ['ignore', 'ignore_ament_install']
[0.788s] Level 1:colcon.colcon_core.package_identification:_identify(install) by extension 'ignore'
[0.789s] Level 1:colcon.colcon_core.package_identification:_identify(install) ignored
[0.789s] Level 1:colcon.colcon_core.package_identification:_identify(kari-drone-system) by extensions ['ignore', 'ignore_ament_install']
[0.789s] Level 1:colcon.colcon_core.package_identification:_identify(kari-drone-system) by extension 'ignore'
[0.789s] Level 1:colcon.colcon_core.package_identification:_identify(kari-drone-system) by extension 'ignore_ament_install'
[0.789s] Level 1:colcon.colcon_core.package_identification:_identify(kari-drone-system) by extensions ['colcon_pkg']
[0.789s] Level 1:colcon.colcon_core.package_identification:_identify(kari-drone-system) by extension 'colcon_pkg'
[0.790s] Level 1:colcon.colcon_core.package_identification:_identify(kari-drone-system) by extensions ['colcon_meta']
[0.790s] Level 1:colcon.colcon_core.package_identification:_identify(kari-drone-system) by extension 'colcon_meta'
[0.790s] Level 1:colcon.colcon_core.package_identification:_identify(kari-drone-system) by extensions ['ros']
[0.790s] Level 1:colcon.colcon_core.package_identification:_identify(kari-drone-system) by extension 'ros'
[0.797s] DEBUG:colcon.colcon_core.package_identification:Package 'kari-drone-system' with type 'ros.ament_cmake' and name 'kari-drone-system'
[0.797s] Level 1:colcon.colcon_core.package_identification:_identify(log) by extensions ['ignore', 'ignore_ament_install']
[0.797s] Level 1:colcon.colcon_core.package_identification:_identify(log) by extension 'ignore'
[0.798s] Level 1:colcon.colcon_core.package_identification:_identify(log) ignored
[0.798s] Level 1:colcon.colcon_core.package_identification:_identify(src) by extensions ['ignore', 'ignore_ament_install']
[0.798s] Level 1:colcon.colcon_core.package_identification:_identify(src) by extension 'ignore'
[0.798s] Level 1:colcon.colcon_core.package_identification:_identify(src) by extension 'ignore_ament_install'
[0.799s] Level 1:colcon.colcon_core.package_identification:_identify(src) by extensions ['colcon_pkg']
[0.799s] Level 1:colcon.colcon_core.package_identification:_identify(src) by extension 'colcon_pkg'
[0.799s] Level 1:colcon.colcon_core.package_identification:_identify(src) by extensions ['colcon_meta']
[0.799s] Level 1:colcon.colcon_core.package_identification:_identify(src) by extension 'colcon_meta'
[0.799s] Level 1:colcon.colcon_core.package_identification:_identify(src) by extensions ['ros']
[0.799s] Level 1:colcon.colcon_core.package_identification:_identify(src) by extension 'ros'
[0.799s] Level 1:colcon.colcon_core.package_identification:_identify(src) by extensions ['cmake', 'python']
[0.799s] Level 1:colcon.colcon_core.package_identification:_identify(src) by extension 'cmake'
[0.799s] Level 1:colcon.colcon_core.package_identification:_identify(src) by extension 'python'
[0.799s] Level 1:colcon.colcon_core.package_identification:_identify(src) by extensions ['python_setup_py']
[0.800s] Level 1:colcon.colcon_core.package_identification:_identify(src) by extension 'python_setup_py'
[0.800s] Level 1:colcon.colcon_core.package_identification:_identify(src/build) by extensions ['ignore', 'ignore_ament_install']
[0.800s] Level 1:colcon.colcon_core.package_identification:_identify(src/build) by extension 'ignore'
[0.800s] Level 1:colcon.colcon_core.package_identification:_identify(src/build) ignored
[0.801s] Level 1:colcon.colcon_core.package_identification:_identify(src/install) by extensions ['ignore', 'ignore_ament_install']
[0.801s] Level 1:colcon.colcon_core.package_identification:_identify(src/install) by extension 'ignore'
[0.801s] Level 1:colcon.colcon_core.package_identification:_identify(src/install) ignored
[0.801s] Level 1:colcon.colcon_core.package_identification:_identify(src/log) by extensions ['ignore', 'ignore_ament_install']
[0.802s] Level 1:colcon.colcon_core.package_identification:_identify(src/log) by extension 'ignore'
[0.802s] Level 1:colcon.colcon_core.package_identification:_identify(src/log) ignored
[0.802s] Level 1:colcon.colcon_core.package_identification:_identify(src/px4_msgs) by extensions ['ignore', 'ignore_ament_install']
[0.802s] Level 1:colcon.colcon_core.package_identification:_identify(src/px4_msgs) by extension 'ignore'
[0.802s] Level 1:colcon.colcon_core.package_identification:_identify(src/px4_msgs) by extension 'ignore_ament_install'
[0.803s] Level 1:colcon.colcon_core.package_identification:_identify(src/px4_msgs) by extensions ['colcon_pkg']
[0.803s] Level 1:colcon.colcon_core.package_identification:_identify(src/px4_msgs) by extension 'colcon_pkg'
[0.803s] Level 1:colcon.colcon_core.package_identification:_identify(src/px4_msgs) by extensions ['colcon_meta']
[0.803s] Level 1:colcon.colcon_core.package_identification:_identify(src/px4_msgs) by extension 'colcon_meta'
[0.803s] Level 1:colcon.colcon_core.package_identification:_identify(src/px4_msgs) by extensions ['ros']
[0.803s] Level 1:colcon.colcon_core.package_identification:_identify(src/px4_msgs) by extension 'ros'
[0.805s] DEBUG:colcon.colcon_core.package_identification:Package 'src/px4_msgs' with type 'ros.ament_cmake' and name 'px4_msgs'
[0.805s] Level 1:colcon.colcon_core.package_discovery:discover_packages(recursive) using defaults
[0.805s] Level 1:colcon.colcon_core.package_discovery:discover_packages(ignore) discover
[0.805s] Level 1:colcon.colcon_core.package_discovery:discover_packages(ignore) using defaults
[0.805s] Level 1:colcon.colcon_core.package_discovery:discover_packages(path) discover
[0.805s] Level 1:colcon.colcon_core.package_discovery:discover_packages(path) using defaults
[0.856s] Level 1:colcon.colcon_core.package_discovery:discover_packages(prefix_path) check parameters
[0.856s] Level 1:colcon.colcon_core.package_discovery:discover_packages(prefix_path) discover
[0.862s] DEBUG:colcon.colcon_installed_package_information.package_discovery:Found 2 installed packages in /home/ros2mc/ros2_ws/install
[0.864s] DEBUG:colcon.colcon_installed_package_information.package_discovery:Found 180 installed packages in /opt/ros/humble
[0.865s] Level 1:colcon.colcon_core.package_discovery:discover_packages(prefix_path) using defaults
[0.958s] Level 5:colcon.colcon_core.verb:set package 'kari-drone-system' build argument 'cmake_args' from command line to 'None'
[0.959s] Level 5:colcon.colcon_core.verb:set package 'kari-drone-system' build argument 'cmake_target' from command line to 'None'
[0.959s] Level 5:colcon.colcon_core.verb:set package 'kari-drone-system' build argument 'cmake_target_skip_unavailable' from command line to 'False'
[0.959s] Level 5:colcon.colcon_core.verb:set package 'kari-drone-system' build argument 'cmake_clean_cache' from command line to 'False'
[0.959s] Level 5:colcon.colcon_core.verb:set package 'kari-drone-system' build argument 'cmake_clean_first' from command line to 'False'
[0.959s] Level 5:colcon.colcon_core.verb:set package 'kari-drone-system' build argument 'cmake_force_configure' from command line to 'False'
[0.959s] Level 5:colcon.colcon_core.verb:set package 'kari-drone-system' build argument 'ament_cmake_args' from command line to 'None'
[0.959s] Level 5:colcon.colcon_core.verb:set package 'kari-drone-system' build argument 'catkin_cmake_args' from command line to 'None'
[0.959s] Level 5:colcon.colcon_core.verb:set package 'kari-drone-system' build argument 'catkin_skip_building_tests' from command line to 'False'
[0.960s] DEBUG:colcon.colcon_core.verb:Building package 'kari-drone-system' with the following arguments: {'ament_cmake_args': None, 'build_base': '/home/ros2mc/ros2_ws/build/kari-drone-system', 'catkin_cmake_args': None, 'catkin_skip_building_tests': False, 'cmake_args': None, 'cmake_clean_cache': False, 'cmake_clean_first': False, 'cmake_force_configure': False, 'cmake_target': None, 'cmake_target_skip_unavailable': False, 'install_base': '/home/ros2mc/ros2_ws/install/kari-drone-system', 'merge_install': False, 'path': '/home/ros2mc/ros2_ws/kari-drone-system', 'symlink_install': False, 'test_result_base': None}
[0.960s] Level 5:colcon.colcon_core.verb:set package 'px4_msgs' build argument 'cmake_args' from command line to 'None'
[0.960s] Level 5:colcon.colcon_core.verb:set package 'px4_msgs' build argument 'cmake_target' from command line to 'None'
[0.961s] Level 5:colcon.colcon_core.verb:set package 'px4_msgs' build argument 'cmake_target_skip_unavailable' from command line to 'False'
[0.961s] Level 5:colcon.colcon_core.verb:set package 'px4_msgs' build argument 'cmake_clean_cache' from command line to 'False'
[0.961s] Level 5:colcon.colcon_core.verb:set package 'px4_msgs' build argument 'cmake_clean_first' from command line to 'False'
[0.961s] Level 5:colcon.colcon_core.verb:set package 'px4_msgs' build argument 'cmake_force_configure' from command line to 'False'
[0.961s] Level 5:colcon.colcon_core.verb:set package 'px4_msgs' build argument 'ament_cmake_args' from command line to 'None'
[0.961s] Level 5:colcon.colcon_core.verb:set package 'px4_msgs' build argument 'catkin_cmake_args' from command line to 'None'
[0.961s] Level 5:colcon.colcon_core.verb:set package 'px4_msgs' build argument 'catkin_skip_building_tests' from command line to 'False'
[0.961s] DEBUG:colcon.colcon_core.verb:Building package 'px4_msgs' with the following arguments: {'ament_cmake_args': None, 'build_base': '/home/ros2mc/ros2_ws/build/px4_msgs', 'catkin_cmake_args': None, 'catkin_skip_building_tests': False, 'cmake_args': None, 'cmake_clean_cache': False, 'cmake_clean_first': False, 'cmake_force_configure': False, 'cmake_target': None, 'cmake_target_skip_unavailable': False, 'install_base': '/home/ros2mc/ros2_ws/install/px4_msgs', 'merge_install': False, 'path': '/home/ros2mc/ros2_ws/src/px4_msgs', 'symlink_install': False, 'test_result_base': None}
[0.961s] INFO:colcon.colcon_core.executor:Executing jobs using 'parallel' executor
[0.963s] DEBUG:colcon.colcon_parallel_executor.executor.parallel:run_until_complete
[0.964s] INFO:colcon.colcon_ros.task.ament_cmake.build:Building ROS package in '/home/ros2mc/ros2_ws/kari-drone-system' with build type 'ament_cmake'
[0.965s] INFO:colcon.colcon_cmake.task.cmake.build:Building CMake package in '/home/ros2mc/ros2_ws/kari-drone-system'
[0.974s] INFO:colcon.colcon_core.plugin_system:Skipping extension 'colcon_core.shell.bat': Not used on non-Windows systems
[0.974s] INFO:colcon.colcon_core.shell:Skip shell extension 'powershell' for command environment: Not usable outside of PowerShell
[0.974s] DEBUG:colcon.colcon_core.shell:Skip shell extension 'dsv' for command environment
[0.987s] INFO:colcon.colcon_ros.task.ament_cmake.build:Building ROS package in '/home/ros2mc/ros2_ws/src/px4_msgs' with build type 'ament_cmake'
[0.988s] INFO:colcon.colcon_cmake.task.cmake.build:Building CMake package in '/home/ros2mc/ros2_ws/src/px4_msgs'
[0.989s] INFO:colcon.colcon_core.shell:Skip shell extension 'powershell' for command environment: Not usable outside of PowerShell
[0.989s] DEBUG:colcon.colcon_core.shell:Skip shell extension 'dsv' for command environment
[1.008s] DEBUG:colcon.colcon_core.event_handler.log_command:Invoking command in '/home/ros2mc/ros2_ws/build/kari-drone-system': CMAKE_PREFIX_PATH=${CMAKE_PREFIX_PATH}:/opt/ros/humble /usr/bin/cmake /home/ros2mc/ros2_ws/kari-drone-system -DCMAKE_INSTALL_PREFIX=/home/ros2mc/ros2_ws/install/kari-drone-system
[1.024s] DEBUG:colcon.colcon_core.event_handler.log_command:Invoking command in '/home/ros2mc/ros2_ws/build/px4_msgs': CMAKE_PREFIX_PATH=${CMAKE_PREFIX_PATH}:/opt/ros/humble /usr/bin/cmake --build /home/ros2mc/ros2_ws/build/px4_msgs -- -j6 -l6
[2.850s] DEBUG:colcon.colcon_core.event_handler.log_command:Invoked command in '/home/ros2mc/ros2_ws/build/px4_msgs' returned '0': CMAKE_PREFIX_PATH=${CMAKE_PREFIX_PATH}:/opt/ros/humble /usr/bin/cmake --build /home/ros2mc/ros2_ws/build/px4_msgs -- -j6 -l6
[9.651s] DEBUG:colcon.colcon_core.event_handler.log_command:Invoking command in '/home/ros2mc/ros2_ws/build/px4_msgs': CMAKE_PREFIX_PATH=${CMAKE_PREFIX_PATH}:/opt/ros/humble /usr/bin/cmake --install /home/ros2mc/ros2_ws/build/px4_msgs
[10.317s] Level 1:colcon.colcon_core.environment:create_environment_scripts_only(px4_msgs)
[10.326s] DEBUG:colcon.colcon_core.event_handler.log_command:Invoked command in '/home/ros2mc/ros2_ws/build/px4_msgs' returned '0': CMAKE_PREFIX_PATH=${CMAKE_PREFIX_PATH}:/opt/ros/humble /usr/bin/cmake --install /home/ros2mc/ros2_ws/build/px4_msgs
[10.333s] Level 1:colcon.colcon_core.environment:checking '/home/ros2mc/ros2_ws/install/px4_msgs' for CMake module files
[10.335s] Level 1:colcon.colcon_core.environment:checking '/home/ros2mc/ros2_ws/install/px4_msgs' for CMake config files
[10.344s] Level 1:colcon.colcon_core.shell:create_environment_hook('px4_msgs', 'cmake_prefix_path')
[10.345s] INFO:colcon.colcon_core.shell:Creating environment hook '/home/ros2mc/ros2_ws/install/px4_msgs/share/px4_msgs/hook/cmake_prefix_path.ps1'
[10.348s] INFO:colcon.colcon_core.shell:Creating environment descriptor '/home/ros2mc/ros2_ws/install/px4_msgs/share/px4_msgs/hook/cmake_prefix_path.dsv'
[10.349s] INFO:colcon.colcon_core.shell:Creating environment hook '/home/ros2mc/ros2_ws/install/px4_msgs/share/px4_msgs/hook/cmake_prefix_path.sh'
[10.352s] Level 1:colcon.colcon_core.environment:checking '/home/ros2mc/ros2_ws/install/px4_msgs/lib'
[10.353s] Level 1:colcon.colcon_core.shell:create_environment_hook('px4_msgs', 'ld_library_path_lib')
[10.354s] INFO:colcon.colcon_core.shell:Creating environment hook '/home/ros2mc/ros2_ws/install/px4_msgs/share/px4_msgs/hook/ld_library_path_lib.ps1'
[10.355s] INFO:colcon.colcon_core.shell:Creating environment descriptor '/home/ros2mc/ros2_ws/install/px4_msgs/share/px4_msgs/hook/ld_library_path_lib.dsv'
[10.356s] INFO:colcon.colcon_core.shell:Creating environment hook '/home/ros2mc/ros2_ws/install/px4_msgs/share/px4_msgs/hook/ld_library_path_lib.sh'
[10.357s] Level 1:colcon.colcon_core.environment:checking '/home/ros2mc/ros2_ws/install/px4_msgs/bin'
[10.357s] Level 1:colcon.colcon_core.environment:checking '/home/ros2mc/ros2_ws/install/px4_msgs/lib/pkgconfig/px4_msgs.pc'
[10.358s] Level 1:colcon.colcon_core.environment:checking '/home/ros2mc/ros2_ws/install/px4_msgs/lib/python3.10/site-packages'
[10.358s] Level 1:colcon.colcon_core.environment:checking '/home/ros2mc/ros2_ws/install/px4_msgs/bin'
[10.359s] INFO:colcon.colcon_core.shell:Creating package script '/home/ros2mc/ros2_ws/install/px4_msgs/share/px4_msgs/package.ps1'
[10.362s] INFO:colcon.colcon_core.shell:Creating package descriptor '/home/ros2mc/ros2_ws/install/px4_msgs/share/px4_msgs/package.dsv'
[10.364s] INFO:colcon.colcon_core.shell:Creating package script '/home/ros2mc/ros2_ws/install/px4_msgs/share/px4_msgs/package.sh'
[10.366s] INFO:colcon.colcon_core.shell:Creating package script '/home/ros2mc/ros2_ws/install/px4_msgs/share/px4_msgs/package.bash'
[10.369s] INFO:colcon.colcon_core.shell:Creating package script '/home/ros2mc/ros2_ws/install/px4_msgs/share/px4_msgs/package.zsh'
[10.371s] Level 1:colcon.colcon_core.environment:create_file_with_runtime_dependencies(/home/ros2mc/ros2_ws/install/px4_msgs/share/colcon-core/packages/px4_msgs)
[11.172s] DEBUG:colcon.colcon_core.event_handler.log_command:Invoked command in '/home/ros2mc/ros2_ws/build/kari-drone-system' returned '0': CMAKE_PREFIX_PATH=${CMAKE_PREFIX_PATH}:/opt/ros/humble /usr/bin/cmake /home/ros2mc/ros2_ws/kari-drone-system -DCMAKE_INSTALL_PREFIX=/home/ros2mc/ros2_ws/install/kari-drone-system
[11.176s] DEBUG:colcon.colcon_core.event_handler.log_command:Invoking command in '/home/ros2mc/ros2_ws/build/kari-drone-system': CMAKE_PREFIX_PATH=${CMAKE_PREFIX_PATH}:/opt/ros/humble /usr/bin/cmake --build /home/ros2mc/ros2_ws/build/kari-drone-system -- -j6 -l6
[11.258s] DEBUG:colcon.colcon_core.event_handler.log_command:Invoked command in '/home/ros2mc/ros2_ws/build/kari-drone-system' returned '0': CMAKE_PREFIX_PATH=${CMAKE_PREFIX_PATH}:/opt/ros/humble /usr/bin/cmake --build /home/ros2mc/ros2_ws/build/kari-drone-system -- -j6 -l6
[11.303s] DEBUG:colcon.colcon_core.event_handler.log_command:Invoking command in '/home/ros2mc/ros2_ws/build/kari-drone-system': CMAKE_PREFIX_PATH=${CMAKE_PREFIX_PATH}:/opt/ros/humble /usr/bin/cmake --install /home/ros2mc/ros2_ws/build/kari-drone-system
[17.857s] Level 1:colcon.colcon_core.environment:create_environment_scripts_only(px4_msgs)
[17.860s] Level 1:colcon.colcon_core.environment:checking '/home/ros2mc/ros2_ws/install/px4_msgs' for CMake module files
[17.863s] Level 1:colcon.colcon_core.environment:checking '/home/ros2mc/ros2_ws/install/px4_msgs' for CMake config files
[17.905s] Level 1:colcon.colcon_core.shell:create_environment_hook('px4_msgs', 'cmake_prefix_path')
[17.905s] INFO:colcon.colcon_core.shell:Creating environment hook '/home/ros2mc/ros2_ws/install/px4_msgs/share/px4_msgs/hook/cmake_prefix_path.ps1'
[17.910s] INFO:colcon.colcon_core.shell:Creating environment descriptor '/home/ros2mc/ros2_ws/install/px4_msgs/share/px4_msgs/hook/cmake_prefix_path.dsv'
[17.913s] INFO:colcon.colcon_core.shell:Creating environment hook '/home/ros2mc/ros2_ws/install/px4_msgs/share/px4_msgs/hook/cmake_prefix_path.sh'
[17.923s] Level 1:colcon.colcon_core.environment:checking '/home/ros2mc/ros2_ws/install/px4_msgs/lib'
[17.923s] Level 1:colcon.colcon_core.shell:create_environment_hook('px4_msgs', 'ld_library_path_lib')
[17.925s] INFO:colcon.colcon_core.shell:Creating environment hook '/home/ros2mc/ros2_ws/install/px4_msgs/share/px4_msgs/hook/ld_library_path_lib.ps1'
[17.928s] INFO:colcon.colcon_core.shell:Creating environment descriptor '/home/ros2mc/ros2_ws/install/px4_msgs/share/px4_msgs/hook/ld_library_path_lib.dsv'
[17.933s] INFO:colcon.colcon_core.shell:Creating environment hook '/home/ros2mc/ros2_ws/install/px4_msgs/share/px4_msgs/hook/ld_library_path_lib.sh'
[17.936s] Level 1:colcon.colcon_core.environment:checking '/home/ros2mc/ros2_ws/install/px4_msgs/bin'
[17.936s] Level 1:colcon.colcon_core.environment:checking '/home/ros2mc/ros2_ws/install/px4_msgs/lib/pkgconfig/px4_msgs.pc'
[17.937s] Level 1:colcon.colcon_core.environment:checking '/home/ros2mc/ros2_ws/install/px4_msgs/lib/python3.10/site-packages'
[17.938s] Level 1:colcon.colcon_core.environment:checking '/home/ros2mc/ros2_ws/install/px4_msgs/bin'
[17.939s] INFO:colcon.colcon_core.shell:Creating package script '/home/ros2mc/ros2_ws/install/px4_msgs/share/px4_msgs/package.ps1'
[17.942s] INFO:colcon.colcon_core.shell:Creating package descriptor '/home/ros2mc/ros2_ws/install/px4_msgs/share/px4_msgs/package.dsv'
[17.945s] INFO:colcon.colcon_core.shell:Creating package script '/home/ros2mc/ros2_ws/install/px4_msgs/share/px4_msgs/package.sh'
[17.948s] INFO:colcon.colcon_core.shell:Creating package script '/home/ros2mc/ros2_ws/install/px4_msgs/share/px4_msgs/package.bash'
[17.951s] INFO:colcon.colcon_core.shell:Creating package script '/home/ros2mc/ros2_ws/install/px4_msgs/share/px4_msgs/package.zsh'
[17.954s] Level 1:colcon.colcon_core.environment:create_file_with_runtime_dependencies(/home/ros2mc/ros2_ws/install/px4_msgs/share/colcon-core/packages/px4_msgs)
[19.433s] Level 1:colcon.colcon_core.environment:create_environment_scripts_only(kari-drone-system)
[19.434s] Level 1:colcon.colcon_core.environment:checking '/home/ros2mc/ros2_ws/install/kari-drone-system' for CMake module files
[19.436s] Level 1:colcon.colcon_core.environment:checking '/home/ros2mc/ros2_ws/install/kari-drone-system' for CMake config files
[19.438s] DEBUG:colcon.colcon_core.event_handler.log_command:Invoked command in '/home/ros2mc/ros2_ws/build/kari-drone-system' returned '0': CMAKE_PREFIX_PATH=${CMAKE_PREFIX_PATH}:/opt/ros/humble /usr/bin/cmake --install /home/ros2mc/ros2_ws/build/kari-drone-system
[19.533s] Level 1:colcon.colcon_core.shell:create_environment_hook('kari-drone-system', 'cmake_prefix_path')
[19.534s] INFO:colcon.colcon_core.shell:Creating environment hook '/home/ros2mc/ros2_ws/install/kari-drone-system/share/kari-drone-system/hook/cmake_prefix_path.ps1'
[19.535s] INFO:colcon.colcon_core.shell:Creating environment descriptor '/home/ros2mc/ros2_ws/install/kari-drone-system/share/kari-drone-system/hook/cmake_prefix_path.dsv'
[19.536s] INFO:colcon.colcon_core.shell:Creating environment hook '/home/ros2mc/ros2_ws/install/kari-drone-system/share/kari-drone-system/hook/cmake_prefix_path.sh'
[19.537s] Level 1:colcon.colcon_core.environment:checking '/home/ros2mc/ros2_ws/install/kari-drone-system/bin'
[19.537s] Level 1:colcon.colcon_core.environment:checking '/home/ros2mc/ros2_ws/install/kari-drone-system/lib/pkgconfig/kari-drone-system.pc'
[19.537s] Level 1:colcon.colcon_core.environment:checking '/home/ros2mc/ros2_ws/install/kari-drone-system/lib/python3.10/site-packages'
[19.538s] Level 1:colcon.colcon_core.environment:checking '/home/ros2mc/ros2_ws/install/kari-drone-system/bin'
[19.539s] INFO:colcon.colcon_core.shell:Creating package script '/home/ros2mc/ros2_ws/install/kari-drone-system/share/kari-drone-system/package.ps1'
[19.540s] INFO:colcon.colcon_core.shell:Creating package descriptor '/home/ros2mc/ros2_ws/install/kari-drone-system/share/kari-drone-system/package.dsv'
[19.541s] INFO:colcon.colcon_core.shell:Creating package script '/home/ros2mc/ros2_ws/install/kari-drone-system/share/kari-drone-system/package.sh'
[19.541s] INFO:colcon.colcon_core.shell:Creating package script '/home/ros2mc/ros2_ws/install/kari-drone-system/share/kari-drone-system/package.bash'
[19.542s] INFO:colcon.colcon_core.shell:Creating package script '/home/ros2mc/ros2_ws/install/kari-drone-system/share/kari-drone-system/package.zsh'
[19.543s] Level 1:colcon.colcon_core.environment:create_file_with_runtime_dependencies(/home/ros2mc/ros2_ws/install/kari-drone-system/share/colcon-core/packages/kari-drone-system)
[19.589s] Level 1:colcon.colcon_core.environment:create_environment_scripts_only(kari-drone-system)
[19.590s] Level 1:colcon.colcon_core.environment:checking '/home/ros2mc/ros2_ws/install/kari-drone-system' for CMake module files
[19.591s] Level 1:colcon.colcon_core.environment:checking '/home/ros2mc/ros2_ws/install/kari-drone-system' for CMake config files
[19.675s] Level 1:colcon.colcon_core.shell:create_environment_hook('kari-drone-system', 'cmake_prefix_path')
[19.676s] INFO:colcon.colcon_core.shell:Creating environment hook '/home/ros2mc/ros2_ws/install/kari-drone-system/share/kari-drone-system/hook/cmake_prefix_path.ps1'
[19.677s] INFO:colcon.colcon_core.shell:Creating environment descriptor '/home/ros2mc/ros2_ws/install/kari-drone-system/share/kari-drone-system/hook/cmake_prefix_path.dsv'
[19.678s] INFO:colcon.colcon_core.shell:Creating environment hook '/home/ros2mc/ros2_ws/install/kari-drone-system/share/kari-drone-system/hook/cmake_prefix_path.sh'
[19.680s] Level 1:colcon.colcon_core.environment:checking '/home/ros2mc/ros2_ws/install/kari-drone-system/bin'
[19.680s] Level 1:colcon.colcon_core.environment:checking '/home/ros2mc/ros2_ws/install/kari-drone-system/lib/pkgconfig/kari-drone-system.pc'
[19.680s] Level 1:colcon.colcon_core.environment:checking '/home/ros2mc/ros2_ws/install/kari-drone-system/lib/python3.10/site-packages'
[19.681s] Level 1:colcon.colcon_core.environment:checking '/home/ros2mc/ros2_ws/install/kari-drone-system/bin'
[19.681s] INFO:colcon.colcon_core.shell:Creating package script '/home/ros2mc/ros2_ws/install/kari-drone-system/share/kari-drone-system/package.ps1'
[19.683s] INFO:colcon.colcon_core.shell:Creating package descriptor '/home/ros2mc/ros2_ws/install/kari-drone-system/share/kari-drone-system/package.dsv'
[19.684s] INFO:colcon.colcon_core.shell:Creating package script '/home/ros2mc/ros2_ws/install/kari-drone-system/share/kari-drone-system/package.sh'
[19.685s] INFO:colcon.colcon_core.shell:Creating package script '/home/ros2mc/ros2_ws/install/kari-drone-system/share/kari-drone-system/package.bash'
[19.685s] INFO:colcon.colcon_core.shell:Creating package script '/home/ros2mc/ros2_ws/install/kari-drone-system/share/kari-drone-system/package.zsh'
[19.687s] Level 1:colcon.colcon_core.environment:create_file_with_runtime_dependencies(/home/ros2mc/ros2_ws/install/kari-drone-system/share/colcon-core/packages/kari-drone-system)
[19.687s] DEBUG:colcon.colcon_parallel_executor.executor.parallel:closing loop
[19.689s] DEBUG:colcon.colcon_parallel_executor.executor.parallel:loop closed
[19.689s] DEBUG:colcon.colcon_parallel_executor.executor.parallel:run_until_complete finished with '0'
[19.689s] DEBUG:colcon.colcon_core.event_reactor:joining thread
[19.702s] INFO:colcon.colcon_core.plugin_system:Skipping extension 'colcon_notification.desktop_notification.terminal_notifier': Not used on non-Darwin systems
[19.702s] INFO:colcon.colcon_core.plugin_system:Skipping extension 'colcon_notification.desktop_notification.win32': Not used on non-Windows systems
[19.702s] INFO:colcon.colcon_notification.desktop_notification:Sending desktop notification using 'notify2'
[19.768s] DEBUG:colcon.colcon_core.event_reactor:joined thread
[19.769s] INFO:colcon.colcon_core.shell:Creating prefix script '/home/ros2mc/ros2_ws/install/local_setup.ps1'
[19.772s] INFO:colcon.colcon_core.shell:Creating prefix util module '/home/ros2mc/ros2_ws/install/_local_setup_util_ps1.py'
[19.777s] INFO:colcon.colcon_core.shell:Creating prefix chain script '/home/ros2mc/ros2_ws/install/setup.ps1'
[19.780s] INFO:colcon.colcon_core.shell:Creating prefix script '/home/ros2mc/ros2_ws/install/local_setup.sh'
[19.782s] INFO:colcon.colcon_core.shell:Creating prefix util module '/home/ros2mc/ros2_ws/install/_local_setup_util_sh.py'
[19.783s] INFO:colcon.colcon_core.shell:Creating prefix chain script '/home/ros2mc/ros2_ws/install/setup.sh'
[19.787s] INFO:colcon.colcon_core.shell:Creating prefix script '/home/ros2mc/ros2_ws/install/local_setup.bash'
[19.789s] INFO:colcon.colcon_core.shell:Creating prefix chain script '/home/ros2mc/ros2_ws/install/setup.bash'
[19.791s] INFO:colcon.colcon_core.shell:Creating prefix script '/home/ros2mc/ros2_ws/install/local_setup.zsh'
[19.793s] INFO:colcon.colcon_core.shell:Creating prefix chain script '/home/ros2mc/ros2_ws/install/setup.zsh'
