[0.606s] Invoking command in '/home/ros2mc/ros2_link_ws/build/kari_drone_system': CMAKE_PREFIX_PATH=${CMAKE_PREFIX_PATH}:/home/ros2mc/ros2_ws/install/kari_UAV_siyi:/opt/ros/humble /usr/bin/cmake /home/ros2mc/ros2_link_ws/src/kari_drone_system -DCMAKE_INSTALL_PREFIX=/home/ros2mc/ros2_link_ws/install/kari_drone_system
[0.807s] -- The C compiler identification is GNU 11.4.0
[0.998s] -- The CXX compiler identification is GNU 11.4.0
[1.019s] -- Detecting C compiler ABI info
[1.191s] -- Detecting C compiler ABI info - done
[1.217s] -- Check for working C compiler: /usr/bin/cc - skipped
[1.218s] -- Detecting C compile features
[1.218s] -- Detecting C compile features - done
[1.224s] -- Detecting CXX compiler ABI info
[1.446s] -- Detecting CXX compiler ABI info - done
[1.462s] -- Check for working CXX compiler: /usr/bin/c++ - skipped
[1.463s] -- Detecting CXX compile features
[1.465s] -- Detecting CXX compile features - done
[1.472s] -- Found ament_cmake: 1.3.10 (/opt/ros/humble/share/ament_cmake/cmake)
[1.856s] -- Found Python3: /usr/bin/python3 (found version "3.10.12") found components: Interpreter 
[2.145s] -- Found ament_lint_auto: 0.12.11 (/opt/ros/humble/share/ament_lint_auto/cmake)
[29.507s] -- Added test 'cppcheck' to perform static code analysis on C / C++ code
[29.507s] -- Configured cppcheck include dirs: 
[29.507s] -- Configured cppcheck exclude dirs and/or files: 
[32.554s] -- Added test 'flake8' to check Python code syntax and style conventions
[38.449s] -- Added test 'lint_cmake' to check CMake code style
[41.241s] -- Added test 'pep257' to check Python code against some of the docstring style conventions in PEP 257
[63.504s] -- Added test 'uncrustify' to check C / C++ code style
[63.504s] -- Configured uncrustify additional arguments: 
[66.297s] -- Added test 'xmllint' to check XML markup files
[66.307s] -- Configuring done
[66.318s] -- Generating done
[66.320s] -- Build files have been written to: /home/ros2mc/ros2_link_ws/build/kari_drone_system
