[0.372s] DEBUG:colcon:Command line arguments: ['/usr/bin/colcon', 'build']
[0.372s] DEBUG:colcon:Parsed command line arguments: Namespace(log_base=None, log_level=None, verb_name='build', build_base='build', install_base='install', merge_install=False, symlink_install=False, test_result_base=None, continue_on_error=False, executor='parallel', parallel_workers=6, event_handlers=None, ignore_user_meta=False, metas=['./colcon.meta'], base_paths=['.'], packages_ignore=None, packages_ignore_regex=None, paths=None, packages_up_to=None, packages_up_to_regex=None, packages_above=None, packages_above_and_dependencies=None, packages_above_depth=None, packages_select_by_dep=None, packages_skip_by_dep=None, packages_skip_up_to=None, packages_select_build_failed=False, packages_skip_build_finished=False, packages_select_test_failures=False, packages_skip_test_passed=False, packages_select=None, packages_skip=None, packages_select_regex=None, packages_skip_regex=None, packages_start=None, packages_end=None, allow_overriding=[], cmake_args=None, cmake_target=None, cmake_target_skip_unavailable=False, cmake_clean_cache=False, cmake_clean_first=False, cmake_force_configure=False, ament_cmake_args=None, catkin_cmake_args=None, catkin_skip_building_tests=False, verb_parser=<colcon_defaults.argument_parser.defaults.DefaultArgumentsDecorator object at 0xffffb043c3d0>, verb_extension=<colcon_core.verb.build.BuildVerb object at 0xffffb040ff40>, main=<bound method BuildVerb.main of <colcon_core.verb.build.BuildVerb object at 0xffffb040ff40>>)
[0.776s] Level 1:colcon.colcon_core.package_discovery:discover_packages(colcon_meta) check parameters
[0.777s] Level 1:colcon.colcon_core.package_discovery:discover_packages(recursive) check parameters
[0.777s] Level 1:colcon.colcon_core.package_discovery:discover_packages(ignore) check parameters
[0.777s] Level 1:colcon.colcon_core.package_discovery:discover_packages(path) check parameters
[0.777s] Level 1:colcon.colcon_core.package_discovery:discover_packages(colcon_meta) discover
[0.777s] Level 1:colcon.colcon_core.package_discovery:discover_packages(recursive) discover
[0.777s] INFO:colcon.colcon_core.package_discovery:Crawling recursively for packages in '/home/ros2mc/ros2_ws'
[0.777s] Level 1:colcon.colcon_core.package_identification:_identify(.) by extensions ['ignore', 'ignore_ament_install']
[0.777s] Level 1:colcon.colcon_core.package_identification:_identify(.) by extension 'ignore'
[0.778s] Level 1:colcon.colcon_core.package_identification:_identify(.) by extension 'ignore_ament_install'
[0.778s] Level 1:colcon.colcon_core.package_identification:_identify(.) by extensions ['colcon_pkg']
[0.778s] Level 1:colcon.colcon_core.package_identification:_identify(.) by extension 'colcon_pkg'
[0.778s] Level 1:colcon.colcon_core.package_identification:_identify(.) by extensions ['colcon_meta']
[0.778s] Level 1:colcon.colcon_core.package_identification:_identify(.) by extension 'colcon_meta'
[0.778s] Level 1:colcon.colcon_core.package_identification:_identify(.) by extensions ['ros']
[0.778s] Level 1:colcon.colcon_core.package_identification:_identify(.) by extension 'ros'
[0.806s] Level 1:colcon.colcon_core.package_identification:_identify(.) by extensions ['cmake', 'python']
[0.806s] Level 1:colcon.colcon_core.package_identification:_identify(.) by extension 'cmake'
[0.807s] Level 1:colcon.colcon_core.package_identification:_identify(.) by extension 'python'
[0.807s] Level 1:colcon.colcon_core.package_identification:_identify(.) by extensions ['python_setup_py']
[0.807s] Level 1:colcon.colcon_core.package_identification:_identify(.) by extension 'python_setup_py'
[0.807s] Level 1:colcon.colcon_core.package_identification:_identify(build) by extensions ['ignore', 'ignore_ament_install']
[0.807s] Level 1:colcon.colcon_core.package_identification:_identify(build) by extension 'ignore'
[0.808s] Level 1:colcon.colcon_core.package_identification:_identify(build) ignored
[0.808s] Level 1:colcon.colcon_core.package_identification:_identify(install) by extensions ['ignore', 'ignore_ament_install']
[0.808s] Level 1:colcon.colcon_core.package_identification:_identify(install) by extension 'ignore'
[0.808s] Level 1:colcon.colcon_core.package_identification:_identify(install) ignored
[0.808s] Level 1:colcon.colcon_core.package_identification:_identify(log) by extensions ['ignore', 'ignore_ament_install']
[0.809s] Level 1:colcon.colcon_core.package_identification:_identify(log) by extension 'ignore'
[0.809s] Level 1:colcon.colcon_core.package_identification:_identify(log) ignored
[0.809s] Level 1:colcon.colcon_core.package_identification:_identify(src) by extensions ['ignore', 'ignore_ament_install']
[0.809s] Level 1:colcon.colcon_core.package_identification:_identify(src) by extension 'ignore'
[0.809s] Level 1:colcon.colcon_core.package_identification:_identify(src) by extension 'ignore_ament_install'
[0.809s] Level 1:colcon.colcon_core.package_identification:_identify(src) by extensions ['colcon_pkg']
[0.809s] Level 1:colcon.colcon_core.package_identification:_identify(src) by extension 'colcon_pkg'
[0.809s] Level 1:colcon.colcon_core.package_identification:_identify(src) by extensions ['colcon_meta']
[0.810s] Level 1:colcon.colcon_core.package_identification:_identify(src) by extension 'colcon_meta'
[0.810s] Level 1:colcon.colcon_core.package_identification:_identify(src) by extensions ['ros']
[0.810s] Level 1:colcon.colcon_core.package_identification:_identify(src) by extension 'ros'
[0.810s] Level 1:colcon.colcon_core.package_identification:_identify(src) by extensions ['cmake', 'python']
[0.810s] Level 1:colcon.colcon_core.package_identification:_identify(src) by extension 'cmake'
[0.810s] Level 1:colcon.colcon_core.package_identification:_identify(src) by extension 'python'
[0.810s] Level 1:colcon.colcon_core.package_identification:_identify(src) by extensions ['python_setup_py']
[0.810s] Level 1:colcon.colcon_core.package_identification:_identify(src) by extension 'python_setup_py'
[0.811s] Level 1:colcon.colcon_core.package_identification:_identify(src/build) by extensions ['ignore', 'ignore_ament_install']
[0.811s] Level 1:colcon.colcon_core.package_identification:_identify(src/build) by extension 'ignore'
[0.811s] Level 1:colcon.colcon_core.package_identification:_identify(src/build) ignored
[0.811s] Level 1:colcon.colcon_core.package_identification:_identify(src/install) by extensions ['ignore', 'ignore_ament_install']
[0.811s] Level 1:colcon.colcon_core.package_identification:_identify(src/install) by extension 'ignore'
[0.812s] Level 1:colcon.colcon_core.package_identification:_identify(src/install) ignored
[0.812s] Level 1:colcon.colcon_core.package_identification:_identify(src/kari-drone-2) by extensions ['ignore', 'ignore_ament_install']
[0.812s] Level 1:colcon.colcon_core.package_identification:_identify(src/kari-drone-2) by extension 'ignore'
[0.812s] Level 1:colcon.colcon_core.package_identification:_identify(src/kari-drone-2) by extension 'ignore_ament_install'
[0.812s] Level 1:colcon.colcon_core.package_identification:_identify(src/kari-drone-2) by extensions ['colcon_pkg']
[0.812s] Level 1:colcon.colcon_core.package_identification:_identify(src/kari-drone-2) by extension 'colcon_pkg'
[0.812s] Level 1:colcon.colcon_core.package_identification:_identify(src/kari-drone-2) by extensions ['colcon_meta']
[0.812s] Level 1:colcon.colcon_core.package_identification:_identify(src/kari-drone-2) by extension 'colcon_meta'
[0.813s] Level 1:colcon.colcon_core.package_identification:_identify(src/kari-drone-2) by extensions ['ros']
[0.813s] Level 1:colcon.colcon_core.package_identification:_identify(src/kari-drone-2) by extension 'ros'
[0.818s] DEBUG:colcon.colcon_core.package_identification:Package 'src/kari-drone-2' with type 'ros.ament_cmake' and name 'kari-drone-2'
[0.819s] Level 1:colcon.colcon_core.package_identification:_identify(src/kari-drone-system) by extensions ['ignore', 'ignore_ament_install']
[0.819s] Level 1:colcon.colcon_core.package_identification:_identify(src/kari-drone-system) by extension 'ignore'
[0.819s] Level 1:colcon.colcon_core.package_identification:_identify(src/kari-drone-system) by extension 'ignore_ament_install'
[0.819s] Level 1:colcon.colcon_core.package_identification:_identify(src/kari-drone-system) by extensions ['colcon_pkg']
[0.820s] Level 1:colcon.colcon_core.package_identification:_identify(src/kari-drone-system) by extension 'colcon_pkg'
[0.820s] Level 1:colcon.colcon_core.package_identification:_identify(src/kari-drone-system) by extensions ['colcon_meta']
[0.820s] Level 1:colcon.colcon_core.package_identification:_identify(src/kari-drone-system) by extension 'colcon_meta'
[0.820s] Level 1:colcon.colcon_core.package_identification:_identify(src/kari-drone-system) by extensions ['ros']
[0.820s] Level 1:colcon.colcon_core.package_identification:_identify(src/kari-drone-system) by extension 'ros'
[0.821s] DEBUG:colcon.colcon_core.package_identification:Package 'src/kari-drone-system' with type 'ros.ament_cmake' and name 'kari-drone-system'
[0.822s] Level 1:colcon.colcon_core.package_identification:_identify(src/kari_UAV_siyi) by extensions ['ignore', 'ignore_ament_install']
[0.822s] Level 1:colcon.colcon_core.package_identification:_identify(src/kari_UAV_siyi) by extension 'ignore'
[0.822s] Level 1:colcon.colcon_core.package_identification:_identify(src/kari_UAV_siyi) by extension 'ignore_ament_install'
[0.822s] Level 1:colcon.colcon_core.package_identification:_identify(src/kari_UAV_siyi) by extensions ['colcon_pkg']
[0.822s] Level 1:colcon.colcon_core.package_identification:_identify(src/kari_UAV_siyi) by extension 'colcon_pkg'
[0.822s] Level 1:colcon.colcon_core.package_identification:_identify(src/kari_UAV_siyi) by extensions ['colcon_meta']
[0.822s] Level 1:colcon.colcon_core.package_identification:_identify(src/kari_UAV_siyi) by extension 'colcon_meta'
[0.823s] Level 1:colcon.colcon_core.package_identification:_identify(src/kari_UAV_siyi) by extensions ['ros']
[0.823s] Level 1:colcon.colcon_core.package_identification:_identify(src/kari_UAV_siyi) by extension 'ros'
[0.824s] DEBUG:colcon.colcon_core.package_identification:Package 'src/kari_UAV_siyi' with type 'ros.ament_python' and name 'kari_UAV_siyi'
[0.825s] Level 1:colcon.colcon_core.package_identification:_identify(src/log) by extensions ['ignore', 'ignore_ament_install']
[0.825s] Level 1:colcon.colcon_core.package_identification:_identify(src/log) by extension 'ignore'
[0.825s] Level 1:colcon.colcon_core.package_identification:_identify(src/log) ignored
[0.826s] Level 1:colcon.colcon_core.package_identification:_identify(src/px4_msgs) by extensions ['ignore', 'ignore_ament_install']
[0.826s] Level 1:colcon.colcon_core.package_identification:_identify(src/px4_msgs) by extension 'ignore'
[0.826s] Level 1:colcon.colcon_core.package_identification:_identify(src/px4_msgs) by extension 'ignore_ament_install'
[0.826s] Level 1:colcon.colcon_core.package_identification:_identify(src/px4_msgs) by extensions ['colcon_pkg']
[0.826s] Level 1:colcon.colcon_core.package_identification:_identify(src/px4_msgs) by extension 'colcon_pkg'
[0.826s] Level 1:colcon.colcon_core.package_identification:_identify(src/px4_msgs) by extensions ['colcon_meta']
[0.826s] Level 1:colcon.colcon_core.package_identification:_identify(src/px4_msgs) by extension 'colcon_meta'
[0.826s] Level 1:colcon.colcon_core.package_identification:_identify(src/px4_msgs) by extensions ['ros']
[0.827s] Level 1:colcon.colcon_core.package_identification:_identify(src/px4_msgs) by extension 'ros'
[0.828s] DEBUG:colcon.colcon_core.package_identification:Package 'src/px4_msgs' with type 'ros.ament_cmake' and name 'px4_msgs'
[0.828s] Level 1:colcon.colcon_core.package_discovery:discover_packages(recursive) using defaults
[0.828s] Level 1:colcon.colcon_core.package_discovery:discover_packages(ignore) discover
[0.828s] Level 1:colcon.colcon_core.package_discovery:discover_packages(ignore) using defaults
[0.828s] Level 1:colcon.colcon_core.package_discovery:discover_packages(path) discover
[0.829s] Level 1:colcon.colcon_core.package_discovery:discover_packages(path) using defaults
[0.886s] Level 1:colcon.colcon_core.package_discovery:discover_packages(prefix_path) check parameters
[0.886s] Level 1:colcon.colcon_core.package_discovery:discover_packages(prefix_path) discover
[0.892s] DEBUG:colcon.colcon_installed_package_information.package_discovery:Found 3 installed packages in /home/ros2mc/ros2_ws/install
[0.894s] DEBUG:colcon.colcon_installed_package_information.package_discovery:Found 180 installed packages in /opt/ros/humble
[0.896s] Level 1:colcon.colcon_core.package_discovery:discover_packages(prefix_path) using defaults
[1.009s] Level 5:colcon.colcon_core.verb:set package 'kari-drone-2' build argument 'cmake_args' from command line to 'None'
[1.010s] Level 5:colcon.colcon_core.verb:set package 'kari-drone-2' build argument 'cmake_target' from command line to 'None'
[1.010s] Level 5:colcon.colcon_core.verb:set package 'kari-drone-2' build argument 'cmake_target_skip_unavailable' from command line to 'False'
[1.010s] Level 5:colcon.colcon_core.verb:set package 'kari-drone-2' build argument 'cmake_clean_cache' from command line to 'False'
[1.010s] Level 5:colcon.colcon_core.verb:set package 'kari-drone-2' build argument 'cmake_clean_first' from command line to 'False'
[1.010s] Level 5:colcon.colcon_core.verb:set package 'kari-drone-2' build argument 'cmake_force_configure' from command line to 'False'
[1.010s] Level 5:colcon.colcon_core.verb:set package 'kari-drone-2' build argument 'ament_cmake_args' from command line to 'None'
[1.010s] Level 5:colcon.colcon_core.verb:set package 'kari-drone-2' build argument 'catkin_cmake_args' from command line to 'None'
[1.010s] Level 5:colcon.colcon_core.verb:set package 'kari-drone-2' build argument 'catkin_skip_building_tests' from command line to 'False'
[1.010s] DEBUG:colcon.colcon_core.verb:Building package 'kari-drone-2' with the following arguments: {'ament_cmake_args': None, 'build_base': '/home/ros2mc/ros2_ws/build/kari-drone-2', 'catkin_cmake_args': None, 'catkin_skip_building_tests': False, 'cmake_args': None, 'cmake_clean_cache': False, 'cmake_clean_first': False, 'cmake_force_configure': False, 'cmake_target': None, 'cmake_target_skip_unavailable': False, 'install_base': '/home/ros2mc/ros2_ws/install/kari-drone-2', 'merge_install': False, 'path': '/home/ros2mc/ros2_ws/src/kari-drone-2', 'symlink_install': False, 'test_result_base': None}
[1.011s] Level 5:colcon.colcon_core.verb:set package 'kari-drone-system' build argument 'cmake_args' from command line to 'None'
[1.011s] Level 5:colcon.colcon_core.verb:set package 'kari-drone-system' build argument 'cmake_target' from command line to 'None'
[1.011s] Level 5:colcon.colcon_core.verb:set package 'kari-drone-system' build argument 'cmake_target_skip_unavailable' from command line to 'False'
[1.011s] Level 5:colcon.colcon_core.verb:set package 'kari-drone-system' build argument 'cmake_clean_cache' from command line to 'False'
[1.011s] Level 5:colcon.colcon_core.verb:set package 'kari-drone-system' build argument 'cmake_clean_first' from command line to 'False'
[1.011s] Level 5:colcon.colcon_core.verb:set package 'kari-drone-system' build argument 'cmake_force_configure' from command line to 'False'
[1.011s] Level 5:colcon.colcon_core.verb:set package 'kari-drone-system' build argument 'ament_cmake_args' from command line to 'None'
[1.011s] Level 5:colcon.colcon_core.verb:set package 'kari-drone-system' build argument 'catkin_cmake_args' from command line to 'None'
[1.011s] Level 5:colcon.colcon_core.verb:set package 'kari-drone-system' build argument 'catkin_skip_building_tests' from command line to 'False'
[1.011s] DEBUG:colcon.colcon_core.verb:Building package 'kari-drone-system' with the following arguments: {'ament_cmake_args': None, 'build_base': '/home/ros2mc/ros2_ws/build/kari-drone-system', 'catkin_cmake_args': None, 'catkin_skip_building_tests': False, 'cmake_args': None, 'cmake_clean_cache': False, 'cmake_clean_first': False, 'cmake_force_configure': False, 'cmake_target': None, 'cmake_target_skip_unavailable': False, 'install_base': '/home/ros2mc/ros2_ws/install/kari-drone-system', 'merge_install': False, 'path': '/home/ros2mc/ros2_ws/src/kari-drone-system', 'symlink_install': False, 'test_result_base': None}
[1.012s] Level 5:colcon.colcon_core.verb:set package 'kari_UAV_siyi' build argument 'cmake_args' from command line to 'None'
[1.012s] Level 5:colcon.colcon_core.verb:set package 'kari_UAV_siyi' build argument 'cmake_target' from command line to 'None'
[1.012s] Level 5:colcon.colcon_core.verb:set package 'kari_UAV_siyi' build argument 'cmake_target_skip_unavailable' from command line to 'False'
[1.012s] Level 5:colcon.colcon_core.verb:set package 'kari_UAV_siyi' build argument 'cmake_clean_cache' from command line to 'False'
[1.012s] Level 5:colcon.colcon_core.verb:set package 'kari_UAV_siyi' build argument 'cmake_clean_first' from command line to 'False'
[1.012s] Level 5:colcon.colcon_core.verb:set package 'kari_UAV_siyi' build argument 'cmake_force_configure' from command line to 'False'
[1.012s] Level 5:colcon.colcon_core.verb:set package 'kari_UAV_siyi' build argument 'ament_cmake_args' from command line to 'None'
[1.012s] Level 5:colcon.colcon_core.verb:set package 'kari_UAV_siyi' build argument 'catkin_cmake_args' from command line to 'None'
[1.012s] Level 5:colcon.colcon_core.verb:set package 'kari_UAV_siyi' build argument 'catkin_skip_building_tests' from command line to 'False'
[1.012s] DEBUG:colcon.colcon_core.verb:Building package 'kari_UAV_siyi' with the following arguments: {'ament_cmake_args': None, 'build_base': '/home/ros2mc/ros2_ws/build/kari_UAV_siyi', 'catkin_cmake_args': None, 'catkin_skip_building_tests': False, 'cmake_args': None, 'cmake_clean_cache': False, 'cmake_clean_first': False, 'cmake_force_configure': False, 'cmake_target': None, 'cmake_target_skip_unavailable': False, 'install_base': '/home/ros2mc/ros2_ws/install/kari_UAV_siyi', 'merge_install': False, 'path': '/home/ros2mc/ros2_ws/src/kari_UAV_siyi', 'symlink_install': False, 'test_result_base': None}
[1.013s] Level 5:colcon.colcon_core.verb:set package 'px4_msgs' build argument 'cmake_args' from command line to 'None'
[1.013s] Level 5:colcon.colcon_core.verb:set package 'px4_msgs' build argument 'cmake_target' from command line to 'None'
[1.013s] Level 5:colcon.colcon_core.verb:set package 'px4_msgs' build argument 'cmake_target_skip_unavailable' from command line to 'False'
[1.013s] Level 5:colcon.colcon_core.verb:set package 'px4_msgs' build argument 'cmake_clean_cache' from command line to 'False'
[1.013s] Level 5:colcon.colcon_core.verb:set package 'px4_msgs' build argument 'cmake_clean_first' from command line to 'False'
[1.013s] Level 5:colcon.colcon_core.verb:set package 'px4_msgs' build argument 'cmake_force_configure' from command line to 'False'
[1.013s] Level 5:colcon.colcon_core.verb:set package 'px4_msgs' build argument 'ament_cmake_args' from command line to 'None'
[1.013s] Level 5:colcon.colcon_core.verb:set package 'px4_msgs' build argument 'catkin_cmake_args' from command line to 'None'
[1.013s] Level 5:colcon.colcon_core.verb:set package 'px4_msgs' build argument 'catkin_skip_building_tests' from command line to 'False'
[1.014s] DEBUG:colcon.colcon_core.verb:Building package 'px4_msgs' with the following arguments: {'ament_cmake_args': None, 'build_base': '/home/ros2mc/ros2_ws/build/px4_msgs', 'catkin_cmake_args': None, 'catkin_skip_building_tests': False, 'cmake_args': None, 'cmake_clean_cache': False, 'cmake_clean_first': False, 'cmake_force_configure': False, 'cmake_target': None, 'cmake_target_skip_unavailable': False, 'install_base': '/home/ros2mc/ros2_ws/install/px4_msgs', 'merge_install': False, 'path': '/home/ros2mc/ros2_ws/src/px4_msgs', 'symlink_install': False, 'test_result_base': None}
[1.014s] INFO:colcon.colcon_core.executor:Executing jobs using 'parallel' executor
[1.016s] DEBUG:colcon.colcon_parallel_executor.executor.parallel:run_until_complete
[1.017s] INFO:colcon.colcon_ros.task.ament_cmake.build:Building ROS package in '/home/ros2mc/ros2_ws/src/kari-drone-2' with build type 'ament_cmake'
[1.017s] INFO:colcon.colcon_cmake.task.cmake.build:Building CMake package in '/home/ros2mc/ros2_ws/src/kari-drone-2'
[1.024s] INFO:colcon.colcon_core.plugin_system:Skipping extension 'colcon_core.shell.bat': Not used on non-Windows systems
[1.024s] INFO:colcon.colcon_core.shell:Skip shell extension 'powershell' for command environment: Not usable outside of PowerShell
[1.025s] DEBUG:colcon.colcon_core.shell:Skip shell extension 'dsv' for command environment
[1.032s] INFO:colcon.colcon_ros.task.ament_cmake.build:Building ROS package in '/home/ros2mc/ros2_ws/src/kari-drone-system' with build type 'ament_cmake'
[1.032s] INFO:colcon.colcon_cmake.task.cmake.build:Building CMake package in '/home/ros2mc/ros2_ws/src/kari-drone-system'
[1.033s] INFO:colcon.colcon_core.shell:Skip shell extension 'powershell' for command environment: Not usable outside of PowerShell
[1.033s] DEBUG:colcon.colcon_core.shell:Skip shell extension 'dsv' for command environment
[1.040s] INFO:colcon.colcon_ros.task.ament_python.build:Building ROS package in '/home/ros2mc/ros2_ws/src/kari_UAV_siyi' with build type 'ament_python'
[1.041s] Level 1:colcon.colcon_core.shell:create_environment_hook('kari_UAV_siyi', 'ament_prefix_path')
[1.042s] INFO:colcon.colcon_core.shell:Creating environment hook '/home/ros2mc/ros2_ws/install/kari_UAV_siyi/share/kari_UAV_siyi/hook/ament_prefix_path.ps1'
[1.044s] INFO:colcon.colcon_core.shell:Creating environment descriptor '/home/ros2mc/ros2_ws/install/kari_UAV_siyi/share/kari_UAV_siyi/hook/ament_prefix_path.dsv'
[1.045s] INFO:colcon.colcon_core.shell:Creating environment hook '/home/ros2mc/ros2_ws/install/kari_UAV_siyi/share/kari_UAV_siyi/hook/ament_prefix_path.sh'
[1.047s] INFO:colcon.colcon_core.shell:Skip shell extension 'powershell' for command environment: Not usable outside of PowerShell
[1.047s] DEBUG:colcon.colcon_core.shell:Skip shell extension 'dsv' for command environment
[1.053s] INFO:colcon.colcon_ros.task.ament_cmake.build:Building ROS package in '/home/ros2mc/ros2_ws/src/px4_msgs' with build type 'ament_cmake'
[1.053s] INFO:colcon.colcon_cmake.task.cmake.build:Building CMake package in '/home/ros2mc/ros2_ws/src/px4_msgs'
[1.054s] INFO:colcon.colcon_core.shell:Skip shell extension 'powershell' for command environment: Not usable outside of PowerShell
[1.054s] DEBUG:colcon.colcon_core.shell:Skip shell extension 'dsv' for command environment
[1.076s] DEBUG:colcon.colcon_core.event_handler.log_command:Invoking command in '/home/ros2mc/ros2_ws/build/kari-drone-2': CMAKE_PREFIX_PATH=${CMAKE_PREFIX_PATH}:/home/ros2mc/ros2_ws/install/kari_UAV_siyi:/opt/ros/humble /usr/bin/cmake /home/ros2mc/ros2_ws/src/kari-drone-2 -DCMAKE_INSTALL_PREFIX=/home/ros2mc/ros2_ws/install/kari-drone-2
[1.088s] DEBUG:colcon.colcon_core.event_handler.log_command:Invoking command in '/home/ros2mc/ros2_ws/build/kari-drone-system': CMAKE_PREFIX_PATH=${CMAKE_PREFIX_PATH}:/home/ros2mc/ros2_ws/install/kari_UAV_siyi:/opt/ros/humble /usr/bin/cmake --build /home/ros2mc/ros2_ws/build/kari-drone-system -- -j6 -l6
[1.654s] INFO:colcon.colcon_core.task.python.build:Building Python package in '/home/ros2mc/ros2_ws/src/kari_UAV_siyi'
[1.655s] INFO:colcon.colcon_core.shell:Skip shell extension 'powershell' for command environment: Not usable outside of PowerShell
[1.655s] DEBUG:colcon.colcon_core.shell:Skip shell extension 'dsv' for command environment
[1.669s] DEBUG:colcon.colcon_core.event_handler.log_command:Invoking command in '/home/ros2mc/ros2_ws/build/px4_msgs': CMAKE_PREFIX_PATH=${CMAKE_PREFIX_PATH}:/home/ros2mc/ros2_ws/install/kari_UAV_siyi:/opt/ros/humble /usr/bin/cmake --build /home/ros2mc/ros2_ws/build/px4_msgs -- -j6 -l6
[3.070s] DEBUG:colcon.colcon_core.event_handler.log_command:Invoking command in '/home/ros2mc/ros2_ws/src/kari_UAV_siyi': PYTHONPATH=/home/ros2mc/ros2_ws/build/kari_UAV_siyi/prefix_override:/usr/lib/python3/dist-packages/colcon_core/task/python/colcon_distutils_commands:/home/ros2mc/ros2_ws/install/kari_UAV_siyi/lib/python3.10/site-packages:${PYTHONPATH} /usr/bin/python3 -W ignore:setup.py install is deprecated setup.py egg_info --egg-base ../../build/kari_UAV_siyi build --build-base /home/ros2mc/ros2_ws/build/kari_UAV_siyi/build install --record /home/ros2mc/ros2_ws/build/kari_UAV_siyi/install.log --single-version-externally-managed install_data
[3.848s] DEBUG:colcon.colcon_core.event_handler.log_command:Invoked command in '/home/ros2mc/ros2_ws/build/px4_msgs' returned '0': CMAKE_PREFIX_PATH=${CMAKE_PREFIX_PATH}:/home/ros2mc/ros2_ws/install/kari_UAV_siyi:/opt/ros/humble /usr/bin/cmake --build /home/ros2mc/ros2_ws/build/px4_msgs -- -j6 -l6
[3.917s] DEBUG:colcon.colcon_core.event_handler.log_command:Invoked command in '/home/ros2mc/ros2_ws/src/kari_UAV_siyi' returned '0': PYTHONPATH=/home/ros2mc/ros2_ws/build/kari_UAV_siyi/prefix_override:/usr/lib/python3/dist-packages/colcon_core/task/python/colcon_distutils_commands:/home/ros2mc/ros2_ws/install/kari_UAV_siyi/lib/python3.10/site-packages:${PYTHONPATH} /usr/bin/python3 -W ignore:setup.py install is deprecated setup.py egg_info --egg-base ../../build/kari_UAV_siyi build --build-base /home/ros2mc/ros2_ws/build/kari_UAV_siyi/build install --record /home/ros2mc/ros2_ws/build/kari_UAV_siyi/install.log --single-version-externally-managed install_data
[3.927s] Level 1:colcon.colcon_core.environment:checking '/home/ros2mc/ros2_ws/install/kari_UAV_siyi' for CMake module files
[3.928s] Level 1:colcon.colcon_core.environment:checking '/home/ros2mc/ros2_ws/install/kari_UAV_siyi' for CMake config files
[3.930s] Level 1:colcon.colcon_core.environment:checking '/home/ros2mc/ros2_ws/install/kari_UAV_siyi/lib'
[3.930s] Level 1:colcon.colcon_core.environment:checking '/home/ros2mc/ros2_ws/install/kari_UAV_siyi/bin'
[3.930s] Level 1:colcon.colcon_core.environment:checking '/home/ros2mc/ros2_ws/install/kari_UAV_siyi/lib/pkgconfig/kari_UAV_siyi.pc'
[3.931s] Level 1:colcon.colcon_core.environment:checking '/home/ros2mc/ros2_ws/install/kari_UAV_siyi/lib/python3.10/site-packages'
[3.931s] Level 1:colcon.colcon_core.shell:create_environment_hook('kari_UAV_siyi', 'pythonpath')
[3.931s] INFO:colcon.colcon_core.shell:Creating environment hook '/home/ros2mc/ros2_ws/install/kari_UAV_siyi/share/kari_UAV_siyi/hook/pythonpath.ps1'
[3.933s] INFO:colcon.colcon_core.shell:Creating environment descriptor '/home/ros2mc/ros2_ws/install/kari_UAV_siyi/share/kari_UAV_siyi/hook/pythonpath.dsv'
[3.934s] INFO:colcon.colcon_core.shell:Creating environment hook '/home/ros2mc/ros2_ws/install/kari_UAV_siyi/share/kari_UAV_siyi/hook/pythonpath.sh'
[3.935s] Level 1:colcon.colcon_core.environment:checking '/home/ros2mc/ros2_ws/install/kari_UAV_siyi/bin'
[3.935s] Level 1:colcon.colcon_core.environment:create_environment_scripts_only(kari_UAV_siyi)
[3.936s] INFO:colcon.colcon_core.shell:Creating package script '/home/ros2mc/ros2_ws/install/kari_UAV_siyi/share/kari_UAV_siyi/package.ps1'
[3.938s] INFO:colcon.colcon_core.shell:Creating package descriptor '/home/ros2mc/ros2_ws/install/kari_UAV_siyi/share/kari_UAV_siyi/package.dsv'
[3.940s] INFO:colcon.colcon_core.shell:Creating package script '/home/ros2mc/ros2_ws/install/kari_UAV_siyi/share/kari_UAV_siyi/package.sh'
[3.943s] INFO:colcon.colcon_core.shell:Creating package script '/home/ros2mc/ros2_ws/install/kari_UAV_siyi/share/kari_UAV_siyi/package.bash'
[3.956s] INFO:colcon.colcon_core.shell:Creating package script '/home/ros2mc/ros2_ws/install/kari_UAV_siyi/share/kari_UAV_siyi/package.zsh'
[3.962s] Level 1:colcon.colcon_core.environment:create_file_with_runtime_dependencies(/home/ros2mc/ros2_ws/install/kari_UAV_siyi/share/colcon-core/packages/kari_UAV_siyi)
[10.288s] DEBUG:colcon.colcon_core.event_handler.log_command:Invoking command in '/home/ros2mc/ros2_ws/build/px4_msgs': CMAKE_PREFIX_PATH=${CMAKE_PREFIX_PATH}:/home/ros2mc/ros2_ws/install/kari_UAV_siyi:/opt/ros/humble /usr/bin/cmake --install /home/ros2mc/ros2_ws/build/px4_msgs
[11.002s] Level 1:colcon.colcon_core.environment:create_environment_scripts_only(px4_msgs)
[11.003s] Level 1:colcon.colcon_core.environment:checking '/home/ros2mc/ros2_ws/install/px4_msgs' for CMake module files
[11.004s] Level 1:colcon.colcon_core.environment:checking '/home/ros2mc/ros2_ws/install/px4_msgs' for CMake config files
[11.012s] DEBUG:colcon.colcon_core.event_handler.log_command:Invoked command in '/home/ros2mc/ros2_ws/build/px4_msgs' returned '0': CMAKE_PREFIX_PATH=${CMAKE_PREFIX_PATH}:/home/ros2mc/ros2_ws/install/kari_UAV_siyi:/opt/ros/humble /usr/bin/cmake --install /home/ros2mc/ros2_ws/build/px4_msgs
[11.015s] Level 1:colcon.colcon_core.shell:create_environment_hook('px4_msgs', 'cmake_prefix_path')
[11.016s] INFO:colcon.colcon_core.shell:Creating environment hook '/home/ros2mc/ros2_ws/install/px4_msgs/share/px4_msgs/hook/cmake_prefix_path.ps1'
[11.018s] INFO:colcon.colcon_core.shell:Creating environment descriptor '/home/ros2mc/ros2_ws/install/px4_msgs/share/px4_msgs/hook/cmake_prefix_path.dsv'
[11.020s] INFO:colcon.colcon_core.shell:Creating environment hook '/home/ros2mc/ros2_ws/install/px4_msgs/share/px4_msgs/hook/cmake_prefix_path.sh'
[11.024s] Level 1:colcon.colcon_core.environment:checking '/home/ros2mc/ros2_ws/install/px4_msgs/lib'
[11.025s] Level 1:colcon.colcon_core.shell:create_environment_hook('px4_msgs', 'ld_library_path_lib')
[11.028s] INFO:colcon.colcon_core.shell:Creating environment hook '/home/ros2mc/ros2_ws/install/px4_msgs/share/px4_msgs/hook/ld_library_path_lib.ps1'
[11.030s] INFO:colcon.colcon_core.shell:Creating environment descriptor '/home/ros2mc/ros2_ws/install/px4_msgs/share/px4_msgs/hook/ld_library_path_lib.dsv'
[11.031s] INFO:colcon.colcon_core.shell:Creating environment hook '/home/ros2mc/ros2_ws/install/px4_msgs/share/px4_msgs/hook/ld_library_path_lib.sh'
[11.032s] Level 1:colcon.colcon_core.environment:checking '/home/ros2mc/ros2_ws/install/px4_msgs/bin'
[11.032s] Level 1:colcon.colcon_core.environment:checking '/home/ros2mc/ros2_ws/install/px4_msgs/lib/pkgconfig/px4_msgs.pc'
[11.033s] Level 1:colcon.colcon_core.environment:checking '/home/ros2mc/ros2_ws/install/px4_msgs/lib/python3.10/site-packages'
[11.033s] Level 1:colcon.colcon_core.environment:checking '/home/ros2mc/ros2_ws/install/px4_msgs/bin'
[11.034s] INFO:colcon.colcon_core.shell:Creating package script '/home/ros2mc/ros2_ws/install/px4_msgs/share/px4_msgs/package.ps1'
[11.035s] INFO:colcon.colcon_core.shell:Creating package descriptor '/home/ros2mc/ros2_ws/install/px4_msgs/share/px4_msgs/package.dsv'
[11.036s] INFO:colcon.colcon_core.shell:Creating package script '/home/ros2mc/ros2_ws/install/px4_msgs/share/px4_msgs/package.sh'
[11.037s] INFO:colcon.colcon_core.shell:Creating package script '/home/ros2mc/ros2_ws/install/px4_msgs/share/px4_msgs/package.bash'
[11.038s] INFO:colcon.colcon_core.shell:Creating package script '/home/ros2mc/ros2_ws/install/px4_msgs/share/px4_msgs/package.zsh'
[11.039s] Level 1:colcon.colcon_core.environment:create_file_with_runtime_dependencies(/home/ros2mc/ros2_ws/install/px4_msgs/share/colcon-core/packages/px4_msgs)
[17.229s] Level 1:colcon.colcon_core.environment:create_environment_scripts_only(px4_msgs)
[17.229s] Level 1:colcon.colcon_core.environment:checking '/home/ros2mc/ros2_ws/install/px4_msgs' for CMake module files
[17.231s] Level 1:colcon.colcon_core.environment:checking '/home/ros2mc/ros2_ws/install/px4_msgs' for CMake config files
[17.240s] Level 1:colcon.colcon_core.shell:create_environment_hook('px4_msgs', 'cmake_prefix_path')
[17.240s] INFO:colcon.colcon_core.shell:Creating environment hook '/home/ros2mc/ros2_ws/install/px4_msgs/share/px4_msgs/hook/cmake_prefix_path.ps1'
[17.242s] INFO:colcon.colcon_core.shell:Creating environment descriptor '/home/ros2mc/ros2_ws/install/px4_msgs/share/px4_msgs/hook/cmake_prefix_path.dsv'
[17.243s] INFO:colcon.colcon_core.shell:Creating environment hook '/home/ros2mc/ros2_ws/install/px4_msgs/share/px4_msgs/hook/cmake_prefix_path.sh'
[17.245s] Level 1:colcon.colcon_core.environment:checking '/home/ros2mc/ros2_ws/install/px4_msgs/lib'
[17.246s] Level 1:colcon.colcon_core.shell:create_environment_hook('px4_msgs', 'ld_library_path_lib')
[17.246s] INFO:colcon.colcon_core.shell:Creating environment hook '/home/ros2mc/ros2_ws/install/px4_msgs/share/px4_msgs/hook/ld_library_path_lib.ps1'
[17.248s] INFO:colcon.colcon_core.shell:Creating environment descriptor '/home/ros2mc/ros2_ws/install/px4_msgs/share/px4_msgs/hook/ld_library_path_lib.dsv'
[17.249s] INFO:colcon.colcon_core.shell:Creating environment hook '/home/ros2mc/ros2_ws/install/px4_msgs/share/px4_msgs/hook/ld_library_path_lib.sh'
[17.250s] Level 1:colcon.colcon_core.environment:checking '/home/ros2mc/ros2_ws/install/px4_msgs/bin'
[17.250s] Level 1:colcon.colcon_core.environment:checking '/home/ros2mc/ros2_ws/install/px4_msgs/lib/pkgconfig/px4_msgs.pc'
[17.251s] Level 1:colcon.colcon_core.environment:checking '/home/ros2mc/ros2_ws/install/px4_msgs/lib/python3.10/site-packages'
[17.251s] Level 1:colcon.colcon_core.environment:checking '/home/ros2mc/ros2_ws/install/px4_msgs/bin'
[17.252s] INFO:colcon.colcon_core.shell:Creating package script '/home/ros2mc/ros2_ws/install/px4_msgs/share/px4_msgs/package.ps1'
[17.253s] INFO:colcon.colcon_core.shell:Creating package descriptor '/home/ros2mc/ros2_ws/install/px4_msgs/share/px4_msgs/package.dsv'
[17.255s] INFO:colcon.colcon_core.shell:Creating package script '/home/ros2mc/ros2_ws/install/px4_msgs/share/px4_msgs/package.sh'
[17.256s] INFO:colcon.colcon_core.shell:Creating package script '/home/ros2mc/ros2_ws/install/px4_msgs/share/px4_msgs/package.bash'
[17.257s] INFO:colcon.colcon_core.shell:Creating package script '/home/ros2mc/ros2_ws/install/px4_msgs/share/px4_msgs/package.zsh'
[17.258s] Level 1:colcon.colcon_core.environment:create_file_with_runtime_dependencies(/home/ros2mc/ros2_ws/install/px4_msgs/share/colcon-core/packages/px4_msgs)
[17.370s] DEBUG:colcon.colcon_core.event_handler.log_command:Invoked command in '/home/ros2mc/ros2_ws/build/kari-drone-system' returned '0': CMAKE_PREFIX_PATH=${CMAKE_PREFIX_PATH}:/home/ros2mc/ros2_ws/install/kari_UAV_siyi:/opt/ros/humble /usr/bin/cmake --build /home/ros2mc/ros2_ws/build/kari-drone-system -- -j6 -l6
[17.409s] DEBUG:colcon.colcon_core.event_handler.log_command:Invoking command in '/home/ros2mc/ros2_ws/build/kari-drone-system': CMAKE_PREFIX_PATH=${CMAKE_PREFIX_PATH}:/home/ros2mc/ros2_ws/install/kari_UAV_siyi:/opt/ros/humble /usr/bin/cmake --install /home/ros2mc/ros2_ws/build/kari-drone-system
[18.071s] DEBUG:colcon.colcon_core.event_handler.log_command:Invoked command in '/home/ros2mc/ros2_ws/build/kari-drone-2' returned '0': CMAKE_PREFIX_PATH=${CMAKE_PREFIX_PATH}:/home/ros2mc/ros2_ws/install/kari_UAV_siyi:/opt/ros/humble /usr/bin/cmake /home/ros2mc/ros2_ws/src/kari-drone-2 -DCMAKE_INSTALL_PREFIX=/home/ros2mc/ros2_ws/install/kari-drone-2
[18.075s] DEBUG:colcon.colcon_core.event_handler.log_command:Invoking command in '/home/ros2mc/ros2_ws/build/kari-drone-2': CMAKE_PREFIX_PATH=${CMAKE_PREFIX_PATH}:/home/ros2mc/ros2_ws/install/kari_UAV_siyi:/opt/ros/humble /usr/bin/cmake --build /home/ros2mc/ros2_ws/build/kari-drone-2 -- -j6 -l6
[18.149s] DEBUG:colcon.colcon_core.event_handler.log_command:Invoked command in '/home/ros2mc/ros2_ws/build/kari-drone-2' returned '0': CMAKE_PREFIX_PATH=${CMAKE_PREFIX_PATH}:/home/ros2mc/ros2_ws/install/kari_UAV_siyi:/opt/ros/humble /usr/bin/cmake --build /home/ros2mc/ros2_ws/build/kari-drone-2 -- -j6 -l6
[18.199s] DEBUG:colcon.colcon_core.event_handler.log_command:Invoking command in '/home/ros2mc/ros2_ws/build/kari-drone-2': CMAKE_PREFIX_PATH=${CMAKE_PREFIX_PATH}:/home/ros2mc/ros2_ws/install/kari_UAV_siyi:/opt/ros/humble /usr/bin/cmake --install /home/ros2mc/ros2_ws/build/kari-drone-2
[24.317s] Level 1:colcon.colcon_core.environment:create_environment_scripts_only(kari-drone-system)
[24.318s] Level 1:colcon.colcon_core.environment:checking '/home/ros2mc/ros2_ws/install/kari-drone-system' for CMake module files
[24.320s] DEBUG:colcon.colcon_core.event_handler.log_command:Invoked command in '/home/ros2mc/ros2_ws/build/kari-drone-system' returned '0': CMAKE_PREFIX_PATH=${CMAKE_PREFIX_PATH}:/home/ros2mc/ros2_ws/install/kari_UAV_siyi:/opt/ros/humble /usr/bin/cmake --install /home/ros2mc/ros2_ws/build/kari-drone-system
[24.323s] Level 1:colcon.colcon_core.environment:checking '/home/ros2mc/ros2_ws/install/kari-drone-system' for CMake config files
[24.440s] Level 1:colcon.colcon_core.shell:create_environment_hook('kari-drone-system', 'cmake_prefix_path')
[24.441s] INFO:colcon.colcon_core.shell:Creating environment hook '/home/ros2mc/ros2_ws/install/kari-drone-system/share/kari-drone-system/hook/cmake_prefix_path.ps1'
[24.442s] INFO:colcon.colcon_core.shell:Creating environment descriptor '/home/ros2mc/ros2_ws/install/kari-drone-system/share/kari-drone-system/hook/cmake_prefix_path.dsv'
[24.443s] INFO:colcon.colcon_core.shell:Creating environment hook '/home/ros2mc/ros2_ws/install/kari-drone-system/share/kari-drone-system/hook/cmake_prefix_path.sh'
[24.444s] Level 1:colcon.colcon_core.environment:checking '/home/ros2mc/ros2_ws/install/kari-drone-system/bin'
[24.444s] Level 1:colcon.colcon_core.environment:checking '/home/ros2mc/ros2_ws/install/kari-drone-system/lib/pkgconfig/kari-drone-system.pc'
[24.445s] Level 1:colcon.colcon_core.environment:checking '/home/ros2mc/ros2_ws/install/kari-drone-system/lib/python3.10/site-packages'
[24.445s] Level 1:colcon.colcon_core.environment:checking '/home/ros2mc/ros2_ws/install/kari-drone-system/bin'
[24.446s] INFO:colcon.colcon_core.shell:Creating package script '/home/ros2mc/ros2_ws/install/kari-drone-system/share/kari-drone-system/package.ps1'
[24.447s] INFO:colcon.colcon_core.shell:Creating package descriptor '/home/ros2mc/ros2_ws/install/kari-drone-system/share/kari-drone-system/package.dsv'
[24.448s] INFO:colcon.colcon_core.shell:Creating package script '/home/ros2mc/ros2_ws/install/kari-drone-system/share/kari-drone-system/package.sh'
[24.449s] INFO:colcon.colcon_core.shell:Creating package script '/home/ros2mc/ros2_ws/install/kari-drone-system/share/kari-drone-system/package.bash'
[24.449s] INFO:colcon.colcon_core.shell:Creating package script '/home/ros2mc/ros2_ws/install/kari-drone-system/share/kari-drone-system/package.zsh'
[24.450s] Level 1:colcon.colcon_core.environment:create_file_with_runtime_dependencies(/home/ros2mc/ros2_ws/install/kari-drone-system/share/colcon-core/packages/kari-drone-system)
[24.453s] Level 1:colcon.colcon_core.environment:create_environment_scripts_only(kari-drone-2)
[24.454s] Level 1:colcon.colcon_core.environment:checking '/home/ros2mc/ros2_ws/install/kari-drone-2' for CMake module files
[24.455s] DEBUG:colcon.colcon_core.event_handler.log_command:Invoked command in '/home/ros2mc/ros2_ws/build/kari-drone-2' returned '0': CMAKE_PREFIX_PATH=${CMAKE_PREFIX_PATH}:/home/ros2mc/ros2_ws/install/kari_UAV_siyi:/opt/ros/humble /usr/bin/cmake --install /home/ros2mc/ros2_ws/build/kari-drone-2
[24.455s] Level 1:colcon.colcon_core.environment:checking '/home/ros2mc/ros2_ws/install/kari-drone-2' for CMake config files
[24.542s] Level 1:colcon.colcon_core.shell:create_environment_hook('kari-drone-2', 'cmake_prefix_path')
[24.542s] INFO:colcon.colcon_core.shell:Creating environment hook '/home/ros2mc/ros2_ws/install/kari-drone-2/share/kari-drone-2/hook/cmake_prefix_path.ps1'
[24.544s] INFO:colcon.colcon_core.shell:Creating environment descriptor '/home/ros2mc/ros2_ws/install/kari-drone-2/share/kari-drone-2/hook/cmake_prefix_path.dsv'
[24.545s] INFO:colcon.colcon_core.shell:Creating environment hook '/home/ros2mc/ros2_ws/install/kari-drone-2/share/kari-drone-2/hook/cmake_prefix_path.sh'
[24.546s] Level 1:colcon.colcon_core.environment:checking '/home/ros2mc/ros2_ws/install/kari-drone-2/bin'
[24.546s] Level 1:colcon.colcon_core.environment:checking '/home/ros2mc/ros2_ws/install/kari-drone-2/lib/pkgconfig/kari-drone-2.pc'
[24.546s] Level 1:colcon.colcon_core.environment:checking '/home/ros2mc/ros2_ws/install/kari-drone-2/lib/python3.10/site-packages'
[24.547s] Level 1:colcon.colcon_core.environment:checking '/home/ros2mc/ros2_ws/install/kari-drone-2/bin'
[24.548s] INFO:colcon.colcon_core.shell:Creating package script '/home/ros2mc/ros2_ws/install/kari-drone-2/share/kari-drone-2/package.ps1'
[24.549s] INFO:colcon.colcon_core.shell:Creating package descriptor '/home/ros2mc/ros2_ws/install/kari-drone-2/share/kari-drone-2/package.dsv'
[24.550s] INFO:colcon.colcon_core.shell:Creating package script '/home/ros2mc/ros2_ws/install/kari-drone-2/share/kari-drone-2/package.sh'
[24.550s] INFO:colcon.colcon_core.shell:Creating package script '/home/ros2mc/ros2_ws/install/kari-drone-2/share/kari-drone-2/package.bash'
[24.551s] INFO:colcon.colcon_core.shell:Creating package script '/home/ros2mc/ros2_ws/install/kari-drone-2/share/kari-drone-2/package.zsh'
[24.552s] Level 1:colcon.colcon_core.environment:create_file_with_runtime_dependencies(/home/ros2mc/ros2_ws/install/kari-drone-2/share/colcon-core/packages/kari-drone-2)
[24.556s] Level 1:colcon.colcon_core.environment:create_environment_scripts_only(kari-drone-system)
[24.556s] Level 1:colcon.colcon_core.environment:checking '/home/ros2mc/ros2_ws/install/kari-drone-system' for CMake module files
[24.557s] Level 1:colcon.colcon_core.environment:checking '/home/ros2mc/ros2_ws/install/kari-drone-system' for CMake config files
[24.634s] Level 1:colcon.colcon_core.shell:create_environment_hook('kari-drone-system', 'cmake_prefix_path')
[24.635s] INFO:colcon.colcon_core.shell:Creating environment hook '/home/ros2mc/ros2_ws/install/kari-drone-system/share/kari-drone-system/hook/cmake_prefix_path.ps1'
[24.636s] INFO:colcon.colcon_core.shell:Creating environment descriptor '/home/ros2mc/ros2_ws/install/kari-drone-system/share/kari-drone-system/hook/cmake_prefix_path.dsv'
[24.637s] INFO:colcon.colcon_core.shell:Creating environment hook '/home/ros2mc/ros2_ws/install/kari-drone-system/share/kari-drone-system/hook/cmake_prefix_path.sh'
[24.638s] Level 1:colcon.colcon_core.environment:checking '/home/ros2mc/ros2_ws/install/kari-drone-system/bin'
[24.638s] Level 1:colcon.colcon_core.environment:checking '/home/ros2mc/ros2_ws/install/kari-drone-system/lib/pkgconfig/kari-drone-system.pc'
[24.639s] Level 1:colcon.colcon_core.environment:checking '/home/ros2mc/ros2_ws/install/kari-drone-system/lib/python3.10/site-packages'
[24.639s] Level 1:colcon.colcon_core.environment:checking '/home/ros2mc/ros2_ws/install/kari-drone-system/bin'
[24.640s] INFO:colcon.colcon_core.shell:Creating package script '/home/ros2mc/ros2_ws/install/kari-drone-system/share/kari-drone-system/package.ps1'
[24.641s] INFO:colcon.colcon_core.shell:Creating package descriptor '/home/ros2mc/ros2_ws/install/kari-drone-system/share/kari-drone-system/package.dsv'
[24.642s] INFO:colcon.colcon_core.shell:Creating package script '/home/ros2mc/ros2_ws/install/kari-drone-system/share/kari-drone-system/package.sh'
[24.642s] INFO:colcon.colcon_core.shell:Creating package script '/home/ros2mc/ros2_ws/install/kari-drone-system/share/kari-drone-system/package.bash'
[24.643s] INFO:colcon.colcon_core.shell:Creating package script '/home/ros2mc/ros2_ws/install/kari-drone-system/share/kari-drone-system/package.zsh'
[24.644s] Level 1:colcon.colcon_core.environment:create_file_with_runtime_dependencies(/home/ros2mc/ros2_ws/install/kari-drone-system/share/colcon-core/packages/kari-drone-system)
[24.646s] Level 1:colcon.colcon_core.environment:create_environment_scripts_only(kari-drone-2)
[24.647s] Level 1:colcon.colcon_core.environment:checking '/home/ros2mc/ros2_ws/install/kari-drone-2' for CMake module files
[24.648s] Level 1:colcon.colcon_core.environment:checking '/home/ros2mc/ros2_ws/install/kari-drone-2' for CMake config files
[24.723s] Level 1:colcon.colcon_core.shell:create_environment_hook('kari-drone-2', 'cmake_prefix_path')
[24.724s] INFO:colcon.colcon_core.shell:Creating environment hook '/home/ros2mc/ros2_ws/install/kari-drone-2/share/kari-drone-2/hook/cmake_prefix_path.ps1'
[24.725s] INFO:colcon.colcon_core.shell:Creating environment descriptor '/home/ros2mc/ros2_ws/install/kari-drone-2/share/kari-drone-2/hook/cmake_prefix_path.dsv'
[24.726s] INFO:colcon.colcon_core.shell:Creating environment hook '/home/ros2mc/ros2_ws/install/kari-drone-2/share/kari-drone-2/hook/cmake_prefix_path.sh'
[24.727s] Level 1:colcon.colcon_core.environment:checking '/home/ros2mc/ros2_ws/install/kari-drone-2/bin'
[24.728s] Level 1:colcon.colcon_core.environment:checking '/home/ros2mc/ros2_ws/install/kari-drone-2/lib/pkgconfig/kari-drone-2.pc'
[24.728s] Level 1:colcon.colcon_core.environment:checking '/home/ros2mc/ros2_ws/install/kari-drone-2/lib/python3.10/site-packages'
[24.729s] Level 1:colcon.colcon_core.environment:checking '/home/ros2mc/ros2_ws/install/kari-drone-2/bin'
[24.729s] INFO:colcon.colcon_core.shell:Creating package script '/home/ros2mc/ros2_ws/install/kari-drone-2/share/kari-drone-2/package.ps1'
[24.731s] INFO:colcon.colcon_core.shell:Creating package descriptor '/home/ros2mc/ros2_ws/install/kari-drone-2/share/kari-drone-2/package.dsv'
[24.732s] INFO:colcon.colcon_core.shell:Creating package script '/home/ros2mc/ros2_ws/install/kari-drone-2/share/kari-drone-2/package.sh'
[24.733s] INFO:colcon.colcon_core.shell:Creating package script '/home/ros2mc/ros2_ws/install/kari-drone-2/share/kari-drone-2/package.bash'
[24.734s] INFO:colcon.colcon_core.shell:Creating package script '/home/ros2mc/ros2_ws/install/kari-drone-2/share/kari-drone-2/package.zsh'
[24.735s] Level 1:colcon.colcon_core.environment:create_file_with_runtime_dependencies(/home/ros2mc/ros2_ws/install/kari-drone-2/share/colcon-core/packages/kari-drone-2)
[24.736s] DEBUG:colcon.colcon_parallel_executor.executor.parallel:closing loop
[24.736s] DEBUG:colcon.colcon_parallel_executor.executor.parallel:loop closed
[24.736s] DEBUG:colcon.colcon_parallel_executor.executor.parallel:run_until_complete finished with '0'
[24.737s] DEBUG:colcon.colcon_core.event_reactor:joining thread
[24.751s] INFO:colcon.colcon_core.plugin_system:Skipping extension 'colcon_notification.desktop_notification.terminal_notifier': Not used on non-Darwin systems
[24.751s] INFO:colcon.colcon_core.plugin_system:Skipping extension 'colcon_notification.desktop_notification.win32': Not used on non-Windows systems
[24.751s] INFO:colcon.colcon_notification.desktop_notification:Sending desktop notification using 'notify2'
[24.799s] DEBUG:colcon.colcon_core.event_reactor:joined thread
[24.800s] INFO:colcon.colcon_core.shell:Creating prefix script '/home/ros2mc/ros2_ws/install/local_setup.ps1'
[24.803s] INFO:colcon.colcon_core.shell:Creating prefix util module '/home/ros2mc/ros2_ws/install/_local_setup_util_ps1.py'
[24.807s] INFO:colcon.colcon_core.shell:Creating prefix chain script '/home/ros2mc/ros2_ws/install/setup.ps1'
[24.810s] INFO:colcon.colcon_core.shell:Creating prefix script '/home/ros2mc/ros2_ws/install/local_setup.sh'
[24.811s] INFO:colcon.colcon_core.shell:Creating prefix util module '/home/ros2mc/ros2_ws/install/_local_setup_util_sh.py'
[24.813s] INFO:colcon.colcon_core.shell:Creating prefix chain script '/home/ros2mc/ros2_ws/install/setup.sh'
[24.816s] INFO:colcon.colcon_core.shell:Creating prefix script '/home/ros2mc/ros2_ws/install/local_setup.bash'
[24.817s] INFO:colcon.colcon_core.shell:Creating prefix chain script '/home/ros2mc/ros2_ws/install/setup.bash'
[24.820s] INFO:colcon.colcon_core.shell:Creating prefix script '/home/ros2mc/ros2_ws/install/local_setup.zsh'
[24.821s] INFO:colcon.colcon_core.shell:Creating prefix chain script '/home/ros2mc/ros2_ws/install/setup.zsh'
