[1.762s] Invoking command in '/home/jetson/ros2_link_ws/src/run_uav': PYTHONPATH=/home/jetson/ros2_link_ws/build/run_uav/prefix_override:/usr/lib/python3/dist-packages/colcon_core/task/python/colcon_distutils_commands:/home/jetson/ros2_link_ws/install/run_uav/lib/python3.10/site-packages:${PYTHONPATH} /usr/bin/python3 -W ignore:setup.py install is deprecated setup.py egg_info --egg-base ../../build/run_uav build --build-base /home/jetson/ros2_link_ws/build/run_uav/build install --record /home/jetson/ros2_link_ws/build/run_uav/install.log --single-version-externally-managed install_data
[2.217s] running egg_info
[2.219s] creating ../../build/run_uav/run_uav.egg-info
[2.219s] writing ../../build/run_uav/run_uav.egg-info/PKG-INFO
[2.219s] writing dependency_links to ../../build/run_uav/run_uav.egg-info/dependency_links.txt
[2.220s] writing entry points to ../../build/run_uav/run_uav.egg-info/entry_points.txt
[2.220s] writing requirements to ../../build/run_uav/run_uav.egg-info/requires.txt
[2.221s] writing top-level names to ../../build/run_uav/run_uav.egg-info/top_level.txt
[2.221s] writing manifest file '../../build/run_uav/run_uav.egg-info/SOURCES.txt'
[2.224s] reading manifest file '../../build/run_uav/run_uav.egg-info/SOURCES.txt'
[2.226s] writing manifest file '../../build/run_uav/run_uav.egg-info/SOURCES.txt'
[2.226s] running build
[2.226s] running build_py
[2.226s] creating /home/jetson/ros2_link_ws/build/run_uav/build
[2.227s] creating /home/jetson/ros2_link_ws/build/run_uav/build/lib
[2.227s] creating /home/jetson/ros2_link_ws/build/run_uav/build/lib/run_uav
[2.227s] copying run_uav/__init__.py -> /home/jetson/ros2_link_ws/build/run_uav/build/lib/run_uav
[2.227s] running install
[2.228s] running install_lib
[2.229s] creating /home/jetson/ros2_link_ws/install/run_uav/lib/python3.10/site-packages/run_uav
[2.230s] copying /home/jetson/ros2_link_ws/build/run_uav/build/lib/run_uav/__init__.py -> /home/jetson/ros2_link_ws/install/run_uav/lib/python3.10/site-packages/run_uav
[2.231s] byte-compiling /home/jetson/ros2_link_ws/install/run_uav/lib/python3.10/site-packages/run_uav/__init__.py to __init__.cpython-310.pyc
[2.231s] running install_data
[2.232s] creating /home/jetson/ros2_link_ws/install/run_uav/share/ament_index
[2.233s] creating /home/jetson/ros2_link_ws/install/run_uav/share/ament_index/resource_index
[2.233s] creating /home/jetson/ros2_link_ws/install/run_uav/share/ament_index/resource_index/packages
[2.233s] copying resource/run_uav -> /home/jetson/ros2_link_ws/install/run_uav/share/ament_index/resource_index/packages
[2.234s] copying package.xml -> /home/jetson/ros2_link_ws/install/run_uav/share/run_uav
[2.234s] copying launch/run_uav.py -> /home/jetson/ros2_link_ws/install/run_uav/share/run_uav
[2.234s] running install_egg_info
[2.238s] Copying ../../build/run_uav/run_uav.egg-info to /home/jetson/ros2_link_ws/install/run_uav/lib/python3.10/site-packages/run_uav-0.0.0-py3.10.egg-info
[2.240s] running install_scripts
[2.283s] writing list of installed files to '/home/jetson/ros2_link_ws/build/run_uav/install.log'
[2.353s] Invoked command in '/home/jetson/ros2_link_ws/src/run_uav' returned '0': PYTHONPATH=/home/jetson/ros2_link_ws/build/run_uav/prefix_override:/usr/lib/python3/dist-packages/colcon_core/task/python/colcon_distutils_commands:/home/jetson/ros2_link_ws/install/run_uav/lib/python3.10/site-packages:${PYTHONPATH} /usr/bin/python3 -W ignore:setup.py install is deprecated setup.py egg_info --egg-base ../../build/run_uav build --build-base /home/jetson/ros2_link_ws/build/run_uav/build install --record /home/jetson/ros2_link_ws/build/run_uav/install.log --single-version-externally-managed install_data
