[6.060s] Invoking command in '/home/ros2mc/ros2_ws/src/kari_UAV_siyi': PYTHONPATH=/home/ros2mc/ros2_ws/build/kari_UAV_siyi/prefix_override:/usr/lib/python3/dist-packages/colcon_core/task/python/colcon_distutils_commands:/home/ros2mc/ros2_ws/install/kari_UAV_siyi/lib/python3.10/site-packages:${PYTHONPATH} /usr/bin/python3 -W ignore:setup.py install is deprecated setup.py egg_info --egg-base ../../build/kari_UAV_siyi build --build-base /home/ros2mc/ros2_ws/build/kari_UAV_siyi/build install --record /home/ros2mc/ros2_ws/build/kari_UAV_siyi/install.log --single-version-externally-managed install_data
[6.062s] running egg_info
[6.062s] writing ../../build/kari_UAV_siyi/kari_UAV_siyi.egg-info/PKG-INFO
[6.063s] writing dependency_links to ../../build/kari_UAV_siyi/kari_UAV_siyi.egg-info/dependency_links.txt
[6.063s] writing entry points to ../../build/kari_UAV_siyi/kari_UAV_siyi.egg-info/entry_points.txt
[6.063s] writing requirements to ../../build/kari_UAV_siyi/kari_UAV_siyi.egg-info/requires.txt
[6.063s] writing top-level names to ../../build/kari_UAV_siyi/kari_UAV_siyi.egg-info/top_level.txt
[6.063s] reading manifest file '../../build/kari_UAV_siyi/kari_UAV_siyi.egg-info/SOURCES.txt'
[6.063s] writing manifest file '../../build/kari_UAV_siyi/kari_UAV_siyi.egg-info/SOURCES.txt'
[6.063s] running build
[6.063s] running build_py
[6.064s] running install
[6.064s] running install_lib
[6.064s] running install_data
[6.064s] running install_egg_info
[6.064s] removing '/home/ros2mc/ros2_ws/install/kari_UAV_siyi/lib/python3.10/site-packages/kari_UAV_siyi-0.0.0-py3.10.egg-info' (and everything under it)
[6.064s] Copying ../../build/kari_UAV_siyi/kari_UAV_siyi.egg-info to /home/ros2mc/ros2_ws/install/kari_UAV_siyi/lib/python3.10/site-packages/kari_UAV_siyi-0.0.0-py3.10.egg-info
[6.064s] running install_scripts
[6.064s] Installing siyi_control_node script to /home/ros2mc/ros2_ws/install/kari_UAV_siyi/lib/kari_UAV_siyi
[6.065s] Installing siyi_stream_node script to /home/ros2mc/ros2_ws/install/kari_UAV_siyi/lib/kari_UAV_siyi
[6.065s] writing list of installed files to '/home/ros2mc/ros2_ws/build/kari_UAV_siyi/install.log'
[6.066s] Invoked command in '/home/ros2mc/ros2_ws/src/kari_UAV_siyi' returned '0': PYTHONPATH=/home/ros2mc/ros2_ws/build/kari_UAV_siyi/prefix_override:/usr/lib/python3/dist-packages/colcon_core/task/python/colcon_distutils_commands:/home/ros2mc/ros2_ws/install/kari_UAV_siyi/lib/python3.10/site-packages:${PYTHONPATH} /usr/bin/python3 -W ignore:setup.py install is deprecated setup.py egg_info --egg-base ../../build/kari_UAV_siyi build --build-base /home/ros2mc/ros2_ws/build/kari_UAV_siyi/build install --record /home/ros2mc/ros2_ws/build/kari_UAV_siyi/install.log --single-version-externally-managed install_data
