[0.348s] DEBUG:colcon:Command line arguments: ['/usr/bin/colcon', 'build']
[0.349s] DEBUG:colcon:Parsed command line arguments: Namespace(log_base=None, log_level=None, verb_name='build', build_base='build', install_base='install', merge_install=False, symlink_install=False, test_result_base=None, continue_on_error=False, executor='parallel', parallel_workers=6, event_handlers=None, ignore_user_meta=False, metas=['./colcon.meta'], base_paths=['.'], packages_ignore=None, packages_ignore_regex=None, paths=None, packages_up_to=None, packages_up_to_regex=None, packages_above=None, packages_above_and_dependencies=None, packages_above_depth=None, packages_select_by_dep=None, packages_skip_by_dep=None, packages_skip_up_to=None, packages_select_build_failed=False, packages_skip_build_finished=False, packages_select_test_failures=False, packages_skip_test_passed=False, packages_select=None, packages_skip=None, packages_select_regex=None, packages_skip_regex=None, packages_start=None, packages_end=None, cmake_args=None, cmake_target=None, cmake_target_skip_unavailable=False, cmake_clean_cache=False, cmake_clean_first=False, cmake_force_configure=False, ament_cmake_args=None, catkin_cmake_args=None, catkin_skip_building_tests=False, mixin_files=None, mixin=None, verb_parser=<colcon_mixin.mixin.mixin_argument.MixinArgumentDecorator object at 0xffffa34f5300>, verb_extension=<colcon_core.verb.build.BuildVerb object at 0xffffa34f4e50>, main=<bound method BuildVerb.main of <colcon_core.verb.build.BuildVerb object at 0xffffa34f4e50>>, mixin_verb=('build',))
[0.725s] Level 1:colcon.colcon_core.package_discovery:discover_packages(colcon_meta) check parameters
[0.725s] Level 1:colcon.colcon_core.package_discovery:discover_packages(recursive) check parameters
[0.725s] Level 1:colcon.colcon_core.package_discovery:discover_packages(ignore) check parameters
[0.725s] Level 1:colcon.colcon_core.package_discovery:discover_packages(path) check parameters
[0.725s] Level 1:colcon.colcon_core.package_discovery:discover_packages(colcon_meta) discover
[0.725s] Level 1:colcon.colcon_core.package_discovery:discover_packages(recursive) discover
[0.726s] INFO:colcon.colcon_core.package_discovery:Crawling recursively for packages in '/home/jetson/ros2_link_ws'
[0.726s] Level 1:colcon.colcon_core.package_identification:_identify(.) by extensions ['ignore', 'ignore_ament_install']
[0.726s] Level 1:colcon.colcon_core.package_identification:_identify(.) by extension 'ignore'
[0.726s] Level 1:colcon.colcon_core.package_identification:_identify(.) by extension 'ignore_ament_install'
[0.726s] Level 1:colcon.colcon_core.package_identification:_identify(.) by extensions ['colcon_pkg']
[0.726s] Level 1:colcon.colcon_core.package_identification:_identify(.) by extension 'colcon_pkg'
[0.727s] Level 1:colcon.colcon_core.package_identification:_identify(.) by extensions ['colcon_meta']
[0.727s] Level 1:colcon.colcon_core.package_identification:_identify(.) by extension 'colcon_meta'
[0.727s] Level 1:colcon.colcon_core.package_identification:_identify(.) by extensions ['ros']
[0.727s] Level 1:colcon.colcon_core.package_identification:_identify(.) by extension 'ros'
[0.755s] Level 1:colcon.colcon_core.package_identification:_identify(.) by extensions ['cmake', 'python']
[0.755s] Level 1:colcon.colcon_core.package_identification:_identify(.) by extension 'cmake'
[0.755s] Level 1:colcon.colcon_core.package_identification:_identify(.) by extension 'python'
[0.755s] Level 1:colcon.colcon_core.package_identification:_identify(.) by extensions ['python_setup_py']
[0.755s] Level 1:colcon.colcon_core.package_identification:_identify(.) by extension 'python_setup_py'
[0.756s] Level 1:colcon.colcon_core.package_identification:_identify(build) by extensions ['ignore', 'ignore_ament_install']
[0.756s] Level 1:colcon.colcon_core.package_identification:_identify(build) by extension 'ignore'
[0.756s] Level 1:colcon.colcon_core.package_identification:_identify(build) ignored
[0.756s] Level 1:colcon.colcon_core.package_identification:_identify(install) by extensions ['ignore', 'ignore_ament_install']
[0.757s] Level 1:colcon.colcon_core.package_identification:_identify(install) by extension 'ignore'
[0.757s] Level 1:colcon.colcon_core.package_identification:_identify(install) ignored
[0.757s] Level 1:colcon.colcon_core.package_identification:_identify(log) by extensions ['ignore', 'ignore_ament_install']
[0.757s] Level 1:colcon.colcon_core.package_identification:_identify(log) by extension 'ignore'
[0.757s] Level 1:colcon.colcon_core.package_identification:_identify(log) ignored
[0.757s] Level 1:colcon.colcon_core.package_identification:_identify(src) by extensions ['ignore', 'ignore_ament_install']
[0.758s] Level 1:colcon.colcon_core.package_identification:_identify(src) by extension 'ignore'
[0.758s] Level 1:colcon.colcon_core.package_identification:_identify(src) by extension 'ignore_ament_install'
[0.758s] Level 1:colcon.colcon_core.package_identification:_identify(src) by extensions ['colcon_pkg']
[0.758s] Level 1:colcon.colcon_core.package_identification:_identify(src) by extension 'colcon_pkg'
[0.758s] Level 1:colcon.colcon_core.package_identification:_identify(src) by extensions ['colcon_meta']
[0.758s] Level 1:colcon.colcon_core.package_identification:_identify(src) by extension 'colcon_meta'
[0.758s] Level 1:colcon.colcon_core.package_identification:_identify(src) by extensions ['ros']
[0.758s] Level 1:colcon.colcon_core.package_identification:_identify(src) by extension 'ros'
[0.759s] Level 1:colcon.colcon_core.package_identification:_identify(src) by extensions ['cmake', 'python']
[0.759s] Level 1:colcon.colcon_core.package_identification:_identify(src) by extension 'cmake'
[0.759s] Level 1:colcon.colcon_core.package_identification:_identify(src) by extension 'python'
[0.759s] Level 1:colcon.colcon_core.package_identification:_identify(src) by extensions ['python_setup_py']
[0.759s] Level 1:colcon.colcon_core.package_identification:_identify(src) by extension 'python_setup_py'
[0.759s] Level 1:colcon.colcon_core.package_identification:_identify(src/kari_UAV_siyi) by extensions ['ignore', 'ignore_ament_install']
[0.759s] Level 1:colcon.colcon_core.package_identification:_identify(src/kari_UAV_siyi) by extension 'ignore'
[0.759s] Level 1:colcon.colcon_core.package_identification:_identify(src/kari_UAV_siyi) by extension 'ignore_ament_install'
[0.760s] Level 1:colcon.colcon_core.package_identification:_identify(src/kari_UAV_siyi) by extensions ['colcon_pkg']
[0.760s] Level 1:colcon.colcon_core.package_identification:_identify(src/kari_UAV_siyi) by extension 'colcon_pkg'
[0.760s] Level 1:colcon.colcon_core.package_identification:_identify(src/kari_UAV_siyi) by extensions ['colcon_meta']
[0.760s] Level 1:colcon.colcon_core.package_identification:_identify(src/kari_UAV_siyi) by extension 'colcon_meta'
[0.760s] Level 1:colcon.colcon_core.package_identification:_identify(src/kari_UAV_siyi) by extensions ['ros']
[0.760s] Level 1:colcon.colcon_core.package_identification:_identify(src/kari_UAV_siyi) by extension 'ros'
[0.766s] DEBUG:colcon.colcon_core.package_identification:Package 'src/kari_UAV_siyi' with type 'ros.ament_python' and name 'kari_UAV_siyi'
[0.766s] Level 1:colcon.colcon_core.package_identification:_identify(src/kari_drone_system) by extensions ['ignore', 'ignore_ament_install']
[0.766s] Level 1:colcon.colcon_core.package_identification:_identify(src/kari_drone_system) by extension 'ignore'
[0.766s] Level 1:colcon.colcon_core.package_identification:_identify(src/kari_drone_system) by extension 'ignore_ament_install'
[0.767s] Level 1:colcon.colcon_core.package_identification:_identify(src/kari_drone_system) by extensions ['colcon_pkg']
[0.767s] Level 1:colcon.colcon_core.package_identification:_identify(src/kari_drone_system) by extension 'colcon_pkg'
[0.767s] Level 1:colcon.colcon_core.package_identification:_identify(src/kari_drone_system) by extensions ['colcon_meta']
[0.767s] Level 1:colcon.colcon_core.package_identification:_identify(src/kari_drone_system) by extension 'colcon_meta'
[0.767s] Level 1:colcon.colcon_core.package_identification:_identify(src/kari_drone_system) by extensions ['ros']
[0.767s] Level 1:colcon.colcon_core.package_identification:_identify(src/kari_drone_system) by extension 'ros'
[0.768s] DEBUG:colcon.colcon_core.package_identification:Package 'src/kari_drone_system' with type 'ros.ament_cmake' and name 'kari_drone_system'
[0.769s] Level 1:colcon.colcon_core.package_identification:_identify(src/px4_msgs) by extensions ['ignore', 'ignore_ament_install']
[0.769s] Level 1:colcon.colcon_core.package_identification:_identify(src/px4_msgs) by extension 'ignore'
[0.769s] Level 1:colcon.colcon_core.package_identification:_identify(src/px4_msgs) by extension 'ignore_ament_install'
[0.769s] Level 1:colcon.colcon_core.package_identification:_identify(src/px4_msgs) by extensions ['colcon_pkg']
[0.769s] Level 1:colcon.colcon_core.package_identification:_identify(src/px4_msgs) by extension 'colcon_pkg'
[0.769s] Level 1:colcon.colcon_core.package_identification:_identify(src/px4_msgs) by extensions ['colcon_meta']
[0.769s] Level 1:colcon.colcon_core.package_identification:_identify(src/px4_msgs) by extension 'colcon_meta'
[0.769s] Level 1:colcon.colcon_core.package_identification:_identify(src/px4_msgs) by extensions ['ros']
[0.770s] Level 1:colcon.colcon_core.package_identification:_identify(src/px4_msgs) by extension 'ros'
[0.771s] DEBUG:colcon.colcon_core.package_identification:Package 'src/px4_msgs' with type 'ros.ament_cmake' and name 'px4_msgs'
[0.771s] Level 1:colcon.colcon_core.package_identification:_identify(src/run_uav) by extensions ['ignore', 'ignore_ament_install']
[0.772s] Level 1:colcon.colcon_core.package_identification:_identify(src/run_uav) by extension 'ignore'
[0.772s] Level 1:colcon.colcon_core.package_identification:_identify(src/run_uav) by extension 'ignore_ament_install'
[0.772s] Level 1:colcon.colcon_core.package_identification:_identify(src/run_uav) by extensions ['colcon_pkg']
[0.772s] Level 1:colcon.colcon_core.package_identification:_identify(src/run_uav) by extension 'colcon_pkg'
[0.772s] Level 1:colcon.colcon_core.package_identification:_identify(src/run_uav) by extensions ['colcon_meta']
[0.772s] Level 1:colcon.colcon_core.package_identification:_identify(src/run_uav) by extension 'colcon_meta'
[0.772s] Level 1:colcon.colcon_core.package_identification:_identify(src/run_uav) by extensions ['ros']
[0.772s] Level 1:colcon.colcon_core.package_identification:_identify(src/run_uav) by extension 'ros'
[0.774s] DEBUG:colcon.colcon_core.package_identification:Package 'src/run_uav' with type 'ros.ament_python' and name 'run_uav'
[0.774s] Level 1:colcon.colcon_core.package_discovery:discover_packages(recursive) using defaults
[0.774s] Level 1:colcon.colcon_core.package_discovery:discover_packages(ignore) discover
[0.774s] Level 1:colcon.colcon_core.package_discovery:discover_packages(ignore) using defaults
[0.774s] Level 1:colcon.colcon_core.package_discovery:discover_packages(path) discover
[0.774s] Level 1:colcon.colcon_core.package_discovery:discover_packages(path) using defaults
[0.826s] Level 5:colcon.colcon_core.verb:set package 'kari_UAV_siyi' build argument 'cmake_args' from command line to 'None'
[0.827s] Level 5:colcon.colcon_core.verb:set package 'kari_UAV_siyi' build argument 'cmake_target' from command line to 'None'
[0.827s] Level 5:colcon.colcon_core.verb:set package 'kari_UAV_siyi' build argument 'cmake_target_skip_unavailable' from command line to 'False'
[0.827s] Level 5:colcon.colcon_core.verb:set package 'kari_UAV_siyi' build argument 'cmake_clean_cache' from command line to 'False'
[0.827s] Level 5:colcon.colcon_core.verb:set package 'kari_UAV_siyi' build argument 'cmake_clean_first' from command line to 'False'
[0.827s] Level 5:colcon.colcon_core.verb:set package 'kari_UAV_siyi' build argument 'cmake_force_configure' from command line to 'False'
[0.827s] Level 5:colcon.colcon_core.verb:set package 'kari_UAV_siyi' build argument 'ament_cmake_args' from command line to 'None'
[0.827s] Level 5:colcon.colcon_core.verb:set package 'kari_UAV_siyi' build argument 'catkin_cmake_args' from command line to 'None'
[0.827s] Level 5:colcon.colcon_core.verb:set package 'kari_UAV_siyi' build argument 'catkin_skip_building_tests' from command line to 'False'
[0.827s] DEBUG:colcon.colcon_core.verb:Building package 'kari_UAV_siyi' with the following arguments: {'ament_cmake_args': None, 'build_base': '/home/jetson/ros2_link_ws/build/kari_UAV_siyi', 'catkin_cmake_args': None, 'catkin_skip_building_tests': False, 'cmake_args': None, 'cmake_clean_cache': False, 'cmake_clean_first': False, 'cmake_force_configure': False, 'cmake_target': None, 'cmake_target_skip_unavailable': False, 'install_base': '/home/jetson/ros2_link_ws/install/kari_UAV_siyi', 'merge_install': False, 'path': '/home/jetson/ros2_link_ws/src/kari_UAV_siyi', 'symlink_install': False, 'test_result_base': None}
[0.828s] Level 5:colcon.colcon_core.verb:set package 'kari_drone_system' build argument 'cmake_args' from command line to 'None'
[0.828s] Level 5:colcon.colcon_core.verb:set package 'kari_drone_system' build argument 'cmake_target' from command line to 'None'
[0.828s] Level 5:colcon.colcon_core.verb:set package 'kari_drone_system' build argument 'cmake_target_skip_unavailable' from command line to 'False'
[0.828s] Level 5:colcon.colcon_core.verb:set package 'kari_drone_system' build argument 'cmake_clean_cache' from command line to 'False'
[0.828s] Level 5:colcon.colcon_core.verb:set package 'kari_drone_system' build argument 'cmake_clean_first' from command line to 'False'
[0.828s] Level 5:colcon.colcon_core.verb:set package 'kari_drone_system' build argument 'cmake_force_configure' from command line to 'False'
[0.828s] Level 5:colcon.colcon_core.verb:set package 'kari_drone_system' build argument 'ament_cmake_args' from command line to 'None'
[0.828s] Level 5:colcon.colcon_core.verb:set package 'kari_drone_system' build argument 'catkin_cmake_args' from command line to 'None'
[0.828s] Level 5:colcon.colcon_core.verb:set package 'kari_drone_system' build argument 'catkin_skip_building_tests' from command line to 'False'
[0.829s] DEBUG:colcon.colcon_core.verb:Building package 'kari_drone_system' with the following arguments: {'ament_cmake_args': None, 'build_base': '/home/jetson/ros2_link_ws/build/kari_drone_system', 'catkin_cmake_args': None, 'catkin_skip_building_tests': False, 'cmake_args': None, 'cmake_clean_cache': False, 'cmake_clean_first': False, 'cmake_force_configure': False, 'cmake_target': None, 'cmake_target_skip_unavailable': False, 'install_base': '/home/jetson/ros2_link_ws/install/kari_drone_system', 'merge_install': False, 'path': '/home/jetson/ros2_link_ws/src/kari_drone_system', 'symlink_install': False, 'test_result_base': None}
[0.829s] Level 5:colcon.colcon_core.verb:set package 'px4_msgs' build argument 'cmake_args' from command line to 'None'
[0.829s] Level 5:colcon.colcon_core.verb:set package 'px4_msgs' build argument 'cmake_target' from command line to 'None'
[0.829s] Level 5:colcon.colcon_core.verb:set package 'px4_msgs' build argument 'cmake_target_skip_unavailable' from command line to 'False'
[0.829s] Level 5:colcon.colcon_core.verb:set package 'px4_msgs' build argument 'cmake_clean_cache' from command line to 'False'
[0.829s] Level 5:colcon.colcon_core.verb:set package 'px4_msgs' build argument 'cmake_clean_first' from command line to 'False'
[0.830s] Level 5:colcon.colcon_core.verb:set package 'px4_msgs' build argument 'cmake_force_configure' from command line to 'False'
[0.830s] Level 5:colcon.colcon_core.verb:set package 'px4_msgs' build argument 'ament_cmake_args' from command line to 'None'
[0.830s] Level 5:colcon.colcon_core.verb:set package 'px4_msgs' build argument 'catkin_cmake_args' from command line to 'None'
[0.830s] Level 5:colcon.colcon_core.verb:set package 'px4_msgs' build argument 'catkin_skip_building_tests' from command line to 'False'
[0.830s] DEBUG:colcon.colcon_core.verb:Building package 'px4_msgs' with the following arguments: {'ament_cmake_args': None, 'build_base': '/home/jetson/ros2_link_ws/build/px4_msgs', 'catkin_cmake_args': None, 'catkin_skip_building_tests': False, 'cmake_args': None, 'cmake_clean_cache': False, 'cmake_clean_first': False, 'cmake_force_configure': False, 'cmake_target': None, 'cmake_target_skip_unavailable': False, 'install_base': '/home/jetson/ros2_link_ws/install/px4_msgs', 'merge_install': False, 'path': '/home/jetson/ros2_link_ws/src/px4_msgs', 'symlink_install': False, 'test_result_base': None}
[0.830s] Level 5:colcon.colcon_core.verb:set package 'run_uav' build argument 'cmake_args' from command line to 'None'
[0.830s] Level 5:colcon.colcon_core.verb:set package 'run_uav' build argument 'cmake_target' from command line to 'None'
[0.831s] Level 5:colcon.colcon_core.verb:set package 'run_uav' build argument 'cmake_target_skip_unavailable' from command line to 'False'
[0.831s] Level 5:colcon.colcon_core.verb:set package 'run_uav' build argument 'cmake_clean_cache' from command line to 'False'
[0.831s] Level 5:colcon.colcon_core.verb:set package 'run_uav' build argument 'cmake_clean_first' from command line to 'False'
[0.831s] Level 5:colcon.colcon_core.verb:set package 'run_uav' build argument 'cmake_force_configure' from command line to 'False'
[0.831s] Level 5:colcon.colcon_core.verb:set package 'run_uav' build argument 'ament_cmake_args' from command line to 'None'
[0.831s] Level 5:colcon.colcon_core.verb:set package 'run_uav' build argument 'catkin_cmake_args' from command line to 'None'
[0.831s] Level 5:colcon.colcon_core.verb:set package 'run_uav' build argument 'catkin_skip_building_tests' from command line to 'False'
[0.831s] DEBUG:colcon.colcon_core.verb:Building package 'run_uav' with the following arguments: {'ament_cmake_args': None, 'build_base': '/home/jetson/ros2_link_ws/build/run_uav', 'catkin_cmake_args': None, 'catkin_skip_building_tests': False, 'cmake_args': None, 'cmake_clean_cache': False, 'cmake_clean_first': False, 'cmake_force_configure': False, 'cmake_target': None, 'cmake_target_skip_unavailable': False, 'install_base': '/home/jetson/ros2_link_ws/install/run_uav', 'merge_install': False, 'path': '/home/jetson/ros2_link_ws/src/run_uav', 'symlink_install': False, 'test_result_base': None}
[0.831s] INFO:colcon.colcon_core.executor:Executing jobs using 'parallel' executor
[0.834s] DEBUG:colcon.colcon_parallel_executor.executor.parallel:run_until_complete
[0.834s] INFO:colcon.colcon_ros.task.ament_python.build:Building ROS package in '/home/jetson/ros2_link_ws/src/kari_UAV_siyi' with build type 'ament_python'
[0.835s] Level 1:colcon.colcon_core.shell:create_environment_hook('kari_UAV_siyi', 'ament_prefix_path')
[0.845s] INFO:colcon.colcon_core.plugin_system:Skipping extension 'colcon_core.shell.bat': Not used on non-Windows systems
[0.845s] INFO:colcon.colcon_core.shell:Creating environment hook '/home/jetson/ros2_link_ws/install/kari_UAV_siyi/share/kari_UAV_siyi/hook/ament_prefix_path.ps1'
[0.847s] INFO:colcon.colcon_core.shell:Creating environment descriptor '/home/jetson/ros2_link_ws/install/kari_UAV_siyi/share/kari_UAV_siyi/hook/ament_prefix_path.dsv'
[0.848s] INFO:colcon.colcon_core.shell:Creating environment hook '/home/jetson/ros2_link_ws/install/kari_UAV_siyi/share/kari_UAV_siyi/hook/ament_prefix_path.sh'
[0.850s] INFO:colcon.colcon_core.shell:Skip shell extension 'powershell' for command environment: Not usable outside of PowerShell
[0.850s] DEBUG:colcon.colcon_core.shell:Skip shell extension 'dsv' for command environment
[0.863s] INFO:colcon.colcon_ros.task.ament_cmake.build:Building ROS package in '/home/jetson/ros2_link_ws/src/kari_drone_system' with build type 'ament_cmake'
[0.863s] INFO:colcon.colcon_cmake.task.cmake.build:Building CMake package in '/home/jetson/ros2_link_ws/src/kari_drone_system'
[0.864s] INFO:colcon.colcon_core.shell:Skip shell extension 'powershell' for command environment: Not usable outside of PowerShell
[0.864s] DEBUG:colcon.colcon_core.shell:Skip shell extension 'dsv' for command environment
[0.871s] INFO:colcon.colcon_ros.task.ament_cmake.build:Building ROS package in '/home/jetson/ros2_link_ws/src/px4_msgs' with build type 'ament_cmake'
[0.872s] INFO:colcon.colcon_cmake.task.cmake.build:Building CMake package in '/home/jetson/ros2_link_ws/src/px4_msgs'
[0.873s] INFO:colcon.colcon_core.shell:Skip shell extension 'powershell' for command environment: Not usable outside of PowerShell
[0.873s] DEBUG:colcon.colcon_core.shell:Skip shell extension 'dsv' for command environment
[0.880s] INFO:colcon.colcon_ros.task.ament_python.build:Building ROS package in '/home/jetson/ros2_link_ws/src/run_uav' with build type 'ament_python'
[0.882s] Level 1:colcon.colcon_core.shell:create_environment_hook('run_uav', 'ament_prefix_path')
[0.882s] INFO:colcon.colcon_core.shell:Creating environment hook '/home/jetson/ros2_link_ws/install/run_uav/share/run_uav/hook/ament_prefix_path.ps1'
[0.884s] INFO:colcon.colcon_core.shell:Creating environment descriptor '/home/jetson/ros2_link_ws/install/run_uav/share/run_uav/hook/ament_prefix_path.dsv'
[0.885s] INFO:colcon.colcon_core.shell:Creating environment hook '/home/jetson/ros2_link_ws/install/run_uav/share/run_uav/hook/ament_prefix_path.sh'
[0.886s] INFO:colcon.colcon_core.shell:Skip shell extension 'powershell' for command environment: Not usable outside of PowerShell
[0.887s] DEBUG:colcon.colcon_core.shell:Skip shell extension 'dsv' for command environment
[1.442s] INFO:colcon.colcon_core.task.python.build:Building Python package in '/home/jetson/ros2_link_ws/src/kari_UAV_siyi'
[1.443s] INFO:colcon.colcon_core.shell:Skip shell extension 'powershell' for command environment: Not usable outside of PowerShell
[1.443s] DEBUG:colcon.colcon_core.shell:Skip shell extension 'dsv' for command environment
[1.458s] DEBUG:colcon.colcon_core.event_handler.log_command:Invoking command in '/home/jetson/ros2_link_ws/build/kari_drone_system': CMAKE_PREFIX_PATH=${CMAKE_PREFIX_PATH}:/home/jetson/ros2_link_ws/install/run_uav:/home/jetson/ros2_link_ws/install/kari_UAV_siyi:/opt/ros/humble /usr/bin/cmake --build /home/jetson/ros2_link_ws/build/kari_drone_system -- -j6 -l6
[1.468s] DEBUG:colcon.colcon_core.event_handler.log_command:Invoking command in '/home/jetson/ros2_link_ws/build/px4_msgs': CMAKE_PREFIX_PATH=${CMAKE_PREFIX_PATH}:/home/jetson/ros2_link_ws/install/run_uav:/home/jetson/ros2_link_ws/install/kari_UAV_siyi:/opt/ros/humble /usr/bin/cmake --build /home/jetson/ros2_link_ws/build/px4_msgs -- -j6 -l6
[2.010s] INFO:colcon.colcon_core.task.python.build:Building Python package in '/home/jetson/ros2_link_ws/src/run_uav'
[2.010s] INFO:colcon.colcon_core.shell:Skip shell extension 'powershell' for command environment: Not usable outside of PowerShell
[2.011s] DEBUG:colcon.colcon_core.shell:Skip shell extension 'dsv' for command environment
[3.258s] DEBUG:colcon.colcon_core.event_handler.log_command:Invoking command in '/home/jetson/ros2_link_ws/src/run_uav': PYTHONPATH=/home/jetson/ros2_link_ws/build/run_uav/prefix_override:/usr/lib/python3/dist-packages/colcon_core/task/python/colcon_distutils_commands:/home/jetson/ros2_link_ws/install/run_uav/lib/python3.10/site-packages:${PYTHONPATH} /usr/bin/python3 -W ignore:setup.py install is deprecated setup.py egg_info --egg-base ../../build/run_uav build --build-base /home/jetson/ros2_link_ws/build/run_uav/build install --record /home/jetson/ros2_link_ws/build/run_uav/install.log --single-version-externally-managed install_data
[3.267s] DEBUG:colcon.colcon_core.event_handler.log_command:Invoking command in '/home/jetson/ros2_link_ws/src/kari_UAV_siyi': PYTHONPATH=/home/jetson/ros2_link_ws/build/kari_UAV_siyi/prefix_override:/usr/lib/python3/dist-packages/colcon_core/task/python/colcon_distutils_commands:/home/jetson/ros2_link_ws/install/kari_UAV_siyi/lib/python3.10/site-packages:${PYTHONPATH} /usr/bin/python3 -W ignore:setup.py install is deprecated setup.py egg_info --egg-base ../../build/kari_UAV_siyi build --build-base /home/jetson/ros2_link_ws/build/kari_UAV_siyi/build install --record /home/jetson/ros2_link_ws/build/kari_UAV_siyi/install.log --single-version-externally-managed install_data
[3.902s] DEBUG:colcon.colcon_core.event_handler.log_command:Invoked command in '/home/jetson/ros2_link_ws/build/px4_msgs' returned '0': CMAKE_PREFIX_PATH=${CMAKE_PREFIX_PATH}:/home/jetson/ros2_link_ws/install/run_uav:/home/jetson/ros2_link_ws/install/kari_UAV_siyi:/opt/ros/humble /usr/bin/cmake --build /home/jetson/ros2_link_ws/build/px4_msgs -- -j6 -l6
[3.971s] DEBUG:colcon.colcon_core.event_handler.log_command:Invoked command in '/home/jetson/ros2_link_ws/src/run_uav' returned '0': PYTHONPATH=/home/jetson/ros2_link_ws/build/run_uav/prefix_override:/usr/lib/python3/dist-packages/colcon_core/task/python/colcon_distutils_commands:/home/jetson/ros2_link_ws/install/run_uav/lib/python3.10/site-packages:${PYTHONPATH} /usr/bin/python3 -W ignore:setup.py install is deprecated setup.py egg_info --egg-base ../../build/run_uav build --build-base /home/jetson/ros2_link_ws/build/run_uav/build install --record /home/jetson/ros2_link_ws/build/run_uav/install.log --single-version-externally-managed install_data
[3.979s] Level 1:colcon.colcon_core.environment:checking '/home/jetson/ros2_link_ws/install/run_uav' for CMake module files
[3.981s] Level 1:colcon.colcon_core.environment:checking '/home/jetson/ros2_link_ws/install/run_uav' for CMake config files
[3.984s] Level 1:colcon.colcon_core.environment:checking '/home/jetson/ros2_link_ws/install/run_uav/lib'
[3.988s] Level 1:colcon.colcon_core.environment:checking '/home/jetson/ros2_link_ws/install/run_uav/bin'
[3.989s] Level 1:colcon.colcon_core.environment:checking '/home/jetson/ros2_link_ws/install/run_uav/lib/pkgconfig/run_uav.pc'
[3.990s] Level 1:colcon.colcon_core.environment:checking '/home/jetson/ros2_link_ws/install/run_uav/lib/python3.10/site-packages'
[3.990s] Level 1:colcon.colcon_core.shell:create_environment_hook('run_uav', 'pythonpath')
[3.990s] INFO:colcon.colcon_core.shell:Creating environment hook '/home/jetson/ros2_link_ws/install/run_uav/share/run_uav/hook/pythonpath.ps1'
[3.992s] INFO:colcon.colcon_core.shell:Creating environment descriptor '/home/jetson/ros2_link_ws/install/run_uav/share/run_uav/hook/pythonpath.dsv'
[3.993s] INFO:colcon.colcon_core.shell:Creating environment hook '/home/jetson/ros2_link_ws/install/run_uav/share/run_uav/hook/pythonpath.sh'
[3.995s] Level 1:colcon.colcon_core.environment:checking '/home/jetson/ros2_link_ws/install/run_uav/bin'
[3.995s] Level 1:colcon.colcon_core.environment:create_environment_scripts_only(run_uav)
[3.996s] INFO:colcon.colcon_core.shell:Creating package script '/home/jetson/ros2_link_ws/install/run_uav/share/run_uav/package.ps1'
[3.998s] INFO:colcon.colcon_core.shell:Creating package descriptor '/home/jetson/ros2_link_ws/install/run_uav/share/run_uav/package.dsv'
[4.000s] INFO:colcon.colcon_core.shell:Creating package script '/home/jetson/ros2_link_ws/install/run_uav/share/run_uav/package.sh'
[4.002s] INFO:colcon.colcon_core.shell:Creating package script '/home/jetson/ros2_link_ws/install/run_uav/share/run_uav/package.bash'
[4.004s] INFO:colcon.colcon_core.shell:Creating package script '/home/jetson/ros2_link_ws/install/run_uav/share/run_uav/package.zsh'
[4.005s] Level 1:colcon.colcon_core.environment:create_file_with_runtime_dependencies(/home/jetson/ros2_link_ws/install/run_uav/share/colcon-core/packages/run_uav)
[4.009s] Level 1:colcon.colcon_core.environment:checking '/home/jetson/ros2_link_ws/install/kari_UAV_siyi' for CMake module files
[4.010s] DEBUG:colcon.colcon_core.event_handler.log_command:Invoked command in '/home/jetson/ros2_link_ws/src/kari_UAV_siyi' returned '0': PYTHONPATH=/home/jetson/ros2_link_ws/build/kari_UAV_siyi/prefix_override:/usr/lib/python3/dist-packages/colcon_core/task/python/colcon_distutils_commands:/home/jetson/ros2_link_ws/install/kari_UAV_siyi/lib/python3.10/site-packages:${PYTHONPATH} /usr/bin/python3 -W ignore:setup.py install is deprecated setup.py egg_info --egg-base ../../build/kari_UAV_siyi build --build-base /home/jetson/ros2_link_ws/build/kari_UAV_siyi/build install --record /home/jetson/ros2_link_ws/build/kari_UAV_siyi/install.log --single-version-externally-managed install_data
[4.011s] Level 1:colcon.colcon_core.environment:checking '/home/jetson/ros2_link_ws/install/kari_UAV_siyi' for CMake config files
[4.013s] Level 1:colcon.colcon_core.environment:checking '/home/jetson/ros2_link_ws/install/kari_UAV_siyi/lib'
[4.013s] Level 1:colcon.colcon_core.environment:checking '/home/jetson/ros2_link_ws/install/kari_UAV_siyi/bin'
[4.013s] Level 1:colcon.colcon_core.environment:checking '/home/jetson/ros2_link_ws/install/kari_UAV_siyi/lib/pkgconfig/kari_UAV_siyi.pc'
[4.014s] Level 1:colcon.colcon_core.environment:checking '/home/jetson/ros2_link_ws/install/kari_UAV_siyi/lib/python3.10/site-packages'
[4.014s] Level 1:colcon.colcon_core.shell:create_environment_hook('kari_UAV_siyi', 'pythonpath')
[4.015s] INFO:colcon.colcon_core.shell:Creating environment hook '/home/jetson/ros2_link_ws/install/kari_UAV_siyi/share/kari_UAV_siyi/hook/pythonpath.ps1'
[4.016s] INFO:colcon.colcon_core.shell:Creating environment descriptor '/home/jetson/ros2_link_ws/install/kari_UAV_siyi/share/kari_UAV_siyi/hook/pythonpath.dsv'
[4.017s] INFO:colcon.colcon_core.shell:Creating environment hook '/home/jetson/ros2_link_ws/install/kari_UAV_siyi/share/kari_UAV_siyi/hook/pythonpath.sh'
[4.018s] Level 1:colcon.colcon_core.environment:checking '/home/jetson/ros2_link_ws/install/kari_UAV_siyi/bin'
[4.018s] Level 1:colcon.colcon_core.environment:create_environment_scripts_only(kari_UAV_siyi)
[4.019s] INFO:colcon.colcon_core.shell:Creating package script '/home/jetson/ros2_link_ws/install/kari_UAV_siyi/share/kari_UAV_siyi/package.ps1'
[4.020s] INFO:colcon.colcon_core.shell:Creating package descriptor '/home/jetson/ros2_link_ws/install/kari_UAV_siyi/share/kari_UAV_siyi/package.dsv'
[4.021s] INFO:colcon.colcon_core.shell:Creating package script '/home/jetson/ros2_link_ws/install/kari_UAV_siyi/share/kari_UAV_siyi/package.sh'
[4.022s] INFO:colcon.colcon_core.shell:Creating package script '/home/jetson/ros2_link_ws/install/kari_UAV_siyi/share/kari_UAV_siyi/package.bash'
[4.023s] INFO:colcon.colcon_core.shell:Creating package script '/home/jetson/ros2_link_ws/install/kari_UAV_siyi/share/kari_UAV_siyi/package.zsh'
[4.024s] Level 1:colcon.colcon_core.environment:create_file_with_runtime_dependencies(/home/jetson/ros2_link_ws/install/kari_UAV_siyi/share/colcon-core/packages/kari_UAV_siyi)
[12.154s] DEBUG:colcon.colcon_core.event_handler.log_command:Invoking command in '/home/jetson/ros2_link_ws/build/px4_msgs': CMAKE_PREFIX_PATH=${CMAKE_PREFIX_PATH}:/home/jetson/ros2_link_ws/install/run_uav:/home/jetson/ros2_link_ws/install/kari_UAV_siyi:/opt/ros/humble /usr/bin/cmake --install /home/jetson/ros2_link_ws/build/px4_msgs
[12.815s] Level 1:colcon.colcon_core.environment:create_environment_scripts_only(px4_msgs)
[12.816s] Level 1:colcon.colcon_core.environment:checking '/home/jetson/ros2_link_ws/install/px4_msgs' for CMake module files
[12.817s] Level 1:colcon.colcon_core.environment:checking '/home/jetson/ros2_link_ws/install/px4_msgs' for CMake config files
[12.821s] DEBUG:colcon.colcon_core.event_handler.log_command:Invoked command in '/home/jetson/ros2_link_ws/build/px4_msgs' returned '0': CMAKE_PREFIX_PATH=${CMAKE_PREFIX_PATH}:/home/jetson/ros2_link_ws/install/run_uav:/home/jetson/ros2_link_ws/install/kari_UAV_siyi:/opt/ros/humble /usr/bin/cmake --install /home/jetson/ros2_link_ws/build/px4_msgs
[12.828s] Level 1:colcon.colcon_core.shell:create_environment_hook('px4_msgs', 'cmake_prefix_path')
[12.830s] INFO:colcon.colcon_core.shell:Creating environment hook '/home/jetson/ros2_link_ws/install/px4_msgs/share/px4_msgs/hook/cmake_prefix_path.ps1'
[12.832s] INFO:colcon.colcon_core.shell:Creating environment descriptor '/home/jetson/ros2_link_ws/install/px4_msgs/share/px4_msgs/hook/cmake_prefix_path.dsv'
[12.833s] INFO:colcon.colcon_core.shell:Creating environment hook '/home/jetson/ros2_link_ws/install/px4_msgs/share/px4_msgs/hook/cmake_prefix_path.sh'
[12.835s] Level 1:colcon.colcon_core.environment:checking '/home/jetson/ros2_link_ws/install/px4_msgs/lib'
[12.835s] Level 1:colcon.colcon_core.shell:create_environment_hook('px4_msgs', 'ld_library_path_lib')
[12.835s] INFO:colcon.colcon_core.shell:Creating environment hook '/home/jetson/ros2_link_ws/install/px4_msgs/share/px4_msgs/hook/ld_library_path_lib.ps1'
[12.836s] INFO:colcon.colcon_core.shell:Creating environment descriptor '/home/jetson/ros2_link_ws/install/px4_msgs/share/px4_msgs/hook/ld_library_path_lib.dsv'
[12.837s] INFO:colcon.colcon_core.shell:Creating environment hook '/home/jetson/ros2_link_ws/install/px4_msgs/share/px4_msgs/hook/ld_library_path_lib.sh'
[12.838s] Level 1:colcon.colcon_core.environment:checking '/home/jetson/ros2_link_ws/install/px4_msgs/bin'
[12.838s] Level 1:colcon.colcon_core.environment:checking '/home/jetson/ros2_link_ws/install/px4_msgs/lib/pkgconfig/px4_msgs.pc'
[12.839s] Level 1:colcon.colcon_core.environment:checking '/home/jetson/ros2_link_ws/install/px4_msgs/lib/python3.10/site-packages'
[12.840s] Level 1:colcon.colcon_core.environment:checking '/home/jetson/ros2_link_ws/install/px4_msgs/bin'
[12.841s] INFO:colcon.colcon_core.shell:Creating package script '/home/jetson/ros2_link_ws/install/px4_msgs/share/px4_msgs/package.ps1'
[12.842s] INFO:colcon.colcon_core.shell:Creating package descriptor '/home/jetson/ros2_link_ws/install/px4_msgs/share/px4_msgs/package.dsv'
[12.843s] INFO:colcon.colcon_core.shell:Creating package script '/home/jetson/ros2_link_ws/install/px4_msgs/share/px4_msgs/package.sh'
[12.844s] INFO:colcon.colcon_core.shell:Creating package script '/home/jetson/ros2_link_ws/install/px4_msgs/share/px4_msgs/package.bash'
[12.845s] INFO:colcon.colcon_core.shell:Creating package script '/home/jetson/ros2_link_ws/install/px4_msgs/share/px4_msgs/package.zsh'
[12.846s] Level 1:colcon.colcon_core.environment:create_file_with_runtime_dependencies(/home/jetson/ros2_link_ws/install/px4_msgs/share/colcon-core/packages/px4_msgs)
[21.010s] Level 1:colcon.colcon_core.environment:create_environment_scripts_only(px4_msgs)
[21.011s] Level 1:colcon.colcon_core.environment:checking '/home/jetson/ros2_link_ws/install/px4_msgs' for CMake module files
[21.013s] Level 1:colcon.colcon_core.environment:checking '/home/jetson/ros2_link_ws/install/px4_msgs' for CMake config files
[21.021s] Level 1:colcon.colcon_core.shell:create_environment_hook('px4_msgs', 'cmake_prefix_path')
[21.021s] INFO:colcon.colcon_core.shell:Creating environment hook '/home/jetson/ros2_link_ws/install/px4_msgs/share/px4_msgs/hook/cmake_prefix_path.ps1'
[21.023s] INFO:colcon.colcon_core.shell:Creating environment descriptor '/home/jetson/ros2_link_ws/install/px4_msgs/share/px4_msgs/hook/cmake_prefix_path.dsv'
[21.024s] INFO:colcon.colcon_core.shell:Creating environment hook '/home/jetson/ros2_link_ws/install/px4_msgs/share/px4_msgs/hook/cmake_prefix_path.sh'
[21.026s] Level 1:colcon.colcon_core.environment:checking '/home/jetson/ros2_link_ws/install/px4_msgs/lib'
[21.026s] Level 1:colcon.colcon_core.shell:create_environment_hook('px4_msgs', 'ld_library_path_lib')
[21.026s] INFO:colcon.colcon_core.shell:Creating environment hook '/home/jetson/ros2_link_ws/install/px4_msgs/share/px4_msgs/hook/ld_library_path_lib.ps1'
[21.028s] INFO:colcon.colcon_core.shell:Creating environment descriptor '/home/jetson/ros2_link_ws/install/px4_msgs/share/px4_msgs/hook/ld_library_path_lib.dsv'
[21.029s] INFO:colcon.colcon_core.shell:Creating environment hook '/home/jetson/ros2_link_ws/install/px4_msgs/share/px4_msgs/hook/ld_library_path_lib.sh'
[21.029s] Level 1:colcon.colcon_core.environment:checking '/home/jetson/ros2_link_ws/install/px4_msgs/bin'
[21.030s] Level 1:colcon.colcon_core.environment:checking '/home/jetson/ros2_link_ws/install/px4_msgs/lib/pkgconfig/px4_msgs.pc'
[21.030s] Level 1:colcon.colcon_core.environment:checking '/home/jetson/ros2_link_ws/install/px4_msgs/lib/python3.10/site-packages'
[21.031s] Level 1:colcon.colcon_core.environment:checking '/home/jetson/ros2_link_ws/install/px4_msgs/bin'
[21.031s] INFO:colcon.colcon_core.shell:Creating package script '/home/jetson/ros2_link_ws/install/px4_msgs/share/px4_msgs/package.ps1'
[21.033s] INFO:colcon.colcon_core.shell:Creating package descriptor '/home/jetson/ros2_link_ws/install/px4_msgs/share/px4_msgs/package.dsv'
[21.034s] INFO:colcon.colcon_core.shell:Creating package script '/home/jetson/ros2_link_ws/install/px4_msgs/share/px4_msgs/package.sh'
[21.035s] INFO:colcon.colcon_core.shell:Creating package script '/home/jetson/ros2_link_ws/install/px4_msgs/share/px4_msgs/package.bash'
[21.036s] INFO:colcon.colcon_core.shell:Creating package script '/home/jetson/ros2_link_ws/install/px4_msgs/share/px4_msgs/package.zsh'
[21.037s] Level 1:colcon.colcon_core.environment:create_file_with_runtime_dependencies(/home/jetson/ros2_link_ws/install/px4_msgs/share/colcon-core/packages/px4_msgs)
[76.302s] DEBUG:colcon.colcon_core.event_handler.log_command:Invoked command in '/home/jetson/ros2_link_ws/build/kari_drone_system' returned '0': CMAKE_PREFIX_PATH=${CMAKE_PREFIX_PATH}:/home/jetson/ros2_link_ws/install/run_uav:/home/jetson/ros2_link_ws/install/kari_UAV_siyi:/opt/ros/humble /usr/bin/cmake --build /home/jetson/ros2_link_ws/build/kari_drone_system -- -j6 -l6
[76.349s] DEBUG:colcon.colcon_core.event_handler.log_command:Invoking command in '/home/jetson/ros2_link_ws/build/kari_drone_system': CMAKE_PREFIX_PATH=${CMAKE_PREFIX_PATH}:/home/jetson/ros2_link_ws/install/run_uav:/home/jetson/ros2_link_ws/install/kari_UAV_siyi:/opt/ros/humble /usr/bin/cmake --install /home/jetson/ros2_link_ws/build/kari_drone_system
[77.501s] Level 1:colcon.colcon_core.environment:create_environment_scripts_only(kari_drone_system)
[77.501s] Level 1:colcon.colcon_core.environment:checking '/home/jetson/ros2_link_ws/install/kari_drone_system' for CMake module files
[77.505s] Level 1:colcon.colcon_core.environment:checking '/home/jetson/ros2_link_ws/install/kari_drone_system' for CMake config files
[77.953s] Level 1:colcon.colcon_core.shell:create_environment_hook('kari_drone_system', 'cmake_prefix_path')
[77.954s] INFO:colcon.colcon_core.shell:Creating environment hook '/home/jetson/ros2_link_ws/install/kari_drone_system/share/kari_drone_system/hook/cmake_prefix_path.ps1'
[77.956s] INFO:colcon.colcon_core.shell:Creating environment descriptor '/home/jetson/ros2_link_ws/install/kari_drone_system/share/kari_drone_system/hook/cmake_prefix_path.dsv'
[77.958s] INFO:colcon.colcon_core.shell:Creating environment hook '/home/jetson/ros2_link_ws/install/kari_drone_system/share/kari_drone_system/hook/cmake_prefix_path.sh'
[77.960s] Level 1:colcon.colcon_core.environment:checking '/home/jetson/ros2_link_ws/install/kari_drone_system/bin'
[77.961s] Level 1:colcon.colcon_core.environment:checking '/home/jetson/ros2_link_ws/install/kari_drone_system/lib/pkgconfig/kari_drone_system.pc'
[77.961s] Level 1:colcon.colcon_core.environment:checking '/home/jetson/ros2_link_ws/install/kari_drone_system/lib/python3.10/site-packages'
[77.962s] Level 1:colcon.colcon_core.environment:checking '/home/jetson/ros2_link_ws/install/kari_drone_system/bin'
[77.962s] INFO:colcon.colcon_core.shell:Creating package script '/home/jetson/ros2_link_ws/install/kari_drone_system/share/kari_drone_system/package.ps1'
[77.964s] INFO:colcon.colcon_core.shell:Creating package descriptor '/home/jetson/ros2_link_ws/install/kari_drone_system/share/kari_drone_system/package.dsv'
[77.966s] INFO:colcon.colcon_core.shell:Creating package script '/home/jetson/ros2_link_ws/install/kari_drone_system/share/kari_drone_system/package.sh'
[77.967s] INFO:colcon.colcon_core.shell:Creating package script '/home/jetson/ros2_link_ws/install/kari_drone_system/share/kari_drone_system/package.bash'
[77.968s] INFO:colcon.colcon_core.shell:Creating package script '/home/jetson/ros2_link_ws/install/kari_drone_system/share/kari_drone_system/package.zsh'
[77.970s] Level 1:colcon.colcon_core.environment:create_file_with_runtime_dependencies(/home/jetson/ros2_link_ws/install/kari_drone_system/share/colcon-core/packages/kari_drone_system)
[78.017s] Level 1:colcon.colcon_core.environment:create_environment_scripts_only(kari_drone_system)
[78.017s] Level 1:colcon.colcon_core.environment:checking '/home/jetson/ros2_link_ws/install/kari_drone_system' for CMake module files
[78.021s] Level 1:colcon.colcon_core.environment:checking '/home/jetson/ros2_link_ws/install/kari_drone_system' for CMake config files
[78.523s] Level 1:colcon.colcon_core.shell:create_environment_hook('kari_drone_system', 'cmake_prefix_path')
[78.524s] INFO:colcon.colcon_core.shell:Creating environment hook '/home/jetson/ros2_link_ws/install/kari_drone_system/share/kari_drone_system/hook/cmake_prefix_path.ps1'
[78.526s] INFO:colcon.colcon_core.shell:Creating environment descriptor '/home/jetson/ros2_link_ws/install/kari_drone_system/share/kari_drone_system/hook/cmake_prefix_path.dsv'
[78.527s] INFO:colcon.colcon_core.shell:Creating environment hook '/home/jetson/ros2_link_ws/install/kari_drone_system/share/kari_drone_system/hook/cmake_prefix_path.sh'
[78.530s] Level 1:colcon.colcon_core.environment:checking '/home/jetson/ros2_link_ws/install/kari_drone_system/bin'
[78.530s] Level 1:colcon.colcon_core.environment:checking '/home/jetson/ros2_link_ws/install/kari_drone_system/lib/pkgconfig/kari_drone_system.pc'
[78.530s] Level 1:colcon.colcon_core.environment:checking '/home/jetson/ros2_link_ws/install/kari_drone_system/lib/python3.10/site-packages'
[78.531s] Level 1:colcon.colcon_core.environment:checking '/home/jetson/ros2_link_ws/install/kari_drone_system/bin'
[78.532s] INFO:colcon.colcon_core.shell:Creating package script '/home/jetson/ros2_link_ws/install/kari_drone_system/share/kari_drone_system/package.ps1'
[78.535s] INFO:colcon.colcon_core.shell:Creating package descriptor '/home/jetson/ros2_link_ws/install/kari_drone_system/share/kari_drone_system/package.dsv'
[78.538s] INFO:colcon.colcon_core.shell:Creating package script '/home/jetson/ros2_link_ws/install/kari_drone_system/share/kari_drone_system/package.sh'
[78.539s] INFO:colcon.colcon_core.shell:Creating package script '/home/jetson/ros2_link_ws/install/kari_drone_system/share/kari_drone_system/package.bash'
[78.541s] INFO:colcon.colcon_core.shell:Creating package script '/home/jetson/ros2_link_ws/install/kari_drone_system/share/kari_drone_system/package.zsh'
[78.542s] Level 1:colcon.colcon_core.environment:create_file_with_runtime_dependencies(/home/jetson/ros2_link_ws/install/kari_drone_system/share/colcon-core/packages/kari_drone_system)
[78.543s] DEBUG:colcon.colcon_parallel_executor.executor.parallel:closing loop
[78.544s] DEBUG:colcon.colcon_parallel_executor.executor.parallel:loop closed
[78.544s] DEBUG:colcon.colcon_parallel_executor.executor.parallel:run_until_complete finished with '0'
[78.545s] DEBUG:colcon.colcon_core.event_reactor:joining thread
[79.003s] DEBUG:colcon.colcon_core.event_handler.log_command:Invoked command in '/home/jetson/ros2_link_ws/build/kari_drone_system' returned '0': CMAKE_PREFIX_PATH=${CMAKE_PREFIX_PATH}:/home/jetson/ros2_link_ws/install/run_uav:/home/jetson/ros2_link_ws/install/kari_UAV_siyi:/opt/ros/humble /usr/bin/cmake --install /home/jetson/ros2_link_ws/build/kari_drone_system
[79.018s] INFO:colcon.colcon_core.plugin_system:Skipping extension 'colcon_notification.desktop_notification.notify_send': Could not find 'notify-send'
[79.018s] INFO:colcon.colcon_core.plugin_system:Skipping extension 'colcon_notification.desktop_notification.terminal_notifier': Not used on non-Darwin systems
[79.018s] INFO:colcon.colcon_core.plugin_system:Skipping extension 'colcon_notification.desktop_notification.win32': Not used on non-Windows systems
[79.019s] INFO:colcon.colcon_notification.desktop_notification:Sending desktop notification using 'notify2'
[79.026s] DEBUG:colcon.colcon_notification.desktop_notification.notify2:Failed to initialize notify2: org.freedesktop.DBus.Error.Spawn.ExecFailed: /usr/bin/dbus-launch terminated abnormally without any error message
[79.026s] DEBUG:colcon.colcon_core.event_reactor:joined thread
[79.028s] INFO:colcon.colcon_core.shell:Creating prefix script '/home/jetson/ros2_link_ws/install/local_setup.ps1'
[79.031s] INFO:colcon.colcon_core.shell:Creating prefix util module '/home/jetson/ros2_link_ws/install/_local_setup_util_ps1.py'
[79.034s] INFO:colcon.colcon_core.shell:Creating prefix chain script '/home/jetson/ros2_link_ws/install/setup.ps1'
[79.036s] INFO:colcon.colcon_core.shell:Creating prefix script '/home/jetson/ros2_link_ws/install/local_setup.sh'
[79.038s] INFO:colcon.colcon_core.shell:Creating prefix util module '/home/jetson/ros2_link_ws/install/_local_setup_util_sh.py'
[79.039s] INFO:colcon.colcon_core.shell:Creating prefix chain script '/home/jetson/ros2_link_ws/install/setup.sh'
[79.042s] INFO:colcon.colcon_core.shell:Creating prefix script '/home/jetson/ros2_link_ws/install/local_setup.bash'
[79.043s] INFO:colcon.colcon_core.shell:Creating prefix chain script '/home/jetson/ros2_link_ws/install/setup.bash'
[79.046s] INFO:colcon.colcon_core.shell:Creating prefix script '/home/jetson/ros2_link_ws/install/local_setup.zsh'
[79.047s] INFO:colcon.colcon_core.shell:Creating prefix chain script '/home/jetson/ros2_link_ws/install/setup.zsh'
