[0.347s] DEBUG:colcon:Command line arguments: ['/usr/bin/colcon', 'build']
[0.347s] DEBUG:colcon:Parsed command line arguments: Namespace(log_base=None, log_level=None, verb_name='build', build_base='build', install_base='install', merge_install=False, symlink_install=False, test_result_base=None, continue_on_error=False, executor='parallel', parallel_workers=6, event_handlers=None, ignore_user_meta=False, metas=['./colcon.meta'], base_paths=['.'], packages_ignore=None, packages_ignore_regex=None, paths=None, packages_up_to=None, packages_up_to_regex=None, packages_above=None, packages_above_and_dependencies=None, packages_above_depth=None, packages_select_by_dep=None, packages_skip_by_dep=None, packages_skip_up_to=None, packages_select_build_failed=False, packages_skip_build_finished=False, packages_select_test_failures=False, packages_skip_test_passed=False, packages_select=None, packages_skip=None, packages_select_regex=None, packages_skip_regex=None, packages_start=None, packages_end=None, allow_overriding=[], cmake_args=None, cmake_target=None, cmake_target_skip_unavailable=False, cmake_clean_cache=False, cmake_clean_first=False, cmake_force_configure=False, ament_cmake_args=None, catkin_cmake_args=None, catkin_skip_building_tests=False, verb_parser=<colcon_defaults.argument_parser.defaults.DefaultArgumentsDecorator object at 0xffffae403e20>, verb_extension=<colcon_core.verb.build.BuildVerb object at 0xffffae4039d0>, main=<bound method BuildVerb.main of <colcon_core.verb.build.BuildVerb object at 0xffffae4039d0>>)
[0.744s] Level 1:colcon.colcon_core.package_discovery:discover_packages(colcon_meta) check parameters
[0.744s] Level 1:colcon.colcon_core.package_discovery:discover_packages(recursive) check parameters
[0.744s] Level 1:colcon.colcon_core.package_discovery:discover_packages(ignore) check parameters
[0.744s] Level 1:colcon.colcon_core.package_discovery:discover_packages(path) check parameters
[0.744s] Level 1:colcon.colcon_core.package_discovery:discover_packages(colcon_meta) discover
[0.744s] Level 1:colcon.colcon_core.package_discovery:discover_packages(recursive) discover
[0.744s] INFO:colcon.colcon_core.package_discovery:Crawling recursively for packages in '/home/ros2mc/ros2_ws'
[0.745s] Level 1:colcon.colcon_core.package_identification:_identify(.) by extensions ['ignore', 'ignore_ament_install']
[0.745s] Level 1:colcon.colcon_core.package_identification:_identify(.) by extension 'ignore'
[0.745s] Level 1:colcon.colcon_core.package_identification:_identify(.) by extension 'ignore_ament_install'
[0.745s] Level 1:colcon.colcon_core.package_identification:_identify(.) by extensions ['colcon_pkg']
[0.745s] Level 1:colcon.colcon_core.package_identification:_identify(.) by extension 'colcon_pkg'
[0.746s] Level 1:colcon.colcon_core.package_identification:_identify(.) by extensions ['colcon_meta']
[0.746s] Level 1:colcon.colcon_core.package_identification:_identify(.) by extension 'colcon_meta'
[0.746s] Level 1:colcon.colcon_core.package_identification:_identify(.) by extensions ['ros']
[0.746s] Level 1:colcon.colcon_core.package_identification:_identify(.) by extension 'ros'
[0.772s] Level 1:colcon.colcon_core.package_identification:_identify(.) by extensions ['cmake', 'python']
[0.772s] Level 1:colcon.colcon_core.package_identification:_identify(.) by extension 'cmake'
[0.772s] Level 1:colcon.colcon_core.package_identification:_identify(.) by extension 'python'
[0.772s] Level 1:colcon.colcon_core.package_identification:_identify(.) by extensions ['python_setup_py']
[0.772s] Level 1:colcon.colcon_core.package_identification:_identify(.) by extension 'python_setup_py'
[0.773s] Level 1:colcon.colcon_core.package_identification:_identify(build) by extensions ['ignore', 'ignore_ament_install']
[0.773s] Level 1:colcon.colcon_core.package_identification:_identify(build) by extension 'ignore'
[0.773s] Level 1:colcon.colcon_core.package_identification:_identify(build) ignored
[0.773s] Level 1:colcon.colcon_core.package_identification:_identify(install) by extensions ['ignore', 'ignore_ament_install']
[0.774s] Level 1:colcon.colcon_core.package_identification:_identify(install) by extension 'ignore'
[0.774s] Level 1:colcon.colcon_core.package_identification:_identify(install) ignored
[0.774s] Level 1:colcon.colcon_core.package_identification:_identify(kari-drone-system) by extensions ['ignore', 'ignore_ament_install']
[0.774s] Level 1:colcon.colcon_core.package_identification:_identify(kari-drone-system) by extension 'ignore'
[0.774s] Level 1:colcon.colcon_core.package_identification:_identify(kari-drone-system) by extension 'ignore_ament_install'
[0.774s] Level 1:colcon.colcon_core.package_identification:_identify(kari-drone-system) by extensions ['colcon_pkg']
[0.774s] Level 1:colcon.colcon_core.package_identification:_identify(kari-drone-system) by extension 'colcon_pkg'
[0.774s] Level 1:colcon.colcon_core.package_identification:_identify(kari-drone-system) by extensions ['colcon_meta']
[0.775s] Level 1:colcon.colcon_core.package_identification:_identify(kari-drone-system) by extension 'colcon_meta'
[0.775s] Level 1:colcon.colcon_core.package_identification:_identify(kari-drone-system) by extensions ['ros']
[0.775s] Level 1:colcon.colcon_core.package_identification:_identify(kari-drone-system) by extension 'ros'
[0.780s] DEBUG:colcon.colcon_core.package_identification:Package 'kari-drone-system' with type 'ros.ament_cmake' and name 'kari-drone-system'
[0.781s] Level 1:colcon.colcon_core.package_identification:_identify(log) by extensions ['ignore', 'ignore_ament_install']
[0.781s] Level 1:colcon.colcon_core.package_identification:_identify(log) by extension 'ignore'
[0.781s] Level 1:colcon.colcon_core.package_identification:_identify(log) ignored
[0.781s] Level 1:colcon.colcon_core.package_identification:_identify(src) by extensions ['ignore', 'ignore_ament_install']
[0.781s] Level 1:colcon.colcon_core.package_identification:_identify(src) by extension 'ignore'
[0.782s] Level 1:colcon.colcon_core.package_identification:_identify(src) by extension 'ignore_ament_install'
[0.782s] Level 1:colcon.colcon_core.package_identification:_identify(src) by extensions ['colcon_pkg']
[0.782s] Level 1:colcon.colcon_core.package_identification:_identify(src) by extension 'colcon_pkg'
[0.782s] Level 1:colcon.colcon_core.package_identification:_identify(src) by extensions ['colcon_meta']
[0.782s] Level 1:colcon.colcon_core.package_identification:_identify(src) by extension 'colcon_meta'
[0.782s] Level 1:colcon.colcon_core.package_identification:_identify(src) by extensions ['ros']
[0.782s] Level 1:colcon.colcon_core.package_identification:_identify(src) by extension 'ros'
[0.782s] Level 1:colcon.colcon_core.package_identification:_identify(src) by extensions ['cmake', 'python']
[0.782s] Level 1:colcon.colcon_core.package_identification:_identify(src) by extension 'cmake'
[0.783s] Level 1:colcon.colcon_core.package_identification:_identify(src) by extension 'python'
[0.783s] Level 1:colcon.colcon_core.package_identification:_identify(src) by extensions ['python_setup_py']
[0.783s] Level 1:colcon.colcon_core.package_identification:_identify(src) by extension 'python_setup_py'
[0.783s] Level 1:colcon.colcon_core.package_identification:_identify(src/build) by extensions ['ignore', 'ignore_ament_install']
[0.783s] Level 1:colcon.colcon_core.package_identification:_identify(src/build) by extension 'ignore'
[0.783s] Level 1:colcon.colcon_core.package_identification:_identify(src/build) ignored
[0.784s] Level 1:colcon.colcon_core.package_identification:_identify(src/install) by extensions ['ignore', 'ignore_ament_install']
[0.784s] Level 1:colcon.colcon_core.package_identification:_identify(src/install) by extension 'ignore'
[0.784s] Level 1:colcon.colcon_core.package_identification:_identify(src/install) ignored
[0.784s] Level 1:colcon.colcon_core.package_identification:_identify(src/log) by extensions ['ignore', 'ignore_ament_install']
[0.785s] Level 1:colcon.colcon_core.package_identification:_identify(src/log) by extension 'ignore'
[0.785s] Level 1:colcon.colcon_core.package_identification:_identify(src/log) ignored
[0.785s] Level 1:colcon.colcon_core.package_identification:_identify(src/px4_msgs) by extensions ['ignore', 'ignore_ament_install']
[0.785s] Level 1:colcon.colcon_core.package_identification:_identify(src/px4_msgs) by extension 'ignore'
[0.785s] Level 1:colcon.colcon_core.package_identification:_identify(src/px4_msgs) by extension 'ignore_ament_install'
[0.786s] Level 1:colcon.colcon_core.package_identification:_identify(src/px4_msgs) by extensions ['colcon_pkg']
[0.786s] Level 1:colcon.colcon_core.package_identification:_identify(src/px4_msgs) by extension 'colcon_pkg'
[0.786s] Level 1:colcon.colcon_core.package_identification:_identify(src/px4_msgs) by extensions ['colcon_meta']
[0.786s] Level 1:colcon.colcon_core.package_identification:_identify(src/px4_msgs) by extension 'colcon_meta'
[0.786s] Level 1:colcon.colcon_core.package_identification:_identify(src/px4_msgs) by extensions ['ros']
[0.786s] Level 1:colcon.colcon_core.package_identification:_identify(src/px4_msgs) by extension 'ros'
[0.788s] DEBUG:colcon.colcon_core.package_identification:Package 'src/px4_msgs' with type 'ros.ament_cmake' and name 'px4_msgs'
[0.788s] Level 1:colcon.colcon_core.package_discovery:discover_packages(recursive) using defaults
[0.788s] Level 1:colcon.colcon_core.package_discovery:discover_packages(ignore) discover
[0.788s] Level 1:colcon.colcon_core.package_discovery:discover_packages(ignore) using defaults
[0.788s] Level 1:colcon.colcon_core.package_discovery:discover_packages(path) discover
[0.788s] Level 1:colcon.colcon_core.package_discovery:discover_packages(path) using defaults
[0.838s] Level 1:colcon.colcon_core.package_discovery:discover_packages(prefix_path) check parameters
[0.838s] Level 1:colcon.colcon_core.package_discovery:discover_packages(prefix_path) discover
[0.844s] DEBUG:colcon.colcon_installed_package_information.package_discovery:Found 3 installed packages in /home/ros2mc/ros2_ws/install
[0.846s] DEBUG:colcon.colcon_installed_package_information.package_discovery:Found 180 installed packages in /opt/ros/humble
[0.847s] Level 1:colcon.colcon_core.package_discovery:discover_packages(prefix_path) using defaults
[0.950s] Level 5:colcon.colcon_core.verb:set package 'kari-drone-system' build argument 'cmake_args' from command line to 'None'
[0.951s] Level 5:colcon.colcon_core.verb:set package 'kari-drone-system' build argument 'cmake_target' from command line to 'None'
[0.951s] Level 5:colcon.colcon_core.verb:set package 'kari-drone-system' build argument 'cmake_target_skip_unavailable' from command line to 'False'
[0.951s] Level 5:colcon.colcon_core.verb:set package 'kari-drone-system' build argument 'cmake_clean_cache' from command line to 'False'
[0.951s] Level 5:colcon.colcon_core.verb:set package 'kari-drone-system' build argument 'cmake_clean_first' from command line to 'False'
[0.951s] Level 5:colcon.colcon_core.verb:set package 'kari-drone-system' build argument 'cmake_force_configure' from command line to 'False'
[0.951s] Level 5:colcon.colcon_core.verb:set package 'kari-drone-system' build argument 'ament_cmake_args' from command line to 'None'
[0.951s] Level 5:colcon.colcon_core.verb:set package 'kari-drone-system' build argument 'catkin_cmake_args' from command line to 'None'
[0.951s] Level 5:colcon.colcon_core.verb:set package 'kari-drone-system' build argument 'catkin_skip_building_tests' from command line to 'False'
[0.951s] DEBUG:colcon.colcon_core.verb:Building package 'kari-drone-system' with the following arguments: {'ament_cmake_args': None, 'build_base': '/home/ros2mc/ros2_ws/build/kari-drone-system', 'catkin_cmake_args': None, 'catkin_skip_building_tests': False, 'cmake_args': None, 'cmake_clean_cache': False, 'cmake_clean_first': False, 'cmake_force_configure': False, 'cmake_target': None, 'cmake_target_skip_unavailable': False, 'install_base': '/home/ros2mc/ros2_ws/install/kari-drone-system', 'merge_install': False, 'path': '/home/ros2mc/ros2_ws/kari-drone-system', 'symlink_install': False, 'test_result_base': None}
[0.952s] Level 5:colcon.colcon_core.verb:set package 'px4_msgs' build argument 'cmake_args' from command line to 'None'
[0.952s] Level 5:colcon.colcon_core.verb:set package 'px4_msgs' build argument 'cmake_target' from command line to 'None'
[0.952s] Level 5:colcon.colcon_core.verb:set package 'px4_msgs' build argument 'cmake_target_skip_unavailable' from command line to 'False'
[0.952s] Level 5:colcon.colcon_core.verb:set package 'px4_msgs' build argument 'cmake_clean_cache' from command line to 'False'
[0.952s] Level 5:colcon.colcon_core.verb:set package 'px4_msgs' build argument 'cmake_clean_first' from command line to 'False'
[0.952s] Level 5:colcon.colcon_core.verb:set package 'px4_msgs' build argument 'cmake_force_configure' from command line to 'False'
[0.952s] Level 5:colcon.colcon_core.verb:set package 'px4_msgs' build argument 'ament_cmake_args' from command line to 'None'
[0.952s] Level 5:colcon.colcon_core.verb:set package 'px4_msgs' build argument 'catkin_cmake_args' from command line to 'None'
[0.952s] Level 5:colcon.colcon_core.verb:set package 'px4_msgs' build argument 'catkin_skip_building_tests' from command line to 'False'
[0.952s] DEBUG:colcon.colcon_core.verb:Building package 'px4_msgs' with the following arguments: {'ament_cmake_args': None, 'build_base': '/home/ros2mc/ros2_ws/build/px4_msgs', 'catkin_cmake_args': None, 'catkin_skip_building_tests': False, 'cmake_args': None, 'cmake_clean_cache': False, 'cmake_clean_first': False, 'cmake_force_configure': False, 'cmake_target': None, 'cmake_target_skip_unavailable': False, 'install_base': '/home/ros2mc/ros2_ws/install/px4_msgs', 'merge_install': False, 'path': '/home/ros2mc/ros2_ws/src/px4_msgs', 'symlink_install': False, 'test_result_base': None}
[0.953s] INFO:colcon.colcon_core.executor:Executing jobs using 'parallel' executor
[0.955s] DEBUG:colcon.colcon_parallel_executor.executor.parallel:run_until_complete
[0.956s] INFO:colcon.colcon_ros.task.ament_cmake.build:Building ROS package in '/home/ros2mc/ros2_ws/kari-drone-system' with build type 'ament_cmake'
[0.956s] INFO:colcon.colcon_cmake.task.cmake.build:Building CMake package in '/home/ros2mc/ros2_ws/kari-drone-system'
[0.963s] INFO:colcon.colcon_core.plugin_system:Skipping extension 'colcon_core.shell.bat': Not used on non-Windows systems
[0.964s] INFO:colcon.colcon_core.shell:Skip shell extension 'powershell' for command environment: Not usable outside of PowerShell
[0.964s] DEBUG:colcon.colcon_core.shell:Skip shell extension 'dsv' for command environment
[0.972s] INFO:colcon.colcon_ros.task.ament_cmake.build:Building ROS package in '/home/ros2mc/ros2_ws/src/px4_msgs' with build type 'ament_cmake'
[0.972s] INFO:colcon.colcon_cmake.task.cmake.build:Building CMake package in '/home/ros2mc/ros2_ws/src/px4_msgs'
[0.973s] INFO:colcon.colcon_core.shell:Skip shell extension 'powershell' for command environment: Not usable outside of PowerShell
[0.973s] DEBUG:colcon.colcon_core.shell:Skip shell extension 'dsv' for command environment
[0.996s] DEBUG:colcon.colcon_core.event_handler.log_command:Invoking command in '/home/ros2mc/ros2_ws/build/kari-drone-system': CMAKE_PREFIX_PATH=${CMAKE_PREFIX_PATH}:/opt/ros/humble /usr/bin/cmake --build /home/ros2mc/ros2_ws/build/kari-drone-system -- -j6 -l6
[1.011s] DEBUG:colcon.colcon_core.event_handler.log_command:Invoking command in '/home/ros2mc/ros2_ws/build/px4_msgs': CMAKE_PREFIX_PATH=${CMAKE_PREFIX_PATH}:/opt/ros/humble /usr/bin/cmake --build /home/ros2mc/ros2_ws/build/px4_msgs -- -j6 -l6
[2.525s] DEBUG:colcon.colcon_core.event_handler.log_command:Invoked command in '/home/ros2mc/ros2_ws/build/px4_msgs' returned '0': CMAKE_PREFIX_PATH=${CMAKE_PREFIX_PATH}:/opt/ros/humble /usr/bin/cmake --build /home/ros2mc/ros2_ws/build/px4_msgs -- -j6 -l6
[8.209s] DEBUG:colcon.colcon_core.event_handler.log_command:Invoking command in '/home/ros2mc/ros2_ws/build/px4_msgs': CMAKE_PREFIX_PATH=${CMAKE_PREFIX_PATH}:/opt/ros/humble /usr/bin/cmake --install /home/ros2mc/ros2_ws/build/px4_msgs
[8.732s] Level 1:colcon.colcon_core.environment:create_environment_scripts_only(px4_msgs)
[8.748s] Level 1:colcon.colcon_core.environment:checking '/home/ros2mc/ros2_ws/install/px4_msgs' for CMake module files
[8.753s] Level 1:colcon.colcon_core.environment:checking '/home/ros2mc/ros2_ws/install/px4_msgs' for CMake config files
[8.788s] Level 1:colcon.colcon_core.shell:create_environment_hook('px4_msgs', 'cmake_prefix_path')
[8.789s] INFO:colcon.colcon_core.shell:Creating environment hook '/home/ros2mc/ros2_ws/install/px4_msgs/share/px4_msgs/hook/cmake_prefix_path.ps1'
[8.791s] INFO:colcon.colcon_core.shell:Creating environment descriptor '/home/ros2mc/ros2_ws/install/px4_msgs/share/px4_msgs/hook/cmake_prefix_path.dsv'
[8.793s] INFO:colcon.colcon_core.shell:Creating environment hook '/home/ros2mc/ros2_ws/install/px4_msgs/share/px4_msgs/hook/cmake_prefix_path.sh'
[8.796s] Level 1:colcon.colcon_core.environment:checking '/home/ros2mc/ros2_ws/install/px4_msgs/lib'
[8.796s] Level 1:colcon.colcon_core.shell:create_environment_hook('px4_msgs', 'ld_library_path_lib')
[8.797s] INFO:colcon.colcon_core.shell:Creating environment hook '/home/ros2mc/ros2_ws/install/px4_msgs/share/px4_msgs/hook/ld_library_path_lib.ps1'
[8.799s] INFO:colcon.colcon_core.shell:Creating environment descriptor '/home/ros2mc/ros2_ws/install/px4_msgs/share/px4_msgs/hook/ld_library_path_lib.dsv'
[8.800s] INFO:colcon.colcon_core.shell:Creating environment hook '/home/ros2mc/ros2_ws/install/px4_msgs/share/px4_msgs/hook/ld_library_path_lib.sh'
[8.803s] Level 1:colcon.colcon_core.environment:checking '/home/ros2mc/ros2_ws/install/px4_msgs/bin'
[8.803s] Level 1:colcon.colcon_core.environment:checking '/home/ros2mc/ros2_ws/install/px4_msgs/lib/pkgconfig/px4_msgs.pc'
[8.804s] Level 1:colcon.colcon_core.environment:checking '/home/ros2mc/ros2_ws/install/px4_msgs/lib/python3.10/site-packages'
[8.804s] Level 1:colcon.colcon_core.environment:checking '/home/ros2mc/ros2_ws/install/px4_msgs/bin'
[8.805s] INFO:colcon.colcon_core.shell:Creating package script '/home/ros2mc/ros2_ws/install/px4_msgs/share/px4_msgs/package.ps1'
[8.809s] INFO:colcon.colcon_core.shell:Creating package descriptor '/home/ros2mc/ros2_ws/install/px4_msgs/share/px4_msgs/package.dsv'
[8.811s] INFO:colcon.colcon_core.shell:Creating package script '/home/ros2mc/ros2_ws/install/px4_msgs/share/px4_msgs/package.sh'
[8.814s] INFO:colcon.colcon_core.shell:Creating package script '/home/ros2mc/ros2_ws/install/px4_msgs/share/px4_msgs/package.bash'
[8.816s] INFO:colcon.colcon_core.shell:Creating package script '/home/ros2mc/ros2_ws/install/px4_msgs/share/px4_msgs/package.zsh'
[8.818s] Level 1:colcon.colcon_core.environment:create_file_with_runtime_dependencies(/home/ros2mc/ros2_ws/install/px4_msgs/share/colcon-core/packages/px4_msgs)
[8.825s] DEBUG:colcon.colcon_core.event_handler.log_command:Invoked command in '/home/ros2mc/ros2_ws/build/px4_msgs' returned '0': CMAKE_PREFIX_PATH=${CMAKE_PREFIX_PATH}:/opt/ros/humble /usr/bin/cmake --install /home/ros2mc/ros2_ws/build/px4_msgs
[10.028s] DEBUG:colcon.colcon_core.event_handler.log_command:Invoked command in '/home/ros2mc/ros2_ws/build/kari-drone-system' returned '0': CMAKE_PREFIX_PATH=${CMAKE_PREFIX_PATH}:/opt/ros/humble /usr/bin/cmake --build /home/ros2mc/ros2_ws/build/kari-drone-system -- -j6 -l6
[10.068s] DEBUG:colcon.colcon_core.event_handler.log_command:Invoking command in '/home/ros2mc/ros2_ws/build/kari-drone-system': CMAKE_PREFIX_PATH=${CMAKE_PREFIX_PATH}:/opt/ros/humble /usr/bin/cmake --install /home/ros2mc/ros2_ws/build/kari-drone-system
[11.354s] Level 1:colcon.colcon_core.environment:create_environment_scripts_only(kari-drone-system)
[11.354s] Level 1:colcon.colcon_core.environment:checking '/home/ros2mc/ros2_ws/install/kari-drone-system' for CMake module files
[11.357s] Level 1:colcon.colcon_core.environment:checking '/home/ros2mc/ros2_ws/install/kari-drone-system' for CMake config files
[11.925s] Level 1:colcon.colcon_core.shell:create_environment_hook('kari-drone-system', 'cmake_prefix_path')
[11.926s] INFO:colcon.colcon_core.shell:Creating environment hook '/home/ros2mc/ros2_ws/install/kari-drone-system/share/kari-drone-system/hook/cmake_prefix_path.ps1'
[11.929s] INFO:colcon.colcon_core.shell:Creating environment descriptor '/home/ros2mc/ros2_ws/install/kari-drone-system/share/kari-drone-system/hook/cmake_prefix_path.dsv'
[11.931s] INFO:colcon.colcon_core.shell:Creating environment hook '/home/ros2mc/ros2_ws/install/kari-drone-system/share/kari-drone-system/hook/cmake_prefix_path.sh'
[11.934s] Level 1:colcon.colcon_core.environment:checking '/home/ros2mc/ros2_ws/install/kari-drone-system/bin'
[11.934s] Level 1:colcon.colcon_core.environment:checking '/home/ros2mc/ros2_ws/install/kari-drone-system/lib/pkgconfig/kari-drone-system.pc'
[11.935s] Level 1:colcon.colcon_core.environment:checking '/home/ros2mc/ros2_ws/install/kari-drone-system/lib/python3.10/site-packages'
[11.935s] Level 1:colcon.colcon_core.environment:checking '/home/ros2mc/ros2_ws/install/kari-drone-system/bin'
[11.936s] INFO:colcon.colcon_core.shell:Creating package script '/home/ros2mc/ros2_ws/install/kari-drone-system/share/kari-drone-system/package.ps1'
[11.938s] INFO:colcon.colcon_core.shell:Creating package descriptor '/home/ros2mc/ros2_ws/install/kari-drone-system/share/kari-drone-system/package.dsv'
[11.942s] INFO:colcon.colcon_core.shell:Creating package script '/home/ros2mc/ros2_ws/install/kari-drone-system/share/kari-drone-system/package.sh'
[11.944s] INFO:colcon.colcon_core.shell:Creating package script '/home/ros2mc/ros2_ws/install/kari-drone-system/share/kari-drone-system/package.bash'
[11.946s] INFO:colcon.colcon_core.shell:Creating package script '/home/ros2mc/ros2_ws/install/kari-drone-system/share/kari-drone-system/package.zsh'
[11.947s] Level 1:colcon.colcon_core.environment:create_file_with_runtime_dependencies(/home/ros2mc/ros2_ws/install/kari-drone-system/share/colcon-core/packages/kari-drone-system)
[11.992s] Level 1:colcon.colcon_core.environment:create_environment_scripts_only(kari-drone-system)
[11.992s] Level 1:colcon.colcon_core.environment:checking '/home/ros2mc/ros2_ws/install/kari-drone-system' for CMake module files
[11.995s] Level 1:colcon.colcon_core.environment:checking '/home/ros2mc/ros2_ws/install/kari-drone-system' for CMake config files
[12.500s] Level 1:colcon.colcon_core.shell:create_environment_hook('kari-drone-system', 'cmake_prefix_path')
[12.501s] INFO:colcon.colcon_core.shell:Creating environment hook '/home/ros2mc/ros2_ws/install/kari-drone-system/share/kari-drone-system/hook/cmake_prefix_path.ps1'
[12.503s] INFO:colcon.colcon_core.shell:Creating environment descriptor '/home/ros2mc/ros2_ws/install/kari-drone-system/share/kari-drone-system/hook/cmake_prefix_path.dsv'
[12.505s] INFO:colcon.colcon_core.shell:Creating environment hook '/home/ros2mc/ros2_ws/install/kari-drone-system/share/kari-drone-system/hook/cmake_prefix_path.sh'
[12.507s] Level 1:colcon.colcon_core.environment:checking '/home/ros2mc/ros2_ws/install/kari-drone-system/bin'
[12.508s] Level 1:colcon.colcon_core.environment:checking '/home/ros2mc/ros2_ws/install/kari-drone-system/lib/pkgconfig/kari-drone-system.pc'
[12.508s] Level 1:colcon.colcon_core.environment:checking '/home/ros2mc/ros2_ws/install/kari-drone-system/lib/python3.10/site-packages'
[12.509s] Level 1:colcon.colcon_core.environment:checking '/home/ros2mc/ros2_ws/install/kari-drone-system/bin'
[12.510s] INFO:colcon.colcon_core.shell:Creating package script '/home/ros2mc/ros2_ws/install/kari-drone-system/share/kari-drone-system/package.ps1'
[12.512s] INFO:colcon.colcon_core.shell:Creating package descriptor '/home/ros2mc/ros2_ws/install/kari-drone-system/share/kari-drone-system/package.dsv'
[12.514s] INFO:colcon.colcon_core.shell:Creating package script '/home/ros2mc/ros2_ws/install/kari-drone-system/share/kari-drone-system/package.sh'
[12.515s] INFO:colcon.colcon_core.shell:Creating package script '/home/ros2mc/ros2_ws/install/kari-drone-system/share/kari-drone-system/package.bash'
[12.517s] INFO:colcon.colcon_core.shell:Creating package script '/home/ros2mc/ros2_ws/install/kari-drone-system/share/kari-drone-system/package.zsh'
[12.518s] Level 1:colcon.colcon_core.environment:create_file_with_runtime_dependencies(/home/ros2mc/ros2_ws/install/kari-drone-system/share/colcon-core/packages/kari-drone-system)
[13.120s] DEBUG:colcon.colcon_core.event_handler.log_command:Invoked command in '/home/ros2mc/ros2_ws/build/kari-drone-system' returned '0': CMAKE_PREFIX_PATH=${CMAKE_PREFIX_PATH}:/opt/ros/humble /usr/bin/cmake --install /home/ros2mc/ros2_ws/build/kari-drone-system
[14.847s] Level 1:colcon.colcon_core.environment:create_environment_scripts_only(px4_msgs)
[14.848s] Level 1:colcon.colcon_core.environment:checking '/home/ros2mc/ros2_ws/install/px4_msgs' for CMake module files
[14.851s] Level 1:colcon.colcon_core.environment:checking '/home/ros2mc/ros2_ws/install/px4_msgs' for CMake config files
[14.862s] Level 1:colcon.colcon_core.shell:create_environment_hook('px4_msgs', 'cmake_prefix_path')
[14.863s] INFO:colcon.colcon_core.shell:Creating environment hook '/home/ros2mc/ros2_ws/install/px4_msgs/share/px4_msgs/hook/cmake_prefix_path.ps1'
[14.865s] INFO:colcon.colcon_core.shell:Creating environment descriptor '/home/ros2mc/ros2_ws/install/px4_msgs/share/px4_msgs/hook/cmake_prefix_path.dsv'
[14.866s] INFO:colcon.colcon_core.shell:Creating environment hook '/home/ros2mc/ros2_ws/install/px4_msgs/share/px4_msgs/hook/cmake_prefix_path.sh'
[14.867s] Level 1:colcon.colcon_core.environment:checking '/home/ros2mc/ros2_ws/install/px4_msgs/lib'
[14.867s] Level 1:colcon.colcon_core.shell:create_environment_hook('px4_msgs', 'ld_library_path_lib')
[14.867s] INFO:colcon.colcon_core.shell:Creating environment hook '/home/ros2mc/ros2_ws/install/px4_msgs/share/px4_msgs/hook/ld_library_path_lib.ps1'
[14.868s] INFO:colcon.colcon_core.shell:Creating environment descriptor '/home/ros2mc/ros2_ws/install/px4_msgs/share/px4_msgs/hook/ld_library_path_lib.dsv'
[14.869s] INFO:colcon.colcon_core.shell:Creating environment hook '/home/ros2mc/ros2_ws/install/px4_msgs/share/px4_msgs/hook/ld_library_path_lib.sh'
[14.871s] Level 1:colcon.colcon_core.environment:checking '/home/ros2mc/ros2_ws/install/px4_msgs/bin'
[14.871s] Level 1:colcon.colcon_core.environment:checking '/home/ros2mc/ros2_ws/install/px4_msgs/lib/pkgconfig/px4_msgs.pc'
[14.871s] Level 1:colcon.colcon_core.environment:checking '/home/ros2mc/ros2_ws/install/px4_msgs/lib/python3.10/site-packages'
[14.872s] Level 1:colcon.colcon_core.environment:checking '/home/ros2mc/ros2_ws/install/px4_msgs/bin'
[14.873s] INFO:colcon.colcon_core.shell:Creating package script '/home/ros2mc/ros2_ws/install/px4_msgs/share/px4_msgs/package.ps1'
[14.875s] INFO:colcon.colcon_core.shell:Creating package descriptor '/home/ros2mc/ros2_ws/install/px4_msgs/share/px4_msgs/package.dsv'
[14.876s] INFO:colcon.colcon_core.shell:Creating package script '/home/ros2mc/ros2_ws/install/px4_msgs/share/px4_msgs/package.sh'
[14.877s] INFO:colcon.colcon_core.shell:Creating package script '/home/ros2mc/ros2_ws/install/px4_msgs/share/px4_msgs/package.bash'
[14.878s] INFO:colcon.colcon_core.shell:Creating package script '/home/ros2mc/ros2_ws/install/px4_msgs/share/px4_msgs/package.zsh'
[14.879s] Level 1:colcon.colcon_core.environment:create_file_with_runtime_dependencies(/home/ros2mc/ros2_ws/install/px4_msgs/share/colcon-core/packages/px4_msgs)
[14.879s] DEBUG:colcon.colcon_parallel_executor.executor.parallel:closing loop
[14.880s] DEBUG:colcon.colcon_parallel_executor.executor.parallel:loop closed
[14.880s] DEBUG:colcon.colcon_parallel_executor.executor.parallel:run_until_complete finished with '0'
[14.881s] DEBUG:colcon.colcon_core.event_reactor:joining thread
[14.893s] INFO:colcon.colcon_core.plugin_system:Skipping extension 'colcon_notification.desktop_notification.terminal_notifier': Not used on non-Darwin systems
[14.894s] INFO:colcon.colcon_core.plugin_system:Skipping extension 'colcon_notification.desktop_notification.win32': Not used on non-Windows systems
[14.894s] INFO:colcon.colcon_notification.desktop_notification:Sending desktop notification using 'notify2'
[14.938s] DEBUG:colcon.colcon_core.event_reactor:joined thread
[14.939s] INFO:colcon.colcon_core.shell:Creating prefix script '/home/ros2mc/ros2_ws/install/local_setup.ps1'
[14.942s] INFO:colcon.colcon_core.shell:Creating prefix util module '/home/ros2mc/ros2_ws/install/_local_setup_util_ps1.py'
[14.945s] INFO:colcon.colcon_core.shell:Creating prefix chain script '/home/ros2mc/ros2_ws/install/setup.ps1'
[14.948s] INFO:colcon.colcon_core.shell:Creating prefix script '/home/ros2mc/ros2_ws/install/local_setup.sh'
[14.949s] INFO:colcon.colcon_core.shell:Creating prefix util module '/home/ros2mc/ros2_ws/install/_local_setup_util_sh.py'
[14.951s] INFO:colcon.colcon_core.shell:Creating prefix chain script '/home/ros2mc/ros2_ws/install/setup.sh'
[14.953s] INFO:colcon.colcon_core.shell:Creating prefix script '/home/ros2mc/ros2_ws/install/local_setup.bash'
[14.954s] INFO:colcon.colcon_core.shell:Creating prefix chain script '/home/ros2mc/ros2_ws/install/setup.bash'
[14.957s] INFO:colcon.colcon_core.shell:Creating prefix script '/home/ros2mc/ros2_ws/install/local_setup.zsh'
[14.959s] INFO:colcon.colcon_core.shell:Creating prefix chain script '/home/ros2mc/ros2_ws/install/setup.zsh'
