[0.352s] DEBUG:colcon:Command line arguments: ['/usr/bin/colcon', 'build']
[0.352s] DEBUG:colcon:Parsed command line arguments: Namespace(log_base=None, log_level=None, verb_name='build', build_base='build', install_base='install', merge_install=False, symlink_install=False, test_result_base=None, continue_on_error=False, executor='parallel', parallel_workers=6, event_handlers=None, ignore_user_meta=False, metas=['./colcon.meta'], base_paths=['.'], packages_ignore=None, packages_ignore_regex=None, paths=None, packages_up_to=None, packages_up_to_regex=None, packages_above=None, packages_above_and_dependencies=None, packages_above_depth=None, packages_select_by_dep=None, packages_skip_by_dep=None, packages_skip_up_to=None, packages_select_build_failed=False, packages_skip_build_finished=False, packages_select_test_failures=False, packages_skip_test_passed=False, packages_select=None, packages_skip=None, packages_select_regex=None, packages_skip_regex=None, packages_start=None, packages_end=None, allow_overriding=[], cmake_args=None, cmake_target=None, cmake_target_skip_unavailable=False, cmake_clean_cache=False, cmake_clean_first=False, cmake_force_configure=False, ament_cmake_args=None, catkin_cmake_args=None, catkin_skip_building_tests=False, verb_parser=<colcon_defaults.argument_parser.defaults.DefaultArgumentsDecorator object at 0xffffa9d33e20>, verb_extension=<colcon_core.verb.build.BuildVerb object at 0xffffa9d339d0>, main=<bound method BuildVerb.main of <colcon_core.verb.build.BuildVerb object at 0xffffa9d339d0>>)
[0.757s] Level 1:colcon.colcon_core.package_discovery:discover_packages(colcon_meta) check parameters
[0.757s] Level 1:colcon.colcon_core.package_discovery:discover_packages(recursive) check parameters
[0.757s] Level 1:colcon.colcon_core.package_discovery:discover_packages(ignore) check parameters
[0.757s] Level 1:colcon.colcon_core.package_discovery:discover_packages(path) check parameters
[0.757s] Level 1:colcon.colcon_core.package_discovery:discover_packages(colcon_meta) discover
[0.757s] Level 1:colcon.colcon_core.package_discovery:discover_packages(recursive) discover
[0.757s] INFO:colcon.colcon_core.package_discovery:Crawling recursively for packages in '/home/ros2mc/ros2_ws'
[0.758s] Level 1:colcon.colcon_core.package_identification:_identify(.) by extensions ['ignore', 'ignore_ament_install']
[0.758s] Level 1:colcon.colcon_core.package_identification:_identify(.) by extension 'ignore'
[0.758s] Level 1:colcon.colcon_core.package_identification:_identify(.) by extension 'ignore_ament_install'
[0.758s] Level 1:colcon.colcon_core.package_identification:_identify(.) by extensions ['colcon_pkg']
[0.758s] Level 1:colcon.colcon_core.package_identification:_identify(.) by extension 'colcon_pkg'
[0.758s] Level 1:colcon.colcon_core.package_identification:_identify(.) by extensions ['colcon_meta']
[0.759s] Level 1:colcon.colcon_core.package_identification:_identify(.) by extension 'colcon_meta'
[0.759s] Level 1:colcon.colcon_core.package_identification:_identify(.) by extensions ['ros']
[0.759s] Level 1:colcon.colcon_core.package_identification:_identify(.) by extension 'ros'
[0.791s] Level 1:colcon.colcon_core.package_identification:_identify(.) by extensions ['cmake', 'python']
[0.792s] Level 1:colcon.colcon_core.package_identification:_identify(.) by extension 'cmake'
[0.792s] Level 1:colcon.colcon_core.package_identification:_identify(.) by extension 'python'
[0.792s] Level 1:colcon.colcon_core.package_identification:_identify(.) by extensions ['python_setup_py']
[0.792s] Level 1:colcon.colcon_core.package_identification:_identify(.) by extension 'python_setup_py'
[0.792s] Level 1:colcon.colcon_core.package_identification:_identify(build) by extensions ['ignore', 'ignore_ament_install']
[0.793s] Level 1:colcon.colcon_core.package_identification:_identify(build) by extension 'ignore'
[0.793s] Level 1:colcon.colcon_core.package_identification:_identify(build) ignored
[0.793s] Level 1:colcon.colcon_core.package_identification:_identify(install) by extensions ['ignore', 'ignore_ament_install']
[0.793s] Level 1:colcon.colcon_core.package_identification:_identify(install) by extension 'ignore'
[0.793s] Level 1:colcon.colcon_core.package_identification:_identify(install) ignored
[0.794s] Level 1:colcon.colcon_core.package_identification:_identify(kari-drone-system) by extensions ['ignore', 'ignore_ament_install']
[0.794s] Level 1:colcon.colcon_core.package_identification:_identify(kari-drone-system) by extension 'ignore'
[0.794s] Level 1:colcon.colcon_core.package_identification:_identify(kari-drone-system) by extension 'ignore_ament_install'
[0.794s] Level 1:colcon.colcon_core.package_identification:_identify(kari-drone-system) by extensions ['colcon_pkg']
[0.794s] Level 1:colcon.colcon_core.package_identification:_identify(kari-drone-system) by extension 'colcon_pkg'
[0.794s] Level 1:colcon.colcon_core.package_identification:_identify(kari-drone-system) by extensions ['colcon_meta']
[0.795s] Level 1:colcon.colcon_core.package_identification:_identify(kari-drone-system) by extension 'colcon_meta'
[0.795s] Level 1:colcon.colcon_core.package_identification:_identify(kari-drone-system) by extensions ['ros']
[0.795s] Level 1:colcon.colcon_core.package_identification:_identify(kari-drone-system) by extension 'ros'
[0.801s] DEBUG:colcon.colcon_core.package_identification:Package 'kari-drone-system' with type 'ros.ament_cmake' and name 'kari-drone-system'
[0.801s] Level 1:colcon.colcon_core.package_identification:_identify(log) by extensions ['ignore', 'ignore_ament_install']
[0.802s] Level 1:colcon.colcon_core.package_identification:_identify(log) by extension 'ignore'
[0.802s] Level 1:colcon.colcon_core.package_identification:_identify(log) ignored
[0.802s] Level 1:colcon.colcon_core.package_identification:_identify(src) by extensions ['ignore', 'ignore_ament_install']
[0.802s] Level 1:colcon.colcon_core.package_identification:_identify(src) by extension 'ignore'
[0.802s] Level 1:colcon.colcon_core.package_identification:_identify(src) by extension 'ignore_ament_install'
[0.803s] Level 1:colcon.colcon_core.package_identification:_identify(src) by extensions ['colcon_pkg']
[0.803s] Level 1:colcon.colcon_core.package_identification:_identify(src) by extension 'colcon_pkg'
[0.803s] Level 1:colcon.colcon_core.package_identification:_identify(src) by extensions ['colcon_meta']
[0.803s] Level 1:colcon.colcon_core.package_identification:_identify(src) by extension 'colcon_meta'
[0.803s] Level 1:colcon.colcon_core.package_identification:_identify(src) by extensions ['ros']
[0.803s] Level 1:colcon.colcon_core.package_identification:_identify(src) by extension 'ros'
[0.803s] Level 1:colcon.colcon_core.package_identification:_identify(src) by extensions ['cmake', 'python']
[0.803s] Level 1:colcon.colcon_core.package_identification:_identify(src) by extension 'cmake'
[0.803s] Level 1:colcon.colcon_core.package_identification:_identify(src) by extension 'python'
[0.803s] Level 1:colcon.colcon_core.package_identification:_identify(src) by extensions ['python_setup_py']
[0.803s] Level 1:colcon.colcon_core.package_identification:_identify(src) by extension 'python_setup_py'
[0.804s] Level 1:colcon.colcon_core.package_identification:_identify(src/build) by extensions ['ignore', 'ignore_ament_install']
[0.804s] Level 1:colcon.colcon_core.package_identification:_identify(src/build) by extension 'ignore'
[0.804s] Level 1:colcon.colcon_core.package_identification:_identify(src/build) ignored
[0.804s] Level 1:colcon.colcon_core.package_identification:_identify(src/install) by extensions ['ignore', 'ignore_ament_install']
[0.805s] Level 1:colcon.colcon_core.package_identification:_identify(src/install) by extension 'ignore'
[0.805s] Level 1:colcon.colcon_core.package_identification:_identify(src/install) ignored
[0.805s] Level 1:colcon.colcon_core.package_identification:_identify(src/kari_UAV_siyi) by extensions ['ignore', 'ignore_ament_install']
[0.806s] Level 1:colcon.colcon_core.package_identification:_identify(src/kari_UAV_siyi) by extension 'ignore'
[0.806s] Level 1:colcon.colcon_core.package_identification:_identify(src/kari_UAV_siyi) by extension 'ignore_ament_install'
[0.806s] Level 1:colcon.colcon_core.package_identification:_identify(src/kari_UAV_siyi) by extensions ['colcon_pkg']
[0.806s] Level 1:colcon.colcon_core.package_identification:_identify(src/kari_UAV_siyi) by extension 'colcon_pkg'
[0.806s] Level 1:colcon.colcon_core.package_identification:_identify(src/kari_UAV_siyi) by extensions ['colcon_meta']
[0.806s] Level 1:colcon.colcon_core.package_identification:_identify(src/kari_UAV_siyi) by extension 'colcon_meta'
[0.806s] Level 1:colcon.colcon_core.package_identification:_identify(src/kari_UAV_siyi) by extensions ['ros']
[0.806s] Level 1:colcon.colcon_core.package_identification:_identify(src/kari_UAV_siyi) by extension 'ros'
[0.808s] DEBUG:colcon.colcon_core.package_identification:Package 'src/kari_UAV_siyi' with type 'ros.ament_python' and name 'kari_UAV_siyi'
[0.809s] Level 1:colcon.colcon_core.package_identification:_identify(src/log) by extensions ['ignore', 'ignore_ament_install']
[0.809s] Level 1:colcon.colcon_core.package_identification:_identify(src/log) by extension 'ignore'
[0.809s] Level 1:colcon.colcon_core.package_identification:_identify(src/log) ignored
[0.809s] Level 1:colcon.colcon_core.package_identification:_identify(src/px4_msgs) by extensions ['ignore', 'ignore_ament_install']
[0.810s] Level 1:colcon.colcon_core.package_identification:_identify(src/px4_msgs) by extension 'ignore'
[0.810s] Level 1:colcon.colcon_core.package_identification:_identify(src/px4_msgs) by extension 'ignore_ament_install'
[0.810s] Level 1:colcon.colcon_core.package_identification:_identify(src/px4_msgs) by extensions ['colcon_pkg']
[0.810s] Level 1:colcon.colcon_core.package_identification:_identify(src/px4_msgs) by extension 'colcon_pkg'
[0.810s] Level 1:colcon.colcon_core.package_identification:_identify(src/px4_msgs) by extensions ['colcon_meta']
[0.810s] Level 1:colcon.colcon_core.package_identification:_identify(src/px4_msgs) by extension 'colcon_meta'
[0.810s] Level 1:colcon.colcon_core.package_identification:_identify(src/px4_msgs) by extensions ['ros']
[0.810s] Level 1:colcon.colcon_core.package_identification:_identify(src/px4_msgs) by extension 'ros'
[0.813s] DEBUG:colcon.colcon_core.package_identification:Package 'src/px4_msgs' with type 'ros.ament_cmake' and name 'px4_msgs'
[0.813s] Level 1:colcon.colcon_core.package_discovery:discover_packages(recursive) using defaults
[0.813s] Level 1:colcon.colcon_core.package_discovery:discover_packages(ignore) discover
[0.814s] Level 1:colcon.colcon_core.package_discovery:discover_packages(ignore) using defaults
[0.814s] Level 1:colcon.colcon_core.package_discovery:discover_packages(path) discover
[0.814s] Level 1:colcon.colcon_core.package_discovery:discover_packages(path) using defaults
[0.865s] Level 1:colcon.colcon_core.package_discovery:discover_packages(prefix_path) check parameters
[0.865s] Level 1:colcon.colcon_core.package_discovery:discover_packages(prefix_path) discover
[0.873s] DEBUG:colcon.colcon_installed_package_information.package_discovery:Found 3 installed packages in /home/ros2mc/ros2_ws/install
[0.876s] DEBUG:colcon.colcon_installed_package_information.package_discovery:Found 180 installed packages in /opt/ros/humble
[0.878s] Level 1:colcon.colcon_core.package_discovery:discover_packages(prefix_path) using defaults
[0.994s] Level 5:colcon.colcon_core.verb:set package 'kari-drone-system' build argument 'cmake_args' from command line to 'None'
[0.994s] Level 5:colcon.colcon_core.verb:set package 'kari-drone-system' build argument 'cmake_target' from command line to 'None'
[0.994s] Level 5:colcon.colcon_core.verb:set package 'kari-drone-system' build argument 'cmake_target_skip_unavailable' from command line to 'False'
[0.994s] Level 5:colcon.colcon_core.verb:set package 'kari-drone-system' build argument 'cmake_clean_cache' from command line to 'False'
[0.994s] Level 5:colcon.colcon_core.verb:set package 'kari-drone-system' build argument 'cmake_clean_first' from command line to 'False'
[0.994s] Level 5:colcon.colcon_core.verb:set package 'kari-drone-system' build argument 'cmake_force_configure' from command line to 'False'
[0.995s] Level 5:colcon.colcon_core.verb:set package 'kari-drone-system' build argument 'ament_cmake_args' from command line to 'None'
[0.995s] Level 5:colcon.colcon_core.verb:set package 'kari-drone-system' build argument 'catkin_cmake_args' from command line to 'None'
[0.995s] Level 5:colcon.colcon_core.verb:set package 'kari-drone-system' build argument 'catkin_skip_building_tests' from command line to 'False'
[0.995s] DEBUG:colcon.colcon_core.verb:Building package 'kari-drone-system' with the following arguments: {'ament_cmake_args': None, 'build_base': '/home/ros2mc/ros2_ws/build/kari-drone-system', 'catkin_cmake_args': None, 'catkin_skip_building_tests': False, 'cmake_args': None, 'cmake_clean_cache': False, 'cmake_clean_first': False, 'cmake_force_configure': False, 'cmake_target': None, 'cmake_target_skip_unavailable': False, 'install_base': '/home/ros2mc/ros2_ws/install/kari-drone-system', 'merge_install': False, 'path': '/home/ros2mc/ros2_ws/kari-drone-system', 'symlink_install': False, 'test_result_base': None}
[0.996s] Level 5:colcon.colcon_core.verb:set package 'kari_UAV_siyi' build argument 'cmake_args' from command line to 'None'
[0.996s] Level 5:colcon.colcon_core.verb:set package 'kari_UAV_siyi' build argument 'cmake_target' from command line to 'None'
[0.996s] Level 5:colcon.colcon_core.verb:set package 'kari_UAV_siyi' build argument 'cmake_target_skip_unavailable' from command line to 'False'
[0.996s] Level 5:colcon.colcon_core.verb:set package 'kari_UAV_siyi' build argument 'cmake_clean_cache' from command line to 'False'
[0.996s] Level 5:colcon.colcon_core.verb:set package 'kari_UAV_siyi' build argument 'cmake_clean_first' from command line to 'False'
[0.996s] Level 5:colcon.colcon_core.verb:set package 'kari_UAV_siyi' build argument 'cmake_force_configure' from command line to 'False'
[0.996s] Level 5:colcon.colcon_core.verb:set package 'kari_UAV_siyi' build argument 'ament_cmake_args' from command line to 'None'
[0.996s] Level 5:colcon.colcon_core.verb:set package 'kari_UAV_siyi' build argument 'catkin_cmake_args' from command line to 'None'
[0.996s] Level 5:colcon.colcon_core.verb:set package 'kari_UAV_siyi' build argument 'catkin_skip_building_tests' from command line to 'False'
[0.996s] DEBUG:colcon.colcon_core.verb:Building package 'kari_UAV_siyi' with the following arguments: {'ament_cmake_args': None, 'build_base': '/home/ros2mc/ros2_ws/build/kari_UAV_siyi', 'catkin_cmake_args': None, 'catkin_skip_building_tests': False, 'cmake_args': None, 'cmake_clean_cache': False, 'cmake_clean_first': False, 'cmake_force_configure': False, 'cmake_target': None, 'cmake_target_skip_unavailable': False, 'install_base': '/home/ros2mc/ros2_ws/install/kari_UAV_siyi', 'merge_install': False, 'path': '/home/ros2mc/ros2_ws/src/kari_UAV_siyi', 'symlink_install': False, 'test_result_base': None}
[0.997s] Level 5:colcon.colcon_core.verb:set package 'px4_msgs' build argument 'cmake_args' from command line to 'None'
[0.997s] Level 5:colcon.colcon_core.verb:set package 'px4_msgs' build argument 'cmake_target' from command line to 'None'
[0.997s] Level 5:colcon.colcon_core.verb:set package 'px4_msgs' build argument 'cmake_target_skip_unavailable' from command line to 'False'
[0.997s] Level 5:colcon.colcon_core.verb:set package 'px4_msgs' build argument 'cmake_clean_cache' from command line to 'False'
[0.997s] Level 5:colcon.colcon_core.verb:set package 'px4_msgs' build argument 'cmake_clean_first' from command line to 'False'
[0.997s] Level 5:colcon.colcon_core.verb:set package 'px4_msgs' build argument 'cmake_force_configure' from command line to 'False'
[0.997s] Level 5:colcon.colcon_core.verb:set package 'px4_msgs' build argument 'ament_cmake_args' from command line to 'None'
[0.997s] Level 5:colcon.colcon_core.verb:set package 'px4_msgs' build argument 'catkin_cmake_args' from command line to 'None'
[0.997s] Level 5:colcon.colcon_core.verb:set package 'px4_msgs' build argument 'catkin_skip_building_tests' from command line to 'False'
[0.997s] DEBUG:colcon.colcon_core.verb:Building package 'px4_msgs' with the following arguments: {'ament_cmake_args': None, 'build_base': '/home/ros2mc/ros2_ws/build/px4_msgs', 'catkin_cmake_args': None, 'catkin_skip_building_tests': False, 'cmake_args': None, 'cmake_clean_cache': False, 'cmake_clean_first': False, 'cmake_force_configure': False, 'cmake_target': None, 'cmake_target_skip_unavailable': False, 'install_base': '/home/ros2mc/ros2_ws/install/px4_msgs', 'merge_install': False, 'path': '/home/ros2mc/ros2_ws/src/px4_msgs', 'symlink_install': False, 'test_result_base': None}
[0.998s] INFO:colcon.colcon_core.executor:Executing jobs using 'parallel' executor
[1.000s] DEBUG:colcon.colcon_parallel_executor.executor.parallel:run_until_complete
[1.001s] INFO:colcon.colcon_ros.task.ament_cmake.build:Building ROS package in '/home/ros2mc/ros2_ws/kari-drone-system' with build type 'ament_cmake'
[1.001s] INFO:colcon.colcon_cmake.task.cmake.build:Building CMake package in '/home/ros2mc/ros2_ws/kari-drone-system'
[1.008s] INFO:colcon.colcon_core.plugin_system:Skipping extension 'colcon_core.shell.bat': Not used on non-Windows systems
[1.009s] INFO:colcon.colcon_core.shell:Skip shell extension 'powershell' for command environment: Not usable outside of PowerShell
[1.009s] DEBUG:colcon.colcon_core.shell:Skip shell extension 'dsv' for command environment
[1.017s] INFO:colcon.colcon_ros.task.ament_python.build:Building ROS package in '/home/ros2mc/ros2_ws/src/kari_UAV_siyi' with build type 'ament_python'
[1.017s] Level 1:colcon.colcon_core.shell:create_environment_hook('kari_UAV_siyi', 'ament_prefix_path')
[1.018s] INFO:colcon.colcon_core.shell:Creating environment hook '/home/ros2mc/ros2_ws/install/kari_UAV_siyi/share/kari_UAV_siyi/hook/ament_prefix_path.ps1'
[1.020s] INFO:colcon.colcon_core.shell:Creating environment descriptor '/home/ros2mc/ros2_ws/install/kari_UAV_siyi/share/kari_UAV_siyi/hook/ament_prefix_path.dsv'
[1.021s] INFO:colcon.colcon_core.shell:Creating environment hook '/home/ros2mc/ros2_ws/install/kari_UAV_siyi/share/kari_UAV_siyi/hook/ament_prefix_path.sh'
[1.022s] INFO:colcon.colcon_core.shell:Skip shell extension 'powershell' for command environment: Not usable outside of PowerShell
[1.022s] DEBUG:colcon.colcon_core.shell:Skip shell extension 'dsv' for command environment
[1.028s] INFO:colcon.colcon_ros.task.ament_cmake.build:Building ROS package in '/home/ros2mc/ros2_ws/src/px4_msgs' with build type 'ament_cmake'
[1.029s] INFO:colcon.colcon_cmake.task.cmake.build:Building CMake package in '/home/ros2mc/ros2_ws/src/px4_msgs'
[1.029s] INFO:colcon.colcon_core.shell:Skip shell extension 'powershell' for command environment: Not usable outside of PowerShell
[1.029s] DEBUG:colcon.colcon_core.shell:Skip shell extension 'dsv' for command environment
[1.050s] DEBUG:colcon.colcon_core.event_handler.log_command:Invoking command in '/home/ros2mc/ros2_ws/build/kari-drone-system': CMAKE_PREFIX_PATH=${CMAKE_PREFIX_PATH}:/opt/ros/humble /usr/bin/cmake --build /home/ros2mc/ros2_ws/build/kari-drone-system -- -j6 -l6
[1.568s] INFO:colcon.colcon_core.task.python.build:Building Python package in '/home/ros2mc/ros2_ws/src/kari_UAV_siyi'
[1.569s] INFO:colcon.colcon_core.shell:Skip shell extension 'powershell' for command environment: Not usable outside of PowerShell
[1.569s] DEBUG:colcon.colcon_core.shell:Skip shell extension 'dsv' for command environment
[1.588s] DEBUG:colcon.colcon_core.event_handler.log_command:Invoking command in '/home/ros2mc/ros2_ws/build/px4_msgs': CMAKE_PREFIX_PATH=${CMAKE_PREFIX_PATH}:/opt/ros/humble /usr/bin/cmake --build /home/ros2mc/ros2_ws/build/px4_msgs -- -j6 -l6
[1.588s] DEBUG:colcon.colcon_core.event_handler.log_command:Invoked command in '/home/ros2mc/ros2_ws/build/kari-drone-system' returned '0': CMAKE_PREFIX_PATH=${CMAKE_PREFIX_PATH}:/opt/ros/humble /usr/bin/cmake --build /home/ros2mc/ros2_ws/build/kari-drone-system -- -j6 -l6
[1.643s] DEBUG:colcon.colcon_core.event_handler.log_command:Invoking command in '/home/ros2mc/ros2_ws/build/kari-drone-system': CMAKE_PREFIX_PATH=${CMAKE_PREFIX_PATH}:/opt/ros/humble /usr/bin/cmake --install /home/ros2mc/ros2_ws/build/kari-drone-system
[2.986s] DEBUG:colcon.colcon_core.event_handler.log_command:Invoking command in '/home/ros2mc/ros2_ws/src/kari_UAV_siyi': PYTHONPATH=/home/ros2mc/ros2_ws/build/kari_UAV_siyi/prefix_override:/usr/lib/python3/dist-packages/colcon_core/task/python/colcon_distutils_commands:/home/ros2mc/ros2_ws/install/kari_UAV_siyi/lib/python3.10/site-packages:${PYTHONPATH} /usr/bin/python3 -W ignore:setup.py install is deprecated setup.py egg_info --egg-base ../../build/kari_UAV_siyi build --build-base /home/ros2mc/ros2_ws/build/kari_UAV_siyi/build install --record /home/ros2mc/ros2_ws/build/kari_UAV_siyi/install.log --single-version-externally-managed install_data
[3.642s] Level 1:colcon.colcon_core.environment:checking '/home/ros2mc/ros2_ws/install/kari_UAV_siyi' for CMake module files
[3.647s] Level 1:colcon.colcon_core.environment:checking '/home/ros2mc/ros2_ws/install/kari_UAV_siyi' for CMake config files
[3.667s] Level 1:colcon.colcon_core.environment:checking '/home/ros2mc/ros2_ws/install/kari_UAV_siyi/lib'
[3.668s] Level 1:colcon.colcon_core.environment:checking '/home/ros2mc/ros2_ws/install/kari_UAV_siyi/bin'
[3.668s] Level 1:colcon.colcon_core.environment:checking '/home/ros2mc/ros2_ws/install/kari_UAV_siyi/lib/pkgconfig/kari_UAV_siyi.pc'
[3.670s] Level 1:colcon.colcon_core.environment:checking '/home/ros2mc/ros2_ws/install/kari_UAV_siyi/lib/python3.10/site-packages'
[3.671s] Level 1:colcon.colcon_core.shell:create_environment_hook('kari_UAV_siyi', 'pythonpath')
[3.671s] INFO:colcon.colcon_core.shell:Creating environment hook '/home/ros2mc/ros2_ws/install/kari_UAV_siyi/share/kari_UAV_siyi/hook/pythonpath.ps1'
[3.674s] INFO:colcon.colcon_core.shell:Creating environment descriptor '/home/ros2mc/ros2_ws/install/kari_UAV_siyi/share/kari_UAV_siyi/hook/pythonpath.dsv'
[3.676s] INFO:colcon.colcon_core.shell:Creating environment hook '/home/ros2mc/ros2_ws/install/kari_UAV_siyi/share/kari_UAV_siyi/hook/pythonpath.sh'
[3.678s] Level 1:colcon.colcon_core.environment:checking '/home/ros2mc/ros2_ws/install/kari_UAV_siyi/bin'
[3.678s] Level 1:colcon.colcon_core.environment:create_environment_scripts_only(kari_UAV_siyi)
[3.679s] INFO:colcon.colcon_core.shell:Creating package script '/home/ros2mc/ros2_ws/install/kari_UAV_siyi/share/kari_UAV_siyi/package.ps1'
[3.683s] INFO:colcon.colcon_core.shell:Creating package descriptor '/home/ros2mc/ros2_ws/install/kari_UAV_siyi/share/kari_UAV_siyi/package.dsv'
[3.685s] INFO:colcon.colcon_core.shell:Creating package script '/home/ros2mc/ros2_ws/install/kari_UAV_siyi/share/kari_UAV_siyi/package.sh'
[3.689s] INFO:colcon.colcon_core.shell:Creating package script '/home/ros2mc/ros2_ws/install/kari_UAV_siyi/share/kari_UAV_siyi/package.bash'
[3.693s] INFO:colcon.colcon_core.shell:Creating package script '/home/ros2mc/ros2_ws/install/kari_UAV_siyi/share/kari_UAV_siyi/package.zsh'
[3.695s] Level 1:colcon.colcon_core.environment:create_file_with_runtime_dependencies(/home/ros2mc/ros2_ws/install/kari_UAV_siyi/share/colcon-core/packages/kari_UAV_siyi)
[3.935s] DEBUG:colcon.colcon_core.event_handler.log_command:Invoked command in '/home/ros2mc/ros2_ws/build/px4_msgs' returned '0': CMAKE_PREFIX_PATH=${CMAKE_PREFIX_PATH}:/opt/ros/humble /usr/bin/cmake --build /home/ros2mc/ros2_ws/build/px4_msgs -- -j6 -l6
[4.046s] DEBUG:colcon.colcon_core.event_handler.log_command:Invoked command in '/home/ros2mc/ros2_ws/src/kari_UAV_siyi' returned '0': PYTHONPATH=/home/ros2mc/ros2_ws/build/kari_UAV_siyi/prefix_override:/usr/lib/python3/dist-packages/colcon_core/task/python/colcon_distutils_commands:/home/ros2mc/ros2_ws/install/kari_UAV_siyi/lib/python3.10/site-packages:${PYTHONPATH} /usr/bin/python3 -W ignore:setup.py install is deprecated setup.py egg_info --egg-base ../../build/kari_UAV_siyi build --build-base /home/ros2mc/ros2_ws/build/kari_UAV_siyi/build install --record /home/ros2mc/ros2_ws/build/kari_UAV_siyi/install.log --single-version-externally-managed install_data
[4.154s] Level 1:colcon.colcon_core.environment:create_environment_scripts_only(kari-drone-system)
[4.155s] Level 1:colcon.colcon_core.environment:checking '/home/ros2mc/ros2_ws/install/kari-drone-system' for CMake module files
[4.156s] Level 1:colcon.colcon_core.environment:checking '/home/ros2mc/ros2_ws/install/kari-drone-system' for CMake config files
[4.580s] DEBUG:colcon.colcon_core.event_handler.log_command:Invoked command in '/home/ros2mc/ros2_ws/build/kari-drone-system' returned '0': CMAKE_PREFIX_PATH=${CMAKE_PREFIX_PATH}:/opt/ros/humble /usr/bin/cmake --install /home/ros2mc/ros2_ws/build/kari-drone-system
[4.623s] Level 1:colcon.colcon_core.shell:create_environment_hook('kari-drone-system', 'cmake_prefix_path')
[4.624s] INFO:colcon.colcon_core.shell:Creating environment hook '/home/ros2mc/ros2_ws/install/kari-drone-system/share/kari-drone-system/hook/cmake_prefix_path.ps1'
[4.626s] INFO:colcon.colcon_core.shell:Creating environment descriptor '/home/ros2mc/ros2_ws/install/kari-drone-system/share/kari-drone-system/hook/cmake_prefix_path.dsv'
[4.627s] INFO:colcon.colcon_core.shell:Creating environment hook '/home/ros2mc/ros2_ws/install/kari-drone-system/share/kari-drone-system/hook/cmake_prefix_path.sh'
[4.629s] Level 1:colcon.colcon_core.environment:checking '/home/ros2mc/ros2_ws/install/kari-drone-system/bin'
[4.629s] Level 1:colcon.colcon_core.environment:checking '/home/ros2mc/ros2_ws/install/kari-drone-system/lib/pkgconfig/kari-drone-system.pc'
[4.630s] Level 1:colcon.colcon_core.environment:checking '/home/ros2mc/ros2_ws/install/kari-drone-system/lib/python3.10/site-packages'
[4.630s] Level 1:colcon.colcon_core.environment:checking '/home/ros2mc/ros2_ws/install/kari-drone-system/bin'
[4.631s] INFO:colcon.colcon_core.shell:Creating package script '/home/ros2mc/ros2_ws/install/kari-drone-system/share/kari-drone-system/package.ps1'
[4.632s] INFO:colcon.colcon_core.shell:Creating package descriptor '/home/ros2mc/ros2_ws/install/kari-drone-system/share/kari-drone-system/package.dsv'
[4.633s] INFO:colcon.colcon_core.shell:Creating package script '/home/ros2mc/ros2_ws/install/kari-drone-system/share/kari-drone-system/package.sh'
[4.634s] INFO:colcon.colcon_core.shell:Creating package script '/home/ros2mc/ros2_ws/install/kari-drone-system/share/kari-drone-system/package.bash'
[4.635s] INFO:colcon.colcon_core.shell:Creating package script '/home/ros2mc/ros2_ws/install/kari-drone-system/share/kari-drone-system/package.zsh'
[4.635s] Level 1:colcon.colcon_core.environment:create_file_with_runtime_dependencies(/home/ros2mc/ros2_ws/install/kari-drone-system/share/colcon-core/packages/kari-drone-system)
[4.678s] Level 1:colcon.colcon_core.environment:create_environment_scripts_only(kari-drone-system)
[4.679s] Level 1:colcon.colcon_core.environment:checking '/home/ros2mc/ros2_ws/install/kari-drone-system' for CMake module files
[4.681s] Level 1:colcon.colcon_core.environment:checking '/home/ros2mc/ros2_ws/install/kari-drone-system' for CMake config files
[4.781s] Level 1:colcon.colcon_core.shell:create_environment_hook('kari-drone-system', 'cmake_prefix_path')
[4.782s] INFO:colcon.colcon_core.shell:Creating environment hook '/home/ros2mc/ros2_ws/install/kari-drone-system/share/kari-drone-system/hook/cmake_prefix_path.ps1'
[4.783s] INFO:colcon.colcon_core.shell:Creating environment descriptor '/home/ros2mc/ros2_ws/install/kari-drone-system/share/kari-drone-system/hook/cmake_prefix_path.dsv'
[4.784s] INFO:colcon.colcon_core.shell:Creating environment hook '/home/ros2mc/ros2_ws/install/kari-drone-system/share/kari-drone-system/hook/cmake_prefix_path.sh'
[4.786s] Level 1:colcon.colcon_core.environment:checking '/home/ros2mc/ros2_ws/install/kari-drone-system/bin'
[4.786s] Level 1:colcon.colcon_core.environment:checking '/home/ros2mc/ros2_ws/install/kari-drone-system/lib/pkgconfig/kari-drone-system.pc'
[4.786s] Level 1:colcon.colcon_core.environment:checking '/home/ros2mc/ros2_ws/install/kari-drone-system/lib/python3.10/site-packages'
[4.787s] Level 1:colcon.colcon_core.environment:checking '/home/ros2mc/ros2_ws/install/kari-drone-system/bin'
[4.788s] INFO:colcon.colcon_core.shell:Creating package script '/home/ros2mc/ros2_ws/install/kari-drone-system/share/kari-drone-system/package.ps1'
[4.790s] INFO:colcon.colcon_core.shell:Creating package descriptor '/home/ros2mc/ros2_ws/install/kari-drone-system/share/kari-drone-system/package.dsv'
[4.791s] INFO:colcon.colcon_core.shell:Creating package script '/home/ros2mc/ros2_ws/install/kari-drone-system/share/kari-drone-system/package.sh'
[4.793s] INFO:colcon.colcon_core.shell:Creating package script '/home/ros2mc/ros2_ws/install/kari-drone-system/share/kari-drone-system/package.bash'
[4.794s] INFO:colcon.colcon_core.shell:Creating package script '/home/ros2mc/ros2_ws/install/kari-drone-system/share/kari-drone-system/package.zsh'
[4.795s] Level 1:colcon.colcon_core.environment:create_file_with_runtime_dependencies(/home/ros2mc/ros2_ws/install/kari-drone-system/share/colcon-core/packages/kari-drone-system)
[9.809s] DEBUG:colcon.colcon_core.event_handler.log_command:Invoking command in '/home/ros2mc/ros2_ws/build/px4_msgs': CMAKE_PREFIX_PATH=${CMAKE_PREFIX_PATH}:/opt/ros/humble /usr/bin/cmake --install /home/ros2mc/ros2_ws/build/px4_msgs
[10.416s] Level 1:colcon.colcon_core.environment:create_environment_scripts_only(px4_msgs)
[10.417s] Level 1:colcon.colcon_core.environment:checking '/home/ros2mc/ros2_ws/install/px4_msgs' for CMake module files
[10.418s] DEBUG:colcon.colcon_core.event_handler.log_command:Invoked command in '/home/ros2mc/ros2_ws/build/px4_msgs' returned '0': CMAKE_PREFIX_PATH=${CMAKE_PREFIX_PATH}:/opt/ros/humble /usr/bin/cmake --install /home/ros2mc/ros2_ws/build/px4_msgs
[10.419s] Level 1:colcon.colcon_core.environment:checking '/home/ros2mc/ros2_ws/install/px4_msgs' for CMake config files
[10.428s] Level 1:colcon.colcon_core.shell:create_environment_hook('px4_msgs', 'cmake_prefix_path')
[10.428s] INFO:colcon.colcon_core.shell:Creating environment hook '/home/ros2mc/ros2_ws/install/px4_msgs/share/px4_msgs/hook/cmake_prefix_path.ps1'
[10.430s] INFO:colcon.colcon_core.shell:Creating environment descriptor '/home/ros2mc/ros2_ws/install/px4_msgs/share/px4_msgs/hook/cmake_prefix_path.dsv'
[10.431s] INFO:colcon.colcon_core.shell:Creating environment hook '/home/ros2mc/ros2_ws/install/px4_msgs/share/px4_msgs/hook/cmake_prefix_path.sh'
[10.432s] Level 1:colcon.colcon_core.environment:checking '/home/ros2mc/ros2_ws/install/px4_msgs/lib'
[10.433s] Level 1:colcon.colcon_core.shell:create_environment_hook('px4_msgs', 'ld_library_path_lib')
[10.433s] INFO:colcon.colcon_core.shell:Creating environment hook '/home/ros2mc/ros2_ws/install/px4_msgs/share/px4_msgs/hook/ld_library_path_lib.ps1'
[10.434s] INFO:colcon.colcon_core.shell:Creating environment descriptor '/home/ros2mc/ros2_ws/install/px4_msgs/share/px4_msgs/hook/ld_library_path_lib.dsv'
[10.435s] INFO:colcon.colcon_core.shell:Creating environment hook '/home/ros2mc/ros2_ws/install/px4_msgs/share/px4_msgs/hook/ld_library_path_lib.sh'
[10.436s] Level 1:colcon.colcon_core.environment:checking '/home/ros2mc/ros2_ws/install/px4_msgs/bin'
[10.436s] Level 1:colcon.colcon_core.environment:checking '/home/ros2mc/ros2_ws/install/px4_msgs/lib/pkgconfig/px4_msgs.pc'
[10.436s] Level 1:colcon.colcon_core.environment:checking '/home/ros2mc/ros2_ws/install/px4_msgs/lib/python3.10/site-packages'
[10.437s] Level 1:colcon.colcon_core.environment:checking '/home/ros2mc/ros2_ws/install/px4_msgs/bin'
[10.437s] INFO:colcon.colcon_core.shell:Creating package script '/home/ros2mc/ros2_ws/install/px4_msgs/share/px4_msgs/package.ps1'
[10.438s] INFO:colcon.colcon_core.shell:Creating package descriptor '/home/ros2mc/ros2_ws/install/px4_msgs/share/px4_msgs/package.dsv'
[10.439s] INFO:colcon.colcon_core.shell:Creating package script '/home/ros2mc/ros2_ws/install/px4_msgs/share/px4_msgs/package.sh'
[10.440s] INFO:colcon.colcon_core.shell:Creating package script '/home/ros2mc/ros2_ws/install/px4_msgs/share/px4_msgs/package.bash'
[10.441s] INFO:colcon.colcon_core.shell:Creating package script '/home/ros2mc/ros2_ws/install/px4_msgs/share/px4_msgs/package.zsh'
[10.442s] Level 1:colcon.colcon_core.environment:create_file_with_runtime_dependencies(/home/ros2mc/ros2_ws/install/px4_msgs/share/colcon-core/packages/px4_msgs)
[16.672s] Level 1:colcon.colcon_core.environment:create_environment_scripts_only(px4_msgs)
[16.673s] Level 1:colcon.colcon_core.environment:checking '/home/ros2mc/ros2_ws/install/px4_msgs' for CMake module files
[16.674s] Level 1:colcon.colcon_core.environment:checking '/home/ros2mc/ros2_ws/install/px4_msgs' for CMake config files
[16.682s] Level 1:colcon.colcon_core.shell:create_environment_hook('px4_msgs', 'cmake_prefix_path')
[16.683s] INFO:colcon.colcon_core.shell:Creating environment hook '/home/ros2mc/ros2_ws/install/px4_msgs/share/px4_msgs/hook/cmake_prefix_path.ps1'
[16.685s] INFO:colcon.colcon_core.shell:Creating environment descriptor '/home/ros2mc/ros2_ws/install/px4_msgs/share/px4_msgs/hook/cmake_prefix_path.dsv'
[16.685s] INFO:colcon.colcon_core.shell:Creating environment hook '/home/ros2mc/ros2_ws/install/px4_msgs/share/px4_msgs/hook/cmake_prefix_path.sh'
[16.687s] Level 1:colcon.colcon_core.environment:checking '/home/ros2mc/ros2_ws/install/px4_msgs/lib'
[16.687s] Level 1:colcon.colcon_core.shell:create_environment_hook('px4_msgs', 'ld_library_path_lib')
[16.687s] INFO:colcon.colcon_core.shell:Creating environment hook '/home/ros2mc/ros2_ws/install/px4_msgs/share/px4_msgs/hook/ld_library_path_lib.ps1'
[16.689s] INFO:colcon.colcon_core.shell:Creating environment descriptor '/home/ros2mc/ros2_ws/install/px4_msgs/share/px4_msgs/hook/ld_library_path_lib.dsv'
[16.689s] INFO:colcon.colcon_core.shell:Creating environment hook '/home/ros2mc/ros2_ws/install/px4_msgs/share/px4_msgs/hook/ld_library_path_lib.sh'
[16.690s] Level 1:colcon.colcon_core.environment:checking '/home/ros2mc/ros2_ws/install/px4_msgs/bin'
[16.690s] Level 1:colcon.colcon_core.environment:checking '/home/ros2mc/ros2_ws/install/px4_msgs/lib/pkgconfig/px4_msgs.pc'
[16.691s] Level 1:colcon.colcon_core.environment:checking '/home/ros2mc/ros2_ws/install/px4_msgs/lib/python3.10/site-packages'
[16.691s] Level 1:colcon.colcon_core.environment:checking '/home/ros2mc/ros2_ws/install/px4_msgs/bin'
[16.692s] INFO:colcon.colcon_core.shell:Creating package script '/home/ros2mc/ros2_ws/install/px4_msgs/share/px4_msgs/package.ps1'
[16.693s] INFO:colcon.colcon_core.shell:Creating package descriptor '/home/ros2mc/ros2_ws/install/px4_msgs/share/px4_msgs/package.dsv'
[16.695s] INFO:colcon.colcon_core.shell:Creating package script '/home/ros2mc/ros2_ws/install/px4_msgs/share/px4_msgs/package.sh'
[16.696s] INFO:colcon.colcon_core.shell:Creating package script '/home/ros2mc/ros2_ws/install/px4_msgs/share/px4_msgs/package.bash'
[16.697s] INFO:colcon.colcon_core.shell:Creating package script '/home/ros2mc/ros2_ws/install/px4_msgs/share/px4_msgs/package.zsh'
[16.697s] Level 1:colcon.colcon_core.environment:create_file_with_runtime_dependencies(/home/ros2mc/ros2_ws/install/px4_msgs/share/colcon-core/packages/px4_msgs)
[16.698s] DEBUG:colcon.colcon_parallel_executor.executor.parallel:closing loop
[16.699s] DEBUG:colcon.colcon_parallel_executor.executor.parallel:loop closed
[16.699s] DEBUG:colcon.colcon_parallel_executor.executor.parallel:run_until_complete finished with '0'
[16.699s] DEBUG:colcon.colcon_core.event_reactor:joining thread
[16.712s] INFO:colcon.colcon_core.plugin_system:Skipping extension 'colcon_notification.desktop_notification.terminal_notifier': Not used on non-Darwin systems
[16.713s] INFO:colcon.colcon_core.plugin_system:Skipping extension 'colcon_notification.desktop_notification.win32': Not used on non-Windows systems
[16.713s] INFO:colcon.colcon_notification.desktop_notification:Sending desktop notification using 'notify2'
[16.751s] DEBUG:colcon.colcon_core.event_reactor:joined thread
[16.752s] INFO:colcon.colcon_core.shell:Creating prefix script '/home/ros2mc/ros2_ws/install/local_setup.ps1'
[16.755s] INFO:colcon.colcon_core.shell:Creating prefix util module '/home/ros2mc/ros2_ws/install/_local_setup_util_ps1.py'
[16.758s] INFO:colcon.colcon_core.shell:Creating prefix chain script '/home/ros2mc/ros2_ws/install/setup.ps1'
[16.761s] INFO:colcon.colcon_core.shell:Creating prefix script '/home/ros2mc/ros2_ws/install/local_setup.sh'
[16.763s] INFO:colcon.colcon_core.shell:Creating prefix util module '/home/ros2mc/ros2_ws/install/_local_setup_util_sh.py'
[16.765s] INFO:colcon.colcon_core.shell:Creating prefix chain script '/home/ros2mc/ros2_ws/install/setup.sh'
[16.768s] INFO:colcon.colcon_core.shell:Creating prefix script '/home/ros2mc/ros2_ws/install/local_setup.bash'
[16.770s] INFO:colcon.colcon_core.shell:Creating prefix chain script '/home/ros2mc/ros2_ws/install/setup.bash'
[16.773s] INFO:colcon.colcon_core.shell:Creating prefix script '/home/ros2mc/ros2_ws/install/local_setup.zsh'
[16.775s] INFO:colcon.colcon_core.shell:Creating prefix chain script '/home/ros2mc/ros2_ws/install/setup.zsh'
