running egg_info
creating ../../build/kari_UAV_siyi/kari_UAV_siyi.egg-info
writing ../../build/kari_UAV_siyi/kari_UAV_siyi.egg-info/PKG-INFO
writing dependency_links to ../../build/kari_UAV_siyi/kari_UAV_siyi.egg-info/dependency_links.txt
writing entry points to ../../build/kari_UAV_siyi/kari_UAV_siyi.egg-info/entry_points.txt
writing requirements to ../../build/kari_UAV_siyi/kari_UAV_siyi.egg-info/requires.txt
writing top-level names to ../../build/kari_UAV_siyi/kari_UAV_siyi.egg-info/top_level.txt
writing manifest file '../../build/kari_UAV_siyi/kari_UAV_siyi.egg-info/SOURCES.txt'
reading manifest file '../../build/kari_UAV_siyi/kari_UAV_siyi.egg-info/SOURCES.txt'
writing manifest file '../../build/kari_UAV_siyi/kari_UAV_siyi.egg-info/SOURCES.txt'
running build
running build_py
creating /home/ros2mc/ros2_ws/build/kari_UAV_siyi/build
creating /home/ros2mc/ros2_ws/build/kari_UAV_siyi/build/lib
creating /home/ros2mc/ros2_ws/build/kari_UAV_siyi/build/lib/kari_UAV_siyi
copying kari_UAV_siyi/UAV_siyi_control.py -> /home/ros2mc/ros2_ws/build/kari_UAV_siyi/build/lib/kari_UAV_siyi
copying kari_UAV_siyi/UAV_siyi_stream.py -> /home/ros2mc/ros2_ws/build/kari_UAV_siyi/build/lib/kari_UAV_siyi
copying kari_UAV_siyi/__init__.py -> /home/ros2mc/ros2_ws/build/kari_UAV_siyi/build/lib/kari_UAV_siyi
creating /home/ros2mc/ros2_ws/build/kari_UAV_siyi/build/lib/siyi_sdk
copying siyi_sdk/siyi_sdk.py -> /home/ros2mc/ros2_ws/build/kari_UAV_siyi/build/lib/siyi_sdk
copying siyi_sdk/siyi_message.py -> /home/ros2mc/ros2_ws/build/kari_UAV_siyi/build/lib/siyi_sdk
copying siyi_sdk/utils.py -> /home/ros2mc/ros2_ws/build/kari_UAV_siyi/build/lib/siyi_sdk
copying siyi_sdk/__init__.py -> /home/ros2mc/ros2_ws/build/kari_UAV_siyi/build/lib/siyi_sdk
copying siyi_sdk/crc16_python.py -> /home/ros2mc/ros2_ws/build/kari_UAV_siyi/build/lib/siyi_sdk
copying siyi_sdk/stream.py -> /home/ros2mc/ros2_ws/build/kari_UAV_siyi/build/lib/siyi_sdk
creating /home/ros2mc/ros2_ws/build/kari_UAV_siyi/build/lib/siyi_sdk/tests
copying siyi_sdk/tests/test_get_gimbal_info.py -> /home/ros2mc/ros2_ws/build/kari_UAV_siyi/build/lib/siyi_sdk/tests
copying siyi_sdk/tests/test_record_video.py -> /home/ros2mc/ros2_ws/build/kari_UAV_siyi/build/lib/siyi_sdk/tests
copying siyi_sdk/tests/test_from_rtsp_to_rtmp.py -> /home/ros2mc/ros2_ws/build/kari_UAV_siyi/build/lib/siyi_sdk/tests
copying siyi_sdk/tests/test_get_fw_ver.py -> /home/ros2mc/ros2_ws/build/kari_UAV_siyi/build/lib/siyi_sdk/tests
copying siyi_sdk/tests/test_center_gimbal.py -> /home/ros2mc/ros2_ws/build/kari_UAV_siyi/build/lib/siyi_sdk/tests
copying siyi_sdk/tests/test_follow_mode.py -> /home/ros2mc/ros2_ws/build/kari_UAV_siyi/build/lib/siyi_sdk/tests
copying siyi_sdk/tests/udp_server.py -> /home/ros2mc/ros2_ws/build/kari_UAV_siyi/build/lib/siyi_sdk/tests
copying siyi_sdk/tests/test_fpv_mode.py -> /home/ros2mc/ros2_ws/build/kari_UAV_siyi/build/lib/siyi_sdk/tests
copying siyi_sdk/tests/test_get_hw_id.py -> /home/ros2mc/ros2_ws/build/kari_UAV_siyi/build/lib/siyi_sdk/tests
copying siyi_sdk/tests/__init__.py -> /home/ros2mc/ros2_ws/build/kari_UAV_siyi/build/lib/siyi_sdk/tests
copying siyi_sdk/tests/test_gimbal_rotation.py -> /home/ros2mc/ros2_ws/build/kari_UAV_siyi/build/lib/siyi_sdk/tests
copying siyi_sdk/tests/test_lock_mode.py -> /home/ros2mc/ros2_ws/build/kari_UAV_siyi/build/lib/siyi_sdk/tests
copying siyi_sdk/tests/test_zoom.py -> /home/ros2mc/ros2_ws/build/kari_UAV_siyi/build/lib/siyi_sdk/tests
copying siyi_sdk/tests/test_rtmp_stream.py -> /home/ros2mc/ros2_ws/build/kari_UAV_siyi/build/lib/siyi_sdk/tests
copying siyi_sdk/tests/test_rtsp.py -> /home/ros2mc/ros2_ws/build/kari_UAV_siyi/build/lib/siyi_sdk/tests
running install
running install_lib
creating /home/ros2mc/ros2_ws/install/kari_UAV_siyi/lib/python3.10/site-packages/kari_UAV_siyi
copying /home/ros2mc/ros2_ws/build/kari_UAV_siyi/build/lib/kari_UAV_siyi/UAV_siyi_control.py -> /home/ros2mc/ros2_ws/install/kari_UAV_siyi/lib/python3.10/site-packages/kari_UAV_siyi
copying /home/ros2mc/ros2_ws/build/kari_UAV_siyi/build/lib/kari_UAV_siyi/UAV_siyi_stream.py -> /home/ros2mc/ros2_ws/install/kari_UAV_siyi/lib/python3.10/site-packages/kari_UAV_siyi
copying /home/ros2mc/ros2_ws/build/kari_UAV_siyi/build/lib/kari_UAV_siyi/__init__.py -> /home/ros2mc/ros2_ws/install/kari_UAV_siyi/lib/python3.10/site-packages/kari_UAV_siyi
creating /home/ros2mc/ros2_ws/install/kari_UAV_siyi/lib/python3.10/site-packages/siyi_sdk
copying /home/ros2mc/ros2_ws/build/kari_UAV_siyi/build/lib/siyi_sdk/siyi_sdk.py -> /home/ros2mc/ros2_ws/install/kari_UAV_siyi/lib/python3.10/site-packages/siyi_sdk
copying /home/ros2mc/ros2_ws/build/kari_UAV_siyi/build/lib/siyi_sdk/siyi_message.py -> /home/ros2mc/ros2_ws/install/kari_UAV_siyi/lib/python3.10/site-packages/siyi_sdk
copying /home/ros2mc/ros2_ws/build/kari_UAV_siyi/build/lib/siyi_sdk/utils.py -> /home/ros2mc/ros2_ws/install/kari_UAV_siyi/lib/python3.10/site-packages/siyi_sdk
copying /home/ros2mc/ros2_ws/build/kari_UAV_siyi/build/lib/siyi_sdk/__init__.py -> /home/ros2mc/ros2_ws/install/kari_UAV_siyi/lib/python3.10/site-packages/siyi_sdk
creating /home/ros2mc/ros2_ws/install/kari_UAV_siyi/lib/python3.10/site-packages/siyi_sdk/tests
copying /home/ros2mc/ros2_ws/build/kari_UAV_siyi/build/lib/siyi_sdk/tests/test_get_gimbal_info.py -> /home/ros2mc/ros2_ws/install/kari_UAV_siyi/lib/python3.10/site-packages/siyi_sdk/tests
copying /home/ros2mc/ros2_ws/build/kari_UAV_siyi/build/lib/siyi_sdk/tests/test_record_video.py -> /home/ros2mc/ros2_ws/install/kari_UAV_siyi/lib/python3.10/site-packages/siyi_sdk/tests
copying /home/ros2mc/ros2_ws/build/kari_UAV_siyi/build/lib/siyi_sdk/tests/test_from_rtsp_to_rtmp.py -> /home/ros2mc/ros2_ws/install/kari_UAV_siyi/lib/python3.10/site-packages/siyi_sdk/tests
copying /home/ros2mc/ros2_ws/build/kari_UAV_siyi/build/lib/siyi_sdk/tests/test_get_fw_ver.py -> /home/ros2mc/ros2_ws/install/kari_UAV_siyi/lib/python3.10/site-packages/siyi_sdk/tests
copying /home/ros2mc/ros2_ws/build/kari_UAV_siyi/build/lib/siyi_sdk/tests/test_center_gimbal.py -> /home/ros2mc/ros2_ws/install/kari_UAV_siyi/lib/python3.10/site-packages/siyi_sdk/tests
copying /home/ros2mc/ros2_ws/build/kari_UAV_siyi/build/lib/siyi_sdk/tests/test_follow_mode.py -> /home/ros2mc/ros2_ws/install/kari_UAV_siyi/lib/python3.10/site-packages/siyi_sdk/tests
copying /home/ros2mc/ros2_ws/build/kari_UAV_siyi/build/lib/siyi_sdk/tests/udp_server.py -> /home/ros2mc/ros2_ws/install/kari_UAV_siyi/lib/python3.10/site-packages/siyi_sdk/tests
copying /home/ros2mc/ros2_ws/build/kari_UAV_siyi/build/lib/siyi_sdk/tests/test_fpv_mode.py -> /home/ros2mc/ros2_ws/install/kari_UAV_siyi/lib/python3.10/site-packages/siyi_sdk/tests
copying /home/ros2mc/ros2_ws/build/kari_UAV_siyi/build/lib/siyi_sdk/tests/test_get_hw_id.py -> /home/ros2mc/ros2_ws/install/kari_UAV_siyi/lib/python3.10/site-packages/siyi_sdk/tests
copying /home/ros2mc/ros2_ws/build/kari_UAV_siyi/build/lib/siyi_sdk/tests/__init__.py -> /home/ros2mc/ros2_ws/install/kari_UAV_siyi/lib/python3.10/site-packages/siyi_sdk/tests
copying /home/ros2mc/ros2_ws/build/kari_UAV_siyi/build/lib/siyi_sdk/tests/test_gimbal_rotation.py -> /home/ros2mc/ros2_ws/install/kari_UAV_siyi/lib/python3.10/site-packages/siyi_sdk/tests
copying /home/ros2mc/ros2_ws/build/kari_UAV_siyi/build/lib/siyi_sdk/tests/test_lock_mode.py -> /home/ros2mc/ros2_ws/install/kari_UAV_siyi/lib/python3.10/site-packages/siyi_sdk/tests
copying /home/ros2mc/ros2_ws/build/kari_UAV_siyi/build/lib/siyi_sdk/tests/test_zoom.py -> /home/ros2mc/ros2_ws/install/kari_UAV_siyi/lib/python3.10/site-packages/siyi_sdk/tests
copying /home/ros2mc/ros2_ws/build/kari_UAV_siyi/build/lib/siyi_sdk/tests/test_rtmp_stream.py -> /home/ros2mc/ros2_ws/install/kari_UAV_siyi/lib/python3.10/site-packages/siyi_sdk/tests
copying /home/ros2mc/ros2_ws/build/kari_UAV_siyi/build/lib/siyi_sdk/tests/test_rtsp.py -> /home/ros2mc/ros2_ws/install/kari_UAV_siyi/lib/python3.10/site-packages/siyi_sdk/tests
copying /home/ros2mc/ros2_ws/build/kari_UAV_siyi/build/lib/siyi_sdk/crc16_python.py -> /home/ros2mc/ros2_ws/install/kari_UAV_siyi/lib/python3.10/site-packages/siyi_sdk
copying /home/ros2mc/ros2_ws/build/kari_UAV_siyi/build/lib/siyi_sdk/stream.py -> /home/ros2mc/ros2_ws/install/kari_UAV_siyi/lib/python3.10/site-packages/siyi_sdk
byte-compiling /home/ros2mc/ros2_ws/install/kari_UAV_siyi/lib/python3.10/site-packages/kari_UAV_siyi/UAV_siyi_control.py to UAV_siyi_control.cpython-310.pyc
byte-compiling /home/ros2mc/ros2_ws/install/kari_UAV_siyi/lib/python3.10/site-packages/kari_UAV_siyi/UAV_siyi_stream.py to UAV_siyi_stream.cpython-310.pyc
byte-compiling /home/ros2mc/ros2_ws/install/kari_UAV_siyi/lib/python3.10/site-packages/kari_UAV_siyi/__init__.py to __init__.cpython-310.pyc
byte-compiling /home/ros2mc/ros2_ws/install/kari_UAV_siyi/lib/python3.10/site-packages/siyi_sdk/siyi_sdk.py to siyi_sdk.cpython-310.pyc
byte-compiling /home/ros2mc/ros2_ws/install/kari_UAV_siyi/lib/python3.10/site-packages/siyi_sdk/siyi_message.py to siyi_message.cpython-310.pyc
byte-compiling /home/ros2mc/ros2_ws/install/kari_UAV_siyi/lib/python3.10/site-packages/siyi_sdk/utils.py to utils.cpython-310.pyc
byte-compiling /home/ros2mc/ros2_ws/install/kari_UAV_siyi/lib/python3.10/site-packages/siyi_sdk/__init__.py to __init__.cpython-310.pyc
byte-compiling /home/ros2mc/ros2_ws/install/kari_UAV_siyi/lib/python3.10/site-packages/siyi_sdk/tests/test_get_gimbal_info.py to test_get_gimbal_info.cpython-310.pyc
byte-compiling /home/ros2mc/ros2_ws/install/kari_UAV_siyi/lib/python3.10/site-packages/siyi_sdk/tests/test_record_video.py to test_record_video.cpython-310.pyc
byte-compiling /home/ros2mc/ros2_ws/install/kari_UAV_siyi/lib/python3.10/site-packages/siyi_sdk/tests/test_from_rtsp_to_rtmp.py to test_from_rtsp_to_rtmp.cpython-310.pyc
byte-compiling /home/ros2mc/ros2_ws/install/kari_UAV_siyi/lib/python3.10/site-packages/siyi_sdk/tests/test_get_fw_ver.py to test_get_fw_ver.cpython-310.pyc
byte-compiling /home/ros2mc/ros2_ws/install/kari_UAV_siyi/lib/python3.10/site-packages/siyi_sdk/tests/test_center_gimbal.py to test_center_gimbal.cpython-310.pyc
byte-compiling /home/ros2mc/ros2_ws/install/kari_UAV_siyi/lib/python3.10/site-packages/siyi_sdk/tests/test_follow_mode.py to test_follow_mode.cpython-310.pyc
byte-compiling /home/ros2mc/ros2_ws/install/kari_UAV_siyi/lib/python3.10/site-packages/siyi_sdk/tests/udp_server.py to udp_server.cpython-310.pyc
byte-compiling /home/ros2mc/ros2_ws/install/kari_UAV_siyi/lib/python3.10/site-packages/siyi_sdk/tests/test_fpv_mode.py to test_fpv_mode.cpython-310.pyc
byte-compiling /home/ros2mc/ros2_ws/install/kari_UAV_siyi/lib/python3.10/site-packages/siyi_sdk/tests/test_get_hw_id.py to test_get_hw_id.cpython-310.pyc
byte-compiling /home/ros2mc/ros2_ws/install/kari_UAV_siyi/lib/python3.10/site-packages/siyi_sdk/tests/__init__.py to __init__.cpython-310.pyc
byte-compiling /home/ros2mc/ros2_ws/install/kari_UAV_siyi/lib/python3.10/site-packages/siyi_sdk/tests/test_gimbal_rotation.py to test_gimbal_rotation.cpython-310.pyc
byte-compiling /home/ros2mc/ros2_ws/install/kari_UAV_siyi/lib/python3.10/site-packages/siyi_sdk/tests/test_lock_mode.py to test_lock_mode.cpython-310.pyc
byte-compiling /home/ros2mc/ros2_ws/install/kari_UAV_siyi/lib/python3.10/site-packages/siyi_sdk/tests/test_zoom.py to test_zoom.cpython-310.pyc
byte-compiling /home/ros2mc/ros2_ws/install/kari_UAV_siyi/lib/python3.10/site-packages/siyi_sdk/tests/test_rtmp_stream.py to test_rtmp_stream.cpython-310.pyc
byte-compiling /home/ros2mc/ros2_ws/install/kari_UAV_siyi/lib/python3.10/site-packages/siyi_sdk/tests/test_rtsp.py to test_rtsp.cpython-310.pyc
byte-compiling /home/ros2mc/ros2_ws/install/kari_UAV_siyi/lib/python3.10/site-packages/siyi_sdk/crc16_python.py to crc16_python.cpython-310.pyc
byte-compiling /home/ros2mc/ros2_ws/install/kari_UAV_siyi/lib/python3.10/site-packages/siyi_sdk/stream.py to stream.cpython-310.pyc
running install_data
creating /home/ros2mc/ros2_ws/install/kari_UAV_siyi/share/ament_index
creating /home/ros2mc/ros2_ws/install/kari_UAV_siyi/share/ament_index/resource_index
creating /home/ros2mc/ros2_ws/install/kari_UAV_siyi/share/ament_index/resource_index/packages
copying resource/kari_UAV_siyi -> /home/ros2mc/ros2_ws/install/kari_UAV_siyi/share/ament_index/resource_index/packages
copying package.xml -> /home/ros2mc/ros2_ws/install/kari_UAV_siyi/share/kari_UAV_siyi
running install_egg_info
Copying ../../build/kari_UAV_siyi/kari_UAV_siyi.egg-info to /home/ros2mc/ros2_ws/install/kari_UAV_siyi/lib/python3.10/site-packages/kari_UAV_siyi-0.0.0-py3.10.egg-info
running install_scripts
Installing siyi_control_node script to /home/ros2mc/ros2_ws/install/kari_UAV_siyi/lib/kari_UAV_siyi
Installing siyi_stream_node script to /home/ros2mc/ros2_ws/install/kari_UAV_siyi/lib/kari_UAV_siyi
writing list of installed files to '/home/ros2mc/ros2_ws/build/kari_UAV_siyi/install.log'
