/home/jetson/ros2_link_ws/install/kari_UAV_siyi/lib/python3.10/site-packages/kari_UAV_siyi/UAV_siyi_control.py
/home/jetson/ros2_link_ws/install/kari_UAV_siyi/lib/python3.10/site-packages/kari_UAV_siyi/UAV_siyi_stream.py
/home/jetson/ros2_link_ws/install/kari_UAV_siyi/lib/python3.10/site-packages/kari_UAV_siyi/__init__.py
/home/jetson/ros2_link_ws/install/kari_UAV_siyi/lib/python3.10/site-packages/siyi_sdk/siyi_sdk.py
/home/jetson/ros2_link_ws/install/kari_UAV_siyi/lib/python3.10/site-packages/siyi_sdk/siyi_message.py
/home/jetson/ros2_link_ws/install/kari_UAV_siyi/lib/python3.10/site-packages/siyi_sdk/utils.py
/home/jetson/ros2_link_ws/install/kari_UAV_siyi/lib/python3.10/site-packages/siyi_sdk/__init__.py
/home/jetson/ros2_link_ws/install/kari_UAV_siyi/lib/python3.10/site-packages/siyi_sdk/crc16_python.py
/home/jetson/ros2_link_ws/install/kari_UAV_siyi/lib/python3.10/site-packages/siyi_sdk/stream.py
/home/jetson/ros2_link_ws/install/kari_UAV_siyi/lib/python3.10/site-packages/siyi_sdk/tests/test_get_gimbal_info.py
/home/jetson/ros2_link_ws/install/kari_UAV_siyi/lib/python3.10/site-packages/siyi_sdk/tests/test_record_video.py
/home/jetson/ros2_link_ws/install/kari_UAV_siyi/lib/python3.10/site-packages/siyi_sdk/tests/test_from_rtsp_to_rtmp.py
/home/jetson/ros2_link_ws/install/kari_UAV_siyi/lib/python3.10/site-packages/siyi_sdk/tests/test_get_fw_ver.py
/home/jetson/ros2_link_ws/install/kari_UAV_siyi/lib/python3.10/site-packages/siyi_sdk/tests/test_center_gimbal.py
/home/jetson/ros2_link_ws/install/kari_UAV_siyi/lib/python3.10/site-packages/siyi_sdk/tests/test_follow_mode.py
/home/jetson/ros2_link_ws/install/kari_UAV_siyi/lib/python3.10/site-packages/siyi_sdk/tests/udp_server.py
/home/jetson/ros2_link_ws/install/kari_UAV_siyi/lib/python3.10/site-packages/siyi_sdk/tests/test_fpv_mode.py
/home/jetson/ros2_link_ws/install/kari_UAV_siyi/lib/python3.10/site-packages/siyi_sdk/tests/test_get_hw_id.py
/home/jetson/ros2_link_ws/install/kari_UAV_siyi/lib/python3.10/site-packages/siyi_sdk/tests/__init__.py
/home/jetson/ros2_link_ws/install/kari_UAV_siyi/lib/python3.10/site-packages/siyi_sdk/tests/test_gimbal_rotation.py
/home/jetson/ros2_link_ws/install/kari_UAV_siyi/lib/python3.10/site-packages/siyi_sdk/tests/test_lock_mode.py
/home/jetson/ros2_link_ws/install/kari_UAV_siyi/lib/python3.10/site-packages/siyi_sdk/tests/test_zoom.py
/home/jetson/ros2_link_ws/install/kari_UAV_siyi/lib/python3.10/site-packages/siyi_sdk/tests/test_rtmp_stream.py
/home/jetson/ros2_link_ws/install/kari_UAV_siyi/lib/python3.10/site-packages/siyi_sdk/tests/test_rtsp.py
/home/jetson/ros2_link_ws/install/kari_UAV_siyi/lib/python3.10/site-packages/kari_UAV_siyi/__pycache__/UAV_siyi_control.cpython-310.pyc
/home/jetson/ros2_link_ws/install/kari_UAV_siyi/lib/python3.10/site-packages/kari_UAV_siyi/__pycache__/UAV_siyi_stream.cpython-310.pyc
/home/jetson/ros2_link_ws/install/kari_UAV_siyi/lib/python3.10/site-packages/kari_UAV_siyi/__pycache__/__init__.cpython-310.pyc
/home/jetson/ros2_link_ws/install/kari_UAV_siyi/lib/python3.10/site-packages/siyi_sdk/__pycache__/siyi_sdk.cpython-310.pyc
/home/jetson/ros2_link_ws/install/kari_UAV_siyi/lib/python3.10/site-packages/siyi_sdk/__pycache__/siyi_message.cpython-310.pyc
/home/jetson/ros2_link_ws/install/kari_UAV_siyi/lib/python3.10/site-packages/siyi_sdk/__pycache__/utils.cpython-310.pyc
/home/jetson/ros2_link_ws/install/kari_UAV_siyi/lib/python3.10/site-packages/siyi_sdk/__pycache__/__init__.cpython-310.pyc
/home/jetson/ros2_link_ws/install/kari_UAV_siyi/lib/python3.10/site-packages/siyi_sdk/__pycache__/crc16_python.cpython-310.pyc
/home/jetson/ros2_link_ws/install/kari_UAV_siyi/lib/python3.10/site-packages/siyi_sdk/__pycache__/stream.cpython-310.pyc
/home/jetson/ros2_link_ws/install/kari_UAV_siyi/lib/python3.10/site-packages/siyi_sdk/tests/__pycache__/test_get_gimbal_info.cpython-310.pyc
/home/jetson/ros2_link_ws/install/kari_UAV_siyi/lib/python3.10/site-packages/siyi_sdk/tests/__pycache__/test_record_video.cpython-310.pyc
/home/jetson/ros2_link_ws/install/kari_UAV_siyi/lib/python3.10/site-packages/siyi_sdk/tests/__pycache__/test_from_rtsp_to_rtmp.cpython-310.pyc
/home/jetson/ros2_link_ws/install/kari_UAV_siyi/lib/python3.10/site-packages/siyi_sdk/tests/__pycache__/test_get_fw_ver.cpython-310.pyc
/home/jetson/ros2_link_ws/install/kari_UAV_siyi/lib/python3.10/site-packages/siyi_sdk/tests/__pycache__/test_center_gimbal.cpython-310.pyc
/home/jetson/ros2_link_ws/install/kari_UAV_siyi/lib/python3.10/site-packages/siyi_sdk/tests/__pycache__/test_follow_mode.cpython-310.pyc
/home/jetson/ros2_link_ws/install/kari_UAV_siyi/lib/python3.10/site-packages/siyi_sdk/tests/__pycache__/udp_server.cpython-310.pyc
/home/jetson/ros2_link_ws/install/kari_UAV_siyi/lib/python3.10/site-packages/siyi_sdk/tests/__pycache__/test_fpv_mode.cpython-310.pyc
/home/jetson/ros2_link_ws/install/kari_UAV_siyi/lib/python3.10/site-packages/siyi_sdk/tests/__pycache__/test_get_hw_id.cpython-310.pyc
/home/jetson/ros2_link_ws/install/kari_UAV_siyi/lib/python3.10/site-packages/siyi_sdk/tests/__pycache__/__init__.cpython-310.pyc
/home/jetson/ros2_link_ws/install/kari_UAV_siyi/lib/python3.10/site-packages/siyi_sdk/tests/__pycache__/test_gimbal_rotation.cpython-310.pyc
/home/jetson/ros2_link_ws/install/kari_UAV_siyi/lib/python3.10/site-packages/siyi_sdk/tests/__pycache__/test_lock_mode.cpython-310.pyc
/home/jetson/ros2_link_ws/install/kari_UAV_siyi/lib/python3.10/site-packages/siyi_sdk/tests/__pycache__/test_zoom.cpython-310.pyc
/home/jetson/ros2_link_ws/install/kari_UAV_siyi/lib/python3.10/site-packages/siyi_sdk/tests/__pycache__/test_rtmp_stream.cpython-310.pyc
/home/jetson/ros2_link_ws/install/kari_UAV_siyi/lib/python3.10/site-packages/siyi_sdk/tests/__pycache__/test_rtsp.cpython-310.pyc
/home/jetson/ros2_link_ws/install/kari_UAV_siyi/share/ament_index/resource_index/packages/kari_UAV_siyi
/home/jetson/ros2_link_ws/install/kari_UAV_siyi/share/kari_UAV_siyi/package.xml
/home/jetson/ros2_link_ws/install/kari_UAV_siyi/lib/python3.10/site-packages/kari_UAV_siyi-0.0.0-py3.10.egg-info/requires.txt
/home/jetson/ros2_link_ws/install/kari_UAV_siyi/lib/python3.10/site-packages/kari_UAV_siyi-0.0.0-py3.10.egg-info/entry_points.txt
/home/jetson/ros2_link_ws/install/kari_UAV_siyi/lib/python3.10/site-packages/kari_UAV_siyi-0.0.0-py3.10.egg-info/SOURCES.txt
/home/jetson/ros2_link_ws/install/kari_UAV_siyi/lib/python3.10/site-packages/kari_UAV_siyi-0.0.0-py3.10.egg-info/top_level.txt
/home/jetson/ros2_link_ws/install/kari_UAV_siyi/lib/python3.10/site-packages/kari_UAV_siyi-0.0.0-py3.10.egg-info/zip-safe
/home/jetson/ros2_link_ws/install/kari_UAV_siyi/lib/python3.10/site-packages/kari_UAV_siyi-0.0.0-py3.10.egg-info/dependency_links.txt
/home/jetson/ros2_link_ws/install/kari_UAV_siyi/lib/python3.10/site-packages/kari_UAV_siyi-0.0.0-py3.10.egg-info/PKG-INFO
/home/jetson/ros2_link_ws/install/kari_UAV_siyi/lib/kari_UAV_siyi/siyi_control_node
/home/jetson/ros2_link_ws/install/kari_UAV_siyi/lib/kari_UAV_siyi/siyi_stream_node
