[0.374s] DEBUG:colcon:Command line arguments: ['/usr/bin/colcon', 'build']
[0.375s] DEBUG:colcon:Parsed command line arguments: Namespace(log_base=None, log_level=None, verb_name='build', build_base='build', install_base='install', merge_install=False, symlink_install=False, test_result_base=None, continue_on_error=False, executor='parallel', parallel_workers=6, event_handlers=None, ignore_user_meta=False, metas=['./colcon.meta'], base_paths=['.'], packages_ignore=None, packages_ignore_regex=None, paths=None, packages_up_to=None, packages_up_to_regex=None, packages_above=None, packages_above_and_dependencies=None, packages_above_depth=None, packages_select_by_dep=None, packages_skip_by_dep=None, packages_skip_up_to=None, packages_select_build_failed=False, packages_skip_build_finished=False, packages_select_test_failures=False, packages_skip_test_passed=False, packages_select=None, packages_skip=None, packages_select_regex=None, packages_skip_regex=None, packages_start=None, packages_end=None, allow_overriding=[], cmake_args=None, cmake_target=None, cmake_target_skip_unavailable=False, cmake_clean_cache=False, cmake_clean_first=False, cmake_force_configure=False, ament_cmake_args=None, catkin_cmake_args=None, catkin_skip_building_tests=False, verb_parser=<colcon_defaults.argument_parser.defaults.DefaultArgumentsDecorator object at 0xffffa193c3d0>, verb_extension=<colcon_core.verb.build.BuildVerb object at 0xffffa190ff40>, main=<bound method BuildVerb.main of <colcon_core.verb.build.BuildVerb object at 0xffffa190ff40>>)
[0.794s] Level 1:colcon.colcon_core.package_discovery:discover_packages(colcon_meta) check parameters
[0.795s] Level 1:colcon.colcon_core.package_discovery:discover_packages(recursive) check parameters
[0.795s] Level 1:colcon.colcon_core.package_discovery:discover_packages(ignore) check parameters
[0.795s] Level 1:colcon.colcon_core.package_discovery:discover_packages(path) check parameters
[0.795s] Level 1:colcon.colcon_core.package_discovery:discover_packages(colcon_meta) discover
[0.795s] Level 1:colcon.colcon_core.package_discovery:discover_packages(recursive) discover
[0.795s] INFO:colcon.colcon_core.package_discovery:Crawling recursively for packages in '/home/ros2mc/ros2_link_ws'
[0.795s] Level 1:colcon.colcon_core.package_identification:_identify(.) by extensions ['ignore', 'ignore_ament_install']
[0.796s] Level 1:colcon.colcon_core.package_identification:_identify(.) by extension 'ignore'
[0.796s] Level 1:colcon.colcon_core.package_identification:_identify(.) by extension 'ignore_ament_install'
[0.796s] Level 1:colcon.colcon_core.package_identification:_identify(.) by extensions ['colcon_pkg']
[0.796s] Level 1:colcon.colcon_core.package_identification:_identify(.) by extension 'colcon_pkg'
[0.796s] Level 1:colcon.colcon_core.package_identification:_identify(.) by extensions ['colcon_meta']
[0.796s] Level 1:colcon.colcon_core.package_identification:_identify(.) by extension 'colcon_meta'
[0.796s] Level 1:colcon.colcon_core.package_identification:_identify(.) by extensions ['ros']
[0.796s] Level 1:colcon.colcon_core.package_identification:_identify(.) by extension 'ros'
[0.824s] Level 1:colcon.colcon_core.package_identification:_identify(.) by extensions ['cmake', 'python']
[0.824s] Level 1:colcon.colcon_core.package_identification:_identify(.) by extension 'cmake'
[0.824s] Level 1:colcon.colcon_core.package_identification:_identify(.) by extension 'python'
[0.824s] Level 1:colcon.colcon_core.package_identification:_identify(.) by extensions ['python_setup_py']
[0.824s] Level 1:colcon.colcon_core.package_identification:_identify(.) by extension 'python_setup_py'
[0.825s] Level 1:colcon.colcon_core.package_identification:_identify(build) by extensions ['ignore', 'ignore_ament_install']
[0.825s] Level 1:colcon.colcon_core.package_identification:_identify(build) by extension 'ignore'
[0.825s] Level 1:colcon.colcon_core.package_identification:_identify(build) ignored
[0.825s] Level 1:colcon.colcon_core.package_identification:_identify(install) by extensions ['ignore', 'ignore_ament_install']
[0.826s] Level 1:colcon.colcon_core.package_identification:_identify(install) by extension 'ignore'
[0.826s] Level 1:colcon.colcon_core.package_identification:_identify(install) ignored
[0.826s] Level 1:colcon.colcon_core.package_identification:_identify(log) by extensions ['ignore', 'ignore_ament_install']
[0.826s] Level 1:colcon.colcon_core.package_identification:_identify(log) by extension 'ignore'
[0.826s] Level 1:colcon.colcon_core.package_identification:_identify(log) ignored
[0.826s] Level 1:colcon.colcon_core.package_identification:_identify(src) by extensions ['ignore', 'ignore_ament_install']
[0.827s] Level 1:colcon.colcon_core.package_identification:_identify(src) by extension 'ignore'
[0.827s] Level 1:colcon.colcon_core.package_identification:_identify(src) by extension 'ignore_ament_install'
[0.827s] Level 1:colcon.colcon_core.package_identification:_identify(src) by extensions ['colcon_pkg']
[0.827s] Level 1:colcon.colcon_core.package_identification:_identify(src) by extension 'colcon_pkg'
[0.827s] Level 1:colcon.colcon_core.package_identification:_identify(src) by extensions ['colcon_meta']
[0.827s] Level 1:colcon.colcon_core.package_identification:_identify(src) by extension 'colcon_meta'
[0.827s] Level 1:colcon.colcon_core.package_identification:_identify(src) by extensions ['ros']
[0.827s] Level 1:colcon.colcon_core.package_identification:_identify(src) by extension 'ros'
[0.827s] Level 1:colcon.colcon_core.package_identification:_identify(src) by extensions ['cmake', 'python']
[0.828s] Level 1:colcon.colcon_core.package_identification:_identify(src) by extension 'cmake'
[0.828s] Level 1:colcon.colcon_core.package_identification:_identify(src) by extension 'python'
[0.828s] Level 1:colcon.colcon_core.package_identification:_identify(src) by extensions ['python_setup_py']
[0.828s] Level 1:colcon.colcon_core.package_identification:_identify(src) by extension 'python_setup_py'
[0.828s] Level 1:colcon.colcon_core.package_identification:_identify(src/kari_UAV_siyi) by extensions ['ignore', 'ignore_ament_install']
[0.828s] Level 1:colcon.colcon_core.package_identification:_identify(src/kari_UAV_siyi) by extension 'ignore'
[0.828s] Level 1:colcon.colcon_core.package_identification:_identify(src/kari_UAV_siyi) by extension 'ignore_ament_install'
[0.828s] Level 1:colcon.colcon_core.package_identification:_identify(src/kari_UAV_siyi) by extensions ['colcon_pkg']
[0.828s] Level 1:colcon.colcon_core.package_identification:_identify(src/kari_UAV_siyi) by extension 'colcon_pkg'
[0.829s] Level 1:colcon.colcon_core.package_identification:_identify(src/kari_UAV_siyi) by extensions ['colcon_meta']
[0.829s] Level 1:colcon.colcon_core.package_identification:_identify(src/kari_UAV_siyi) by extension 'colcon_meta'
[0.829s] Level 1:colcon.colcon_core.package_identification:_identify(src/kari_UAV_siyi) by extensions ['ros']
[0.829s] Level 1:colcon.colcon_core.package_identification:_identify(src/kari_UAV_siyi) by extension 'ros'
[0.835s] DEBUG:colcon.colcon_core.package_identification:Package 'src/kari_UAV_siyi' with type 'ros.ament_python' and name 'kari_UAV_siyi'
[0.835s] Level 1:colcon.colcon_core.package_identification:_identify(src/kari_drone_system) by extensions ['ignore', 'ignore_ament_install']
[0.835s] Level 1:colcon.colcon_core.package_identification:_identify(src/kari_drone_system) by extension 'ignore'
[0.835s] Level 1:colcon.colcon_core.package_identification:_identify(src/kari_drone_system) by extension 'ignore_ament_install'
[0.835s] Level 1:colcon.colcon_core.package_identification:_identify(src/kari_drone_system) by extensions ['colcon_pkg']
[0.836s] Level 1:colcon.colcon_core.package_identification:_identify(src/kari_drone_system) by extension 'colcon_pkg'
[0.836s] Level 1:colcon.colcon_core.package_identification:_identify(src/kari_drone_system) by extensions ['colcon_meta']
[0.836s] Level 1:colcon.colcon_core.package_identification:_identify(src/kari_drone_system) by extension 'colcon_meta'
[0.836s] Level 1:colcon.colcon_core.package_identification:_identify(src/kari_drone_system) by extensions ['ros']
[0.836s] Level 1:colcon.colcon_core.package_identification:_identify(src/kari_drone_system) by extension 'ros'
[0.837s] DEBUG:colcon.colcon_core.package_identification:Package 'src/kari_drone_system' with type 'ros.ament_cmake' and name 'kari_drone_system'
[0.838s] Level 1:colcon.colcon_core.package_identification:_identify(src/px4_msgs) by extensions ['ignore', 'ignore_ament_install']
[0.838s] Level 1:colcon.colcon_core.package_identification:_identify(src/px4_msgs) by extension 'ignore'
[0.838s] Level 1:colcon.colcon_core.package_identification:_identify(src/px4_msgs) by extension 'ignore_ament_install'
[0.838s] Level 1:colcon.colcon_core.package_identification:_identify(src/px4_msgs) by extensions ['colcon_pkg']
[0.838s] Level 1:colcon.colcon_core.package_identification:_identify(src/px4_msgs) by extension 'colcon_pkg'
[0.838s] Level 1:colcon.colcon_core.package_identification:_identify(src/px4_msgs) by extensions ['colcon_meta']
[0.838s] Level 1:colcon.colcon_core.package_identification:_identify(src/px4_msgs) by extension 'colcon_meta'
[0.838s] Level 1:colcon.colcon_core.package_identification:_identify(src/px4_msgs) by extensions ['ros']
[0.838s] Level 1:colcon.colcon_core.package_identification:_identify(src/px4_msgs) by extension 'ros'
[0.840s] DEBUG:colcon.colcon_core.package_identification:Package 'src/px4_msgs' with type 'ros.ament_cmake' and name 'px4_msgs'
[0.840s] Level 1:colcon.colcon_core.package_identification:_identify(src/run_uav) by extensions ['ignore', 'ignore_ament_install']
[0.841s] Level 1:colcon.colcon_core.package_identification:_identify(src/run_uav) by extension 'ignore'
[0.841s] Level 1:colcon.colcon_core.package_identification:_identify(src/run_uav) by extension 'ignore_ament_install'
[0.841s] Level 1:colcon.colcon_core.package_identification:_identify(src/run_uav) by extensions ['colcon_pkg']
[0.841s] Level 1:colcon.colcon_core.package_identification:_identify(src/run_uav) by extension 'colcon_pkg'
[0.841s] Level 1:colcon.colcon_core.package_identification:_identify(src/run_uav) by extensions ['colcon_meta']
[0.841s] Level 1:colcon.colcon_core.package_identification:_identify(src/run_uav) by extension 'colcon_meta'
[0.841s] Level 1:colcon.colcon_core.package_identification:_identify(src/run_uav) by extensions ['ros']
[0.841s] Level 1:colcon.colcon_core.package_identification:_identify(src/run_uav) by extension 'ros'
[0.843s] DEBUG:colcon.colcon_core.package_identification:Package 'src/run_uav' with type 'ros.ament_python' and name 'run_uav'
[0.843s] Level 1:colcon.colcon_core.package_discovery:discover_packages(recursive) using defaults
[0.843s] Level 1:colcon.colcon_core.package_discovery:discover_packages(ignore) discover
[0.843s] Level 1:colcon.colcon_core.package_discovery:discover_packages(ignore) using defaults
[0.843s] Level 1:colcon.colcon_core.package_discovery:discover_packages(path) discover
[0.843s] Level 1:colcon.colcon_core.package_discovery:discover_packages(path) using defaults
[0.900s] Level 1:colcon.colcon_core.package_discovery:discover_packages(prefix_path) check parameters
[0.901s] Level 1:colcon.colcon_core.package_discovery:discover_packages(prefix_path) discover
[0.905s] WARNING:colcon.colcon_ros.prefix_path.ament:The path '/home/ros2mc/ros2_ws/install/kari-drone-system' in the environment variable AMENT_PREFIX_PATH doesn't exist
[0.905s] WARNING:colcon.colcon_ros.prefix_path.catkin:The path '/home/ros2mc/ros2_ws/install/kari-drone-system' in the environment variable CMAKE_PREFIX_PATH doesn't exist
[0.908s] DEBUG:colcon.colcon_installed_package_information.package_discovery:Found 4 installed packages in /home/ros2mc/ros2_ws/install
[0.909s] DEBUG:colcon.colcon_installed_package_information.package_discovery:Found 194 installed packages in /opt/ros/humble
[0.912s] Level 1:colcon.colcon_core.package_discovery:discover_packages(prefix_path) using defaults
[1.015s] Level 5:colcon.colcon_core.verb:set package 'kari_UAV_siyi' build argument 'cmake_args' from command line to 'None'
[1.015s] Level 5:colcon.colcon_core.verb:set package 'kari_UAV_siyi' build argument 'cmake_target' from command line to 'None'
[1.015s] Level 5:colcon.colcon_core.verb:set package 'kari_UAV_siyi' build argument 'cmake_target_skip_unavailable' from command line to 'False'
[1.015s] Level 5:colcon.colcon_core.verb:set package 'kari_UAV_siyi' build argument 'cmake_clean_cache' from command line to 'False'
[1.015s] Level 5:colcon.colcon_core.verb:set package 'kari_UAV_siyi' build argument 'cmake_clean_first' from command line to 'False'
[1.015s] Level 5:colcon.colcon_core.verb:set package 'kari_UAV_siyi' build argument 'cmake_force_configure' from command line to 'False'
[1.015s] Level 5:colcon.colcon_core.verb:set package 'kari_UAV_siyi' build argument 'ament_cmake_args' from command line to 'None'
[1.015s] Level 5:colcon.colcon_core.verb:set package 'kari_UAV_siyi' build argument 'catkin_cmake_args' from command line to 'None'
[1.015s] Level 5:colcon.colcon_core.verb:set package 'kari_UAV_siyi' build argument 'catkin_skip_building_tests' from command line to 'False'
[1.016s] DEBUG:colcon.colcon_core.verb:Building package 'kari_UAV_siyi' with the following arguments: {'ament_cmake_args': None, 'build_base': '/home/ros2mc/ros2_link_ws/build/kari_UAV_siyi', 'catkin_cmake_args': None, 'catkin_skip_building_tests': False, 'cmake_args': None, 'cmake_clean_cache': False, 'cmake_clean_first': False, 'cmake_force_configure': False, 'cmake_target': None, 'cmake_target_skip_unavailable': False, 'install_base': '/home/ros2mc/ros2_link_ws/install/kari_UAV_siyi', 'merge_install': False, 'path': '/home/ros2mc/ros2_link_ws/src/kari_UAV_siyi', 'symlink_install': False, 'test_result_base': None}
[1.016s] Level 5:colcon.colcon_core.verb:set package 'kari_drone_system' build argument 'cmake_args' from command line to 'None'
[1.016s] Level 5:colcon.colcon_core.verb:set package 'kari_drone_system' build argument 'cmake_target' from command line to 'None'
[1.017s] Level 5:colcon.colcon_core.verb:set package 'kari_drone_system' build argument 'cmake_target_skip_unavailable' from command line to 'False'
[1.017s] Level 5:colcon.colcon_core.verb:set package 'kari_drone_system' build argument 'cmake_clean_cache' from command line to 'False'
[1.017s] Level 5:colcon.colcon_core.verb:set package 'kari_drone_system' build argument 'cmake_clean_first' from command line to 'False'
[1.017s] Level 5:colcon.colcon_core.verb:set package 'kari_drone_system' build argument 'cmake_force_configure' from command line to 'False'
[1.017s] Level 5:colcon.colcon_core.verb:set package 'kari_drone_system' build argument 'ament_cmake_args' from command line to 'None'
[1.017s] Level 5:colcon.colcon_core.verb:set package 'kari_drone_system' build argument 'catkin_cmake_args' from command line to 'None'
[1.017s] Level 5:colcon.colcon_core.verb:set package 'kari_drone_system' build argument 'catkin_skip_building_tests' from command line to 'False'
[1.017s] DEBUG:colcon.colcon_core.verb:Building package 'kari_drone_system' with the following arguments: {'ament_cmake_args': None, 'build_base': '/home/ros2mc/ros2_link_ws/build/kari_drone_system', 'catkin_cmake_args': None, 'catkin_skip_building_tests': False, 'cmake_args': None, 'cmake_clean_cache': False, 'cmake_clean_first': False, 'cmake_force_configure': False, 'cmake_target': None, 'cmake_target_skip_unavailable': False, 'install_base': '/home/ros2mc/ros2_link_ws/install/kari_drone_system', 'merge_install': False, 'path': '/home/ros2mc/ros2_link_ws/src/kari_drone_system', 'symlink_install': False, 'test_result_base': None}
[1.018s] Level 5:colcon.colcon_core.verb:set package 'px4_msgs' build argument 'cmake_args' from command line to 'None'
[1.018s] Level 5:colcon.colcon_core.verb:set package 'px4_msgs' build argument 'cmake_target' from command line to 'None'
[1.018s] Level 5:colcon.colcon_core.verb:set package 'px4_msgs' build argument 'cmake_target_skip_unavailable' from command line to 'False'
[1.018s] Level 5:colcon.colcon_core.verb:set package 'px4_msgs' build argument 'cmake_clean_cache' from command line to 'False'
[1.018s] Level 5:colcon.colcon_core.verb:set package 'px4_msgs' build argument 'cmake_clean_first' from command line to 'False'
[1.018s] Level 5:colcon.colcon_core.verb:set package 'px4_msgs' build argument 'cmake_force_configure' from command line to 'False'
[1.018s] Level 5:colcon.colcon_core.verb:set package 'px4_msgs' build argument 'ament_cmake_args' from command line to 'None'
[1.018s] Level 5:colcon.colcon_core.verb:set package 'px4_msgs' build argument 'catkin_cmake_args' from command line to 'None'
[1.018s] Level 5:colcon.colcon_core.verb:set package 'px4_msgs' build argument 'catkin_skip_building_tests' from command line to 'False'
[1.018s] DEBUG:colcon.colcon_core.verb:Building package 'px4_msgs' with the following arguments: {'ament_cmake_args': None, 'build_base': '/home/ros2mc/ros2_link_ws/build/px4_msgs', 'catkin_cmake_args': None, 'catkin_skip_building_tests': False, 'cmake_args': None, 'cmake_clean_cache': False, 'cmake_clean_first': False, 'cmake_force_configure': False, 'cmake_target': None, 'cmake_target_skip_unavailable': False, 'install_base': '/home/ros2mc/ros2_link_ws/install/px4_msgs', 'merge_install': False, 'path': '/home/ros2mc/ros2_link_ws/src/px4_msgs', 'symlink_install': False, 'test_result_base': None}
[1.019s] Level 5:colcon.colcon_core.verb:set package 'run_uav' build argument 'cmake_args' from command line to 'None'
[1.019s] Level 5:colcon.colcon_core.verb:set package 'run_uav' build argument 'cmake_target' from command line to 'None'
[1.019s] Level 5:colcon.colcon_core.verb:set package 'run_uav' build argument 'cmake_target_skip_unavailable' from command line to 'False'
[1.019s] Level 5:colcon.colcon_core.verb:set package 'run_uav' build argument 'cmake_clean_cache' from command line to 'False'
[1.019s] Level 5:colcon.colcon_core.verb:set package 'run_uav' build argument 'cmake_clean_first' from command line to 'False'
[1.019s] Level 5:colcon.colcon_core.verb:set package 'run_uav' build argument 'cmake_force_configure' from command line to 'False'
[1.019s] Level 5:colcon.colcon_core.verb:set package 'run_uav' build argument 'ament_cmake_args' from command line to 'None'
[1.019s] Level 5:colcon.colcon_core.verb:set package 'run_uav' build argument 'catkin_cmake_args' from command line to 'None'
[1.019s] Level 5:colcon.colcon_core.verb:set package 'run_uav' build argument 'catkin_skip_building_tests' from command line to 'False'
[1.020s] DEBUG:colcon.colcon_core.verb:Building package 'run_uav' with the following arguments: {'ament_cmake_args': None, 'build_base': '/home/ros2mc/ros2_link_ws/build/run_uav', 'catkin_cmake_args': None, 'catkin_skip_building_tests': False, 'cmake_args': None, 'cmake_clean_cache': False, 'cmake_clean_first': False, 'cmake_force_configure': False, 'cmake_target': None, 'cmake_target_skip_unavailable': False, 'install_base': '/home/ros2mc/ros2_link_ws/install/run_uav', 'merge_install': False, 'path': '/home/ros2mc/ros2_link_ws/src/run_uav', 'symlink_install': False, 'test_result_base': None}
[1.020s] INFO:colcon.colcon_core.executor:Executing jobs using 'parallel' executor
[1.022s] DEBUG:colcon.colcon_parallel_executor.executor.parallel:run_until_complete
[1.023s] INFO:colcon.colcon_ros.task.ament_python.build:Building ROS package in '/home/ros2mc/ros2_link_ws/src/kari_UAV_siyi' with build type 'ament_python'
[1.023s] Level 1:colcon.colcon_core.shell:create_environment_hook('kari_UAV_siyi', 'ament_prefix_path')
[1.033s] INFO:colcon.colcon_core.plugin_system:Skipping extension 'colcon_core.shell.bat': Not used on non-Windows systems
[1.034s] INFO:colcon.colcon_core.shell:Creating environment hook '/home/ros2mc/ros2_link_ws/install/kari_UAV_siyi/share/kari_UAV_siyi/hook/ament_prefix_path.ps1'
[1.036s] INFO:colcon.colcon_core.shell:Creating environment descriptor '/home/ros2mc/ros2_link_ws/install/kari_UAV_siyi/share/kari_UAV_siyi/hook/ament_prefix_path.dsv'
[1.037s] INFO:colcon.colcon_core.shell:Creating environment hook '/home/ros2mc/ros2_link_ws/install/kari_UAV_siyi/share/kari_UAV_siyi/hook/ament_prefix_path.sh'
[1.039s] INFO:colcon.colcon_core.shell:Skip shell extension 'powershell' for command environment: Not usable outside of PowerShell
[1.040s] DEBUG:colcon.colcon_core.shell:Skip shell extension 'dsv' for command environment
[1.057s] INFO:colcon.colcon_ros.task.ament_cmake.build:Building ROS package in '/home/ros2mc/ros2_link_ws/src/kari_drone_system' with build type 'ament_cmake'
[1.057s] INFO:colcon.colcon_cmake.task.cmake.build:Building CMake package in '/home/ros2mc/ros2_link_ws/src/kari_drone_system'
[1.058s] INFO:colcon.colcon_core.shell:Skip shell extension 'powershell' for command environment: Not usable outside of PowerShell
[1.058s] DEBUG:colcon.colcon_core.shell:Skip shell extension 'dsv' for command environment
[1.065s] INFO:colcon.colcon_ros.task.ament_cmake.build:Building ROS package in '/home/ros2mc/ros2_link_ws/src/px4_msgs' with build type 'ament_cmake'
[1.066s] INFO:colcon.colcon_cmake.task.cmake.build:Building CMake package in '/home/ros2mc/ros2_link_ws/src/px4_msgs'
[1.066s] INFO:colcon.colcon_core.shell:Skip shell extension 'powershell' for command environment: Not usable outside of PowerShell
[1.067s] DEBUG:colcon.colcon_core.shell:Skip shell extension 'dsv' for command environment
[1.075s] INFO:colcon.colcon_ros.task.ament_python.build:Building ROS package in '/home/ros2mc/ros2_link_ws/src/run_uav' with build type 'ament_python'
[1.076s] Level 1:colcon.colcon_core.shell:create_environment_hook('run_uav', 'ament_prefix_path')
[1.077s] INFO:colcon.colcon_core.shell:Creating environment hook '/home/ros2mc/ros2_link_ws/install/run_uav/share/run_uav/hook/ament_prefix_path.ps1'
[1.078s] INFO:colcon.colcon_core.shell:Creating environment descriptor '/home/ros2mc/ros2_link_ws/install/run_uav/share/run_uav/hook/ament_prefix_path.dsv'
[1.080s] INFO:colcon.colcon_core.shell:Creating environment hook '/home/ros2mc/ros2_link_ws/install/run_uav/share/run_uav/hook/ament_prefix_path.sh'
[1.081s] INFO:colcon.colcon_core.shell:Skip shell extension 'powershell' for command environment: Not usable outside of PowerShell
[1.081s] DEBUG:colcon.colcon_core.shell:Skip shell extension 'dsv' for command environment
[1.653s] INFO:colcon.colcon_core.task.python.build:Building Python package in '/home/ros2mc/ros2_link_ws/src/kari_UAV_siyi'
[1.654s] INFO:colcon.colcon_core.shell:Skip shell extension 'powershell' for command environment: Not usable outside of PowerShell
[1.654s] DEBUG:colcon.colcon_core.shell:Skip shell extension 'dsv' for command environment
[1.664s] DEBUG:colcon.colcon_core.event_handler.log_command:Invoking command in '/home/ros2mc/ros2_link_ws/build/kari_drone_system': CMAKE_PREFIX_PATH=${CMAKE_PREFIX_PATH}:/home/ros2mc/ros2_ws/install/kari_UAV_siyi:/opt/ros/humble /usr/bin/cmake /home/ros2mc/ros2_link_ws/src/kari_drone_system -DCMAKE_INSTALL_PREFIX=/home/ros2mc/ros2_link_ws/install/kari_drone_system
[1.677s] DEBUG:colcon.colcon_core.event_handler.log_command:Invoking command in '/home/ros2mc/ros2_link_ws/build/px4_msgs': CMAKE_PREFIX_PATH=${CMAKE_PREFIX_PATH}:/home/ros2mc/ros2_ws/install/kari_UAV_siyi:/opt/ros/humble /usr/bin/cmake --build /home/ros2mc/ros2_link_ws/build/px4_msgs -- -j6 -l6
[2.244s] INFO:colcon.colcon_core.task.python.build:Building Python package in '/home/ros2mc/ros2_link_ws/src/run_uav'
[2.245s] INFO:colcon.colcon_core.shell:Skip shell extension 'powershell' for command environment: Not usable outside of PowerShell
[2.245s] DEBUG:colcon.colcon_core.shell:Skip shell extension 'dsv' for command environment
[2.327s] DEBUG:colcon.colcon_core.event_handler.log_command:Invoked command in '/home/ros2mc/ros2_link_ws/build/px4_msgs' returned '2': CMAKE_PREFIX_PATH=${CMAKE_PREFIX_PATH}:/home/ros2mc/ros2_ws/install/kari_UAV_siyi:/opt/ros/humble /usr/bin/cmake --build /home/ros2mc/ros2_link_ws/build/px4_msgs -- -j6 -l6
[3.395s] DEBUG:colcon.colcon_core.event_handler.log_command:Invoking command in '/home/ros2mc/ros2_link_ws/src/run_uav': PYTHONPATH=/home/ros2mc/ros2_link_ws/build/run_uav/prefix_override:/usr/lib/python3/dist-packages/colcon_core/task/python/colcon_distutils_commands:/home/ros2mc/ros2_link_ws/install/run_uav/lib/python3.10/site-packages:${PYTHONPATH} /usr/bin/python3 -W ignore:setup.py install is deprecated setup.py egg_info --egg-base ../../build/run_uav build --build-base /home/ros2mc/ros2_link_ws/build/run_uav/build install --record /home/ros2mc/ros2_link_ws/build/run_uav/install.log --single-version-externally-managed install_data
[3.400s] DEBUG:colcon.colcon_core.event_handler.log_command:Invoking command in '/home/ros2mc/ros2_link_ws/src/kari_UAV_siyi': PYTHONPATH=/home/ros2mc/ros2_link_ws/build/kari_UAV_siyi/prefix_override:/usr/lib/python3/dist-packages/colcon_core/task/python/colcon_distutils_commands:/home/ros2mc/ros2_link_ws/install/kari_UAV_siyi/lib/python3.10/site-packages:${PYTHONPATH} /usr/bin/python3 -W ignore:setup.py install is deprecated setup.py egg_info --egg-base ../../build/kari_UAV_siyi build --build-base /home/ros2mc/ros2_link_ws/build/kari_UAV_siyi/build install --record /home/ros2mc/ros2_link_ws/build/kari_UAV_siyi/install.log --single-version-externally-managed install_data
[4.092s] DEBUG:colcon.colcon_core.event_handler.log_command:Invoked command in '/home/ros2mc/ros2_link_ws/src/run_uav' returned '0': PYTHONPATH=/home/ros2mc/ros2_link_ws/build/run_uav/prefix_override:/usr/lib/python3/dist-packages/colcon_core/task/python/colcon_distutils_commands:/home/ros2mc/ros2_link_ws/install/run_uav/lib/python3.10/site-packages:${PYTHONPATH} /usr/bin/python3 -W ignore:setup.py install is deprecated setup.py egg_info --egg-base ../../build/run_uav build --build-base /home/ros2mc/ros2_link_ws/build/run_uav/build install --record /home/ros2mc/ros2_link_ws/build/run_uav/install.log --single-version-externally-managed install_data
[4.102s] Level 1:colcon.colcon_core.environment:checking '/home/ros2mc/ros2_link_ws/install/run_uav' for CMake module files
[4.103s] Level 1:colcon.colcon_core.environment:checking '/home/ros2mc/ros2_link_ws/install/run_uav' for CMake config files
[4.105s] Level 1:colcon.colcon_core.environment:checking '/home/ros2mc/ros2_link_ws/install/run_uav/lib'
[4.107s] Level 1:colcon.colcon_core.environment:checking '/home/ros2mc/ros2_link_ws/install/run_uav/bin'
[4.107s] Level 1:colcon.colcon_core.environment:checking '/home/ros2mc/ros2_link_ws/install/run_uav/lib/pkgconfig/run_uav.pc'
[4.108s] Level 1:colcon.colcon_core.environment:checking '/home/ros2mc/ros2_link_ws/install/run_uav/lib/python3.10/site-packages'
[4.108s] Level 1:colcon.colcon_core.shell:create_environment_hook('run_uav', 'pythonpath')
[4.108s] INFO:colcon.colcon_core.shell:Creating environment hook '/home/ros2mc/ros2_link_ws/install/run_uav/share/run_uav/hook/pythonpath.ps1'
[4.110s] INFO:colcon.colcon_core.shell:Creating environment descriptor '/home/ros2mc/ros2_link_ws/install/run_uav/share/run_uav/hook/pythonpath.dsv'
[4.111s] INFO:colcon.colcon_core.shell:Creating environment hook '/home/ros2mc/ros2_link_ws/install/run_uav/share/run_uav/hook/pythonpath.sh'
[4.112s] Level 1:colcon.colcon_core.environment:checking '/home/ros2mc/ros2_link_ws/install/run_uav/bin'
[4.112s] Level 1:colcon.colcon_core.environment:create_environment_scripts_only(run_uav)
[4.113s] INFO:colcon.colcon_core.shell:Creating package script '/home/ros2mc/ros2_link_ws/install/run_uav/share/run_uav/package.ps1'
[4.115s] INFO:colcon.colcon_core.shell:Creating package descriptor '/home/ros2mc/ros2_link_ws/install/run_uav/share/run_uav/package.dsv'
[4.116s] INFO:colcon.colcon_core.shell:Creating package script '/home/ros2mc/ros2_link_ws/install/run_uav/share/run_uav/package.sh'
[4.119s] INFO:colcon.colcon_core.shell:Creating package script '/home/ros2mc/ros2_link_ws/install/run_uav/share/run_uav/package.bash'
[4.122s] INFO:colcon.colcon_core.shell:Creating package script '/home/ros2mc/ros2_link_ws/install/run_uav/share/run_uav/package.zsh'
[4.128s] Level 1:colcon.colcon_core.environment:create_file_with_runtime_dependencies(/home/ros2mc/ros2_link_ws/install/run_uav/share/colcon-core/packages/run_uav)
[4.190s] Level 1:colcon.colcon_core.environment:checking '/home/ros2mc/ros2_link_ws/install/kari_UAV_siyi' for CMake module files
[4.191s] Level 1:colcon.colcon_core.environment:checking '/home/ros2mc/ros2_link_ws/install/kari_UAV_siyi' for CMake config files
[4.193s] Level 1:colcon.colcon_core.environment:checking '/home/ros2mc/ros2_link_ws/install/kari_UAV_siyi/lib'
[4.193s] Level 1:colcon.colcon_core.environment:checking '/home/ros2mc/ros2_link_ws/install/kari_UAV_siyi/bin'
[4.194s] Level 1:colcon.colcon_core.environment:checking '/home/ros2mc/ros2_link_ws/install/kari_UAV_siyi/lib/pkgconfig/kari_UAV_siyi.pc'
[4.194s] Level 1:colcon.colcon_core.environment:checking '/home/ros2mc/ros2_link_ws/install/kari_UAV_siyi/lib/python3.10/site-packages'
[4.194s] Level 1:colcon.colcon_core.shell:create_environment_hook('kari_UAV_siyi', 'pythonpath')
[4.195s] INFO:colcon.colcon_core.shell:Creating environment hook '/home/ros2mc/ros2_link_ws/install/kari_UAV_siyi/share/kari_UAV_siyi/hook/pythonpath.ps1'
[4.196s] DEBUG:colcon.colcon_core.event_handler.log_command:Invoked command in '/home/ros2mc/ros2_link_ws/src/kari_UAV_siyi' returned '0': PYTHONPATH=/home/ros2mc/ros2_link_ws/build/kari_UAV_siyi/prefix_override:/usr/lib/python3/dist-packages/colcon_core/task/python/colcon_distutils_commands:/home/ros2mc/ros2_link_ws/install/kari_UAV_siyi/lib/python3.10/site-packages:${PYTHONPATH} /usr/bin/python3 -W ignore:setup.py install is deprecated setup.py egg_info --egg-base ../../build/kari_UAV_siyi build --build-base /home/ros2mc/ros2_link_ws/build/kari_UAV_siyi/build install --record /home/ros2mc/ros2_link_ws/build/kari_UAV_siyi/install.log --single-version-externally-managed install_data
[4.197s] INFO:colcon.colcon_core.shell:Creating environment descriptor '/home/ros2mc/ros2_link_ws/install/kari_UAV_siyi/share/kari_UAV_siyi/hook/pythonpath.dsv'
[4.198s] INFO:colcon.colcon_core.shell:Creating environment hook '/home/ros2mc/ros2_link_ws/install/kari_UAV_siyi/share/kari_UAV_siyi/hook/pythonpath.sh'
[4.202s] Level 1:colcon.colcon_core.environment:checking '/home/ros2mc/ros2_link_ws/install/kari_UAV_siyi/bin'
[4.202s] Level 1:colcon.colcon_core.environment:create_environment_scripts_only(kari_UAV_siyi)
[4.203s] INFO:colcon.colcon_core.shell:Creating package script '/home/ros2mc/ros2_link_ws/install/kari_UAV_siyi/share/kari_UAV_siyi/package.ps1'
[4.208s] INFO:colcon.colcon_core.shell:Creating package descriptor '/home/ros2mc/ros2_link_ws/install/kari_UAV_siyi/share/kari_UAV_siyi/package.dsv'
[4.213s] INFO:colcon.colcon_core.shell:Creating package script '/home/ros2mc/ros2_link_ws/install/kari_UAV_siyi/share/kari_UAV_siyi/package.sh'
[4.217s] INFO:colcon.colcon_core.shell:Creating package script '/home/ros2mc/ros2_link_ws/install/kari_UAV_siyi/share/kari_UAV_siyi/package.bash'
[4.220s] INFO:colcon.colcon_core.shell:Creating package script '/home/ros2mc/ros2_link_ws/install/kari_UAV_siyi/share/kari_UAV_siyi/package.zsh'
[4.221s] Level 1:colcon.colcon_core.environment:create_file_with_runtime_dependencies(/home/ros2mc/ros2_link_ws/install/kari_UAV_siyi/share/colcon-core/packages/kari_UAV_siyi)
[9.946s] Level 1:colcon.colcon_core.environment:create_environment_scripts_only(px4_msgs)
[9.946s] Level 1:colcon.colcon_core.environment:checking '/home/ros2mc/ros2_link_ws/install/px4_msgs' for CMake module files
[9.949s] Level 1:colcon.colcon_core.environment:checking '/home/ros2mc/ros2_link_ws/install/px4_msgs' for CMake config files
[9.964s] Level 1:colcon.colcon_core.shell:create_environment_hook('px4_msgs', 'cmake_prefix_path')
[9.965s] INFO:colcon.colcon_core.shell:Creating environment hook '/home/ros2mc/ros2_link_ws/install/px4_msgs/share/px4_msgs/hook/cmake_prefix_path.ps1'
[9.967s] INFO:colcon.colcon_core.shell:Creating environment descriptor '/home/ros2mc/ros2_link_ws/install/px4_msgs/share/px4_msgs/hook/cmake_prefix_path.dsv'
[9.968s] INFO:colcon.colcon_core.shell:Creating environment hook '/home/ros2mc/ros2_link_ws/install/px4_msgs/share/px4_msgs/hook/cmake_prefix_path.sh'
[9.970s] Level 1:colcon.colcon_core.environment:checking '/home/ros2mc/ros2_link_ws/install/px4_msgs/lib'
[9.970s] Level 1:colcon.colcon_core.shell:create_environment_hook('px4_msgs', 'ld_library_path_lib')
[9.971s] INFO:colcon.colcon_core.shell:Creating environment hook '/home/ros2mc/ros2_link_ws/install/px4_msgs/share/px4_msgs/hook/ld_library_path_lib.ps1'
[9.973s] INFO:colcon.colcon_core.shell:Creating environment descriptor '/home/ros2mc/ros2_link_ws/install/px4_msgs/share/px4_msgs/hook/ld_library_path_lib.dsv'
[9.974s] INFO:colcon.colcon_core.shell:Creating environment hook '/home/ros2mc/ros2_link_ws/install/px4_msgs/share/px4_msgs/hook/ld_library_path_lib.sh'
[9.975s] Level 1:colcon.colcon_core.environment:checking '/home/ros2mc/ros2_link_ws/install/px4_msgs/bin'
[9.976s] Level 1:colcon.colcon_core.environment:checking '/home/ros2mc/ros2_link_ws/install/px4_msgs/lib/pkgconfig/px4_msgs.pc'
[9.976s] Level 1:colcon.colcon_core.environment:checking '/home/ros2mc/ros2_link_ws/install/px4_msgs/lib/python3.10/site-packages'
[9.977s] Level 1:colcon.colcon_core.environment:checking '/home/ros2mc/ros2_link_ws/install/px4_msgs/bin'
[9.978s] INFO:colcon.colcon_core.shell:Creating package script '/home/ros2mc/ros2_link_ws/install/px4_msgs/share/px4_msgs/package.ps1'
[9.980s] INFO:colcon.colcon_core.shell:Creating package descriptor '/home/ros2mc/ros2_link_ws/install/px4_msgs/share/px4_msgs/package.dsv'
[9.981s] INFO:colcon.colcon_core.shell:Creating package script '/home/ros2mc/ros2_link_ws/install/px4_msgs/share/px4_msgs/package.sh'
[9.983s] INFO:colcon.colcon_core.shell:Creating package script '/home/ros2mc/ros2_link_ws/install/px4_msgs/share/px4_msgs/package.bash'
[9.984s] INFO:colcon.colcon_core.shell:Creating package script '/home/ros2mc/ros2_link_ws/install/px4_msgs/share/px4_msgs/package.zsh'
[9.985s] Level 1:colcon.colcon_core.environment:create_file_with_runtime_dependencies(/home/ros2mc/ros2_link_ws/install/px4_msgs/share/colcon-core/packages/px4_msgs)
[67.399s] DEBUG:colcon.colcon_parallel_executor.executor.parallel:closing loop
[67.400s] DEBUG:colcon.colcon_parallel_executor.executor.parallel:loop closed
[67.400s] DEBUG:colcon.colcon_parallel_executor.executor.parallel:run_until_complete finished with '2'
[67.400s] DEBUG:colcon.colcon_core.event_reactor:joining thread
[67.423s] INFO:colcon.colcon_core.plugin_system:Skipping extension 'colcon_notification.desktop_notification.terminal_notifier': Not used on non-Darwin systems
[67.424s] INFO:colcon.colcon_core.plugin_system:Skipping extension 'colcon_notification.desktop_notification.win32': Not used on non-Windows systems
[67.424s] INFO:colcon.colcon_notification.desktop_notification:Sending desktop notification using 'notify2'
[67.476s] DEBUG:colcon.colcon_core.event_reactor:joined thread
[67.477s] INFO:colcon.colcon_core.shell:Creating prefix script '/home/ros2mc/ros2_link_ws/install/local_setup.ps1'
[67.480s] INFO:colcon.colcon_core.shell:Creating prefix util module '/home/ros2mc/ros2_link_ws/install/_local_setup_util_ps1.py'
[67.484s] INFO:colcon.colcon_core.shell:Creating prefix chain script '/home/ros2mc/ros2_link_ws/install/setup.ps1'
[67.487s] INFO:colcon.colcon_core.shell:Creating prefix script '/home/ros2mc/ros2_link_ws/install/local_setup.sh'
[67.489s] INFO:colcon.colcon_core.shell:Creating prefix util module '/home/ros2mc/ros2_link_ws/install/_local_setup_util_sh.py'
[67.490s] INFO:colcon.colcon_core.shell:Creating prefix chain script '/home/ros2mc/ros2_link_ws/install/setup.sh'
[67.493s] INFO:colcon.colcon_core.shell:Creating prefix script '/home/ros2mc/ros2_link_ws/install/local_setup.bash'
[67.495s] INFO:colcon.colcon_core.shell:Creating prefix chain script '/home/ros2mc/ros2_link_ws/install/setup.bash'
[67.497s] INFO:colcon.colcon_core.shell:Creating prefix script '/home/ros2mc/ros2_link_ws/install/local_setup.zsh'
[67.499s] INFO:colcon.colcon_core.shell:Creating prefix chain script '/home/ros2mc/ros2_link_ws/install/setup.zsh'
