[1.217s] Invoking command in '/home/jetson/ros2_link_ws/src/kari_UAV_siyi': PYTHONPATH=/home/jetson/ros2_link_ws/build/kari_UAV_siyi/prefix_override:/usr/lib/python3/dist-packages/colcon_core/task/python/colcon_distutils_commands:/home/jetson/ros2_link_ws/install/kari_UAV_siyi/lib/python3.10/site-packages:${PYTHONPATH} /usr/bin/python3 -W ignore:setup.py install is deprecated setup.py egg_info --egg-base ../../build/kari_UAV_siyi build --build-base /home/jetson/ros2_link_ws/build/kari_UAV_siyi/build install --record /home/jetson/ros2_link_ws/build/kari_UAV_siyi/install.log --single-version-externally-managed install_data
[1.674s] running egg_info
[1.675s] writing ../../build/kari_UAV_siyi/kari_UAV_siyi.egg-info/PKG-INFO
[1.676s] writing dependency_links to ../../build/kari_UAV_siyi/kari_UAV_siyi.egg-info/dependency_links.txt
[1.676s] writing entry points to ../../build/kari_UAV_siyi/kari_UAV_siyi.egg-info/entry_points.txt
[1.677s] writing requirements to ../../build/kari_UAV_siyi/kari_UAV_siyi.egg-info/requires.txt
[1.677s] writing top-level names to ../../build/kari_UAV_siyi/kari_UAV_siyi.egg-info/top_level.txt
[1.681s] reading manifest file '../../build/kari_UAV_siyi/kari_UAV_siyi.egg-info/SOURCES.txt'
[1.684s] writing manifest file '../../build/kari_UAV_siyi/kari_UAV_siyi.egg-info/SOURCES.txt'
[1.684s] running build
[1.684s] running build_py
[1.684s] copying kari_UAV_siyi/UAV_siyi_stream.py -> /home/jetson/ros2_link_ws/build/kari_UAV_siyi/build/lib/kari_UAV_siyi
[1.688s] running install
[1.688s] running install_lib
[1.690s] copying /home/jetson/ros2_link_ws/build/kari_UAV_siyi/build/lib/kari_UAV_siyi/UAV_siyi_stream.py -> /home/jetson/ros2_link_ws/install/kari_UAV_siyi/lib/python3.10/site-packages/kari_UAV_siyi
[1.693s] byte-compiling /home/jetson/ros2_link_ws/install/kari_UAV_siyi/lib/python3.10/site-packages/kari_UAV_siyi/UAV_siyi_stream.py to UAV_siyi_stream.cpython-310.pyc
[1.695s] running install_data
[1.696s] running install_egg_info
[1.699s] removing '/home/jetson/ros2_link_ws/install/kari_UAV_siyi/lib/python3.10/site-packages/kari_UAV_siyi-0.0.0-py3.10.egg-info' (and everything under it)
[1.700s] Copying ../../build/kari_UAV_siyi/kari_UAV_siyi.egg-info to /home/jetson/ros2_link_ws/install/kari_UAV_siyi/lib/python3.10/site-packages/kari_UAV_siyi-0.0.0-py3.10.egg-info
[1.702s] running install_scripts
[1.745s] Installing siyi_control_node script to /home/jetson/ros2_link_ws/install/kari_UAV_siyi/lib/kari_UAV_siyi
[1.745s] Installing siyi_stream_node script to /home/jetson/ros2_link_ws/install/kari_UAV_siyi/lib/kari_UAV_siyi
[1.747s] writing list of installed files to '/home/jetson/ros2_link_ws/build/kari_UAV_siyi/install.log'
[1.811s] Invoked command in '/home/jetson/ros2_link_ws/src/kari_UAV_siyi' returned '0': PYTHONPATH=/home/jetson/ros2_link_ws/build/kari_UAV_siyi/prefix_override:/usr/lib/python3/dist-packages/colcon_core/task/python/colcon_distutils_commands:/home/jetson/ros2_link_ws/install/kari_UAV_siyi/lib/python3.10/site-packages:${PYTHONPATH} /usr/bin/python3 -W ignore:setup.py install is deprecated setup.py egg_info --egg-base ../../build/kari_UAV_siyi build --build-base /home/jetson/ros2_link_ws/build/kari_UAV_siyi/build install --record /home/jetson/ros2_link_ws/build/kari_UAV_siyi/install.log --single-version-externally-managed install_data
