[0.411s] DEBUG:colcon:Command line arguments: ['/usr/bin/colcon', 'build']
[0.412s] DEBUG:colcon:Parsed command line arguments: Namespace(log_base=None, log_level=None, verb_name='build', build_base='build', install_base='install', merge_install=False, symlink_install=False, test_result_base=None, continue_on_error=False, executor='parallel', parallel_workers=6, event_handlers=None, ignore_user_meta=False, metas=['./colcon.meta'], base_paths=['.'], packages_ignore=None, packages_ignore_regex=None, paths=None, packages_up_to=None, packages_up_to_regex=None, packages_above=None, packages_above_and_dependencies=None, packages_above_depth=None, packages_select_by_dep=None, packages_skip_by_dep=None, packages_skip_up_to=None, packages_select_build_failed=False, packages_skip_build_finished=False, packages_select_test_failures=False, packages_skip_test_passed=False, packages_select=None, packages_skip=None, packages_select_regex=None, packages_skip_regex=None, packages_start=None, packages_end=None, cmake_args=None, cmake_target=None, cmake_target_skip_unavailable=False, cmake_clean_cache=False, cmake_clean_first=False, cmake_force_configure=False, ament_cmake_args=None, catkin_cmake_args=None, catkin_skip_building_tests=False, mixin_files=None, mixin=None, verb_parser=<colcon_mixin.mixin.mixin_argument.MixinArgumentDecorator object at 0xffff94bacaf0>, verb_extension=<colcon_core.verb.build.BuildVerb object at 0xffff94bac640>, main=<bound method BuildVerb.main of <colcon_core.verb.build.BuildVerb object at 0xffff94bac640>>, mixin_verb=('build',))
[0.811s] Level 1:colcon.colcon_core.package_discovery:discover_packages(colcon_meta) check parameters
[0.812s] Level 1:colcon.colcon_core.package_discovery:discover_packages(recursive) check parameters
[0.812s] Level 1:colcon.colcon_core.package_discovery:discover_packages(ignore) check parameters
[0.812s] Level 1:colcon.colcon_core.package_discovery:discover_packages(path) check parameters
[0.812s] Level 1:colcon.colcon_core.package_discovery:discover_packages(colcon_meta) discover
[0.812s] Level 1:colcon.colcon_core.package_discovery:discover_packages(recursive) discover
[0.812s] INFO:colcon.colcon_core.package_discovery:Crawling recursively for packages in '/home/jetson/ros2_link_ws'
[0.813s] Level 1:colcon.colcon_core.package_identification:_identify(.) by extensions ['ignore', 'ignore_ament_install']
[0.813s] Level 1:colcon.colcon_core.package_identification:_identify(.) by extension 'ignore'
[0.813s] Level 1:colcon.colcon_core.package_identification:_identify(.) by extension 'ignore_ament_install'
[0.813s] Level 1:colcon.colcon_core.package_identification:_identify(.) by extensions ['colcon_pkg']
[0.813s] Level 1:colcon.colcon_core.package_identification:_identify(.) by extension 'colcon_pkg'
[0.813s] Level 1:colcon.colcon_core.package_identification:_identify(.) by extensions ['colcon_meta']
[0.813s] Level 1:colcon.colcon_core.package_identification:_identify(.) by extension 'colcon_meta'
[0.814s] Level 1:colcon.colcon_core.package_identification:_identify(.) by extensions ['ros']
[0.814s] Level 1:colcon.colcon_core.package_identification:_identify(.) by extension 'ros'
[0.844s] Level 1:colcon.colcon_core.package_identification:_identify(.) by extensions ['cmake', 'python']
[0.845s] Level 1:colcon.colcon_core.package_identification:_identify(.) by extension 'cmake'
[0.845s] Level 1:colcon.colcon_core.package_identification:_identify(.) by extension 'python'
[0.845s] Level 1:colcon.colcon_core.package_identification:_identify(.) by extensions ['python_setup_py']
[0.845s] Level 1:colcon.colcon_core.package_identification:_identify(.) by extension 'python_setup_py'
[0.845s] Level 1:colcon.colcon_core.package_identification:_identify(build) by extensions ['ignore', 'ignore_ament_install']
[0.846s] Level 1:colcon.colcon_core.package_identification:_identify(build) by extension 'ignore'
[0.846s] Level 1:colcon.colcon_core.package_identification:_identify(build) ignored
[0.846s] Level 1:colcon.colcon_core.package_identification:_identify(install) by extensions ['ignore', 'ignore_ament_install']
[0.846s] Level 1:colcon.colcon_core.package_identification:_identify(install) by extension 'ignore'
[0.846s] Level 1:colcon.colcon_core.package_identification:_identify(install) ignored
[0.847s] Level 1:colcon.colcon_core.package_identification:_identify(log) by extensions ['ignore', 'ignore_ament_install']
[0.847s] Level 1:colcon.colcon_core.package_identification:_identify(log) by extension 'ignore'
[0.847s] Level 1:colcon.colcon_core.package_identification:_identify(log) ignored
[0.848s] Level 1:colcon.colcon_core.package_identification:_identify(src) by extensions ['ignore', 'ignore_ament_install']
[0.848s] Level 1:colcon.colcon_core.package_identification:_identify(src) by extension 'ignore'
[0.849s] Level 1:colcon.colcon_core.package_identification:_identify(src) by extension 'ignore_ament_install'
[0.849s] Level 1:colcon.colcon_core.package_identification:_identify(src) by extensions ['colcon_pkg']
[0.849s] Level 1:colcon.colcon_core.package_identification:_identify(src) by extension 'colcon_pkg'
[0.849s] Level 1:colcon.colcon_core.package_identification:_identify(src) by extensions ['colcon_meta']
[0.849s] Level 1:colcon.colcon_core.package_identification:_identify(src) by extension 'colcon_meta'
[0.849s] Level 1:colcon.colcon_core.package_identification:_identify(src) by extensions ['ros']
[0.849s] Level 1:colcon.colcon_core.package_identification:_identify(src) by extension 'ros'
[0.849s] Level 1:colcon.colcon_core.package_identification:_identify(src) by extensions ['cmake', 'python']
[0.849s] Level 1:colcon.colcon_core.package_identification:_identify(src) by extension 'cmake'
[0.849s] Level 1:colcon.colcon_core.package_identification:_identify(src) by extension 'python'
[0.850s] Level 1:colcon.colcon_core.package_identification:_identify(src) by extensions ['python_setup_py']
[0.850s] Level 1:colcon.colcon_core.package_identification:_identify(src) by extension 'python_setup_py'
[0.850s] Level 1:colcon.colcon_core.package_identification:_identify(src/kari_UAV_siyi) by extensions ['ignore', 'ignore_ament_install']
[0.850s] Level 1:colcon.colcon_core.package_identification:_identify(src/kari_UAV_siyi) by extension 'ignore'
[0.850s] Level 1:colcon.colcon_core.package_identification:_identify(src/kari_UAV_siyi) by extension 'ignore_ament_install'
[0.850s] Level 1:colcon.colcon_core.package_identification:_identify(src/kari_UAV_siyi) by extensions ['colcon_pkg']
[0.850s] Level 1:colcon.colcon_core.package_identification:_identify(src/kari_UAV_siyi) by extension 'colcon_pkg'
[0.850s] Level 1:colcon.colcon_core.package_identification:_identify(src/kari_UAV_siyi) by extensions ['colcon_meta']
[0.851s] Level 1:colcon.colcon_core.package_identification:_identify(src/kari_UAV_siyi) by extension 'colcon_meta'
[0.851s] Level 1:colcon.colcon_core.package_identification:_identify(src/kari_UAV_siyi) by extensions ['ros']
[0.851s] Level 1:colcon.colcon_core.package_identification:_identify(src/kari_UAV_siyi) by extension 'ros'
[0.857s] DEBUG:colcon.colcon_core.package_identification:Package 'src/kari_UAV_siyi' with type 'ros.ament_python' and name 'kari_UAV_siyi'
[0.857s] Level 1:colcon.colcon_core.package_identification:_identify(src/px4_msgs) by extensions ['ignore', 'ignore_ament_install']
[0.857s] Level 1:colcon.colcon_core.package_identification:_identify(src/px4_msgs) by extension 'ignore'
[0.858s] Level 1:colcon.colcon_core.package_identification:_identify(src/px4_msgs) by extension 'ignore_ament_install'
[0.858s] Level 1:colcon.colcon_core.package_identification:_identify(src/px4_msgs) by extensions ['colcon_pkg']
[0.858s] Level 1:colcon.colcon_core.package_identification:_identify(src/px4_msgs) by extension 'colcon_pkg'
[0.858s] Level 1:colcon.colcon_core.package_identification:_identify(src/px4_msgs) by extensions ['colcon_meta']
[0.858s] Level 1:colcon.colcon_core.package_identification:_identify(src/px4_msgs) by extension 'colcon_meta'
[0.858s] Level 1:colcon.colcon_core.package_identification:_identify(src/px4_msgs) by extensions ['ros']
[0.858s] Level 1:colcon.colcon_core.package_identification:_identify(src/px4_msgs) by extension 'ros'
[0.860s] DEBUG:colcon.colcon_core.package_identification:Package 'src/px4_msgs' with type 'ros.ament_cmake' and name 'px4_msgs'
[0.860s] Level 1:colcon.colcon_core.package_identification:_identify(src/run_uav) by extensions ['ignore', 'ignore_ament_install']
[0.861s] Level 1:colcon.colcon_core.package_identification:_identify(src/run_uav) by extension 'ignore'
[0.861s] Level 1:colcon.colcon_core.package_identification:_identify(src/run_uav) by extension 'ignore_ament_install'
[0.861s] Level 1:colcon.colcon_core.package_identification:_identify(src/run_uav) by extensions ['colcon_pkg']
[0.861s] Level 1:colcon.colcon_core.package_identification:_identify(src/run_uav) by extension 'colcon_pkg'
[0.861s] Level 1:colcon.colcon_core.package_identification:_identify(src/run_uav) by extensions ['colcon_meta']
[0.861s] Level 1:colcon.colcon_core.package_identification:_identify(src/run_uav) by extension 'colcon_meta'
[0.861s] Level 1:colcon.colcon_core.package_identification:_identify(src/run_uav) by extensions ['ros']
[0.861s] Level 1:colcon.colcon_core.package_identification:_identify(src/run_uav) by extension 'ros'
[0.863s] DEBUG:colcon.colcon_core.package_identification:Package 'src/run_uav' with type 'ros.ament_python' and name 'run_uav'
[0.863s] Level 1:colcon.colcon_core.package_discovery:discover_packages(recursive) using defaults
[0.863s] Level 1:colcon.colcon_core.package_discovery:discover_packages(ignore) discover
[0.863s] Level 1:colcon.colcon_core.package_discovery:discover_packages(ignore) using defaults
[0.863s] Level 1:colcon.colcon_core.package_discovery:discover_packages(path) discover
[0.863s] Level 1:colcon.colcon_core.package_discovery:discover_packages(path) using defaults
[0.927s] Level 5:colcon.colcon_core.verb:set package 'kari_UAV_siyi' build argument 'cmake_args' from command line to 'None'
[0.927s] Level 5:colcon.colcon_core.verb:set package 'kari_UAV_siyi' build argument 'cmake_target' from command line to 'None'
[0.927s] Level 5:colcon.colcon_core.verb:set package 'kari_UAV_siyi' build argument 'cmake_target_skip_unavailable' from command line to 'False'
[0.927s] Level 5:colcon.colcon_core.verb:set package 'kari_UAV_siyi' build argument 'cmake_clean_cache' from command line to 'False'
[0.928s] Level 5:colcon.colcon_core.verb:set package 'kari_UAV_siyi' build argument 'cmake_clean_first' from command line to 'False'
[0.928s] Level 5:colcon.colcon_core.verb:set package 'kari_UAV_siyi' build argument 'cmake_force_configure' from command line to 'False'
[0.928s] Level 5:colcon.colcon_core.verb:set package 'kari_UAV_siyi' build argument 'ament_cmake_args' from command line to 'None'
[0.928s] Level 5:colcon.colcon_core.verb:set package 'kari_UAV_siyi' build argument 'catkin_cmake_args' from command line to 'None'
[0.928s] Level 5:colcon.colcon_core.verb:set package 'kari_UAV_siyi' build argument 'catkin_skip_building_tests' from command line to 'False'
[0.928s] DEBUG:colcon.colcon_core.verb:Building package 'kari_UAV_siyi' with the following arguments: {'ament_cmake_args': None, 'build_base': '/home/jetson/ros2_link_ws/build/kari_UAV_siyi', 'catkin_cmake_args': None, 'catkin_skip_building_tests': False, 'cmake_args': None, 'cmake_clean_cache': False, 'cmake_clean_first': False, 'cmake_force_configure': False, 'cmake_target': None, 'cmake_target_skip_unavailable': False, 'install_base': '/home/jetson/ros2_link_ws/install/kari_UAV_siyi', 'merge_install': False, 'path': '/home/jetson/ros2_link_ws/src/kari_UAV_siyi', 'symlink_install': False, 'test_result_base': None}
[0.929s] Level 5:colcon.colcon_core.verb:set package 'px4_msgs' build argument 'cmake_args' from command line to 'None'
[0.929s] Level 5:colcon.colcon_core.verb:set package 'px4_msgs' build argument 'cmake_target' from command line to 'None'
[0.929s] Level 5:colcon.colcon_core.verb:set package 'px4_msgs' build argument 'cmake_target_skip_unavailable' from command line to 'False'
[0.929s] Level 5:colcon.colcon_core.verb:set package 'px4_msgs' build argument 'cmake_clean_cache' from command line to 'False'
[0.929s] Level 5:colcon.colcon_core.verb:set package 'px4_msgs' build argument 'cmake_clean_first' from command line to 'False'
[0.929s] Level 5:colcon.colcon_core.verb:set package 'px4_msgs' build argument 'cmake_force_configure' from command line to 'False'
[0.929s] Level 5:colcon.colcon_core.verb:set package 'px4_msgs' build argument 'ament_cmake_args' from command line to 'None'
[0.929s] Level 5:colcon.colcon_core.verb:set package 'px4_msgs' build argument 'catkin_cmake_args' from command line to 'None'
[0.929s] Level 5:colcon.colcon_core.verb:set package 'px4_msgs' build argument 'catkin_skip_building_tests' from command line to 'False'
[0.929s] DEBUG:colcon.colcon_core.verb:Building package 'px4_msgs' with the following arguments: {'ament_cmake_args': None, 'build_base': '/home/jetson/ros2_link_ws/build/px4_msgs', 'catkin_cmake_args': None, 'catkin_skip_building_tests': False, 'cmake_args': None, 'cmake_clean_cache': False, 'cmake_clean_first': False, 'cmake_force_configure': False, 'cmake_target': None, 'cmake_target_skip_unavailable': False, 'install_base': '/home/jetson/ros2_link_ws/install/px4_msgs', 'merge_install': False, 'path': '/home/jetson/ros2_link_ws/src/px4_msgs', 'symlink_install': False, 'test_result_base': None}
[0.930s] Level 5:colcon.colcon_core.verb:set package 'run_uav' build argument 'cmake_args' from command line to 'None'
[0.930s] Level 5:colcon.colcon_core.verb:set package 'run_uav' build argument 'cmake_target' from command line to 'None'
[0.930s] Level 5:colcon.colcon_core.verb:set package 'run_uav' build argument 'cmake_target_skip_unavailable' from command line to 'False'
[0.930s] Level 5:colcon.colcon_core.verb:set package 'run_uav' build argument 'cmake_clean_cache' from command line to 'False'
[0.930s] Level 5:colcon.colcon_core.verb:set package 'run_uav' build argument 'cmake_clean_first' from command line to 'False'
[0.930s] Level 5:colcon.colcon_core.verb:set package 'run_uav' build argument 'cmake_force_configure' from command line to 'False'
[0.930s] Level 5:colcon.colcon_core.verb:set package 'run_uav' build argument 'ament_cmake_args' from command line to 'None'
[0.930s] Level 5:colcon.colcon_core.verb:set package 'run_uav' build argument 'catkin_cmake_args' from command line to 'None'
[0.930s] Level 5:colcon.colcon_core.verb:set package 'run_uav' build argument 'catkin_skip_building_tests' from command line to 'False'
[0.930s] DEBUG:colcon.colcon_core.verb:Building package 'run_uav' with the following arguments: {'ament_cmake_args': None, 'build_base': '/home/jetson/ros2_link_ws/build/run_uav', 'catkin_cmake_args': None, 'catkin_skip_building_tests': False, 'cmake_args': None, 'cmake_clean_cache': False, 'cmake_clean_first': False, 'cmake_force_configure': False, 'cmake_target': None, 'cmake_target_skip_unavailable': False, 'install_base': '/home/jetson/ros2_link_ws/install/run_uav', 'merge_install': False, 'path': '/home/jetson/ros2_link_ws/src/run_uav', 'symlink_install': False, 'test_result_base': None}
[0.931s] INFO:colcon.colcon_core.executor:Executing jobs using 'parallel' executor
[0.933s] DEBUG:colcon.colcon_parallel_executor.executor.parallel:run_until_complete
[0.934s] INFO:colcon.colcon_ros.task.ament_python.build:Building ROS package in '/home/jetson/ros2_link_ws/src/kari_UAV_siyi' with build type 'ament_python'
[0.934s] Level 1:colcon.colcon_core.shell:create_environment_hook('kari_UAV_siyi', 'ament_prefix_path')
[0.944s] INFO:colcon.colcon_core.plugin_system:Skipping extension 'colcon_core.shell.bat': Not used on non-Windows systems
[0.945s] INFO:colcon.colcon_core.shell:Creating environment hook '/home/jetson/ros2_link_ws/install/kari_UAV_siyi/share/kari_UAV_siyi/hook/ament_prefix_path.ps1'
[0.947s] INFO:colcon.colcon_core.shell:Creating environment descriptor '/home/jetson/ros2_link_ws/install/kari_UAV_siyi/share/kari_UAV_siyi/hook/ament_prefix_path.dsv'
[0.948s] INFO:colcon.colcon_core.shell:Creating environment hook '/home/jetson/ros2_link_ws/install/kari_UAV_siyi/share/kari_UAV_siyi/hook/ament_prefix_path.sh'
[0.950s] INFO:colcon.colcon_core.shell:Skip shell extension 'powershell' for command environment: Not usable outside of PowerShell
[0.950s] DEBUG:colcon.colcon_core.shell:Skip shell extension 'dsv' for command environment
[0.962s] INFO:colcon.colcon_ros.task.ament_cmake.build:Building ROS package in '/home/jetson/ros2_link_ws/src/px4_msgs' with build type 'ament_cmake'
[0.962s] INFO:colcon.colcon_cmake.task.cmake.build:Building CMake package in '/home/jetson/ros2_link_ws/src/px4_msgs'
[0.963s] INFO:colcon.colcon_core.shell:Skip shell extension 'powershell' for command environment: Not usable outside of PowerShell
[0.963s] DEBUG:colcon.colcon_core.shell:Skip shell extension 'dsv' for command environment
[0.973s] INFO:colcon.colcon_ros.task.ament_python.build:Building ROS package in '/home/jetson/ros2_link_ws/src/run_uav' with build type 'ament_python'
[0.974s] Level 1:colcon.colcon_core.shell:create_environment_hook('run_uav', 'ament_prefix_path')
[0.975s] INFO:colcon.colcon_core.shell:Creating environment hook '/home/jetson/ros2_link_ws/install/run_uav/share/run_uav/hook/ament_prefix_path.ps1'
[0.977s] INFO:colcon.colcon_core.shell:Creating environment descriptor '/home/jetson/ros2_link_ws/install/run_uav/share/run_uav/hook/ament_prefix_path.dsv'
[0.978s] INFO:colcon.colcon_core.shell:Creating environment hook '/home/jetson/ros2_link_ws/install/run_uav/share/run_uav/hook/ament_prefix_path.sh'
[0.980s] INFO:colcon.colcon_core.shell:Skip shell extension 'powershell' for command environment: Not usable outside of PowerShell
[0.980s] DEBUG:colcon.colcon_core.shell:Skip shell extension 'dsv' for command environment
[1.552s] INFO:colcon.colcon_core.task.python.build:Building Python package in '/home/jetson/ros2_link_ws/src/kari_UAV_siyi'
[1.553s] INFO:colcon.colcon_core.shell:Skip shell extension 'powershell' for command environment: Not usable outside of PowerShell
[1.553s] DEBUG:colcon.colcon_core.shell:Skip shell extension 'dsv' for command environment
[1.566s] DEBUG:colcon.colcon_core.event_handler.log_command:Invoking command in '/home/jetson/ros2_link_ws/build/px4_msgs': CMAKE_PREFIX_PATH=${CMAKE_PREFIX_PATH}:/home/jetson/ros2_link_ws/install/run_uav:/home/jetson/ros2_link_ws/install/kari_UAV_siyi:/opt/ros/humble /usr/bin/cmake --build /home/jetson/ros2_link_ws/build/px4_msgs -- -j6 -l6
[2.133s] INFO:colcon.colcon_core.task.python.build:Building Python package in '/home/jetson/ros2_link_ws/src/run_uav'
[2.135s] INFO:colcon.colcon_core.shell:Skip shell extension 'powershell' for command environment: Not usable outside of PowerShell
[2.135s] DEBUG:colcon.colcon_core.shell:Skip shell extension 'dsv' for command environment
[3.209s] DEBUG:colcon.colcon_core.event_handler.log_command:Invoking command in '/home/jetson/ros2_link_ws/src/run_uav': PYTHONPATH=/home/jetson/ros2_link_ws/build/run_uav/prefix_override:/usr/lib/python3/dist-packages/colcon_core/task/python/colcon_distutils_commands:/home/jetson/ros2_link_ws/install/run_uav/lib/python3.10/site-packages:${PYTHONPATH} /usr/bin/python3 -W ignore:setup.py install is deprecated setup.py egg_info --egg-base ../../build/run_uav build --build-base /home/jetson/ros2_link_ws/build/run_uav/build install --record /home/jetson/ros2_link_ws/build/run_uav/install.log --single-version-externally-managed install_data
[3.229s] DEBUG:colcon.colcon_core.event_handler.log_command:Invoking command in '/home/jetson/ros2_link_ws/src/kari_UAV_siyi': PYTHONPATH=/home/jetson/ros2_link_ws/build/kari_UAV_siyi/prefix_override:/usr/lib/python3/dist-packages/colcon_core/task/python/colcon_distutils_commands:/home/jetson/ros2_link_ws/install/kari_UAV_siyi/lib/python3.10/site-packages:${PYTHONPATH} /usr/bin/python3 -W ignore:setup.py install is deprecated setup.py egg_info --egg-base ../../build/kari_UAV_siyi build --build-base /home/jetson/ros2_link_ws/build/kari_UAV_siyi/build install --record /home/jetson/ros2_link_ws/build/kari_UAV_siyi/install.log --single-version-externally-managed install_data
[3.651s] DEBUG:colcon.colcon_core.event_handler.log_command:Invoked command in '/home/jetson/ros2_link_ws/build/px4_msgs' returned '0': CMAKE_PREFIX_PATH=${CMAKE_PREFIX_PATH}:/home/jetson/ros2_link_ws/install/run_uav:/home/jetson/ros2_link_ws/install/kari_UAV_siyi:/opt/ros/humble /usr/bin/cmake --build /home/jetson/ros2_link_ws/build/px4_msgs -- -j6 -l6
[3.919s] DEBUG:colcon.colcon_core.event_handler.log_command:Invoked command in '/home/jetson/ros2_link_ws/src/run_uav' returned '0': PYTHONPATH=/home/jetson/ros2_link_ws/build/run_uav/prefix_override:/usr/lib/python3/dist-packages/colcon_core/task/python/colcon_distutils_commands:/home/jetson/ros2_link_ws/install/run_uav/lib/python3.10/site-packages:${PYTHONPATH} /usr/bin/python3 -W ignore:setup.py install is deprecated setup.py egg_info --egg-base ../../build/run_uav build --build-base /home/jetson/ros2_link_ws/build/run_uav/build install --record /home/jetson/ros2_link_ws/build/run_uav/install.log --single-version-externally-managed install_data
[3.932s] Level 1:colcon.colcon_core.environment:checking '/home/jetson/ros2_link_ws/install/run_uav' for CMake module files
[3.934s] Level 1:colcon.colcon_core.environment:checking '/home/jetson/ros2_link_ws/install/run_uav' for CMake config files
[3.936s] Level 1:colcon.colcon_core.environment:checking '/home/jetson/ros2_link_ws/install/run_uav/lib'
[3.937s] Level 1:colcon.colcon_core.environment:checking '/home/jetson/ros2_link_ws/install/run_uav/bin'
[3.937s] Level 1:colcon.colcon_core.environment:checking '/home/jetson/ros2_link_ws/install/run_uav/lib/pkgconfig/run_uav.pc'
[3.937s] Level 1:colcon.colcon_core.environment:checking '/home/jetson/ros2_link_ws/install/run_uav/lib/python3.10/site-packages'
[3.938s] Level 1:colcon.colcon_core.shell:create_environment_hook('run_uav', 'pythonpath')
[3.938s] INFO:colcon.colcon_core.shell:Creating environment hook '/home/jetson/ros2_link_ws/install/run_uav/share/run_uav/hook/pythonpath.ps1'
[3.940s] INFO:colcon.colcon_core.shell:Creating environment descriptor '/home/jetson/ros2_link_ws/install/run_uav/share/run_uav/hook/pythonpath.dsv'
[3.941s] INFO:colcon.colcon_core.shell:Creating environment hook '/home/jetson/ros2_link_ws/install/run_uav/share/run_uav/hook/pythonpath.sh'
[3.942s] Level 1:colcon.colcon_core.environment:checking '/home/jetson/ros2_link_ws/install/run_uav/bin'
[3.942s] Level 1:colcon.colcon_core.environment:create_environment_scripts_only(run_uav)
[3.943s] INFO:colcon.colcon_core.shell:Creating package script '/home/jetson/ros2_link_ws/install/run_uav/share/run_uav/package.ps1'
[3.945s] INFO:colcon.colcon_core.shell:Creating package descriptor '/home/jetson/ros2_link_ws/install/run_uav/share/run_uav/package.dsv'
[3.948s] INFO:colcon.colcon_core.shell:Creating package script '/home/jetson/ros2_link_ws/install/run_uav/share/run_uav/package.sh'
[3.950s] INFO:colcon.colcon_core.shell:Creating package script '/home/jetson/ros2_link_ws/install/run_uav/share/run_uav/package.bash'
[3.953s] INFO:colcon.colcon_core.shell:Creating package script '/home/jetson/ros2_link_ws/install/run_uav/share/run_uav/package.zsh'
[3.956s] Level 1:colcon.colcon_core.environment:create_file_with_runtime_dependencies(/home/jetson/ros2_link_ws/install/run_uav/share/colcon-core/packages/run_uav)
[3.960s] Level 1:colcon.colcon_core.environment:checking '/home/jetson/ros2_link_ws/install/kari_UAV_siyi' for CMake module files
[3.961s] DEBUG:colcon.colcon_core.event_handler.log_command:Invoked command in '/home/jetson/ros2_link_ws/src/kari_UAV_siyi' returned '0': PYTHONPATH=/home/jetson/ros2_link_ws/build/kari_UAV_siyi/prefix_override:/usr/lib/python3/dist-packages/colcon_core/task/python/colcon_distutils_commands:/home/jetson/ros2_link_ws/install/kari_UAV_siyi/lib/python3.10/site-packages:${PYTHONPATH} /usr/bin/python3 -W ignore:setup.py install is deprecated setup.py egg_info --egg-base ../../build/kari_UAV_siyi build --build-base /home/jetson/ros2_link_ws/build/kari_UAV_siyi/build install --record /home/jetson/ros2_link_ws/build/kari_UAV_siyi/install.log --single-version-externally-managed install_data
[3.962s] Level 1:colcon.colcon_core.environment:checking '/home/jetson/ros2_link_ws/install/kari_UAV_siyi' for CMake config files
[3.963s] Level 1:colcon.colcon_core.environment:checking '/home/jetson/ros2_link_ws/install/kari_UAV_siyi/lib'
[3.964s] Level 1:colcon.colcon_core.environment:checking '/home/jetson/ros2_link_ws/install/kari_UAV_siyi/bin'
[3.964s] Level 1:colcon.colcon_core.environment:checking '/home/jetson/ros2_link_ws/install/kari_UAV_siyi/lib/pkgconfig/kari_UAV_siyi.pc'
[3.964s] Level 1:colcon.colcon_core.environment:checking '/home/jetson/ros2_link_ws/install/kari_UAV_siyi/lib/python3.10/site-packages'
[3.964s] Level 1:colcon.colcon_core.shell:create_environment_hook('kari_UAV_siyi', 'pythonpath')
[3.965s] INFO:colcon.colcon_core.shell:Creating environment hook '/home/jetson/ros2_link_ws/install/kari_UAV_siyi/share/kari_UAV_siyi/hook/pythonpath.ps1'
[3.966s] INFO:colcon.colcon_core.shell:Creating environment descriptor '/home/jetson/ros2_link_ws/install/kari_UAV_siyi/share/kari_UAV_siyi/hook/pythonpath.dsv'
[3.967s] INFO:colcon.colcon_core.shell:Creating environment hook '/home/jetson/ros2_link_ws/install/kari_UAV_siyi/share/kari_UAV_siyi/hook/pythonpath.sh'
[3.968s] Level 1:colcon.colcon_core.environment:checking '/home/jetson/ros2_link_ws/install/kari_UAV_siyi/bin'
[3.968s] Level 1:colcon.colcon_core.environment:create_environment_scripts_only(kari_UAV_siyi)
[3.969s] INFO:colcon.colcon_core.shell:Creating package script '/home/jetson/ros2_link_ws/install/kari_UAV_siyi/share/kari_UAV_siyi/package.ps1'
[3.970s] INFO:colcon.colcon_core.shell:Creating package descriptor '/home/jetson/ros2_link_ws/install/kari_UAV_siyi/share/kari_UAV_siyi/package.dsv'
[3.971s] INFO:colcon.colcon_core.shell:Creating package script '/home/jetson/ros2_link_ws/install/kari_UAV_siyi/share/kari_UAV_siyi/package.sh'
[3.972s] INFO:colcon.colcon_core.shell:Creating package script '/home/jetson/ros2_link_ws/install/kari_UAV_siyi/share/kari_UAV_siyi/package.bash'
[3.973s] INFO:colcon.colcon_core.shell:Creating package script '/home/jetson/ros2_link_ws/install/kari_UAV_siyi/share/kari_UAV_siyi/package.zsh'
[3.973s] Level 1:colcon.colcon_core.environment:create_file_with_runtime_dependencies(/home/jetson/ros2_link_ws/install/kari_UAV_siyi/share/colcon-core/packages/kari_UAV_siyi)
[4.025s] DEBUG:colcon.colcon_parallel_executor.executor.parallel:run_until_complete was interrupted
[4.025s] DEBUG:colcon.colcon_parallel_executor.executor.parallel:run_until_complete again
[4.044s] DEBUG:colcon.colcon_parallel_executor.executor.parallel:run_until_complete finished
[4.044s] DEBUG:colcon.colcon_parallel_executor.executor.parallel:closing loop
[4.045s] DEBUG:colcon.colcon_parallel_executor.executor.parallel:loop closed
[4.045s] DEBUG:colcon.colcon_core.event_reactor:joining thread
[4.076s] INFO:colcon.colcon_core.plugin_system:Skipping extension 'colcon_notification.desktop_notification.notify_send': Could not find 'notify-send'
[4.077s] INFO:colcon.colcon_core.plugin_system:Skipping extension 'colcon_notification.desktop_notification.terminal_notifier': Not used on non-Darwin systems
[4.077s] INFO:colcon.colcon_core.plugin_system:Skipping extension 'colcon_notification.desktop_notification.win32': Not used on non-Windows systems
[4.077s] INFO:colcon.colcon_notification.desktop_notification:Sending desktop notification using 'notify2'
[4.085s] DEBUG:colcon.colcon_notification.desktop_notification.notify2:Failed to initialize notify2: org.freedesktop.DBus.Error.Spawn.ExecFailed: /usr/bin/dbus-launch terminated abnormally without any error message
[4.086s] DEBUG:colcon.colcon_core.event_reactor:joined thread
[4.087s] INFO:colcon.colcon_core.shell:Creating prefix script '/home/jetson/ros2_link_ws/install/local_setup.ps1'
[4.091s] INFO:colcon.colcon_core.shell:Creating prefix util module '/home/jetson/ros2_link_ws/install/_local_setup_util_ps1.py'
[4.096s] INFO:colcon.colcon_core.shell:Creating prefix chain script '/home/jetson/ros2_link_ws/install/setup.ps1'
[4.101s] INFO:colcon.colcon_core.shell:Creating prefix script '/home/jetson/ros2_link_ws/install/local_setup.sh'
[4.102s] INFO:colcon.colcon_core.shell:Creating prefix util module '/home/jetson/ros2_link_ws/install/_local_setup_util_sh.py'
[4.104s] INFO:colcon.colcon_core.shell:Creating prefix chain script '/home/jetson/ros2_link_ws/install/setup.sh'
[4.107s] INFO:colcon.colcon_core.shell:Creating prefix script '/home/jetson/ros2_link_ws/install/local_setup.bash'
[4.152s] INFO:colcon.colcon_core.shell:Creating prefix chain script '/home/jetson/ros2_link_ws/install/setup.bash'
[4.156s] INFO:colcon.colcon_core.shell:Creating prefix script '/home/jetson/ros2_link_ws/install/local_setup.zsh'
[4.157s] INFO:colcon.colcon_core.shell:Creating prefix chain script '/home/jetson/ros2_link_ws/install/setup.zsh'
