[0.619s] Invoking command in '/home/jetson/ros2_link_ws/build/px4_msgs': CMAKE_PREFIX_PATH=${CMAKE_PREFIX_PATH}:/home/jetson/ros2_link_ws/install/run_uav:/home/jetson/ros2_link_ws/install/kari_UAV_siyi:/opt/ros/humble /usr/bin/cmake /home/jetson/ros2_link_ws/src/px4_msgs -DCMAKE_INSTALL_PREFIX=/home/jetson/ros2_link_ws/install/px4_msgs
[0.812s] -- The C compiler identification is GNU 11.4.0
[0.962s] -- The CXX compiler identification is GNU 11.4.0
[0.987s] -- Detecting C compiler ABI info
[1.142s] -- Detecting C compiler ABI info - done
[1.158s] -- Check for working C compiler: /usr/bin/cc - skipped
[1.161s] -- Detecting C compile features
[1.166s] -- Detecting C compile features - done
[1.173s] -- Detecting CXX compiler ABI info
[1.385s] -- Detecting CXX compiler ABI info - done
[1.406s] -- Check for working CXX compiler: /usr/bin/c++ - skipped
[1.407s] -- Detecting CXX compile features
[1.408s] -- Detecting CXX compile features - done
[1.420s] -- Found ament_cmake: 1.3.10 (/opt/ros/humble/share/ament_cmake/cmake)
[1.781s] -- Found Python3: /usr/bin/python3 (found version "3.10.12") found components: Interpreter 
[2.013s] -- Found builtin_interfaces: 1.2.1 (/opt/ros/humble/share/builtin_interfaces/cmake)
[2.095s] -- Found rosidl_generator_c: 3.1.5 (/opt/ros/humble/share/rosidl_generator_c/cmake)
[2.108s] -- Found rosidl_adapter: 3.1.5 (/opt/ros/humble/share/rosidl_adapter/cmake)
[2.129s] -- Found rosidl_generator_cpp: 3.1.5 (/opt/ros/humble/share/rosidl_generator_cpp/cmake)
[2.160s] -- Using all available rosidl_typesupport_c: rosidl_typesupport_fastrtps_c;rosidl_typesupport_introspection_c
[2.200s] -- Using all available rosidl_typesupport_cpp: rosidl_typesupport_fastrtps_cpp;rosidl_typesupport_introspection_cpp
[2.236s] -- Found rosidl_default_generators: 1.2.0 (/opt/ros/humble/share/rosidl_default_generators/cmake)
[5.555s] -- Found ament_cmake_cppcheck: 0.12.11 (/opt/ros/humble/share/ament_cmake_cppcheck/cmake)
[5.560s] -- Found ament_cmake_cpplint: 0.12.11 (/opt/ros/humble/share/ament_cmake_cpplint/cmake)
[5.565s] -- Found ament_cmake_uncrustify: 0.12.11 (/opt/ros/humble/share/ament_cmake_uncrustify/cmake)
[5.571s] -- Found ament_cmake_ros: 0.10.0 (/opt/ros/humble/share/ament_cmake_ros/cmake)
[6.449s] -- Using all available rosidl_typesupport_c: rosidl_typesupport_fastrtps_c;rosidl_typesupport_introspection_c
[6.787s] -- Using all available rosidl_typesupport_cpp: rosidl_typesupport_fastrtps_cpp;rosidl_typesupport_introspection_cpp
[6.850s] -- Found PythonInterp: /usr/bin/python3 (found suitable version "3.10.12", minimum required is "3.6") 
[6.855s] -- Found python_cmake_module: 0.10.0 (/opt/ros/humble/share/python_cmake_module/cmake)
[6.921s] -- Found PythonLibs: /usr/lib/aarch64-linux-gnu/libpython3.10.so (found suitable version "3.10.12", minimum required is "3.5") 
[6.922s] -- Using PYTHON_EXECUTABLE: /usr/bin/python3
[6.922s] -- Using PYTHON_INCLUDE_DIRS: /usr/include/python3.10
[6.923s] -- Using PYTHON_LIBRARIES: /usr/lib/aarch64-linux-gnu/libpython3.10.so
[6.972s] -- Found PythonExtra: .so  
[7.125s] -- Found ament_cmake_flake8: 0.12.11 (/opt/ros/humble/share/ament_cmake_flake8/cmake)
[7.131s] -- Found ament_cmake_pep257: 0.12.11 (/opt/ros/humble/share/ament_cmake_pep257/cmake)
[7.168s] -- Configuring done
[7.829s] -- Generating done
[7.837s] -- Build files have been written to: /home/jetson/ros2_link_ws/build/px4_msgs
