[0.226s] DEBUG:colcon:Command line arguments: ['/usr/bin/colcon', 'build']
[0.226s] DEBUG:colcon:Parsed command line arguments: Namespace(log_base=None, log_level=None, verb_name='build', build_base='build', install_base='install', merge_install=False, symlink_install=False, test_result_base=None, continue_on_error=False, executor='parallel', parallel_workers=6, event_handlers=None, ignore_user_meta=False, metas=['./colcon.meta'], base_paths=['.'], packages_ignore=None, packages_ignore_regex=None, paths=None, packages_up_to=None, packages_up_to_regex=None, packages_above=None, packages_above_and_dependencies=None, packages_above_depth=None, packages_select_by_dep=None, packages_skip_by_dep=None, packages_skip_up_to=None, packages_select_build_failed=False, packages_skip_build_finished=False, packages_select_test_failures=False, packages_skip_test_passed=False, packages_select=None, packages_skip=None, packages_select_regex=None, packages_skip_regex=None, packages_start=None, packages_end=None, allow_overriding=[], cmake_args=None, cmake_target=None, cmake_target_skip_unavailable=False, cmake_clean_cache=False, cmake_clean_first=False, cmake_force_configure=False, ament_cmake_args=None, catkin_cmake_args=None, catkin_skip_building_tests=False, verb_parser=<colcon_defaults.argument_parser.defaults.DefaultArgumentsDecorator object at 0xffffa2ebc3a0>, verb_extension=<colcon_core.verb.build.BuildVerb object at 0xffffa2e93f10>, main=<bound method BuildVerb.main of <colcon_core.verb.build.BuildVerb object at 0xffffa2e93f10>>)
[0.552s] Level 1:colcon.colcon_core.package_discovery:discover_packages(colcon_meta) check parameters
[0.553s] Level 1:colcon.colcon_core.package_discovery:discover_packages(recursive) check parameters
[0.553s] Level 1:colcon.colcon_core.package_discovery:discover_packages(ignore) check parameters
[0.553s] Level 1:colcon.colcon_core.package_discovery:discover_packages(path) check parameters
[0.553s] Level 1:colcon.colcon_core.package_discovery:discover_packages(colcon_meta) discover
[0.553s] Level 1:colcon.colcon_core.package_discovery:discover_packages(recursive) discover
[0.553s] INFO:colcon.colcon_core.package_discovery:Crawling recursively for packages in '/home/ros2mc/ros2_link_ws'
[0.554s] Level 1:colcon.colcon_core.package_identification:_identify(.) by extensions ['ignore', 'ignore_ament_install']
[0.554s] Level 1:colcon.colcon_core.package_identification:_identify(.) by extension 'ignore'
[0.554s] Level 1:colcon.colcon_core.package_identification:_identify(.) by extension 'ignore_ament_install'
[0.554s] Level 1:colcon.colcon_core.package_identification:_identify(.) by extensions ['colcon_pkg']
[0.554s] Level 1:colcon.colcon_core.package_identification:_identify(.) by extension 'colcon_pkg'
[0.554s] Level 1:colcon.colcon_core.package_identification:_identify(.) by extensions ['colcon_meta']
[0.554s] Level 1:colcon.colcon_core.package_identification:_identify(.) by extension 'colcon_meta'
[0.555s] Level 1:colcon.colcon_core.package_identification:_identify(.) by extensions ['ros']
[0.555s] Level 1:colcon.colcon_core.package_identification:_identify(.) by extension 'ros'
[0.580s] Level 1:colcon.colcon_core.package_identification:_identify(.) by extensions ['cmake', 'python']
[0.580s] Level 1:colcon.colcon_core.package_identification:_identify(.) by extension 'cmake'
[0.580s] Level 1:colcon.colcon_core.package_identification:_identify(.) by extension 'python'
[0.580s] Level 1:colcon.colcon_core.package_identification:_identify(.) by extensions ['python_setup_py']
[0.580s] Level 1:colcon.colcon_core.package_identification:_identify(.) by extension 'python_setup_py'
[0.581s] Level 1:colcon.colcon_core.package_identification:_identify(build) by extensions ['ignore', 'ignore_ament_install']
[0.581s] Level 1:colcon.colcon_core.package_identification:_identify(build) by extension 'ignore'
[0.581s] Level 1:colcon.colcon_core.package_identification:_identify(build) ignored
[0.581s] Level 1:colcon.colcon_core.package_identification:_identify(install) by extensions ['ignore', 'ignore_ament_install']
[0.581s] Level 1:colcon.colcon_core.package_identification:_identify(install) by extension 'ignore'
[0.582s] Level 1:colcon.colcon_core.package_identification:_identify(install) ignored
[0.582s] Level 1:colcon.colcon_core.package_identification:_identify(log) by extensions ['ignore', 'ignore_ament_install']
[0.582s] Level 1:colcon.colcon_core.package_identification:_identify(log) by extension 'ignore'
[0.582s] Level 1:colcon.colcon_core.package_identification:_identify(log) ignored
[0.582s] Level 1:colcon.colcon_core.package_identification:_identify(src) by extensions ['ignore', 'ignore_ament_install']
[0.583s] Level 1:colcon.colcon_core.package_identification:_identify(src) by extension 'ignore'
[0.583s] Level 1:colcon.colcon_core.package_identification:_identify(src) by extension 'ignore_ament_install'
[0.583s] Level 1:colcon.colcon_core.package_identification:_identify(src) by extensions ['colcon_pkg']
[0.583s] Level 1:colcon.colcon_core.package_identification:_identify(src) by extension 'colcon_pkg'
[0.583s] Level 1:colcon.colcon_core.package_identification:_identify(src) by extensions ['colcon_meta']
[0.583s] Level 1:colcon.colcon_core.package_identification:_identify(src) by extension 'colcon_meta'
[0.583s] Level 1:colcon.colcon_core.package_identification:_identify(src) by extensions ['ros']
[0.583s] Level 1:colcon.colcon_core.package_identification:_identify(src) by extension 'ros'
[0.583s] Level 1:colcon.colcon_core.package_identification:_identify(src) by extensions ['cmake', 'python']
[0.584s] Level 1:colcon.colcon_core.package_identification:_identify(src) by extension 'cmake'
[0.584s] Level 1:colcon.colcon_core.package_identification:_identify(src) by extension 'python'
[0.584s] Level 1:colcon.colcon_core.package_identification:_identify(src) by extensions ['python_setup_py']
[0.584s] Level 1:colcon.colcon_core.package_identification:_identify(src) by extension 'python_setup_py'
[0.584s] Level 1:colcon.colcon_core.package_identification:_identify(src/kari_UAV_siyi) by extensions ['ignore', 'ignore_ament_install']
[0.584s] Level 1:colcon.colcon_core.package_identification:_identify(src/kari_UAV_siyi) by extension 'ignore'
[0.584s] Level 1:colcon.colcon_core.package_identification:_identify(src/kari_UAV_siyi) by extension 'ignore_ament_install'
[0.584s] Level 1:colcon.colcon_core.package_identification:_identify(src/kari_UAV_siyi) by extensions ['colcon_pkg']
[0.585s] Level 1:colcon.colcon_core.package_identification:_identify(src/kari_UAV_siyi) by extension 'colcon_pkg'
[0.585s] Level 1:colcon.colcon_core.package_identification:_identify(src/kari_UAV_siyi) by extensions ['colcon_meta']
[0.585s] Level 1:colcon.colcon_core.package_identification:_identify(src/kari_UAV_siyi) by extension 'colcon_meta'
[0.585s] Level 1:colcon.colcon_core.package_identification:_identify(src/kari_UAV_siyi) by extensions ['ros']
[0.585s] Level 1:colcon.colcon_core.package_identification:_identify(src/kari_UAV_siyi) by extension 'ros'
[0.590s] DEBUG:colcon.colcon_core.package_identification:Package 'src/kari_UAV_siyi' with type 'ros.ament_python' and name 'kari_UAV_siyi'
[0.590s] Level 1:colcon.colcon_core.package_identification:_identify(src/kari_drone_system) by extensions ['ignore', 'ignore_ament_install']
[0.591s] Level 1:colcon.colcon_core.package_identification:_identify(src/kari_drone_system) by extension 'ignore'
[0.591s] Level 1:colcon.colcon_core.package_identification:_identify(src/kari_drone_system) by extension 'ignore_ament_install'
[0.591s] Level 1:colcon.colcon_core.package_identification:_identify(src/kari_drone_system) by extensions ['colcon_pkg']
[0.591s] Level 1:colcon.colcon_core.package_identification:_identify(src/kari_drone_system) by extension 'colcon_pkg'
[0.591s] Level 1:colcon.colcon_core.package_identification:_identify(src/kari_drone_system) by extensions ['colcon_meta']
[0.591s] Level 1:colcon.colcon_core.package_identification:_identify(src/kari_drone_system) by extension 'colcon_meta'
[0.591s] Level 1:colcon.colcon_core.package_identification:_identify(src/kari_drone_system) by extensions ['ros']
[0.592s] Level 1:colcon.colcon_core.package_identification:_identify(src/kari_drone_system) by extension 'ros'
[0.593s] DEBUG:colcon.colcon_core.package_identification:Package 'src/kari_drone_system' with type 'ros.ament_cmake' and name 'kari_drone_system'
[0.593s] Level 1:colcon.colcon_core.package_identification:_identify(src/px4_msgs) by extensions ['ignore', 'ignore_ament_install']
[0.593s] Level 1:colcon.colcon_core.package_identification:_identify(src/px4_msgs) by extension 'ignore'
[0.593s] Level 1:colcon.colcon_core.package_identification:_identify(src/px4_msgs) by extension 'ignore_ament_install'
[0.593s] Level 1:colcon.colcon_core.package_identification:_identify(src/px4_msgs) by extensions ['colcon_pkg']
[0.593s] Level 1:colcon.colcon_core.package_identification:_identify(src/px4_msgs) by extension 'colcon_pkg'
[0.594s] Level 1:colcon.colcon_core.package_identification:_identify(src/px4_msgs) by extensions ['colcon_meta']
[0.594s] Level 1:colcon.colcon_core.package_identification:_identify(src/px4_msgs) by extension 'colcon_meta'
[0.594s] Level 1:colcon.colcon_core.package_identification:_identify(src/px4_msgs) by extensions ['ros']
[0.594s] Level 1:colcon.colcon_core.package_identification:_identify(src/px4_msgs) by extension 'ros'
[0.596s] DEBUG:colcon.colcon_core.package_identification:Package 'src/px4_msgs' with type 'ros.ament_cmake' and name 'px4_msgs'
[0.596s] Level 1:colcon.colcon_core.package_identification:_identify(src/run_uav) by extensions ['ignore', 'ignore_ament_install']
[0.596s] Level 1:colcon.colcon_core.package_identification:_identify(src/run_uav) by extension 'ignore'
[0.596s] Level 1:colcon.colcon_core.package_identification:_identify(src/run_uav) by extension 'ignore_ament_install'
[0.596s] Level 1:colcon.colcon_core.package_identification:_identify(src/run_uav) by extensions ['colcon_pkg']
[0.596s] Level 1:colcon.colcon_core.package_identification:_identify(src/run_uav) by extension 'colcon_pkg'
[0.596s] Level 1:colcon.colcon_core.package_identification:_identify(src/run_uav) by extensions ['colcon_meta']
[0.597s] Level 1:colcon.colcon_core.package_identification:_identify(src/run_uav) by extension 'colcon_meta'
[0.597s] Level 1:colcon.colcon_core.package_identification:_identify(src/run_uav) by extensions ['ros']
[0.597s] Level 1:colcon.colcon_core.package_identification:_identify(src/run_uav) by extension 'ros'
[0.598s] DEBUG:colcon.colcon_core.package_identification:Package 'src/run_uav' with type 'ros.ament_python' and name 'run_uav'
[0.598s] Level 1:colcon.colcon_core.package_discovery:discover_packages(recursive) using defaults
[0.598s] Level 1:colcon.colcon_core.package_discovery:discover_packages(ignore) discover
[0.598s] Level 1:colcon.colcon_core.package_discovery:discover_packages(ignore) using defaults
[0.598s] Level 1:colcon.colcon_core.package_discovery:discover_packages(path) discover
[0.598s] Level 1:colcon.colcon_core.package_discovery:discover_packages(path) using defaults
[0.642s] Level 1:colcon.colcon_core.package_discovery:discover_packages(prefix_path) check parameters
[0.642s] Level 1:colcon.colcon_core.package_discovery:discover_packages(prefix_path) discover
[0.645s] WARNING:colcon.colcon_ros.prefix_path.ament:The path '/home/ros2mc/ros2_ws/install/kari-drone-system' in the environment variable AMENT_PREFIX_PATH doesn't exist
[0.645s] WARNING:colcon.colcon_ros.prefix_path.catkin:The path '/home/ros2mc/ros2_ws/install/kari-drone-system' in the environment variable CMAKE_PREFIX_PATH doesn't exist
[0.647s] DEBUG:colcon.colcon_installed_package_information.package_discovery:Found 4 installed packages in /home/ros2mc/ros2_ws/install
[0.649s] DEBUG:colcon.colcon_installed_package_information.package_discovery:Found 194 installed packages in /opt/ros/humble
[0.651s] Level 1:colcon.colcon_core.package_discovery:discover_packages(prefix_path) using defaults
[0.742s] Level 5:colcon.colcon_core.verb:set package 'kari_UAV_siyi' build argument 'cmake_args' from command line to 'None'
[0.742s] Level 5:colcon.colcon_core.verb:set package 'kari_UAV_siyi' build argument 'cmake_target' from command line to 'None'
[0.742s] Level 5:colcon.colcon_core.verb:set package 'kari_UAV_siyi' build argument 'cmake_target_skip_unavailable' from command line to 'False'
[0.742s] Level 5:colcon.colcon_core.verb:set package 'kari_UAV_siyi' build argument 'cmake_clean_cache' from command line to 'False'
[0.742s] Level 5:colcon.colcon_core.verb:set package 'kari_UAV_siyi' build argument 'cmake_clean_first' from command line to 'False'
[0.742s] Level 5:colcon.colcon_core.verb:set package 'kari_UAV_siyi' build argument 'cmake_force_configure' from command line to 'False'
[0.742s] Level 5:colcon.colcon_core.verb:set package 'kari_UAV_siyi' build argument 'ament_cmake_args' from command line to 'None'
[0.742s] Level 5:colcon.colcon_core.verb:set package 'kari_UAV_siyi' build argument 'catkin_cmake_args' from command line to 'None'
[0.742s] Level 5:colcon.colcon_core.verb:set package 'kari_UAV_siyi' build argument 'catkin_skip_building_tests' from command line to 'False'
[0.743s] DEBUG:colcon.colcon_core.verb:Building package 'kari_UAV_siyi' with the following arguments: {'ament_cmake_args': None, 'build_base': '/home/ros2mc/ros2_link_ws/build/kari_UAV_siyi', 'catkin_cmake_args': None, 'catkin_skip_building_tests': False, 'cmake_args': None, 'cmake_clean_cache': False, 'cmake_clean_first': False, 'cmake_force_configure': False, 'cmake_target': None, 'cmake_target_skip_unavailable': False, 'install_base': '/home/ros2mc/ros2_link_ws/install/kari_UAV_siyi', 'merge_install': False, 'path': '/home/ros2mc/ros2_link_ws/src/kari_UAV_siyi', 'symlink_install': False, 'test_result_base': None}
[0.743s] Level 5:colcon.colcon_core.verb:set package 'kari_drone_system' build argument 'cmake_args' from command line to 'None'
[0.743s] Level 5:colcon.colcon_core.verb:set package 'kari_drone_system' build argument 'cmake_target' from command line to 'None'
[0.743s] Level 5:colcon.colcon_core.verb:set package 'kari_drone_system' build argument 'cmake_target_skip_unavailable' from command line to 'False'
[0.743s] Level 5:colcon.colcon_core.verb:set package 'kari_drone_system' build argument 'cmake_clean_cache' from command line to 'False'
[0.744s] Level 5:colcon.colcon_core.verb:set package 'kari_drone_system' build argument 'cmake_clean_first' from command line to 'False'
[0.744s] Level 5:colcon.colcon_core.verb:set package 'kari_drone_system' build argument 'cmake_force_configure' from command line to 'False'
[0.744s] Level 5:colcon.colcon_core.verb:set package 'kari_drone_system' build argument 'ament_cmake_args' from command line to 'None'
[0.744s] Level 5:colcon.colcon_core.verb:set package 'kari_drone_system' build argument 'catkin_cmake_args' from command line to 'None'
[0.744s] Level 5:colcon.colcon_core.verb:set package 'kari_drone_system' build argument 'catkin_skip_building_tests' from command line to 'False'
[0.744s] DEBUG:colcon.colcon_core.verb:Building package 'kari_drone_system' with the following arguments: {'ament_cmake_args': None, 'build_base': '/home/ros2mc/ros2_link_ws/build/kari_drone_system', 'catkin_cmake_args': None, 'catkin_skip_building_tests': False, 'cmake_args': None, 'cmake_clean_cache': False, 'cmake_clean_first': False, 'cmake_force_configure': False, 'cmake_target': None, 'cmake_target_skip_unavailable': False, 'install_base': '/home/ros2mc/ros2_link_ws/install/kari_drone_system', 'merge_install': False, 'path': '/home/ros2mc/ros2_link_ws/src/kari_drone_system', 'symlink_install': False, 'test_result_base': None}
[0.744s] Level 5:colcon.colcon_core.verb:set package 'px4_msgs' build argument 'cmake_args' from command line to 'None'
[0.744s] Level 5:colcon.colcon_core.verb:set package 'px4_msgs' build argument 'cmake_target' from command line to 'None'
[0.745s] Level 5:colcon.colcon_core.verb:set package 'px4_msgs' build argument 'cmake_target_skip_unavailable' from command line to 'False'
[0.745s] Level 5:colcon.colcon_core.verb:set package 'px4_msgs' build argument 'cmake_clean_cache' from command line to 'False'
[0.745s] Level 5:colcon.colcon_core.verb:set package 'px4_msgs' build argument 'cmake_clean_first' from command line to 'False'
[0.745s] Level 5:colcon.colcon_core.verb:set package 'px4_msgs' build argument 'cmake_force_configure' from command line to 'False'
[0.745s] Level 5:colcon.colcon_core.verb:set package 'px4_msgs' build argument 'ament_cmake_args' from command line to 'None'
[0.745s] Level 5:colcon.colcon_core.verb:set package 'px4_msgs' build argument 'catkin_cmake_args' from command line to 'None'
[0.745s] Level 5:colcon.colcon_core.verb:set package 'px4_msgs' build argument 'catkin_skip_building_tests' from command line to 'False'
[0.745s] DEBUG:colcon.colcon_core.verb:Building package 'px4_msgs' with the following arguments: {'ament_cmake_args': None, 'build_base': '/home/ros2mc/ros2_link_ws/build/px4_msgs', 'catkin_cmake_args': None, 'catkin_skip_building_tests': False, 'cmake_args': None, 'cmake_clean_cache': False, 'cmake_clean_first': False, 'cmake_force_configure': False, 'cmake_target': None, 'cmake_target_skip_unavailable': False, 'install_base': '/home/ros2mc/ros2_link_ws/install/px4_msgs', 'merge_install': False, 'path': '/home/ros2mc/ros2_link_ws/src/px4_msgs', 'symlink_install': False, 'test_result_base': None}
[0.746s] Level 5:colcon.colcon_core.verb:set package 'run_uav' build argument 'cmake_args' from command line to 'None'
[0.746s] Level 5:colcon.colcon_core.verb:set package 'run_uav' build argument 'cmake_target' from command line to 'None'
[0.746s] Level 5:colcon.colcon_core.verb:set package 'run_uav' build argument 'cmake_target_skip_unavailable' from command line to 'False'
[0.746s] Level 5:colcon.colcon_core.verb:set package 'run_uav' build argument 'cmake_clean_cache' from command line to 'False'
[0.746s] Level 5:colcon.colcon_core.verb:set package 'run_uav' build argument 'cmake_clean_first' from command line to 'False'
[0.746s] Level 5:colcon.colcon_core.verb:set package 'run_uav' build argument 'cmake_force_configure' from command line to 'False'
[0.746s] Level 5:colcon.colcon_core.verb:set package 'run_uav' build argument 'ament_cmake_args' from command line to 'None'
[0.746s] Level 5:colcon.colcon_core.verb:set package 'run_uav' build argument 'catkin_cmake_args' from command line to 'None'
[0.746s] Level 5:colcon.colcon_core.verb:set package 'run_uav' build argument 'catkin_skip_building_tests' from command line to 'False'
[0.746s] DEBUG:colcon.colcon_core.verb:Building package 'run_uav' with the following arguments: {'ament_cmake_args': None, 'build_base': '/home/ros2mc/ros2_link_ws/build/run_uav', 'catkin_cmake_args': None, 'catkin_skip_building_tests': False, 'cmake_args': None, 'cmake_clean_cache': False, 'cmake_clean_first': False, 'cmake_force_configure': False, 'cmake_target': None, 'cmake_target_skip_unavailable': False, 'install_base': '/home/ros2mc/ros2_link_ws/install/run_uav', 'merge_install': False, 'path': '/home/ros2mc/ros2_link_ws/src/run_uav', 'symlink_install': False, 'test_result_base': None}
[0.746s] INFO:colcon.colcon_core.executor:Executing jobs using 'parallel' executor
[0.749s] DEBUG:colcon.colcon_parallel_executor.executor.parallel:run_until_complete
[0.750s] INFO:colcon.colcon_ros.task.ament_python.build:Building ROS package in '/home/ros2mc/ros2_link_ws/src/kari_UAV_siyi' with build type 'ament_python'
[0.750s] Level 1:colcon.colcon_core.shell:create_environment_hook('kari_UAV_siyi', 'ament_prefix_path')
[0.754s] INFO:colcon.colcon_core.plugin_system:Skipping extension 'colcon_core.shell.bat': Not used on non-Windows systems
[0.755s] INFO:colcon.colcon_core.shell:Creating environment hook '/home/ros2mc/ros2_link_ws/install/kari_UAV_siyi/share/kari_UAV_siyi/hook/ament_prefix_path.ps1'
[0.757s] INFO:colcon.colcon_core.shell:Creating environment descriptor '/home/ros2mc/ros2_link_ws/install/kari_UAV_siyi/share/kari_UAV_siyi/hook/ament_prefix_path.dsv'
[0.758s] INFO:colcon.colcon_core.shell:Creating environment hook '/home/ros2mc/ros2_link_ws/install/kari_UAV_siyi/share/kari_UAV_siyi/hook/ament_prefix_path.sh'
[0.759s] INFO:colcon.colcon_core.shell:Skip shell extension 'powershell' for command environment: Not usable outside of PowerShell
[0.759s] DEBUG:colcon.colcon_core.shell:Skip shell extension 'dsv' for command environment
[0.773s] INFO:colcon.colcon_ros.task.ament_cmake.build:Building ROS package in '/home/ros2mc/ros2_link_ws/src/kari_drone_system' with build type 'ament_cmake'
[0.773s] INFO:colcon.colcon_cmake.task.cmake.build:Building CMake package in '/home/ros2mc/ros2_link_ws/src/kari_drone_system'
[0.774s] INFO:colcon.colcon_core.shell:Skip shell extension 'powershell' for command environment: Not usable outside of PowerShell
[0.774s] DEBUG:colcon.colcon_core.shell:Skip shell extension 'dsv' for command environment
[0.783s] INFO:colcon.colcon_ros.task.ament_cmake.build:Building ROS package in '/home/ros2mc/ros2_link_ws/src/px4_msgs' with build type 'ament_cmake'
[0.784s] INFO:colcon.colcon_cmake.task.cmake.build:Building CMake package in '/home/ros2mc/ros2_link_ws/src/px4_msgs'
[0.785s] INFO:colcon.colcon_core.shell:Skip shell extension 'powershell' for command environment: Not usable outside of PowerShell
[0.785s] DEBUG:colcon.colcon_core.shell:Skip shell extension 'dsv' for command environment
[0.792s] INFO:colcon.colcon_ros.task.ament_python.build:Building ROS package in '/home/ros2mc/ros2_link_ws/src/run_uav' with build type 'ament_python'
[0.793s] Level 1:colcon.colcon_core.shell:create_environment_hook('run_uav', 'ament_prefix_path')
[0.794s] INFO:colcon.colcon_core.shell:Creating environment hook '/home/ros2mc/ros2_link_ws/install/run_uav/share/run_uav/hook/ament_prefix_path.ps1'
[0.795s] INFO:colcon.colcon_core.shell:Creating environment descriptor '/home/ros2mc/ros2_link_ws/install/run_uav/share/run_uav/hook/ament_prefix_path.dsv'
[0.796s] INFO:colcon.colcon_core.shell:Creating environment hook '/home/ros2mc/ros2_link_ws/install/run_uav/share/run_uav/hook/ament_prefix_path.sh'
[0.797s] INFO:colcon.colcon_core.shell:Skip shell extension 'powershell' for command environment: Not usable outside of PowerShell
[0.797s] DEBUG:colcon.colcon_core.shell:Skip shell extension 'dsv' for command environment
[1.368s] INFO:colcon.colcon_core.task.python.build:Building Python package in '/home/ros2mc/ros2_link_ws/src/kari_UAV_siyi'
[1.369s] INFO:colcon.colcon_core.shell:Skip shell extension 'powershell' for command environment: Not usable outside of PowerShell
[1.369s] DEBUG:colcon.colcon_core.shell:Skip shell extension 'dsv' for command environment
[1.384s] DEBUG:colcon.colcon_core.event_handler.log_command:Invoking command in '/home/ros2mc/ros2_link_ws/build/kari_drone_system': CMAKE_PREFIX_PATH=${CMAKE_PREFIX_PATH}:/home/ros2mc/ros2_ws/install/kari_UAV_siyi:/opt/ros/humble /usr/bin/cmake --build /home/ros2mc/ros2_link_ws/build/kari_drone_system -- -j6 -l6
[1.395s] DEBUG:colcon.colcon_core.event_handler.log_command:Invoking command in '/home/ros2mc/ros2_link_ws/build/px4_msgs': CMAKE_PREFIX_PATH=${CMAKE_PREFIX_PATH}:/home/ros2mc/ros2_ws/install/kari_UAV_siyi:/opt/ros/humble /usr/bin/cmake --build /home/ros2mc/ros2_link_ws/build/px4_msgs -- -j6 -l6
[1.996s] INFO:colcon.colcon_core.task.python.build:Building Python package in '/home/ros2mc/ros2_link_ws/src/run_uav'
[1.997s] INFO:colcon.colcon_core.shell:Skip shell extension 'powershell' for command environment: Not usable outside of PowerShell
[1.997s] DEBUG:colcon.colcon_core.shell:Skip shell extension 'dsv' for command environment
[2.011s] DEBUG:colcon.colcon_core.event_handler.log_command:Invoked command in '/home/ros2mc/ros2_link_ws/build/px4_msgs' returned '2': CMAKE_PREFIX_PATH=${CMAKE_PREFIX_PATH}:/home/ros2mc/ros2_ws/install/kari_UAV_siyi:/opt/ros/humble /usr/bin/cmake --build /home/ros2mc/ros2_link_ws/build/px4_msgs -- -j6 -l6
[2.014s] DEBUG:colcon.colcon_core.event_handler.log_command:Invoked command in '/home/ros2mc/ros2_link_ws/build/kari_drone_system' returned '0': CMAKE_PREFIX_PATH=${CMAKE_PREFIX_PATH}:/home/ros2mc/ros2_ws/install/kari_UAV_siyi:/opt/ros/humble /usr/bin/cmake --build /home/ros2mc/ros2_link_ws/build/kari_drone_system -- -j6 -l6
[2.133s] DEBUG:colcon.colcon_core.event_handler.log_command:Invoking command in '/home/ros2mc/ros2_link_ws/build/kari_drone_system': CMAKE_PREFIX_PATH=${CMAKE_PREFIX_PATH}:/home/ros2mc/ros2_ws/install/kari_UAV_siyi:/opt/ros/humble /usr/bin/cmake --install /home/ros2mc/ros2_link_ws/build/kari_drone_system
[2.936s] DEBUG:colcon.colcon_core.event_handler.log_command:Invoking command in '/home/ros2mc/ros2_link_ws/src/kari_UAV_siyi': PYTHONPATH=/home/ros2mc/ros2_link_ws/build/kari_UAV_siyi/prefix_override:/usr/lib/python3/dist-packages/colcon_core/task/python/colcon_distutils_commands:/home/ros2mc/ros2_link_ws/install/kari_UAV_siyi/lib/python3.10/site-packages:${PYTHONPATH} /usr/bin/python3 -W ignore:setup.py install is deprecated setup.py egg_info --egg-base ../../build/kari_UAV_siyi build --build-base /home/ros2mc/ros2_link_ws/build/kari_UAV_siyi/build install --record /home/ros2mc/ros2_link_ws/build/kari_UAV_siyi/install.log --single-version-externally-managed install_data
[2.963s] DEBUG:colcon.colcon_core.event_handler.log_command:Invoking command in '/home/ros2mc/ros2_link_ws/src/run_uav': PYTHONPATH=/home/ros2mc/ros2_link_ws/build/run_uav/prefix_override:/usr/lib/python3/dist-packages/colcon_core/task/python/colcon_distutils_commands:/home/ros2mc/ros2_link_ws/install/run_uav/lib/python3.10/site-packages:${PYTHONPATH} /usr/bin/python3 -W ignore:setup.py install is deprecated setup.py egg_info --egg-base ../../build/run_uav build --build-base /home/ros2mc/ros2_link_ws/build/run_uav/build install --record /home/ros2mc/ros2_link_ws/build/run_uav/install.log --single-version-externally-managed install_data
[3.777s] Level 1:colcon.colcon_core.environment:checking '/home/ros2mc/ros2_link_ws/install/kari_UAV_siyi' for CMake module files
[3.782s] DEBUG:colcon.colcon_core.event_handler.log_command:Invoked command in '/home/ros2mc/ros2_link_ws/src/kari_UAV_siyi' returned '0': PYTHONPATH=/home/ros2mc/ros2_link_ws/build/kari_UAV_siyi/prefix_override:/usr/lib/python3/dist-packages/colcon_core/task/python/colcon_distutils_commands:/home/ros2mc/ros2_link_ws/install/kari_UAV_siyi/lib/python3.10/site-packages:${PYTHONPATH} /usr/bin/python3 -W ignore:setup.py install is deprecated setup.py egg_info --egg-base ../../build/kari_UAV_siyi build --build-base /home/ros2mc/ros2_link_ws/build/kari_UAV_siyi/build install --record /home/ros2mc/ros2_link_ws/build/kari_UAV_siyi/install.log --single-version-externally-managed install_data
[3.784s] Level 1:colcon.colcon_core.environment:checking '/home/ros2mc/ros2_link_ws/install/kari_UAV_siyi' for CMake config files
[3.789s] Level 1:colcon.colcon_core.environment:checking '/home/ros2mc/ros2_link_ws/install/kari_UAV_siyi/lib'
[3.790s] Level 1:colcon.colcon_core.environment:checking '/home/ros2mc/ros2_link_ws/install/kari_UAV_siyi/bin'
[3.790s] Level 1:colcon.colcon_core.environment:checking '/home/ros2mc/ros2_link_ws/install/kari_UAV_siyi/lib/pkgconfig/kari_UAV_siyi.pc'
[3.790s] Level 1:colcon.colcon_core.environment:checking '/home/ros2mc/ros2_link_ws/install/kari_UAV_siyi/lib/python3.10/site-packages'
[3.790s] Level 1:colcon.colcon_core.shell:create_environment_hook('kari_UAV_siyi', 'pythonpath')
[3.791s] INFO:colcon.colcon_core.shell:Creating environment hook '/home/ros2mc/ros2_link_ws/install/kari_UAV_siyi/share/kari_UAV_siyi/hook/pythonpath.ps1'
[3.793s] INFO:colcon.colcon_core.shell:Creating environment descriptor '/home/ros2mc/ros2_link_ws/install/kari_UAV_siyi/share/kari_UAV_siyi/hook/pythonpath.dsv'
[3.794s] INFO:colcon.colcon_core.shell:Creating environment hook '/home/ros2mc/ros2_link_ws/install/kari_UAV_siyi/share/kari_UAV_siyi/hook/pythonpath.sh'
[3.805s] Level 1:colcon.colcon_core.environment:checking '/home/ros2mc/ros2_link_ws/install/kari_UAV_siyi/bin'
[3.805s] Level 1:colcon.colcon_core.environment:create_environment_scripts_only(kari_UAV_siyi)
[3.806s] INFO:colcon.colcon_core.shell:Creating package script '/home/ros2mc/ros2_link_ws/install/kari_UAV_siyi/share/kari_UAV_siyi/package.ps1'
[3.809s] INFO:colcon.colcon_core.shell:Creating package descriptor '/home/ros2mc/ros2_link_ws/install/kari_UAV_siyi/share/kari_UAV_siyi/package.dsv'
[3.813s] INFO:colcon.colcon_core.shell:Creating package script '/home/ros2mc/ros2_link_ws/install/kari_UAV_siyi/share/kari_UAV_siyi/package.sh'
[3.816s] INFO:colcon.colcon_core.shell:Creating package script '/home/ros2mc/ros2_link_ws/install/kari_UAV_siyi/share/kari_UAV_siyi/package.bash'
[3.818s] INFO:colcon.colcon_core.shell:Creating package script '/home/ros2mc/ros2_link_ws/install/kari_UAV_siyi/share/kari_UAV_siyi/package.zsh'
[3.821s] Level 1:colcon.colcon_core.environment:create_file_with_runtime_dependencies(/home/ros2mc/ros2_link_ws/install/kari_UAV_siyi/share/colcon-core/packages/kari_UAV_siyi)
[3.930s] Level 1:colcon.colcon_core.environment:checking '/home/ros2mc/ros2_link_ws/install/run_uav' for CMake module files
[3.934s] Level 1:colcon.colcon_core.environment:checking '/home/ros2mc/ros2_link_ws/install/run_uav' for CMake config files
[3.935s] Level 1:colcon.colcon_core.environment:checking '/home/ros2mc/ros2_link_ws/install/run_uav/lib'
[3.936s] Level 1:colcon.colcon_core.environment:checking '/home/ros2mc/ros2_link_ws/install/run_uav/bin'
[3.936s] Level 1:colcon.colcon_core.environment:checking '/home/ros2mc/ros2_link_ws/install/run_uav/lib/pkgconfig/run_uav.pc'
[3.936s] Level 1:colcon.colcon_core.environment:checking '/home/ros2mc/ros2_link_ws/install/run_uav/lib/python3.10/site-packages'
[3.937s] Level 1:colcon.colcon_core.shell:create_environment_hook('run_uav', 'pythonpath')
[3.937s] INFO:colcon.colcon_core.shell:Creating environment hook '/home/ros2mc/ros2_link_ws/install/run_uav/share/run_uav/hook/pythonpath.ps1'
[3.938s] INFO:colcon.colcon_core.shell:Creating environment descriptor '/home/ros2mc/ros2_link_ws/install/run_uav/share/run_uav/hook/pythonpath.dsv'
[3.945s] DEBUG:colcon.colcon_core.event_handler.log_command:Invoked command in '/home/ros2mc/ros2_link_ws/src/run_uav' returned '0': PYTHONPATH=/home/ros2mc/ros2_link_ws/build/run_uav/prefix_override:/usr/lib/python3/dist-packages/colcon_core/task/python/colcon_distutils_commands:/home/ros2mc/ros2_link_ws/install/run_uav/lib/python3.10/site-packages:${PYTHONPATH} /usr/bin/python3 -W ignore:setup.py install is deprecated setup.py egg_info --egg-base ../../build/run_uav build --build-base /home/ros2mc/ros2_link_ws/build/run_uav/build install --record /home/ros2mc/ros2_link_ws/build/run_uav/install.log --single-version-externally-managed install_data
[3.947s] INFO:colcon.colcon_core.shell:Creating environment hook '/home/ros2mc/ros2_link_ws/install/run_uav/share/run_uav/hook/pythonpath.sh'
[3.949s] Level 1:colcon.colcon_core.environment:checking '/home/ros2mc/ros2_link_ws/install/run_uav/bin'
[3.949s] Level 1:colcon.colcon_core.environment:create_environment_scripts_only(run_uav)
[3.950s] INFO:colcon.colcon_core.shell:Creating package script '/home/ros2mc/ros2_link_ws/install/run_uav/share/run_uav/package.ps1'
[3.956s] INFO:colcon.colcon_core.shell:Creating package descriptor '/home/ros2mc/ros2_link_ws/install/run_uav/share/run_uav/package.dsv'
[3.959s] INFO:colcon.colcon_core.shell:Creating package script '/home/ros2mc/ros2_link_ws/install/run_uav/share/run_uav/package.sh'
[3.960s] INFO:colcon.colcon_core.shell:Creating package script '/home/ros2mc/ros2_link_ws/install/run_uav/share/run_uav/package.bash'
[3.961s] INFO:colcon.colcon_core.shell:Creating package script '/home/ros2mc/ros2_link_ws/install/run_uav/share/run_uav/package.zsh'
[3.962s] Level 1:colcon.colcon_core.environment:create_file_with_runtime_dependencies(/home/ros2mc/ros2_link_ws/install/run_uav/share/colcon-core/packages/run_uav)
[9.268s] Level 1:colcon.colcon_core.environment:create_environment_scripts_only(kari_drone_system)
[9.269s] Level 1:colcon.colcon_core.environment:checking '/home/ros2mc/ros2_link_ws/install/kari_drone_system' for CMake module files
[9.270s] DEBUG:colcon.colcon_core.event_handler.log_command:Invoked command in '/home/ros2mc/ros2_link_ws/build/kari_drone_system' returned '0': CMAKE_PREFIX_PATH=${CMAKE_PREFIX_PATH}:/home/ros2mc/ros2_ws/install/kari_UAV_siyi:/opt/ros/humble /usr/bin/cmake --install /home/ros2mc/ros2_link_ws/build/kari_drone_system
[9.272s] Level 1:colcon.colcon_core.environment:checking '/home/ros2mc/ros2_link_ws/install/kari_drone_system' for CMake config files
[9.355s] Level 1:colcon.colcon_core.shell:create_environment_hook('kari_drone_system', 'cmake_prefix_path')
[9.356s] INFO:colcon.colcon_core.shell:Creating environment hook '/home/ros2mc/ros2_link_ws/install/kari_drone_system/share/kari_drone_system/hook/cmake_prefix_path.ps1'
[9.358s] INFO:colcon.colcon_core.shell:Creating environment descriptor '/home/ros2mc/ros2_link_ws/install/kari_drone_system/share/kari_drone_system/hook/cmake_prefix_path.dsv'
[9.358s] INFO:colcon.colcon_core.shell:Creating environment hook '/home/ros2mc/ros2_link_ws/install/kari_drone_system/share/kari_drone_system/hook/cmake_prefix_path.sh'
[9.360s] Level 1:colcon.colcon_core.environment:checking '/home/ros2mc/ros2_link_ws/install/kari_drone_system/bin'
[9.360s] Level 1:colcon.colcon_core.environment:checking '/home/ros2mc/ros2_link_ws/install/kari_drone_system/lib/pkgconfig/kari_drone_system.pc'
[9.360s] Level 1:colcon.colcon_core.environment:checking '/home/ros2mc/ros2_link_ws/install/kari_drone_system/lib/python3.10/site-packages'
[9.361s] Level 1:colcon.colcon_core.environment:checking '/home/ros2mc/ros2_link_ws/install/kari_drone_system/bin'
[9.362s] INFO:colcon.colcon_core.shell:Creating package script '/home/ros2mc/ros2_link_ws/install/kari_drone_system/share/kari_drone_system/package.ps1'
[9.363s] INFO:colcon.colcon_core.shell:Creating package descriptor '/home/ros2mc/ros2_link_ws/install/kari_drone_system/share/kari_drone_system/package.dsv'
[9.364s] INFO:colcon.colcon_core.shell:Creating package script '/home/ros2mc/ros2_link_ws/install/kari_drone_system/share/kari_drone_system/package.sh'
[9.365s] INFO:colcon.colcon_core.shell:Creating package script '/home/ros2mc/ros2_link_ws/install/kari_drone_system/share/kari_drone_system/package.bash'
[9.365s] INFO:colcon.colcon_core.shell:Creating package script '/home/ros2mc/ros2_link_ws/install/kari_drone_system/share/kari_drone_system/package.zsh'
[9.366s] Level 1:colcon.colcon_core.environment:create_file_with_runtime_dependencies(/home/ros2mc/ros2_link_ws/install/kari_drone_system/share/colcon-core/packages/kari_drone_system)
[9.403s] Level 1:colcon.colcon_core.environment:create_environment_scripts_only(kari_drone_system)
[9.404s] Level 1:colcon.colcon_core.environment:checking '/home/ros2mc/ros2_link_ws/install/kari_drone_system' for CMake module files
[9.405s] Level 1:colcon.colcon_core.environment:checking '/home/ros2mc/ros2_link_ws/install/kari_drone_system' for CMake config files
[9.478s] Level 1:colcon.colcon_core.shell:create_environment_hook('kari_drone_system', 'cmake_prefix_path')
[9.479s] INFO:colcon.colcon_core.shell:Creating environment hook '/home/ros2mc/ros2_link_ws/install/kari_drone_system/share/kari_drone_system/hook/cmake_prefix_path.ps1'
[9.480s] INFO:colcon.colcon_core.shell:Creating environment descriptor '/home/ros2mc/ros2_link_ws/install/kari_drone_system/share/kari_drone_system/hook/cmake_prefix_path.dsv'
[9.481s] INFO:colcon.colcon_core.shell:Creating environment hook '/home/ros2mc/ros2_link_ws/install/kari_drone_system/share/kari_drone_system/hook/cmake_prefix_path.sh'
[9.482s] Level 1:colcon.colcon_core.environment:checking '/home/ros2mc/ros2_link_ws/install/kari_drone_system/bin'
[9.483s] Level 1:colcon.colcon_core.environment:checking '/home/ros2mc/ros2_link_ws/install/kari_drone_system/lib/pkgconfig/kari_drone_system.pc'
[9.483s] Level 1:colcon.colcon_core.environment:checking '/home/ros2mc/ros2_link_ws/install/kari_drone_system/lib/python3.10/site-packages'
[9.484s] Level 1:colcon.colcon_core.environment:checking '/home/ros2mc/ros2_link_ws/install/kari_drone_system/bin'
[9.485s] INFO:colcon.colcon_core.shell:Creating package script '/home/ros2mc/ros2_link_ws/install/kari_drone_system/share/kari_drone_system/package.ps1'
[9.486s] INFO:colcon.colcon_core.shell:Creating package descriptor '/home/ros2mc/ros2_link_ws/install/kari_drone_system/share/kari_drone_system/package.dsv'
[9.487s] INFO:colcon.colcon_core.shell:Creating package script '/home/ros2mc/ros2_link_ws/install/kari_drone_system/share/kari_drone_system/package.sh'
[9.488s] INFO:colcon.colcon_core.shell:Creating package script '/home/ros2mc/ros2_link_ws/install/kari_drone_system/share/kari_drone_system/package.bash'
[9.489s] INFO:colcon.colcon_core.shell:Creating package script '/home/ros2mc/ros2_link_ws/install/kari_drone_system/share/kari_drone_system/package.zsh'
[9.490s] Level 1:colcon.colcon_core.environment:create_file_with_runtime_dependencies(/home/ros2mc/ros2_link_ws/install/kari_drone_system/share/colcon-core/packages/kari_drone_system)
[10.047s] Level 1:colcon.colcon_core.environment:create_environment_scripts_only(px4_msgs)
[10.047s] Level 1:colcon.colcon_core.environment:checking '/home/ros2mc/ros2_link_ws/install/px4_msgs' for CMake module files
[10.049s] Level 1:colcon.colcon_core.environment:checking '/home/ros2mc/ros2_link_ws/install/px4_msgs' for CMake config files
[10.057s] Level 1:colcon.colcon_core.shell:create_environment_hook('px4_msgs', 'cmake_prefix_path')
[10.058s] INFO:colcon.colcon_core.shell:Creating environment hook '/home/ros2mc/ros2_link_ws/install/px4_msgs/share/px4_msgs/hook/cmake_prefix_path.ps1'
[10.059s] INFO:colcon.colcon_core.shell:Creating environment descriptor '/home/ros2mc/ros2_link_ws/install/px4_msgs/share/px4_msgs/hook/cmake_prefix_path.dsv'
[10.060s] INFO:colcon.colcon_core.shell:Creating environment hook '/home/ros2mc/ros2_link_ws/install/px4_msgs/share/px4_msgs/hook/cmake_prefix_path.sh'
[10.062s] Level 1:colcon.colcon_core.environment:checking '/home/ros2mc/ros2_link_ws/install/px4_msgs/lib'
[10.062s] Level 1:colcon.colcon_core.shell:create_environment_hook('px4_msgs', 'ld_library_path_lib')
[10.062s] INFO:colcon.colcon_core.shell:Creating environment hook '/home/ros2mc/ros2_link_ws/install/px4_msgs/share/px4_msgs/hook/ld_library_path_lib.ps1'
[10.063s] INFO:colcon.colcon_core.shell:Creating environment descriptor '/home/ros2mc/ros2_link_ws/install/px4_msgs/share/px4_msgs/hook/ld_library_path_lib.dsv'
[10.064s] INFO:colcon.colcon_core.shell:Creating environment hook '/home/ros2mc/ros2_link_ws/install/px4_msgs/share/px4_msgs/hook/ld_library_path_lib.sh'
[10.065s] Level 1:colcon.colcon_core.environment:checking '/home/ros2mc/ros2_link_ws/install/px4_msgs/bin'
[10.065s] Level 1:colcon.colcon_core.environment:checking '/home/ros2mc/ros2_link_ws/install/px4_msgs/lib/pkgconfig/px4_msgs.pc'
[10.066s] Level 1:colcon.colcon_core.environment:checking '/home/ros2mc/ros2_link_ws/install/px4_msgs/lib/python3.10/site-packages'
[10.066s] Level 1:colcon.colcon_core.environment:checking '/home/ros2mc/ros2_link_ws/install/px4_msgs/bin'
[10.067s] INFO:colcon.colcon_core.shell:Creating package script '/home/ros2mc/ros2_link_ws/install/px4_msgs/share/px4_msgs/package.ps1'
[10.068s] INFO:colcon.colcon_core.shell:Creating package descriptor '/home/ros2mc/ros2_link_ws/install/px4_msgs/share/px4_msgs/package.dsv'
[10.069s] INFO:colcon.colcon_core.shell:Creating package script '/home/ros2mc/ros2_link_ws/install/px4_msgs/share/px4_msgs/package.sh'
[10.070s] INFO:colcon.colcon_core.shell:Creating package script '/home/ros2mc/ros2_link_ws/install/px4_msgs/share/px4_msgs/package.bash'
[10.071s] INFO:colcon.colcon_core.shell:Creating package script '/home/ros2mc/ros2_link_ws/install/px4_msgs/share/px4_msgs/package.zsh'
[10.072s] Level 1:colcon.colcon_core.environment:create_file_with_runtime_dependencies(/home/ros2mc/ros2_link_ws/install/px4_msgs/share/colcon-core/packages/px4_msgs)
[10.083s] DEBUG:colcon.colcon_parallel_executor.executor.parallel:closing loop
[10.084s] DEBUG:colcon.colcon_parallel_executor.executor.parallel:loop closed
[10.084s] DEBUG:colcon.colcon_parallel_executor.executor.parallel:run_until_complete finished with '2'
[10.084s] DEBUG:colcon.colcon_core.event_reactor:joining thread
[10.096s] INFO:colcon.colcon_core.plugin_system:Skipping extension 'colcon_notification.desktop_notification.terminal_notifier': Not used on non-Darwin systems
[10.096s] INFO:colcon.colcon_core.plugin_system:Skipping extension 'colcon_notification.desktop_notification.win32': Not used on non-Windows systems
[10.097s] INFO:colcon.colcon_notification.desktop_notification:Sending desktop notification using 'notify2'
[10.128s] DEBUG:colcon.colcon_core.event_reactor:joined thread
[10.129s] INFO:colcon.colcon_core.shell:Creating prefix script '/home/ros2mc/ros2_link_ws/install/local_setup.ps1'
[10.132s] INFO:colcon.colcon_core.shell:Creating prefix util module '/home/ros2mc/ros2_link_ws/install/_local_setup_util_ps1.py'
[10.136s] INFO:colcon.colcon_core.shell:Creating prefix chain script '/home/ros2mc/ros2_link_ws/install/setup.ps1'
[10.138s] INFO:colcon.colcon_core.shell:Creating prefix script '/home/ros2mc/ros2_link_ws/install/local_setup.sh'
[10.139s] INFO:colcon.colcon_core.shell:Creating prefix util module '/home/ros2mc/ros2_link_ws/install/_local_setup_util_sh.py'
[10.141s] INFO:colcon.colcon_core.shell:Creating prefix chain script '/home/ros2mc/ros2_link_ws/install/setup.sh'
[10.143s] INFO:colcon.colcon_core.shell:Creating prefix script '/home/ros2mc/ros2_link_ws/install/local_setup.bash'
[10.144s] INFO:colcon.colcon_core.shell:Creating prefix chain script '/home/ros2mc/ros2_link_ws/install/setup.bash'
[10.147s] INFO:colcon.colcon_core.shell:Creating prefix script '/home/ros2mc/ros2_link_ws/install/local_setup.zsh'
[10.148s] INFO:colcon.colcon_core.shell:Creating prefix chain script '/home/ros2mc/ros2_link_ws/install/setup.zsh'
