[0.350s] DEBUG:colcon:Command line arguments: ['/usr/bin/colcon', 'build']
[0.351s] DEBUG:colcon:Parsed command line arguments: Namespace(log_base=None, log_level=None, verb_name='build', build_base='build', install_base='install', merge_install=False, symlink_install=False, test_result_base=None, continue_on_error=False, executor='parallel', parallel_workers=6, event_handlers=None, ignore_user_meta=False, metas=['./colcon.meta'], base_paths=['.'], packages_ignore=None, packages_ignore_regex=None, paths=None, packages_up_to=None, packages_up_to_regex=None, packages_above=None, packages_above_and_dependencies=None, packages_above_depth=None, packages_select_by_dep=None, packages_skip_by_dep=None, packages_skip_up_to=None, packages_select_build_failed=False, packages_skip_build_finished=False, packages_select_test_failures=False, packages_skip_test_passed=False, packages_select=None, packages_skip=None, packages_select_regex=None, packages_skip_regex=None, packages_start=None, packages_end=None, cmake_args=None, cmake_target=None, cmake_target_skip_unavailable=False, cmake_clean_cache=False, cmake_clean_first=False, cmake_force_configure=False, ament_cmake_args=None, catkin_cmake_args=None, catkin_skip_building_tests=False, mixin_files=None, mixin=None, verb_parser=<colcon_mixin.mixin.mixin_argument.MixinArgumentDecorator object at 0xffff7e75cac0>, verb_extension=<colcon_core.verb.build.BuildVerb object at 0xffff7e75c610>, main=<bound method BuildVerb.main of <colcon_core.verb.build.BuildVerb object at 0xffff7e75c610>>, mixin_verb=('build',))
[0.773s] Level 1:colcon.colcon_core.package_discovery:discover_packages(colcon_meta) check parameters
[0.773s] Level 1:colcon.colcon_core.package_discovery:discover_packages(recursive) check parameters
[0.774s] Level 1:colcon.colcon_core.package_discovery:discover_packages(ignore) check parameters
[0.774s] Level 1:colcon.colcon_core.package_discovery:discover_packages(path) check parameters
[0.774s] Level 1:colcon.colcon_core.package_discovery:discover_packages(colcon_meta) discover
[0.774s] Level 1:colcon.colcon_core.package_discovery:discover_packages(recursive) discover
[0.774s] INFO:colcon.colcon_core.package_discovery:Crawling recursively for packages in '/home/jetson/ros2_link_ws'
[0.774s] Level 1:colcon.colcon_core.package_identification:_identify(.) by extensions ['ignore', 'ignore_ament_install']
[0.774s] Level 1:colcon.colcon_core.package_identification:_identify(.) by extension 'ignore'
[0.775s] Level 1:colcon.colcon_core.package_identification:_identify(.) by extension 'ignore_ament_install'
[0.775s] Level 1:colcon.colcon_core.package_identification:_identify(.) by extensions ['colcon_pkg']
[0.775s] Level 1:colcon.colcon_core.package_identification:_identify(.) by extension 'colcon_pkg'
[0.775s] Level 1:colcon.colcon_core.package_identification:_identify(.) by extensions ['colcon_meta']
[0.775s] Level 1:colcon.colcon_core.package_identification:_identify(.) by extension 'colcon_meta'
[0.775s] Level 1:colcon.colcon_core.package_identification:_identify(.) by extensions ['ros']
[0.775s] Level 1:colcon.colcon_core.package_identification:_identify(.) by extension 'ros'
[0.806s] Level 1:colcon.colcon_core.package_identification:_identify(.) by extensions ['cmake', 'python']
[0.806s] Level 1:colcon.colcon_core.package_identification:_identify(.) by extension 'cmake'
[0.807s] Level 1:colcon.colcon_core.package_identification:_identify(.) by extension 'python'
[0.807s] Level 1:colcon.colcon_core.package_identification:_identify(.) by extensions ['python_setup_py']
[0.807s] Level 1:colcon.colcon_core.package_identification:_identify(.) by extension 'python_setup_py'
[0.807s] Level 1:colcon.colcon_core.package_identification:_identify(build) by extensions ['ignore', 'ignore_ament_install']
[0.808s] Level 1:colcon.colcon_core.package_identification:_identify(build) by extension 'ignore'
[0.808s] Level 1:colcon.colcon_core.package_identification:_identify(build) ignored
[0.808s] Level 1:colcon.colcon_core.package_identification:_identify(install) by extensions ['ignore', 'ignore_ament_install']
[0.808s] Level 1:colcon.colcon_core.package_identification:_identify(install) by extension 'ignore'
[0.809s] Level 1:colcon.colcon_core.package_identification:_identify(install) ignored
[0.809s] Level 1:colcon.colcon_core.package_identification:_identify(log) by extensions ['ignore', 'ignore_ament_install']
[0.809s] Level 1:colcon.colcon_core.package_identification:_identify(log) by extension 'ignore'
[0.809s] Level 1:colcon.colcon_core.package_identification:_identify(log) ignored
[0.809s] Level 1:colcon.colcon_core.package_identification:_identify(src) by extensions ['ignore', 'ignore_ament_install']
[0.810s] Level 1:colcon.colcon_core.package_identification:_identify(src) by extension 'ignore'
[0.810s] Level 1:colcon.colcon_core.package_identification:_identify(src) by extension 'ignore_ament_install'
[0.810s] Level 1:colcon.colcon_core.package_identification:_identify(src) by extensions ['colcon_pkg']
[0.810s] Level 1:colcon.colcon_core.package_identification:_identify(src) by extension 'colcon_pkg'
[0.810s] Level 1:colcon.colcon_core.package_identification:_identify(src) by extensions ['colcon_meta']
[0.810s] Level 1:colcon.colcon_core.package_identification:_identify(src) by extension 'colcon_meta'
[0.810s] Level 1:colcon.colcon_core.package_identification:_identify(src) by extensions ['ros']
[0.810s] Level 1:colcon.colcon_core.package_identification:_identify(src) by extension 'ros'
[0.811s] Level 1:colcon.colcon_core.package_identification:_identify(src) by extensions ['cmake', 'python']
[0.811s] Level 1:colcon.colcon_core.package_identification:_identify(src) by extension 'cmake'
[0.811s] Level 1:colcon.colcon_core.package_identification:_identify(src) by extension 'python'
[0.811s] Level 1:colcon.colcon_core.package_identification:_identify(src) by extensions ['python_setup_py']
[0.811s] Level 1:colcon.colcon_core.package_identification:_identify(src) by extension 'python_setup_py'
[0.811s] Level 1:colcon.colcon_core.package_identification:_identify(src/kari-drone-system) by extensions ['ignore', 'ignore_ament_install']
[0.811s] Level 1:colcon.colcon_core.package_identification:_identify(src/kari-drone-system) by extension 'ignore'
[0.811s] Level 1:colcon.colcon_core.package_identification:_identify(src/kari-drone-system) by extension 'ignore_ament_install'
[0.812s] Level 1:colcon.colcon_core.package_identification:_identify(src/kari-drone-system) by extensions ['colcon_pkg']
[0.812s] Level 1:colcon.colcon_core.package_identification:_identify(src/kari-drone-system) by extension 'colcon_pkg'
[0.812s] Level 1:colcon.colcon_core.package_identification:_identify(src/kari-drone-system) by extensions ['colcon_meta']
[0.812s] Level 1:colcon.colcon_core.package_identification:_identify(src/kari-drone-system) by extension 'colcon_meta'
[0.812s] Level 1:colcon.colcon_core.package_identification:_identify(src/kari-drone-system) by extensions ['ros']
[0.812s] Level 1:colcon.colcon_core.package_identification:_identify(src/kari-drone-system) by extension 'ros'
[0.819s] DEBUG:colcon.colcon_core.package_identification:Package 'src/kari-drone-system' with type 'ros.ament_cmake' and name 'kari-drone-system'
[0.819s] Level 1:colcon.colcon_core.package_identification:_identify(src/kari_UAV_siyi) by extensions ['ignore', 'ignore_ament_install']
[0.819s] Level 1:colcon.colcon_core.package_identification:_identify(src/kari_UAV_siyi) by extension 'ignore'
[0.819s] Level 1:colcon.colcon_core.package_identification:_identify(src/kari_UAV_siyi) by extension 'ignore_ament_install'
[0.819s] Level 1:colcon.colcon_core.package_identification:_identify(src/kari_UAV_siyi) by extensions ['colcon_pkg']
[0.820s] Level 1:colcon.colcon_core.package_identification:_identify(src/kari_UAV_siyi) by extension 'colcon_pkg'
[0.820s] Level 1:colcon.colcon_core.package_identification:_identify(src/kari_UAV_siyi) by extensions ['colcon_meta']
[0.820s] Level 1:colcon.colcon_core.package_identification:_identify(src/kari_UAV_siyi) by extension 'colcon_meta'
[0.820s] Level 1:colcon.colcon_core.package_identification:_identify(src/kari_UAV_siyi) by extensions ['ros']
[0.820s] Level 1:colcon.colcon_core.package_identification:_identify(src/kari_UAV_siyi) by extension 'ros'
[0.821s] DEBUG:colcon.colcon_core.package_identification:Package 'src/kari_UAV_siyi' with type 'ros.ament_python' and name 'kari_UAV_siyi'
[0.822s] Level 1:colcon.colcon_core.package_identification:_identify(src/px4_msgs) by extensions ['ignore', 'ignore_ament_install']
[0.822s] Level 1:colcon.colcon_core.package_identification:_identify(src/px4_msgs) by extension 'ignore'
[0.822s] Level 1:colcon.colcon_core.package_identification:_identify(src/px4_msgs) by extension 'ignore_ament_install'
[0.822s] Level 1:colcon.colcon_core.package_identification:_identify(src/px4_msgs) by extensions ['colcon_pkg']
[0.822s] Level 1:colcon.colcon_core.package_identification:_identify(src/px4_msgs) by extension 'colcon_pkg'
[0.822s] Level 1:colcon.colcon_core.package_identification:_identify(src/px4_msgs) by extensions ['colcon_meta']
[0.822s] Level 1:colcon.colcon_core.package_identification:_identify(src/px4_msgs) by extension 'colcon_meta'
[0.823s] Level 1:colcon.colcon_core.package_identification:_identify(src/px4_msgs) by extensions ['ros']
[0.823s] Level 1:colcon.colcon_core.package_identification:_identify(src/px4_msgs) by extension 'ros'
[0.824s] DEBUG:colcon.colcon_core.package_identification:Package 'src/px4_msgs' with type 'ros.ament_cmake' and name 'px4_msgs'
[0.825s] Level 1:colcon.colcon_core.package_identification:_identify(src/run_uav) by extensions ['ignore', 'ignore_ament_install']
[0.825s] Level 1:colcon.colcon_core.package_identification:_identify(src/run_uav) by extension 'ignore'
[0.825s] Level 1:colcon.colcon_core.package_identification:_identify(src/run_uav) by extension 'ignore_ament_install'
[0.825s] Level 1:colcon.colcon_core.package_identification:_identify(src/run_uav) by extensions ['colcon_pkg']
[0.826s] Level 1:colcon.colcon_core.package_identification:_identify(src/run_uav) by extension 'colcon_pkg'
[0.826s] Level 1:colcon.colcon_core.package_identification:_identify(src/run_uav) by extensions ['colcon_meta']
[0.826s] Level 1:colcon.colcon_core.package_identification:_identify(src/run_uav) by extension 'colcon_meta'
[0.826s] Level 1:colcon.colcon_core.package_identification:_identify(src/run_uav) by extensions ['ros']
[0.826s] Level 1:colcon.colcon_core.package_identification:_identify(src/run_uav) by extension 'ros'
[0.827s] DEBUG:colcon.colcon_core.package_identification:Package 'src/run_uav' with type 'ros.ament_python' and name 'run_uav'
[0.828s] Level 1:colcon.colcon_core.package_discovery:discover_packages(recursive) using defaults
[0.828s] Level 1:colcon.colcon_core.package_discovery:discover_packages(ignore) discover
[0.828s] Level 1:colcon.colcon_core.package_discovery:discover_packages(ignore) using defaults
[0.828s] Level 1:colcon.colcon_core.package_discovery:discover_packages(path) discover
[0.828s] Level 1:colcon.colcon_core.package_discovery:discover_packages(path) using defaults
[0.881s] Level 5:colcon.colcon_core.verb:set package 'kari-drone-system' build argument 'cmake_args' from command line to 'None'
[0.881s] Level 5:colcon.colcon_core.verb:set package 'kari-drone-system' build argument 'cmake_target' from command line to 'None'
[0.882s] Level 5:colcon.colcon_core.verb:set package 'kari-drone-system' build argument 'cmake_target_skip_unavailable' from command line to 'False'
[0.882s] Level 5:colcon.colcon_core.verb:set package 'kari-drone-system' build argument 'cmake_clean_cache' from command line to 'False'
[0.882s] Level 5:colcon.colcon_core.verb:set package 'kari-drone-system' build argument 'cmake_clean_first' from command line to 'False'
[0.882s] Level 5:colcon.colcon_core.verb:set package 'kari-drone-system' build argument 'cmake_force_configure' from command line to 'False'
[0.882s] Level 5:colcon.colcon_core.verb:set package 'kari-drone-system' build argument 'ament_cmake_args' from command line to 'None'
[0.882s] Level 5:colcon.colcon_core.verb:set package 'kari-drone-system' build argument 'catkin_cmake_args' from command line to 'None'
[0.882s] Level 5:colcon.colcon_core.verb:set package 'kari-drone-system' build argument 'catkin_skip_building_tests' from command line to 'False'
[0.882s] DEBUG:colcon.colcon_core.verb:Building package 'kari-drone-system' with the following arguments: {'ament_cmake_args': None, 'build_base': '/home/jetson/ros2_link_ws/build/kari-drone-system', 'catkin_cmake_args': None, 'catkin_skip_building_tests': False, 'cmake_args': None, 'cmake_clean_cache': False, 'cmake_clean_first': False, 'cmake_force_configure': False, 'cmake_target': None, 'cmake_target_skip_unavailable': False, 'install_base': '/home/jetson/ros2_link_ws/install/kari-drone-system', 'merge_install': False, 'path': '/home/jetson/ros2_link_ws/src/kari-drone-system', 'symlink_install': False, 'test_result_base': None}
[0.883s] Level 5:colcon.colcon_core.verb:set package 'kari_UAV_siyi' build argument 'cmake_args' from command line to 'None'
[0.883s] Level 5:colcon.colcon_core.verb:set package 'kari_UAV_siyi' build argument 'cmake_target' from command line to 'None'
[0.883s] Level 5:colcon.colcon_core.verb:set package 'kari_UAV_siyi' build argument 'cmake_target_skip_unavailable' from command line to 'False'
[0.883s] Level 5:colcon.colcon_core.verb:set package 'kari_UAV_siyi' build argument 'cmake_clean_cache' from command line to 'False'
[0.883s] Level 5:colcon.colcon_core.verb:set package 'kari_UAV_siyi' build argument 'cmake_clean_first' from command line to 'False'
[0.883s] Level 5:colcon.colcon_core.verb:set package 'kari_UAV_siyi' build argument 'cmake_force_configure' from command line to 'False'
[0.883s] Level 5:colcon.colcon_core.verb:set package 'kari_UAV_siyi' build argument 'ament_cmake_args' from command line to 'None'
[0.883s] Level 5:colcon.colcon_core.verb:set package 'kari_UAV_siyi' build argument 'catkin_cmake_args' from command line to 'None'
[0.883s] Level 5:colcon.colcon_core.verb:set package 'kari_UAV_siyi' build argument 'catkin_skip_building_tests' from command line to 'False'
[0.883s] DEBUG:colcon.colcon_core.verb:Building package 'kari_UAV_siyi' with the following arguments: {'ament_cmake_args': None, 'build_base': '/home/jetson/ros2_link_ws/build/kari_UAV_siyi', 'catkin_cmake_args': None, 'catkin_skip_building_tests': False, 'cmake_args': None, 'cmake_clean_cache': False, 'cmake_clean_first': False, 'cmake_force_configure': False, 'cmake_target': None, 'cmake_target_skip_unavailable': False, 'install_base': '/home/jetson/ros2_link_ws/install/kari_UAV_siyi', 'merge_install': False, 'path': '/home/jetson/ros2_link_ws/src/kari_UAV_siyi', 'symlink_install': False, 'test_result_base': None}
[0.884s] Level 5:colcon.colcon_core.verb:set package 'px4_msgs' build argument 'cmake_args' from command line to 'None'
[0.884s] Level 5:colcon.colcon_core.verb:set package 'px4_msgs' build argument 'cmake_target' from command line to 'None'
[0.884s] Level 5:colcon.colcon_core.verb:set package 'px4_msgs' build argument 'cmake_target_skip_unavailable' from command line to 'False'
[0.884s] Level 5:colcon.colcon_core.verb:set package 'px4_msgs' build argument 'cmake_clean_cache' from command line to 'False'
[0.884s] Level 5:colcon.colcon_core.verb:set package 'px4_msgs' build argument 'cmake_clean_first' from command line to 'False'
[0.884s] Level 5:colcon.colcon_core.verb:set package 'px4_msgs' build argument 'cmake_force_configure' from command line to 'False'
[0.884s] Level 5:colcon.colcon_core.verb:set package 'px4_msgs' build argument 'ament_cmake_args' from command line to 'None'
[0.884s] Level 5:colcon.colcon_core.verb:set package 'px4_msgs' build argument 'catkin_cmake_args' from command line to 'None'
[0.884s] Level 5:colcon.colcon_core.verb:set package 'px4_msgs' build argument 'catkin_skip_building_tests' from command line to 'False'
[0.884s] DEBUG:colcon.colcon_core.verb:Building package 'px4_msgs' with the following arguments: {'ament_cmake_args': None, 'build_base': '/home/jetson/ros2_link_ws/build/px4_msgs', 'catkin_cmake_args': None, 'catkin_skip_building_tests': False, 'cmake_args': None, 'cmake_clean_cache': False, 'cmake_clean_first': False, 'cmake_force_configure': False, 'cmake_target': None, 'cmake_target_skip_unavailable': False, 'install_base': '/home/jetson/ros2_link_ws/install/px4_msgs', 'merge_install': False, 'path': '/home/jetson/ros2_link_ws/src/px4_msgs', 'symlink_install': False, 'test_result_base': None}
[0.885s] Level 5:colcon.colcon_core.verb:set package 'run_uav' build argument 'cmake_args' from command line to 'None'
[0.885s] Level 5:colcon.colcon_core.verb:set package 'run_uav' build argument 'cmake_target' from command line to 'None'
[0.885s] Level 5:colcon.colcon_core.verb:set package 'run_uav' build argument 'cmake_target_skip_unavailable' from command line to 'False'
[0.885s] Level 5:colcon.colcon_core.verb:set package 'run_uav' build argument 'cmake_clean_cache' from command line to 'False'
[0.885s] Level 5:colcon.colcon_core.verb:set package 'run_uav' build argument 'cmake_clean_first' from command line to 'False'
[0.885s] Level 5:colcon.colcon_core.verb:set package 'run_uav' build argument 'cmake_force_configure' from command line to 'False'
[0.885s] Level 5:colcon.colcon_core.verb:set package 'run_uav' build argument 'ament_cmake_args' from command line to 'None'
[0.886s] Level 5:colcon.colcon_core.verb:set package 'run_uav' build argument 'catkin_cmake_args' from command line to 'None'
[0.886s] Level 5:colcon.colcon_core.verb:set package 'run_uav' build argument 'catkin_skip_building_tests' from command line to 'False'
[0.886s] DEBUG:colcon.colcon_core.verb:Building package 'run_uav' with the following arguments: {'ament_cmake_args': None, 'build_base': '/home/jetson/ros2_link_ws/build/run_uav', 'catkin_cmake_args': None, 'catkin_skip_building_tests': False, 'cmake_args': None, 'cmake_clean_cache': False, 'cmake_clean_first': False, 'cmake_force_configure': False, 'cmake_target': None, 'cmake_target_skip_unavailable': False, 'install_base': '/home/jetson/ros2_link_ws/install/run_uav', 'merge_install': False, 'path': '/home/jetson/ros2_link_ws/src/run_uav', 'symlink_install': False, 'test_result_base': None}
[0.886s] INFO:colcon.colcon_core.executor:Executing jobs using 'parallel' executor
[0.888s] DEBUG:colcon.colcon_parallel_executor.executor.parallel:run_until_complete
[0.889s] INFO:colcon.colcon_ros.task.ament_cmake.build:Building ROS package in '/home/jetson/ros2_link_ws/src/kari-drone-system' with build type 'ament_cmake'
[0.889s] INFO:colcon.colcon_cmake.task.cmake.build:Building CMake package in '/home/jetson/ros2_link_ws/src/kari-drone-system'
[0.897s] INFO:colcon.colcon_core.plugin_system:Skipping extension 'colcon_core.shell.bat': Not used on non-Windows systems
[0.898s] INFO:colcon.colcon_core.shell:Skip shell extension 'powershell' for command environment: Not usable outside of PowerShell
[0.898s] DEBUG:colcon.colcon_core.shell:Skip shell extension 'dsv' for command environment
[0.910s] INFO:colcon.colcon_ros.task.ament_python.build:Building ROS package in '/home/jetson/ros2_link_ws/src/kari_UAV_siyi' with build type 'ament_python'
[0.911s] Level 1:colcon.colcon_core.shell:create_environment_hook('kari_UAV_siyi', 'ament_prefix_path')
[0.911s] INFO:colcon.colcon_core.shell:Creating environment hook '/home/jetson/ros2_link_ws/install/kari_UAV_siyi/share/kari_UAV_siyi/hook/ament_prefix_path.ps1'
[0.913s] INFO:colcon.colcon_core.shell:Creating environment descriptor '/home/jetson/ros2_link_ws/install/kari_UAV_siyi/share/kari_UAV_siyi/hook/ament_prefix_path.dsv'
[0.914s] INFO:colcon.colcon_core.shell:Creating environment hook '/home/jetson/ros2_link_ws/install/kari_UAV_siyi/share/kari_UAV_siyi/hook/ament_prefix_path.sh'
[0.916s] INFO:colcon.colcon_core.shell:Skip shell extension 'powershell' for command environment: Not usable outside of PowerShell
[0.916s] DEBUG:colcon.colcon_core.shell:Skip shell extension 'dsv' for command environment
[0.923s] INFO:colcon.colcon_ros.task.ament_cmake.build:Building ROS package in '/home/jetson/ros2_link_ws/src/px4_msgs' with build type 'ament_cmake'
[0.924s] INFO:colcon.colcon_cmake.task.cmake.build:Building CMake package in '/home/jetson/ros2_link_ws/src/px4_msgs'
[0.925s] INFO:colcon.colcon_core.shell:Skip shell extension 'powershell' for command environment: Not usable outside of PowerShell
[0.925s] DEBUG:colcon.colcon_core.shell:Skip shell extension 'dsv' for command environment
[0.934s] INFO:colcon.colcon_ros.task.ament_python.build:Building ROS package in '/home/jetson/ros2_link_ws/src/run_uav' with build type 'ament_python'
[0.935s] Level 1:colcon.colcon_core.shell:create_environment_hook('run_uav', 'ament_prefix_path')
[0.936s] INFO:colcon.colcon_core.shell:Creating environment hook '/home/jetson/ros2_link_ws/install/run_uav/share/run_uav/hook/ament_prefix_path.ps1'
[0.937s] INFO:colcon.colcon_core.shell:Creating environment descriptor '/home/jetson/ros2_link_ws/install/run_uav/share/run_uav/hook/ament_prefix_path.dsv'
[0.938s] INFO:colcon.colcon_core.shell:Creating environment hook '/home/jetson/ros2_link_ws/install/run_uav/share/run_uav/hook/ament_prefix_path.sh'
[0.940s] INFO:colcon.colcon_core.shell:Skip shell extension 'powershell' for command environment: Not usable outside of PowerShell
[0.940s] DEBUG:colcon.colcon_core.shell:Skip shell extension 'dsv' for command environment
[0.962s] DEBUG:colcon.colcon_core.event_handler.log_command:Invoking command in '/home/jetson/ros2_link_ws/build/kari-drone-system': CMAKE_PREFIX_PATH=${CMAKE_PREFIX_PATH}:/home/jetson/ros2_link_ws/install/run_uav:/home/jetson/ros2_link_ws/install/kari_UAV_siyi:/opt/ros/humble /usr/bin/cmake --build /home/jetson/ros2_link_ws/build/kari-drone-system -- -j6 -l6
[1.533s] INFO:colcon.colcon_core.task.python.build:Building Python package in '/home/jetson/ros2_link_ws/src/kari_UAV_siyi'
[1.534s] INFO:colcon.colcon_core.shell:Skip shell extension 'powershell' for command environment: Not usable outside of PowerShell
[1.534s] DEBUG:colcon.colcon_core.shell:Skip shell extension 'dsv' for command environment
[1.549s] DEBUG:colcon.colcon_core.event_handler.log_command:Invoking command in '/home/jetson/ros2_link_ws/build/px4_msgs': CMAKE_PREFIX_PATH=${CMAKE_PREFIX_PATH}:/home/jetson/ros2_link_ws/install/run_uav:/home/jetson/ros2_link_ws/install/kari_UAV_siyi:/opt/ros/humble /usr/bin/cmake --build /home/jetson/ros2_link_ws/build/px4_msgs -- -j6 -l6
[2.083s] INFO:colcon.colcon_core.task.python.build:Building Python package in '/home/jetson/ros2_link_ws/src/run_uav'
[2.084s] INFO:colcon.colcon_core.shell:Skip shell extension 'powershell' for command environment: Not usable outside of PowerShell
[2.084s] DEBUG:colcon.colcon_core.shell:Skip shell extension 'dsv' for command environment
[2.094s] DEBUG:colcon.colcon_core.event_handler.log_command:Invoked command in '/home/jetson/ros2_link_ws/build/kari-drone-system' returned '0': CMAKE_PREFIX_PATH=${CMAKE_PREFIX_PATH}:/home/jetson/ros2_link_ws/install/run_uav:/home/jetson/ros2_link_ws/install/kari_UAV_siyi:/opt/ros/humble /usr/bin/cmake --build /home/jetson/ros2_link_ws/build/kari-drone-system -- -j6 -l6
[2.246s] DEBUG:colcon.colcon_core.event_handler.log_command:Invoking command in '/home/jetson/ros2_link_ws/build/kari-drone-system': CMAKE_PREFIX_PATH=${CMAKE_PREFIX_PATH}:/home/jetson/ros2_link_ws/install/run_uav:/home/jetson/ros2_link_ws/install/kari_UAV_siyi:/opt/ros/humble /usr/bin/cmake --install /home/jetson/ros2_link_ws/build/kari-drone-system
[3.753s] DEBUG:colcon.colcon_core.event_handler.log_command:Invoking command in '/home/jetson/ros2_link_ws/src/run_uav': PYTHONPATH=/home/jetson/ros2_link_ws/build/run_uav/prefix_override:/usr/lib/python3/dist-packages/colcon_core/task/python/colcon_distutils_commands:/home/jetson/ros2_link_ws/install/run_uav/lib/python3.10/site-packages:${PYTHONPATH} /usr/bin/python3 -W ignore:setup.py install is deprecated setup.py egg_info --egg-base ../../build/run_uav build --build-base /home/jetson/ros2_link_ws/build/run_uav/build install --record /home/jetson/ros2_link_ws/build/run_uav/install.log --single-version-externally-managed install_data
[4.149s] DEBUG:colcon.colcon_core.event_handler.log_command:Invoking command in '/home/jetson/ros2_link_ws/src/kari_UAV_siyi': PYTHONPATH=/home/jetson/ros2_link_ws/build/kari_UAV_siyi/prefix_override:/usr/lib/python3/dist-packages/colcon_core/task/python/colcon_distutils_commands:/home/jetson/ros2_link_ws/install/kari_UAV_siyi/lib/python3.10/site-packages:${PYTHONPATH} /usr/bin/python3 -W ignore:setup.py install is deprecated setup.py egg_info --egg-base ../../build/kari_UAV_siyi build --build-base /home/jetson/ros2_link_ws/build/kari_UAV_siyi/build install --record /home/jetson/ros2_link_ws/build/kari_UAV_siyi/install.log --single-version-externally-managed install_data
[4.379s] DEBUG:colcon.colcon_core.event_handler.log_command:Invoked command in '/home/jetson/ros2_link_ws/build/px4_msgs' returned '0': CMAKE_PREFIX_PATH=${CMAKE_PREFIX_PATH}:/home/jetson/ros2_link_ws/install/run_uav:/home/jetson/ros2_link_ws/install/kari_UAV_siyi:/opt/ros/humble /usr/bin/cmake --build /home/jetson/ros2_link_ws/build/px4_msgs -- -j6 -l6
[4.466s] Level 1:colcon.colcon_core.environment:checking '/home/jetson/ros2_link_ws/install/run_uav' for CMake module files
[4.468s] Level 1:colcon.colcon_core.environment:checking '/home/jetson/ros2_link_ws/install/run_uav' for CMake config files
[4.472s] Level 1:colcon.colcon_core.environment:checking '/home/jetson/ros2_link_ws/install/run_uav/lib'
[4.472s] Level 1:colcon.colcon_core.environment:checking '/home/jetson/ros2_link_ws/install/run_uav/bin'
[4.472s] Level 1:colcon.colcon_core.environment:checking '/home/jetson/ros2_link_ws/install/run_uav/lib/pkgconfig/run_uav.pc'
[4.473s] Level 1:colcon.colcon_core.environment:checking '/home/jetson/ros2_link_ws/install/run_uav/lib/python3.10/site-packages'
[4.473s] Level 1:colcon.colcon_core.shell:create_environment_hook('run_uav', 'pythonpath')
[4.474s] INFO:colcon.colcon_core.shell:Creating environment hook '/home/jetson/ros2_link_ws/install/run_uav/share/run_uav/hook/pythonpath.ps1'
[4.475s] INFO:colcon.colcon_core.shell:Creating environment descriptor '/home/jetson/ros2_link_ws/install/run_uav/share/run_uav/hook/pythonpath.dsv'
[4.476s] INFO:colcon.colcon_core.shell:Creating environment hook '/home/jetson/ros2_link_ws/install/run_uav/share/run_uav/hook/pythonpath.sh'
[4.497s] Level 1:colcon.colcon_core.environment:checking '/home/jetson/ros2_link_ws/install/run_uav/bin'
[4.498s] Level 1:colcon.colcon_core.environment:create_environment_scripts_only(run_uav)
[4.499s] INFO:colcon.colcon_core.shell:Creating package script '/home/jetson/ros2_link_ws/install/run_uav/share/run_uav/package.ps1'
[4.505s] INFO:colcon.colcon_core.shell:Creating package descriptor '/home/jetson/ros2_link_ws/install/run_uav/share/run_uav/package.dsv'
[4.507s] INFO:colcon.colcon_core.shell:Creating package script '/home/jetson/ros2_link_ws/install/run_uav/share/run_uav/package.sh'
[4.515s] INFO:colcon.colcon_core.shell:Creating package script '/home/jetson/ros2_link_ws/install/run_uav/share/run_uav/package.bash'
[4.520s] INFO:colcon.colcon_core.shell:Creating package script '/home/jetson/ros2_link_ws/install/run_uav/share/run_uav/package.zsh'
[4.529s] Level 1:colcon.colcon_core.environment:create_file_with_runtime_dependencies(/home/jetson/ros2_link_ws/install/run_uav/share/colcon-core/packages/run_uav)
[4.647s] Level 1:colcon.colcon_core.environment:checking '/home/jetson/ros2_link_ws/install/kari_UAV_siyi' for CMake module files
[4.650s] Level 1:colcon.colcon_core.environment:checking '/home/jetson/ros2_link_ws/install/kari_UAV_siyi' for CMake config files
[4.652s] Level 1:colcon.colcon_core.environment:checking '/home/jetson/ros2_link_ws/install/kari_UAV_siyi/lib'
[4.652s] Level 1:colcon.colcon_core.environment:checking '/home/jetson/ros2_link_ws/install/kari_UAV_siyi/bin'
[4.653s] Level 1:colcon.colcon_core.environment:checking '/home/jetson/ros2_link_ws/install/kari_UAV_siyi/lib/pkgconfig/kari_UAV_siyi.pc'
[4.654s] Level 1:colcon.colcon_core.environment:checking '/home/jetson/ros2_link_ws/install/kari_UAV_siyi/lib/python3.10/site-packages'
[4.657s] Level 1:colcon.colcon_core.shell:create_environment_hook('kari_UAV_siyi', 'pythonpath')
[4.658s] INFO:colcon.colcon_core.shell:Creating environment hook '/home/jetson/ros2_link_ws/install/kari_UAV_siyi/share/kari_UAV_siyi/hook/pythonpath.ps1'
[4.662s] INFO:colcon.colcon_core.shell:Creating environment descriptor '/home/jetson/ros2_link_ws/install/kari_UAV_siyi/share/kari_UAV_siyi/hook/pythonpath.dsv'
[4.666s] INFO:colcon.colcon_core.shell:Creating environment hook '/home/jetson/ros2_link_ws/install/kari_UAV_siyi/share/kari_UAV_siyi/hook/pythonpath.sh'
[4.673s] Level 1:colcon.colcon_core.environment:checking '/home/jetson/ros2_link_ws/install/kari_UAV_siyi/bin'
[4.674s] Level 1:colcon.colcon_core.environment:create_environment_scripts_only(kari_UAV_siyi)
[4.674s] INFO:colcon.colcon_core.shell:Creating package script '/home/jetson/ros2_link_ws/install/kari_UAV_siyi/share/kari_UAV_siyi/package.ps1'
[4.678s] INFO:colcon.colcon_core.shell:Creating package descriptor '/home/jetson/ros2_link_ws/install/kari_UAV_siyi/share/kari_UAV_siyi/package.dsv'
[4.684s] INFO:colcon.colcon_core.shell:Creating package script '/home/jetson/ros2_link_ws/install/kari_UAV_siyi/share/kari_UAV_siyi/package.sh'
[4.689s] INFO:colcon.colcon_core.shell:Creating package script '/home/jetson/ros2_link_ws/install/kari_UAV_siyi/share/kari_UAV_siyi/package.bash'
[4.692s] INFO:colcon.colcon_core.shell:Creating package script '/home/jetson/ros2_link_ws/install/kari_UAV_siyi/share/kari_UAV_siyi/package.zsh'
[4.702s] Level 1:colcon.colcon_core.environment:create_file_with_runtime_dependencies(/home/jetson/ros2_link_ws/install/kari_UAV_siyi/share/colcon-core/packages/kari_UAV_siyi)
[5.090s] DEBUG:colcon.colcon_core.event_handler.log_command:Invoked command in '/home/jetson/ros2_link_ws/src/run_uav' returned '0': PYTHONPATH=/home/jetson/ros2_link_ws/build/run_uav/prefix_override:/usr/lib/python3/dist-packages/colcon_core/task/python/colcon_distutils_commands:/home/jetson/ros2_link_ws/install/run_uav/lib/python3.10/site-packages:${PYTHONPATH} /usr/bin/python3 -W ignore:setup.py install is deprecated setup.py egg_info --egg-base ../../build/run_uav build --build-base /home/jetson/ros2_link_ws/build/run_uav/build install --record /home/jetson/ros2_link_ws/build/run_uav/install.log --single-version-externally-managed install_data
[5.155s] Level 1:colcon.colcon_core.environment:create_environment_scripts_only(kari-drone-system)
[5.155s] Level 1:colcon.colcon_core.environment:checking '/home/jetson/ros2_link_ws/install/kari-drone-system' for CMake module files
[5.157s] Level 1:colcon.colcon_core.environment:checking '/home/jetson/ros2_link_ws/install/kari-drone-system' for CMake config files
[5.308s] DEBUG:colcon.colcon_core.event_handler.log_command:Invoked command in '/home/jetson/ros2_link_ws/src/kari_UAV_siyi' returned '0': PYTHONPATH=/home/jetson/ros2_link_ws/build/kari_UAV_siyi/prefix_override:/usr/lib/python3/dist-packages/colcon_core/task/python/colcon_distutils_commands:/home/jetson/ros2_link_ws/install/kari_UAV_siyi/lib/python3.10/site-packages:${PYTHONPATH} /usr/bin/python3 -W ignore:setup.py install is deprecated setup.py egg_info --egg-base ../../build/kari_UAV_siyi build --build-base /home/jetson/ros2_link_ws/build/kari_UAV_siyi/build install --record /home/jetson/ros2_link_ws/build/kari_UAV_siyi/install.log --single-version-externally-managed install_data
[5.541s] Level 1:colcon.colcon_core.shell:create_environment_hook('kari-drone-system', 'cmake_prefix_path')
[5.542s] INFO:colcon.colcon_core.shell:Creating environment hook '/home/jetson/ros2_link_ws/install/kari-drone-system/share/kari-drone-system/hook/cmake_prefix_path.ps1'
[5.544s] INFO:colcon.colcon_core.shell:Creating environment descriptor '/home/jetson/ros2_link_ws/install/kari-drone-system/share/kari-drone-system/hook/cmake_prefix_path.dsv'
[5.553s] INFO:colcon.colcon_core.shell:Creating environment hook '/home/jetson/ros2_link_ws/install/kari-drone-system/share/kari-drone-system/hook/cmake_prefix_path.sh'
[5.555s] Level 1:colcon.colcon_core.environment:checking '/home/jetson/ros2_link_ws/install/kari-drone-system/bin'
[5.556s] Level 1:colcon.colcon_core.environment:checking '/home/jetson/ros2_link_ws/install/kari-drone-system/lib/pkgconfig/kari-drone-system.pc'
[5.556s] Level 1:colcon.colcon_core.environment:checking '/home/jetson/ros2_link_ws/install/kari-drone-system/lib/python3.10/site-packages'
[5.557s] Level 1:colcon.colcon_core.environment:checking '/home/jetson/ros2_link_ws/install/kari-drone-system/bin'
[5.558s] INFO:colcon.colcon_core.shell:Creating package script '/home/jetson/ros2_link_ws/install/kari-drone-system/share/kari-drone-system/package.ps1'
[5.560s] INFO:colcon.colcon_core.shell:Creating package descriptor '/home/jetson/ros2_link_ws/install/kari-drone-system/share/kari-drone-system/package.dsv'
[5.561s] INFO:colcon.colcon_core.shell:Creating package script '/home/jetson/ros2_link_ws/install/kari-drone-system/share/kari-drone-system/package.sh'
[5.563s] INFO:colcon.colcon_core.shell:Creating package script '/home/jetson/ros2_link_ws/install/kari-drone-system/share/kari-drone-system/package.bash'
[5.565s] INFO:colcon.colcon_core.shell:Creating package script '/home/jetson/ros2_link_ws/install/kari-drone-system/share/kari-drone-system/package.zsh'
[5.566s] Level 1:colcon.colcon_core.environment:create_file_with_runtime_dependencies(/home/jetson/ros2_link_ws/install/kari-drone-system/share/colcon-core/packages/kari-drone-system)
[5.638s] Level 1:colcon.colcon_core.environment:create_environment_scripts_only(kari-drone-system)
[5.639s] Level 1:colcon.colcon_core.environment:checking '/home/jetson/ros2_link_ws/install/kari-drone-system' for CMake module files
[5.642s] Level 1:colcon.colcon_core.environment:checking '/home/jetson/ros2_link_ws/install/kari-drone-system' for CMake config files
[6.090s] DEBUG:colcon.colcon_core.event_handler.log_command:Invoked command in '/home/jetson/ros2_link_ws/build/kari-drone-system' returned '0': CMAKE_PREFIX_PATH=${CMAKE_PREFIX_PATH}:/home/jetson/ros2_link_ws/install/run_uav:/home/jetson/ros2_link_ws/install/kari_UAV_siyi:/opt/ros/humble /usr/bin/cmake --install /home/jetson/ros2_link_ws/build/kari-drone-system
[6.092s] Level 1:colcon.colcon_core.shell:create_environment_hook('kari-drone-system', 'cmake_prefix_path')
[6.093s] INFO:colcon.colcon_core.shell:Creating environment hook '/home/jetson/ros2_link_ws/install/kari-drone-system/share/kari-drone-system/hook/cmake_prefix_path.ps1'
[6.094s] INFO:colcon.colcon_core.shell:Creating environment descriptor '/home/jetson/ros2_link_ws/install/kari-drone-system/share/kari-drone-system/hook/cmake_prefix_path.dsv'
[6.095s] INFO:colcon.colcon_core.shell:Creating environment hook '/home/jetson/ros2_link_ws/install/kari-drone-system/share/kari-drone-system/hook/cmake_prefix_path.sh'
[6.096s] Level 1:colcon.colcon_core.environment:checking '/home/jetson/ros2_link_ws/install/kari-drone-system/bin'
[6.096s] Level 1:colcon.colcon_core.environment:checking '/home/jetson/ros2_link_ws/install/kari-drone-system/lib/pkgconfig/kari-drone-system.pc'
[6.097s] Level 1:colcon.colcon_core.environment:checking '/home/jetson/ros2_link_ws/install/kari-drone-system/lib/python3.10/site-packages'
[6.097s] Level 1:colcon.colcon_core.environment:checking '/home/jetson/ros2_link_ws/install/kari-drone-system/bin'
[6.098s] INFO:colcon.colcon_core.shell:Creating package script '/home/jetson/ros2_link_ws/install/kari-drone-system/share/kari-drone-system/package.ps1'
[6.099s] INFO:colcon.colcon_core.shell:Creating package descriptor '/home/jetson/ros2_link_ws/install/kari-drone-system/share/kari-drone-system/package.dsv'
[6.100s] INFO:colcon.colcon_core.shell:Creating package script '/home/jetson/ros2_link_ws/install/kari-drone-system/share/kari-drone-system/package.sh'
[6.109s] INFO:colcon.colcon_core.shell:Creating package script '/home/jetson/ros2_link_ws/install/kari-drone-system/share/kari-drone-system/package.bash'
[6.110s] INFO:colcon.colcon_core.shell:Creating package script '/home/jetson/ros2_link_ws/install/kari-drone-system/share/kari-drone-system/package.zsh'
[6.111s] Level 1:colcon.colcon_core.environment:create_file_with_runtime_dependencies(/home/jetson/ros2_link_ws/install/kari-drone-system/share/colcon-core/packages/kari-drone-system)
[13.138s] DEBUG:colcon.colcon_core.event_handler.log_command:Invoking command in '/home/jetson/ros2_link_ws/build/px4_msgs': CMAKE_PREFIX_PATH=${CMAKE_PREFIX_PATH}:/home/jetson/ros2_link_ws/install/run_uav:/home/jetson/ros2_link_ws/install/kari_UAV_siyi:/opt/ros/humble /usr/bin/cmake --install /home/jetson/ros2_link_ws/build/px4_msgs
[13.827s] Level 1:colcon.colcon_core.environment:create_environment_scripts_only(px4_msgs)
[13.828s] Level 1:colcon.colcon_core.environment:checking '/home/jetson/ros2_link_ws/install/px4_msgs' for CMake module files
[13.829s] DEBUG:colcon.colcon_core.event_handler.log_command:Invoked command in '/home/jetson/ros2_link_ws/build/px4_msgs' returned '0': CMAKE_PREFIX_PATH=${CMAKE_PREFIX_PATH}:/home/jetson/ros2_link_ws/install/run_uav:/home/jetson/ros2_link_ws/install/kari_UAV_siyi:/opt/ros/humble /usr/bin/cmake --install /home/jetson/ros2_link_ws/build/px4_msgs
[13.831s] Level 1:colcon.colcon_core.environment:checking '/home/jetson/ros2_link_ws/install/px4_msgs' for CMake config files
[13.843s] Level 1:colcon.colcon_core.shell:create_environment_hook('px4_msgs', 'cmake_prefix_path')
[13.844s] INFO:colcon.colcon_core.shell:Creating environment hook '/home/jetson/ros2_link_ws/install/px4_msgs/share/px4_msgs/hook/cmake_prefix_path.ps1'
[13.846s] INFO:colcon.colcon_core.shell:Creating environment descriptor '/home/jetson/ros2_link_ws/install/px4_msgs/share/px4_msgs/hook/cmake_prefix_path.dsv'
[13.847s] INFO:colcon.colcon_core.shell:Creating environment hook '/home/jetson/ros2_link_ws/install/px4_msgs/share/px4_msgs/hook/cmake_prefix_path.sh'
[13.850s] Level 1:colcon.colcon_core.environment:checking '/home/jetson/ros2_link_ws/install/px4_msgs/lib'
[13.850s] Level 1:colcon.colcon_core.shell:create_environment_hook('px4_msgs', 'ld_library_path_lib')
[13.851s] INFO:colcon.colcon_core.shell:Creating environment hook '/home/jetson/ros2_link_ws/install/px4_msgs/share/px4_msgs/hook/ld_library_path_lib.ps1'
[13.853s] INFO:colcon.colcon_core.shell:Creating environment descriptor '/home/jetson/ros2_link_ws/install/px4_msgs/share/px4_msgs/hook/ld_library_path_lib.dsv'
[13.853s] INFO:colcon.colcon_core.shell:Creating environment hook '/home/jetson/ros2_link_ws/install/px4_msgs/share/px4_msgs/hook/ld_library_path_lib.sh'
[13.855s] Level 1:colcon.colcon_core.environment:checking '/home/jetson/ros2_link_ws/install/px4_msgs/bin'
[13.855s] Level 1:colcon.colcon_core.environment:checking '/home/jetson/ros2_link_ws/install/px4_msgs/lib/pkgconfig/px4_msgs.pc'
[13.856s] Level 1:colcon.colcon_core.environment:checking '/home/jetson/ros2_link_ws/install/px4_msgs/lib/python3.10/site-packages'
[13.856s] Level 1:colcon.colcon_core.environment:checking '/home/jetson/ros2_link_ws/install/px4_msgs/bin'
[13.857s] INFO:colcon.colcon_core.shell:Creating package script '/home/jetson/ros2_link_ws/install/px4_msgs/share/px4_msgs/package.ps1'
[13.858s] INFO:colcon.colcon_core.shell:Creating package descriptor '/home/jetson/ros2_link_ws/install/px4_msgs/share/px4_msgs/package.dsv'
[13.860s] INFO:colcon.colcon_core.shell:Creating package script '/home/jetson/ros2_link_ws/install/px4_msgs/share/px4_msgs/package.sh'
[13.860s] INFO:colcon.colcon_core.shell:Creating package script '/home/jetson/ros2_link_ws/install/px4_msgs/share/px4_msgs/package.bash'
[13.861s] INFO:colcon.colcon_core.shell:Creating package script '/home/jetson/ros2_link_ws/install/px4_msgs/share/px4_msgs/package.zsh'
[13.862s] Level 1:colcon.colcon_core.environment:create_file_with_runtime_dependencies(/home/jetson/ros2_link_ws/install/px4_msgs/share/colcon-core/packages/px4_msgs)
[22.402s] Level 1:colcon.colcon_core.environment:create_environment_scripts_only(px4_msgs)
[22.402s] Level 1:colcon.colcon_core.environment:checking '/home/jetson/ros2_link_ws/install/px4_msgs' for CMake module files
[22.404s] Level 1:colcon.colcon_core.environment:checking '/home/jetson/ros2_link_ws/install/px4_msgs' for CMake config files
[22.412s] Level 1:colcon.colcon_core.shell:create_environment_hook('px4_msgs', 'cmake_prefix_path')
[22.413s] INFO:colcon.colcon_core.shell:Creating environment hook '/home/jetson/ros2_link_ws/install/px4_msgs/share/px4_msgs/hook/cmake_prefix_path.ps1'
[22.414s] INFO:colcon.colcon_core.shell:Creating environment descriptor '/home/jetson/ros2_link_ws/install/px4_msgs/share/px4_msgs/hook/cmake_prefix_path.dsv'
[22.415s] INFO:colcon.colcon_core.shell:Creating environment hook '/home/jetson/ros2_link_ws/install/px4_msgs/share/px4_msgs/hook/cmake_prefix_path.sh'
[22.417s] Level 1:colcon.colcon_core.environment:checking '/home/jetson/ros2_link_ws/install/px4_msgs/lib'
[22.417s] Level 1:colcon.colcon_core.shell:create_environment_hook('px4_msgs', 'ld_library_path_lib')
[22.417s] INFO:colcon.colcon_core.shell:Creating environment hook '/home/jetson/ros2_link_ws/install/px4_msgs/share/px4_msgs/hook/ld_library_path_lib.ps1'
[22.418s] INFO:colcon.colcon_core.shell:Creating environment descriptor '/home/jetson/ros2_link_ws/install/px4_msgs/share/px4_msgs/hook/ld_library_path_lib.dsv'
[22.419s] INFO:colcon.colcon_core.shell:Creating environment hook '/home/jetson/ros2_link_ws/install/px4_msgs/share/px4_msgs/hook/ld_library_path_lib.sh'
[22.420s] Level 1:colcon.colcon_core.environment:checking '/home/jetson/ros2_link_ws/install/px4_msgs/bin'
[22.420s] Level 1:colcon.colcon_core.environment:checking '/home/jetson/ros2_link_ws/install/px4_msgs/lib/pkgconfig/px4_msgs.pc'
[22.421s] Level 1:colcon.colcon_core.environment:checking '/home/jetson/ros2_link_ws/install/px4_msgs/lib/python3.10/site-packages'
[22.421s] Level 1:colcon.colcon_core.environment:checking '/home/jetson/ros2_link_ws/install/px4_msgs/bin'
[22.422s] INFO:colcon.colcon_core.shell:Creating package script '/home/jetson/ros2_link_ws/install/px4_msgs/share/px4_msgs/package.ps1'
[22.423s] INFO:colcon.colcon_core.shell:Creating package descriptor '/home/jetson/ros2_link_ws/install/px4_msgs/share/px4_msgs/package.dsv'
[22.424s] INFO:colcon.colcon_core.shell:Creating package script '/home/jetson/ros2_link_ws/install/px4_msgs/share/px4_msgs/package.sh'
[22.426s] INFO:colcon.colcon_core.shell:Creating package script '/home/jetson/ros2_link_ws/install/px4_msgs/share/px4_msgs/package.bash'
[22.427s] INFO:colcon.colcon_core.shell:Creating package script '/home/jetson/ros2_link_ws/install/px4_msgs/share/px4_msgs/package.zsh'
[22.428s] Level 1:colcon.colcon_core.environment:create_file_with_runtime_dependencies(/home/jetson/ros2_link_ws/install/px4_msgs/share/colcon-core/packages/px4_msgs)
[22.428s] DEBUG:colcon.colcon_parallel_executor.executor.parallel:closing loop
[22.429s] DEBUG:colcon.colcon_parallel_executor.executor.parallel:loop closed
[22.429s] DEBUG:colcon.colcon_parallel_executor.executor.parallel:run_until_complete finished with '0'
[22.430s] DEBUG:colcon.colcon_core.event_reactor:joining thread
[22.453s] INFO:colcon.colcon_core.plugin_system:Skipping extension 'colcon_notification.desktop_notification.notify_send': Could not find 'notify-send'
[22.453s] INFO:colcon.colcon_core.plugin_system:Skipping extension 'colcon_notification.desktop_notification.terminal_notifier': Not used on non-Darwin systems
[22.453s] INFO:colcon.colcon_core.plugin_system:Skipping extension 'colcon_notification.desktop_notification.win32': Not used on non-Windows systems
[22.454s] INFO:colcon.colcon_notification.desktop_notification:Sending desktop notification using 'notify2'
[22.462s] DEBUG:colcon.colcon_notification.desktop_notification.notify2:Failed to initialize notify2: org.freedesktop.DBus.Error.Spawn.ExecFailed: /usr/bin/dbus-launch terminated abnormally without any error message
[22.463s] DEBUG:colcon.colcon_core.event_reactor:joined thread
[22.464s] INFO:colcon.colcon_core.shell:Creating prefix script '/home/jetson/ros2_link_ws/install/local_setup.ps1'
[22.467s] INFO:colcon.colcon_core.shell:Creating prefix util module '/home/jetson/ros2_link_ws/install/_local_setup_util_ps1.py'
[22.470s] INFO:colcon.colcon_core.shell:Creating prefix chain script '/home/jetson/ros2_link_ws/install/setup.ps1'
[22.473s] INFO:colcon.colcon_core.shell:Creating prefix script '/home/jetson/ros2_link_ws/install/local_setup.sh'
[22.474s] INFO:colcon.colcon_core.shell:Creating prefix util module '/home/jetson/ros2_link_ws/install/_local_setup_util_sh.py'
[22.475s] INFO:colcon.colcon_core.shell:Creating prefix chain script '/home/jetson/ros2_link_ws/install/setup.sh'
[22.478s] INFO:colcon.colcon_core.shell:Creating prefix script '/home/jetson/ros2_link_ws/install/local_setup.bash'
[22.480s] INFO:colcon.colcon_core.shell:Creating prefix chain script '/home/jetson/ros2_link_ws/install/setup.bash'
[22.484s] INFO:colcon.colcon_core.shell:Creating prefix script '/home/jetson/ros2_link_ws/install/local_setup.zsh'
[22.485s] INFO:colcon.colcon_core.shell:Creating prefix chain script '/home/jetson/ros2_link_ws/install/setup.zsh'
