[2.235s] Invoking command in '/home/jetson/ros2_link_ws/src/run_uav': PYTHONPATH=/home/jetson/ros2_link_ws/build/run_uav/prefix_override:/usr/lib/python3/dist-packages/colcon_core/task/python/colcon_distutils_commands:/home/jetson/ros2_link_ws/install/run_uav/lib/python3.10/site-packages:${PYTHONPATH} /usr/bin/python3 -W ignore:setup.py install is deprecated setup.py egg_info --egg-base ../../build/run_uav build --build-base /home/jetson/ros2_link_ws/build/run_uav/build install --record /home/jetson/ros2_link_ws/build/run_uav/install.log --single-version-externally-managed install_data
[2.784s] running egg_info
[2.786s] writing ../../build/run_uav/run_uav.egg-info/PKG-INFO
[2.790s] writing dependency_links to ../../build/run_uav/run_uav.egg-info/dependency_links.txt
[2.793s] writing entry points to ../../build/run_uav/run_uav.egg-info/entry_points.txt
[2.793s] writing requirements to ../../build/run_uav/run_uav.egg-info/requires.txt
[2.793s] writing top-level names to ../../build/run_uav/run_uav.egg-info/top_level.txt
[2.797s] reading manifest file '../../build/run_uav/run_uav.egg-info/SOURCES.txt'
[2.801s] writing manifest file '../../build/run_uav/run_uav.egg-info/SOURCES.txt'
[2.801s] running build
[2.801s] running build_py
[2.803s] running install
[2.803s] running install_lib
[2.807s] running install_data
[2.809s] running install_egg_info
[2.814s] removing '/home/jetson/ros2_link_ws/install/run_uav/lib/python3.10/site-packages/run_uav-0.0.0-py3.10.egg-info' (and everything under it)
[2.814s] Copying ../../build/run_uav/run_uav.egg-info to /home/jetson/ros2_link_ws/install/run_uav/lib/python3.10/site-packages/run_uav-0.0.0-py3.10.egg-info
[2.819s] running install_scripts
[2.865s] writing list of installed files to '/home/jetson/ros2_link_ws/build/run_uav/install.log'
[2.945s] Invoked command in '/home/jetson/ros2_link_ws/src/run_uav' returned '0': PYTHONPATH=/home/jetson/ros2_link_ws/build/run_uav/prefix_override:/usr/lib/python3/dist-packages/colcon_core/task/python/colcon_distutils_commands:/home/jetson/ros2_link_ws/install/run_uav/lib/python3.10/site-packages:${PYTHONPATH} /usr/bin/python3 -W ignore:setup.py install is deprecated setup.py egg_info --egg-base ../../build/run_uav build --build-base /home/jetson/ros2_link_ws/build/run_uav/build install --record /home/jetson/ros2_link_ws/build/run_uav/install.log --single-version-externally-managed install_data
